ERROR - 2021-09-11 02:21:55 --> Unknown column 'guru.guru_id' in 'on clause'
CRITICAL - 2021-09-11 02:21:55 --> Unknown column 'guru.guru_id' in 'on clause'
#0 C:\Users\adi winarno\Documents\skripsi\LabustaDashCI\system\Database\MySQLi\Connection.php(329): mysqli->query('SELECT COUNT(*)...')
#1 C:\Users\adi winarno\Documents\skripsi\LabustaDashCI\system\Database\BaseConnection.php(732): CodeIgniter\Database\MySQLi\Connection->execute('SELECT COUNT(*)...')
#2 C:\Users\adi winarno\Documents\skripsi\LabustaDashCI\system\Database\BaseConnection.php(647): CodeIgniter\Database\BaseConnection->simpleQuery('SELECT COUNT(*)...')
#3 C:\Users\adi winarno\Documents\skripsi\LabustaDashCI\system\Database\BaseBuilder.php(1981): CodeIgniter\Database\BaseConnection->query('SELECT COUNT(*)...', Array, false)
#4 C:\Users\adi winarno\Documents\skripsi\LabustaDashCI\system\Model.php(561): CodeIgniter\Database\BaseBuilder->countAllResults(false)
#5 C:\Users\adi winarno\Documents\skripsi\LabustaDashCI\system\BaseModel.php(1147): CodeIgniter\Model->countAllResults(false)
#6 C:\Users\adi winarno\Documents\skripsi\LabustaDashCI\app\Controllers\Guru.php(37): CodeIgniter\BaseModel->paginate(5)
#7 C:\Users\adi winarno\Documents\skripsi\LabustaDashCI\system\CodeIgniter.php(928): App\Controllers\Guru->index()
#8 C:\Users\adi winarno\Documents\skripsi\LabustaDashCI\system\CodeIgniter.php(436): CodeIgniter\CodeIgniter->runController(Object(App\Controllers\Guru))
#9 C:\Users\adi winarno\Documents\skripsi\LabustaDashCI\system\CodeIgniter.php(336): CodeIgniter\CodeIgniter->handleRequest(NULL, Object(Config\Cache), false)
#10 C:\Users\adi winarno\Documents\skripsi\LabustaDashCI\public\index.php(37): CodeIgniter\CodeIgniter->run()
#11 C:\Users\adi winarno\Documents\skripsi\LabustaDashCI\system\Commands\Server\rewrite.php(45): require_once('C:\\Users\\adi wi...')
#12 {main}
ERROR - 2021-09-11 02:22:00 --> Unknown column 'guru.guru_id' in 'on clause'
CRITICAL - 2021-09-11 02:22:00 --> Unknown column 'guru.guru_id' in 'on clause'
#0 C:\Users\adi winarno\Documents\skripsi\LabustaDashCI\system\Database\MySQLi\Connection.php(329): mysqli->query('SELECT COUNT(*)...')
#1 C:\Users\adi winarno\Documents\skripsi\LabustaDashCI\system\Database\BaseConnection.php(732): CodeIgniter\Database\MySQLi\Connection->execute('SELECT COUNT(*)...')
#2 C:\Users\adi winarno\Documents\skripsi\LabustaDashCI\system\Database\BaseConnection.php(647): CodeIgniter\Database\BaseConnection->simpleQuery('SELECT COUNT(*)...')
#3 C:\Users\adi winarno\Documents\skripsi\LabustaDashCI\system\Database\BaseBuilder.php(1981): CodeIgniter\Database\BaseConnection->query('SELECT COUNT(*)...', Array, false)
#4 C:\Users\adi winarno\Documents\skripsi\LabustaDashCI\system\Model.php(561): CodeIgniter\Database\BaseBuilder->countAllResults(false)
#5 C:\Users\adi winarno\Documents\skripsi\LabustaDashCI\system\BaseModel.php(1147): CodeIgniter\Model->countAllResults(false)
#6 C:\Users\adi winarno\Documents\skripsi\LabustaDashCI\app\Controllers\Guru.php(37): CodeIgniter\BaseModel->paginate(5)
#7 C:\Users\adi winarno\Documents\skripsi\LabustaDashCI\system\CodeIgniter.php(928): App\Controllers\Guru->index()
#8 C:\Users\adi winarno\Documents\skripsi\LabustaDashCI\system\CodeIgniter.php(436): CodeIgniter\CodeIgniter->runController(Object(App\Controllers\Guru))
#9 C:\Users\adi winarno\Documents\skripsi\LabustaDashCI\system\CodeIgniter.php(336): CodeIgniter\CodeIgniter->handleRequest(NULL, Object(Config\Cache), false)
#10 C:\Users\adi winarno\Documents\skripsi\LabustaDashCI\public\index.php(37): CodeIgniter\CodeIgniter->run()
#11 C:\Users\adi winarno\Documents\skripsi\LabustaDashCI\system\Commands\Server\rewrite.php(45): require_once('C:\\Users\\adi wi...')
#12 {main}
ERROR - 2021-09-11 02:27:12 --> Unknown column 'guru.guru_id' in 'on clause'
CRITICAL - 2021-09-11 02:27:12 --> Unknown column 'guru.guru_id' in 'on clause'
#0 C:\Users\adi winarno\Documents\skripsi\LabustaDashCI\system\Database\MySQLi\Connection.php(329): mysqli->query('SELECT COUNT(*)...')
#1 C:\Users\adi winarno\Documents\skripsi\LabustaDashCI\system\Database\BaseConnection.php(732): CodeIgniter\Database\MySQLi\Connection->execute('SELECT COUNT(*)...')
#2 C:\Users\adi winarno\Documents\skripsi\LabustaDashCI\system\Database\BaseConnection.php(647): CodeIgniter\Database\BaseConnection->simpleQuery('SELECT COUNT(*)...')
#3 C:\Users\adi winarno\Documents\skripsi\LabustaDashCI\system\Database\BaseBuilder.php(1981): CodeIgniter\Database\BaseConnection->query('SELECT COUNT(*)...', Array, false)
#4 C:\Users\adi winarno\Documents\skripsi\LabustaDashCI\system\Model.php(561): CodeIgniter\Database\BaseBuilder->countAllResults(false)
#5 C:\Users\adi winarno\Documents\skripsi\LabustaDashCI\system\BaseModel.php(1147): CodeIgniter\Model->countAllResults(false)
#6 C:\Users\adi winarno\Documents\skripsi\LabustaDashCI\app\Controllers\Guru.php(37): CodeIgniter\BaseModel->paginate(5)
#7 C:\Users\adi winarno\Documents\skripsi\LabustaDashCI\system\CodeIgniter.php(928): App\Controllers\Guru->index()
#8 C:\Users\adi winarno\Documents\skripsi\LabustaDashCI\system\CodeIgniter.php(436): CodeIgniter\CodeIgniter->runController(Object(App\Controllers\Guru))
#9 C:\Users\adi winarno\Documents\skripsi\LabustaDashCI\system\CodeIgniter.php(336): CodeIgniter\CodeIgniter->handleRequest(NULL, Object(Config\Cache), false)
#10 C:\Users\adi winarno\Documents\skripsi\LabustaDashCI\public\index.php(37): CodeIgniter\CodeIgniter->run()
#11 C:\Users\adi winarno\Documents\skripsi\LabustaDashCI\system\Commands\Server\rewrite.php(45): require_once('C:\\Users\\adi wi...')
#12 {main}
ERROR - 2021-09-11 02:28:16 --> Unknown column 'guru.guru_id' in 'on clause'
CRITICAL - 2021-09-11 02:28:16 --> Unknown column 'guru.guru_id' in 'on clause'
#0 C:\Users\adi winarno\Documents\skripsi\LabustaDashCI\system\Database\MySQLi\Connection.php(329): mysqli->query('SELECT COUNT(*)...')
#1 C:\Users\adi winarno\Documents\skripsi\LabustaDashCI\system\Database\BaseConnection.php(732): CodeIgniter\Database\MySQLi\Connection->execute('SELECT COUNT(*)...')
#2 C:\Users\adi winarno\Documents\skripsi\LabustaDashCI\system\Database\BaseConnection.php(647): CodeIgniter\Database\BaseConnection->simpleQuery('SELECT COUNT(*)...')
#3 C:\Users\adi winarno\Documents\skripsi\LabustaDashCI\system\Database\BaseBuilder.php(1981): CodeIgniter\Database\BaseConnection->query('SELECT COUNT(*)...', Array, false)
#4 C:\Users\adi winarno\Documents\skripsi\LabustaDashCI\system\Model.php(561): CodeIgniter\Database\BaseBuilder->countAllResults(false)
#5 C:\Users\adi winarno\Documents\skripsi\LabustaDashCI\system\BaseModel.php(1147): CodeIgniter\Model->countAllResults(false)
#6 C:\Users\adi winarno\Documents\skripsi\LabustaDashCI\app\Controllers\Guru.php(37): CodeIgniter\BaseModel->paginate(5)
#7 C:\Users\adi winarno\Documents\skripsi\LabustaDashCI\system\CodeIgniter.php(928): App\Controllers\Guru->index()
#8 C:\Users\adi winarno\Documents\skripsi\LabustaDashCI\system\CodeIgniter.php(436): CodeIgniter\CodeIgniter->runController(Object(App\Controllers\Guru))
#9 C:\Users\adi winarno\Documents\skripsi\LabustaDashCI\system\CodeIgniter.php(336): CodeIgniter\CodeIgniter->handleRequest(NULL, Object(Config\Cache), false)
#10 C:\Users\adi winarno\Documents\skripsi\LabustaDashCI\public\index.php(37): CodeIgniter\CodeIgniter->run()
#11 C:\Users\adi winarno\Documents\skripsi\LabustaDashCI\system\Commands\Server\rewrite.php(45): require_once('C:\\Users\\adi wi...')
#12 {main}
ERROR - 2021-09-11 02:28:18 --> Unknown column 'guru.guru_id' in 'on clause'
CRITICAL - 2021-09-11 02:28:18 --> Unknown column 'guru.guru_id' in 'on clause'
#0 C:\Users\adi winarno\Documents\skripsi\LabustaDashCI\system\Database\MySQLi\Connection.php(329): mysqli->query('SELECT COUNT(*)...')
#1 C:\Users\adi winarno\Documents\skripsi\LabustaDashCI\system\Database\BaseConnection.php(732): CodeIgniter\Database\MySQLi\Connection->execute('SELECT COUNT(*)...')
#2 C:\Users\adi winarno\Documents\skripsi\LabustaDashCI\system\Database\BaseConnection.php(647): CodeIgniter\Database\BaseConnection->simpleQuery('SELECT COUNT(*)...')
#3 C:\Users\adi winarno\Documents\skripsi\LabustaDashCI\system\Database\BaseBuilder.php(1981): CodeIgniter\Database\BaseConnection->query('SELECT COUNT(*)...', Array, false)
#4 C:\Users\adi winarno\Documents\skripsi\LabustaDashCI\system\Model.php(561): CodeIgniter\Database\BaseBuilder->countAllResults(false)
#5 C:\Users\adi winarno\Documents\skripsi\LabustaDashCI\system\BaseModel.php(1147): CodeIgniter\Model->countAllResults(false)
#6 C:\Users\adi winarno\Documents\skripsi\LabustaDashCI\app\Controllers\Guru.php(37): CodeIgniter\BaseModel->paginate(5)
#7 C:\Users\adi winarno\Documents\skripsi\LabustaDashCI\system\CodeIgniter.php(928): App\Controllers\Guru->index()
#8 C:\Users\adi winarno\Documents\skripsi\LabustaDashCI\system\CodeIgniter.php(436): CodeIgniter\CodeIgniter->runController(Object(App\Controllers\Guru))
#9 C:\Users\adi winarno\Documents\skripsi\LabustaDashCI\system\CodeIgniter.php(336): CodeIgniter\CodeIgniter->handleRequest(NULL, Object(Config\Cache), false)
#10 C:\Users\adi winarno\Documents\skripsi\LabustaDashCI\public\index.php(37): CodeIgniter\CodeIgniter->run()
#11 C:\Users\adi winarno\Documents\skripsi\LabustaDashCI\system\Commands\Server\rewrite.php(45): require_once('C:\\Users\\adi wi...')
#12 {main}
ERROR - 2021-09-11 02:28:19 --> Unknown column 'guru.guru_id' in 'on clause'
CRITICAL - 2021-09-11 02:28:19 --> Unknown column 'guru.guru_id' in 'on clause'
#0 C:\Users\adi winarno\Documents\skripsi\LabustaDashCI\system\Database\MySQLi\Connection.php(329): mysqli->query('SELECT COUNT(*)...')
#1 C:\Users\adi winarno\Documents\skripsi\LabustaDashCI\system\Database\BaseConnection.php(732): CodeIgniter\Database\MySQLi\Connection->execute('SELECT COUNT(*)...')
#2 C:\Users\adi winarno\Documents\skripsi\LabustaDashCI\system\Database\BaseConnection.php(647): CodeIgniter\Database\BaseConnection->simpleQuery('SELECT COUNT(*)...')
#3 C:\Users\adi winarno\Documents\skripsi\LabustaDashCI\system\Database\BaseBuilder.php(1981): CodeIgniter\Database\BaseConnection->query('SELECT COUNT(*)...', Array, false)
#4 C:\Users\adi winarno\Documents\skripsi\LabustaDashCI\system\Model.php(561): CodeIgniter\Database\BaseBuilder->countAllResults(false)
#5 C:\Users\adi winarno\Documents\skripsi\LabustaDashCI\system\BaseModel.php(1147): CodeIgniter\Model->countAllResults(false)
#6 C:\Users\adi winarno\Documents\skripsi\LabustaDashCI\app\Controllers\Guru.php(37): CodeIgniter\BaseModel->paginate(5)
#7 C:\Users\adi winarno\Documents\skripsi\LabustaDashCI\system\CodeIgniter.php(928): App\Controllers\Guru->index()
#8 C:\Users\adi winarno\Documents\skripsi\LabustaDashCI\system\CodeIgniter.php(436): CodeIgniter\CodeIgniter->runController(Object(App\Controllers\Guru))
#9 C:\Users\adi winarno\Documents\skripsi\LabustaDashCI\system\CodeIgniter.php(336): CodeIgniter\CodeIgniter->handleRequest(NULL, Object(Config\Cache), false)
#10 C:\Users\adi winarno\Documents\skripsi\LabustaDashCI\public\index.php(37): CodeIgniter\CodeIgniter->run()
#11 C:\Users\adi winarno\Documents\skripsi\LabustaDashCI\system\Commands\Server\rewrite.php(45): require_once('C:\\Users\\adi wi...')
#12 {main}
ERROR - 2021-09-11 02:28:20 --> Unknown column 'guru.guru_id' in 'on clause'
CRITICAL - 2021-09-11 02:28:20 --> Unknown column 'guru.guru_id' in 'on clause'
#0 C:\Users\adi winarno\Documents\skripsi\LabustaDashCI\system\Database\MySQLi\Connection.php(329): mysqli->query('SELECT COUNT(*)...')
#1 C:\Users\adi winarno\Documents\skripsi\LabustaDashCI\system\Database\BaseConnection.php(732): CodeIgniter\Database\MySQLi\Connection->execute('SELECT COUNT(*)...')
#2 C:\Users\adi winarno\Documents\skripsi\LabustaDashCI\system\Database\BaseConnection.php(647): CodeIgniter\Database\BaseConnection->simpleQuery('SELECT COUNT(*)...')
#3 C:\Users\adi winarno\Documents\skripsi\LabustaDashCI\system\Database\BaseBuilder.php(1981): CodeIgniter\Database\BaseConnection->query('SELECT COUNT(*)...', Array, false)
#4 C:\Users\adi winarno\Documents\skripsi\LabustaDashCI\system\Model.php(561): CodeIgniter\Database\BaseBuilder->countAllResults(false)
#5 C:\Users\adi winarno\Documents\skripsi\LabustaDashCI\system\BaseModel.php(1147): CodeIgniter\Model->countAllResults(false)
#6 C:\Users\adi winarno\Documents\skripsi\LabustaDashCI\app\Controllers\Guru.php(37): CodeIgniter\BaseModel->paginate(5)
#7 C:\Users\adi winarno\Documents\skripsi\LabustaDashCI\system\CodeIgniter.php(928): App\Controllers\Guru->index()
#8 C:\Users\adi winarno\Documents\skripsi\LabustaDashCI\system\CodeIgniter.php(436): CodeIgniter\CodeIgniter->runController(Object(App\Controllers\Guru))
#9 C:\Users\adi winarno\Documents\skripsi\LabustaDashCI\system\CodeIgniter.php(336): CodeIgniter\CodeIgniter->handleRequest(NULL, Object(Config\Cache), false)
#10 C:\Users\adi winarno\Documents\skripsi\LabustaDashCI\public\index.php(37): CodeIgniter\CodeIgniter->run()
#11 C:\Users\adi winarno\Documents\skripsi\LabustaDashCI\system\Commands\Server\rewrite.php(45): require_once('C:\\Users\\adi wi...')
#12 {main}
ERROR - 2021-09-11 02:28:20 --> Unknown column 'guru.guru_id' in 'on clause'
CRITICAL - 2021-09-11 02:28:20 --> Unknown column 'guru.guru_id' in 'on clause'
#0 C:\Users\adi winarno\Documents\skripsi\LabustaDashCI\system\Database\MySQLi\Connection.php(329): mysqli->query('SELECT COUNT(*)...')
#1 C:\Users\adi winarno\Documents\skripsi\LabustaDashCI\system\Database\BaseConnection.php(732): CodeIgniter\Database\MySQLi\Connection->execute('SELECT COUNT(*)...')
#2 C:\Users\adi winarno\Documents\skripsi\LabustaDashCI\system\Database\BaseConnection.php(647): CodeIgniter\Database\BaseConnection->simpleQuery('SELECT COUNT(*)...')
#3 C:\Users\adi winarno\Documents\skripsi\LabustaDashCI\system\Database\BaseBuilder.php(1981): CodeIgniter\Database\BaseConnection->query('SELECT COUNT(*)...', Array, false)
#4 C:\Users\adi winarno\Documents\skripsi\LabustaDashCI\system\Model.php(561): CodeIgniter\Database\BaseBuilder->countAllResults(false)
#5 C:\Users\adi winarno\Documents\skripsi\LabustaDashCI\system\BaseModel.php(1147): CodeIgniter\Model->countAllResults(false)
#6 C:\Users\adi winarno\Documents\skripsi\LabustaDashCI\app\Controllers\Guru.php(37): CodeIgniter\BaseModel->paginate(5)
#7 C:\Users\adi winarno\Documents\skripsi\LabustaDashCI\system\CodeIgniter.php(928): App\Controllers\Guru->index()
#8 C:\Users\adi winarno\Documents\skripsi\LabustaDashCI\system\CodeIgniter.php(436): CodeIgniter\CodeIgniter->runController(Object(App\Controllers\Guru))
#9 C:\Users\adi winarno\Documents\skripsi\LabustaDashCI\system\CodeIgniter.php(336): CodeIgniter\CodeIgniter->handleRequest(NULL, Object(Config\Cache), false)
#10 C:\Users\adi winarno\Documents\skripsi\LabustaDashCI\public\index.php(37): CodeIgniter\CodeIgniter->run()
#11 C:\Users\adi winarno\Documents\skripsi\LabustaDashCI\system\Commands\Server\rewrite.php(45): require_once('C:\\Users\\adi wi...')
#12 {main}
ERROR - 2021-09-11 02:28:21 --> Unknown column 'guru.guru_id' in 'on clause'
CRITICAL - 2021-09-11 02:28:21 --> Unknown column 'guru.guru_id' in 'on clause'
#0 C:\Users\adi winarno\Documents\skripsi\LabustaDashCI\system\Database\MySQLi\Connection.php(329): mysqli->query('SELECT COUNT(*)...')
#1 C:\Users\adi winarno\Documents\skripsi\LabustaDashCI\system\Database\BaseConnection.php(732): CodeIgniter\Database\MySQLi\Connection->execute('SELECT COUNT(*)...')
#2 C:\Users\adi winarno\Documents\skripsi\LabustaDashCI\system\Database\BaseConnection.php(647): CodeIgniter\Database\BaseConnection->simpleQuery('SELECT COUNT(*)...')
#3 C:\Users\adi winarno\Documents\skripsi\LabustaDashCI\system\Database\BaseBuilder.php(1981): CodeIgniter\Database\BaseConnection->query('SELECT COUNT(*)...', Array, false)
#4 C:\Users\adi winarno\Documents\skripsi\LabustaDashCI\system\Model.php(561): CodeIgniter\Database\BaseBuilder->countAllResults(false)
#5 C:\Users\adi winarno\Documents\skripsi\LabustaDashCI\system\BaseModel.php(1147): CodeIgniter\Model->countAllResults(false)
#6 C:\Users\adi winarno\Documents\skripsi\LabustaDashCI\app\Controllers\Guru.php(37): CodeIgniter\BaseModel->paginate(5)
#7 C:\Users\adi winarno\Documents\skripsi\LabustaDashCI\system\CodeIgniter.php(928): App\Controllers\Guru->index()
#8 C:\Users\adi winarno\Documents\skripsi\LabustaDashCI\system\CodeIgniter.php(436): CodeIgniter\CodeIgniter->runController(Object(App\Controllers\Guru))
#9 C:\Users\adi winarno\Documents\skripsi\LabustaDashCI\system\CodeIgniter.php(336): CodeIgniter\CodeIgniter->handleRequest(NULL, Object(Config\Cache), false)
#10 C:\Users\adi winarno\Documents\skripsi\LabustaDashCI\public\index.php(37): CodeIgniter\CodeIgniter->run()
#11 C:\Users\adi winarno\Documents\skripsi\LabustaDashCI\system\Commands\Server\rewrite.php(45): require_once('C:\\Users\\adi wi...')
#12 {main}
ERROR - 2021-09-11 02:28:21 --> Unknown column 'guru.guru_id' in 'on clause'
CRITICAL - 2021-09-11 02:28:21 --> Unknown column 'guru.guru_id' in 'on clause'
#0 C:\Users\adi winarno\Documents\skripsi\LabustaDashCI\system\Database\MySQLi\Connection.php(329): mysqli->query('SELECT COUNT(*)...')
#1 C:\Users\adi winarno\Documents\skripsi\LabustaDashCI\system\Database\BaseConnection.php(732): CodeIgniter\Database\MySQLi\Connection->execute('SELECT COUNT(*)...')
#2 C:\Users\adi winarno\Documents\skripsi\LabustaDashCI\system\Database\BaseConnection.php(647): CodeIgniter\Database\BaseConnection->simpleQuery('SELECT COUNT(*)...')
#3 C:\Users\adi winarno\Documents\skripsi\LabustaDashCI\system\Database\BaseBuilder.php(1981): CodeIgniter\Database\BaseConnection->query('SELECT COUNT(*)...', Array, false)
#4 C:\Users\adi winarno\Documents\skripsi\LabustaDashCI\system\Model.php(561): CodeIgniter\Database\BaseBuilder->countAllResults(false)
#5 C:\Users\adi winarno\Documents\skripsi\LabustaDashCI\system\BaseModel.php(1147): CodeIgniter\Model->countAllResults(false)
#6 C:\Users\adi winarno\Documents\skripsi\LabustaDashCI\app\Controllers\Guru.php(37): CodeIgniter\BaseModel->paginate(5)
#7 C:\Users\adi winarno\Documents\skripsi\LabustaDashCI\system\CodeIgniter.php(928): App\Controllers\Guru->index()
#8 C:\Users\adi winarno\Documents\skripsi\LabustaDashCI\system\CodeIgniter.php(436): CodeIgniter\CodeIgniter->runController(Object(App\Controllers\Guru))
#9 C:\Users\adi winarno\Documents\skripsi\LabustaDashCI\system\CodeIgniter.php(336): CodeIgniter\CodeIgniter->handleRequest(NULL, Object(Config\Cache), false)
#10 C:\Users\adi winarno\Documents\skripsi\LabustaDashCI\public\index.php(37): CodeIgniter\CodeIgniter->run()
#11 C:\Users\adi winarno\Documents\skripsi\LabustaDashCI\system\Commands\Server\rewrite.php(45): require_once('C:\\Users\\adi wi...')
#12 {main}
ERROR - 2021-09-11 02:28:22 --> Unknown column 'guru.guru_id' in 'on clause'
CRITICAL - 2021-09-11 02:28:22 --> Unknown column 'guru.guru_id' in 'on clause'
#0 C:\Users\adi winarno\Documents\skripsi\LabustaDashCI\system\Database\MySQLi\Connection.php(329): mysqli->query('SELECT COUNT(*)...')
#1 C:\Users\adi winarno\Documents\skripsi\LabustaDashCI\system\Database\BaseConnection.php(732): CodeIgniter\Database\MySQLi\Connection->execute('SELECT COUNT(*)...')
#2 C:\Users\adi winarno\Documents\skripsi\LabustaDashCI\system\Database\BaseConnection.php(647): CodeIgniter\Database\BaseConnection->simpleQuery('SELECT COUNT(*)...')
#3 C:\Users\adi winarno\Documents\skripsi\LabustaDashCI\system\Database\BaseBuilder.php(1981): CodeIgniter\Database\BaseConnection->query('SELECT COUNT(*)...', Array, false)
#4 C:\Users\adi winarno\Documents\skripsi\LabustaDashCI\system\Model.php(561): CodeIgniter\Database\BaseBuilder->countAllResults(false)
#5 C:\Users\adi winarno\Documents\skripsi\LabustaDashCI\system\BaseModel.php(1147): CodeIgniter\Model->countAllResults(false)
#6 C:\Users\adi winarno\Documents\skripsi\LabustaDashCI\app\Controllers\Guru.php(37): CodeIgniter\BaseModel->paginate(5)
#7 C:\Users\adi winarno\Documents\skripsi\LabustaDashCI\system\CodeIgniter.php(928): App\Controllers\Guru->index()
#8 C:\Users\adi winarno\Documents\skripsi\LabustaDashCI\system\CodeIgniter.php(436): CodeIgniter\CodeIgniter->runController(Object(App\Controllers\Guru))
#9 C:\Users\adi winarno\Documents\skripsi\LabustaDashCI\system\CodeIgniter.php(336): CodeIgniter\CodeIgniter->handleRequest(NULL, Object(Config\Cache), false)
#10 C:\Users\adi winarno\Documents\skripsi\LabustaDashCI\public\index.php(37): CodeIgniter\CodeIgniter->run()
#11 C:\Users\adi winarno\Documents\skripsi\LabustaDashCI\system\Commands\Server\rewrite.php(45): require_once('C:\\Users\\adi wi...')
#12 {main}
ERROR - 2021-09-11 02:28:22 --> Unknown column 'guru.guru_id' in 'on clause'
CRITICAL - 2021-09-11 02:28:22 --> Unknown column 'guru.guru_id' in 'on clause'
#0 C:\Users\adi winarno\Documents\skripsi\LabustaDashCI\system\Database\MySQLi\Connection.php(329): mysqli->query('SELECT COUNT(*)...')
#1 C:\Users\adi winarno\Documents\skripsi\LabustaDashCI\system\Database\BaseConnection.php(732): CodeIgniter\Database\MySQLi\Connection->execute('SELECT COUNT(*)...')
#2 C:\Users\adi winarno\Documents\skripsi\LabustaDashCI\system\Database\BaseConnection.php(647): CodeIgniter\Database\BaseConnection->simpleQuery('SELECT COUNT(*)...')
#3 C:\Users\adi winarno\Documents\skripsi\LabustaDashCI\system\Database\BaseBuilder.php(1981): CodeIgniter\Database\BaseConnection->query('SELECT COUNT(*)...', Array, false)
#4 C:\Users\adi winarno\Documents\skripsi\LabustaDashCI\system\Model.php(561): CodeIgniter\Database\BaseBuilder->countAllResults(false)
#5 C:\Users\adi winarno\Documents\skripsi\LabustaDashCI\system\BaseModel.php(1147): CodeIgniter\Model->countAllResults(false)
#6 C:\Users\adi winarno\Documents\skripsi\LabustaDashCI\app\Controllers\Guru.php(37): CodeIgniter\BaseModel->paginate(5)
#7 C:\Users\adi winarno\Documents\skripsi\LabustaDashCI\system\CodeIgniter.php(928): App\Controllers\Guru->index()
#8 C:\Users\adi winarno\Documents\skripsi\LabustaDashCI\system\CodeIgniter.php(436): CodeIgniter\CodeIgniter->runController(Object(App\Controllers\Guru))
#9 C:\Users\adi winarno\Documents\skripsi\LabustaDashCI\system\CodeIgniter.php(336): CodeIgniter\CodeIgniter->handleRequest(NULL, Object(Config\Cache), false)
#10 C:\Users\adi winarno\Documents\skripsi\LabustaDashCI\public\index.php(37): CodeIgniter\CodeIgniter->run()
#11 C:\Users\adi winarno\Documents\skripsi\LabustaDashCI\system\Commands\Server\rewrite.php(45): require_once('C:\\Users\\adi wi...')
#12 {main}
ERROR - 2021-09-11 02:28:22 --> Unknown column 'guru.guru_id' in 'on clause'
CRITICAL - 2021-09-11 02:28:22 --> Unknown column 'guru.guru_id' in 'on clause'
#0 C:\Users\adi winarno\Documents\skripsi\LabustaDashCI\system\Database\MySQLi\Connection.php(329): mysqli->query('SELECT COUNT(*)...')
#1 C:\Users\adi winarno\Documents\skripsi\LabustaDashCI\system\Database\BaseConnection.php(732): CodeIgniter\Database\MySQLi\Connection->execute('SELECT COUNT(*)...')
#2 C:\Users\adi winarno\Documents\skripsi\LabustaDashCI\system\Database\BaseConnection.php(647): CodeIgniter\Database\BaseConnection->simpleQuery('SELECT COUNT(*)...')
#3 C:\Users\adi winarno\Documents\skripsi\LabustaDashCI\system\Database\BaseBuilder.php(1981): CodeIgniter\Database\BaseConnection->query('SELECT COUNT(*)...', Array, false)
#4 C:\Users\adi winarno\Documents\skripsi\LabustaDashCI\system\Model.php(561): CodeIgniter\Database\BaseBuilder->countAllResults(false)
#5 C:\Users\adi winarno\Documents\skripsi\LabustaDashCI\system\BaseModel.php(1147): CodeIgniter\Model->countAllResults(false)
#6 C:\Users\adi winarno\Documents\skripsi\LabustaDashCI\app\Controllers\Guru.php(37): CodeIgniter\BaseModel->paginate(5)
#7 C:\Users\adi winarno\Documents\skripsi\LabustaDashCI\system\CodeIgniter.php(928): App\Controllers\Guru->index()
#8 C:\Users\adi winarno\Documents\skripsi\LabustaDashCI\system\CodeIgniter.php(436): CodeIgniter\CodeIgniter->runController(Object(App\Controllers\Guru))
#9 C:\Users\adi winarno\Documents\skripsi\LabustaDashCI\system\CodeIgniter.php(336): CodeIgniter\CodeIgniter->handleRequest(NULL, Object(Config\Cache), false)
#10 C:\Users\adi winarno\Documents\skripsi\LabustaDashCI\public\index.php(37): CodeIgniter\CodeIgniter->run()
#11 C:\Users\adi winarno\Documents\skripsi\LabustaDashCI\system\Commands\Server\rewrite.php(45): require_once('C:\\Users\\adi wi...')
#12 {main}
ERROR - 2021-09-11 02:28:23 --> Unknown column 'guru.guru_id' in 'on clause'
CRITICAL - 2021-09-11 02:28:23 --> Unknown column 'guru.guru_id' in 'on clause'
#0 C:\Users\adi winarno\Documents\skripsi\LabustaDashCI\system\Database\MySQLi\Connection.php(329): mysqli->query('SELECT COUNT(*)...')
#1 C:\Users\adi winarno\Documents\skripsi\LabustaDashCI\system\Database\BaseConnection.php(732): CodeIgniter\Database\MySQLi\Connection->execute('SELECT COUNT(*)...')
#2 C:\Users\adi winarno\Documents\skripsi\LabustaDashCI\system\Database\BaseConnection.php(647): CodeIgniter\Database\BaseConnection->simpleQuery('SELECT COUNT(*)...')
#3 C:\Users\adi winarno\Documents\skripsi\LabustaDashCI\system\Database\BaseBuilder.php(1981): CodeIgniter\Database\BaseConnection->query('SELECT COUNT(*)...', Array, false)
#4 C:\Users\adi winarno\Documents\skripsi\LabustaDashCI\system\Model.php(561): CodeIgniter\Database\BaseBuilder->countAllResults(false)
#5 C:\Users\adi winarno\Documents\skripsi\LabustaDashCI\system\BaseModel.php(1147): CodeIgniter\Model->countAllResults(false)
#6 C:\Users\adi winarno\Documents\skripsi\LabustaDashCI\app\Controllers\Guru.php(37): CodeIgniter\BaseModel->paginate(5)
#7 C:\Users\adi winarno\Documents\skripsi\LabustaDashCI\system\CodeIgniter.php(928): App\Controllers\Guru->index()
#8 C:\Users\adi winarno\Documents\skripsi\LabustaDashCI\system\CodeIgniter.php(436): CodeIgniter\CodeIgniter->runController(Object(App\Controllers\Guru))
#9 C:\Users\adi winarno\Documents\skripsi\LabustaDashCI\system\CodeIgniter.php(336): CodeIgniter\CodeIgniter->handleRequest(NULL, Object(Config\Cache), false)
#10 C:\Users\adi winarno\Documents\skripsi\LabustaDashCI\public\index.php(37): CodeIgniter\CodeIgniter->run()
#11 C:\Users\adi winarno\Documents\skripsi\LabustaDashCI\system\Commands\Server\rewrite.php(45): require_once('C:\\Users\\adi wi...')
#12 {main}
ERROR - 2021-09-11 02:29:34 --> Unknown column 'guru.guru_id' in 'on clause'
CRITICAL - 2021-09-11 02:29:34 --> Unknown column 'guru.guru_id' in 'on clause'
#0 C:\Users\adi winarno\Documents\skripsi\LabustaDashCI\system\Database\MySQLi\Connection.php(329): mysqli->query('SELECT COUNT(*)...')
#1 C:\Users\adi winarno\Documents\skripsi\LabustaDashCI\system\Database\BaseConnection.php(732): CodeIgniter\Database\MySQLi\Connection->execute('SELECT COUNT(*)...')
#2 C:\Users\adi winarno\Documents\skripsi\LabustaDashCI\system\Database\BaseConnection.php(647): CodeIgniter\Database\BaseConnection->simpleQuery('SELECT COUNT(*)...')
#3 C:\Users\adi winarno\Documents\skripsi\LabustaDashCI\system\Database\BaseBuilder.php(1981): CodeIgniter\Database\BaseConnection->query('SELECT COUNT(*)...', Array, false)
#4 C:\Users\adi winarno\Documents\skripsi\LabustaDashCI\system\Model.php(561): CodeIgniter\Database\BaseBuilder->countAllResults(false)
#5 C:\Users\adi winarno\Documents\skripsi\LabustaDashCI\system\BaseModel.php(1147): CodeIgniter\Model->countAllResults(false)
#6 C:\Users\adi winarno\Documents\skripsi\LabustaDashCI\app\Controllers\Guru.php(37): CodeIgniter\BaseModel->paginate(5)
#7 C:\Users\adi winarno\Documents\skripsi\LabustaDashCI\system\CodeIgniter.php(928): App\Controllers\Guru->index()
#8 C:\Users\adi winarno\Documents\skripsi\LabustaDashCI\system\CodeIgniter.php(436): CodeIgniter\CodeIgniter->runController(Object(App\Controllers\Guru))
#9 C:\Users\adi winarno\Documents\skripsi\LabustaDashCI\system\CodeIgniter.php(336): CodeIgniter\CodeIgniter->handleRequest(NULL, Object(Config\Cache), false)
#10 C:\Users\adi winarno\Documents\skripsi\LabustaDashCI\public\index.php(37): CodeIgniter\CodeIgniter->run()
#11 C:\Users\adi winarno\Documents\skripsi\LabustaDashCI\system\Commands\Server\rewrite.php(45): require_once('C:\\Users\\adi wi...')
#12 {main}
ERROR - 2021-09-11 02:29:36 --> Unknown column 'guru.guru_id' in 'on clause'
CRITICAL - 2021-09-11 02:29:36 --> Unknown column 'guru.guru_id' in 'on clause'
#0 C:\Users\adi winarno\Documents\skripsi\LabustaDashCI\system\Database\MySQLi\Connection.php(329): mysqli->query('SELECT COUNT(*)...')
#1 C:\Users\adi winarno\Documents\skripsi\LabustaDashCI\system\Database\BaseConnection.php(732): CodeIgniter\Database\MySQLi\Connection->execute('SELECT COUNT(*)...')
#2 C:\Users\adi winarno\Documents\skripsi\LabustaDashCI\system\Database\BaseConnection.php(647): CodeIgniter\Database\BaseConnection->simpleQuery('SELECT COUNT(*)...')
#3 C:\Users\adi winarno\Documents\skripsi\LabustaDashCI\system\Database\BaseBuilder.php(1981): CodeIgniter\Database\BaseConnection->query('SELECT COUNT(*)...', Array, false)
#4 C:\Users\adi winarno\Documents\skripsi\LabustaDashCI\system\Model.php(561): CodeIgniter\Database\BaseBuilder->countAllResults(false)
#5 C:\Users\adi winarno\Documents\skripsi\LabustaDashCI\system\BaseModel.php(1147): CodeIgniter\Model->countAllResults(false)
#6 C:\Users\adi winarno\Documents\skripsi\LabustaDashCI\app\Controllers\Guru.php(37): CodeIgniter\BaseModel->paginate(5)
#7 C:\Users\adi winarno\Documents\skripsi\LabustaDashCI\system\CodeIgniter.php(928): App\Controllers\Guru->index()
#8 C:\Users\adi winarno\Documents\skripsi\LabustaDashCI\system\CodeIgniter.php(436): CodeIgniter\CodeIgniter->runController(Object(App\Controllers\Guru))
#9 C:\Users\adi winarno\Documents\skripsi\LabustaDashCI\system\CodeIgniter.php(336): CodeIgniter\CodeIgniter->handleRequest(NULL, Object(Config\Cache), false)
#10 C:\Users\adi winarno\Documents\skripsi\LabustaDashCI\public\index.php(37): CodeIgniter\CodeIgniter->run()
#11 C:\Users\adi winarno\Documents\skripsi\LabustaDashCI\system\Commands\Server\rewrite.php(45): require_once('C:\\Users\\adi wi...')
#12 {main}
ERROR - 2021-09-11 02:30:40 --> Unknown column 'guru.guru_id' in 'on clause'
CRITICAL - 2021-09-11 02:30:40 --> Unknown column 'guru.guru_id' in 'on clause'
#0 C:\Users\adi winarno\Documents\skripsi\LabustaDashCI\system\Database\MySQLi\Connection.php(329): mysqli->query('SELECT COUNT(*)...')
#1 C:\Users\adi winarno\Documents\skripsi\LabustaDashCI\system\Database\BaseConnection.php(732): CodeIgniter\Database\MySQLi\Connection->execute('SELECT COUNT(*)...')
#2 C:\Users\adi winarno\Documents\skripsi\LabustaDashCI\system\Database\BaseConnection.php(647): CodeIgniter\Database\BaseConnection->simpleQuery('SELECT COUNT(*)...')
#3 C:\Users\adi winarno\Documents\skripsi\LabustaDashCI\system\Database\BaseBuilder.php(1981): CodeIgniter\Database\BaseConnection->query('SELECT COUNT(*)...', Array, false)
#4 C:\Users\adi winarno\Documents\skripsi\LabustaDashCI\system\Model.php(561): CodeIgniter\Database\BaseBuilder->countAllResults(false)
#5 C:\Users\adi winarno\Documents\skripsi\LabustaDashCI\system\BaseModel.php(1147): CodeIgniter\Model->countAllResults(false)
#6 C:\Users\adi winarno\Documents\skripsi\LabustaDashCI\app\Controllers\Guru.php(37): CodeIgniter\BaseModel->paginate(5)
#7 C:\Users\adi winarno\Documents\skripsi\LabustaDashCI\system\CodeIgniter.php(928): App\Controllers\Guru->index()
#8 C:\Users\adi winarno\Documents\skripsi\LabustaDashCI\system\CodeIgniter.php(436): CodeIgniter\CodeIgniter->runController(Object(App\Controllers\Guru))
#9 C:\Users\adi winarno\Documents\skripsi\LabustaDashCI\system\CodeIgniter.php(336): CodeIgniter\CodeIgniter->handleRequest(NULL, Object(Config\Cache), false)
#10 C:\Users\adi winarno\Documents\skripsi\LabustaDashCI\public\index.php(37): CodeIgniter\CodeIgniter->run()
#11 C:\Users\adi winarno\Documents\skripsi\LabustaDashCI\system\Commands\Server\rewrite.php(45): require_once('C:\\Users\\adi wi...')
#12 {main}
ERROR - 2021-09-11 02:30:53 --> Unknown column 'guru.guru_id' in 'on clause'
CRITICAL - 2021-09-11 02:30:53 --> Unknown column 'guru.guru_id' in 'on clause'
#0 C:\Users\adi winarno\Documents\skripsi\LabustaDashCI\system\Database\MySQLi\Connection.php(329): mysqli->query('SELECT COUNT(*)...')
#1 C:\Users\adi winarno\Documents\skripsi\LabustaDashCI\system\Database\BaseConnection.php(732): CodeIgniter\Database\MySQLi\Connection->execute('SELECT COUNT(*)...')
#2 C:\Users\adi winarno\Documents\skripsi\LabustaDashCI\system\Database\BaseConnection.php(647): CodeIgniter\Database\BaseConnection->simpleQuery('SELECT COUNT(*)...')
#3 C:\Users\adi winarno\Documents\skripsi\LabustaDashCI\system\Database\BaseBuilder.php(1981): CodeIgniter\Database\BaseConnection->query('SELECT COUNT(*)...', Array, false)
#4 C:\Users\adi winarno\Documents\skripsi\LabustaDashCI\system\Model.php(561): CodeIgniter\Database\BaseBuilder->countAllResults(false)
#5 C:\Users\adi winarno\Documents\skripsi\LabustaDashCI\system\BaseModel.php(1147): CodeIgniter\Model->countAllResults(false)
#6 C:\Users\adi winarno\Documents\skripsi\LabustaDashCI\app\Controllers\Guru.php(37): CodeIgniter\BaseModel->paginate(5)
#7 C:\Users\adi winarno\Documents\skripsi\LabustaDashCI\system\CodeIgniter.php(928): App\Controllers\Guru->index()
#8 C:\Users\adi winarno\Documents\skripsi\LabustaDashCI\system\CodeIgniter.php(436): CodeIgniter\CodeIgniter->runController(Object(App\Controllers\Guru))
#9 C:\Users\adi winarno\Documents\skripsi\LabustaDashCI\system\CodeIgniter.php(336): CodeIgniter\CodeIgniter->handleRequest(NULL, Object(Config\Cache), false)
#10 C:\Users\adi winarno\Documents\skripsi\LabustaDashCI\public\index.php(37): CodeIgniter\CodeIgniter->run()
#11 C:\Users\adi winarno\Documents\skripsi\LabustaDashCI\system\Commands\Server\rewrite.php(45): require_once('C:\\Users\\adi wi...')
#12 {main}
ERROR - 2021-09-11 02:31:02 --> Unknown column 'guru.guru_id' in 'on clause'
CRITICAL - 2021-09-11 02:31:02 --> Unknown column 'guru.guru_id' in 'on clause'
#0 C:\Users\adi winarno\Documents\skripsi\LabustaDashCI\system\Database\MySQLi\Connection.php(329): mysqli->query('SELECT COUNT(*)...')
#1 C:\Users\adi winarno\Documents\skripsi\LabustaDashCI\system\Database\BaseConnection.php(732): CodeIgniter\Database\MySQLi\Connection->execute('SELECT COUNT(*)...')
#2 C:\Users\adi winarno\Documents\skripsi\LabustaDashCI\system\Database\BaseConnection.php(647): CodeIgniter\Database\BaseConnection->simpleQuery('SELECT COUNT(*)...')
#3 C:\Users\adi winarno\Documents\skripsi\LabustaDashCI\system\Database\BaseBuilder.php(1981): CodeIgniter\Database\BaseConnection->query('SELECT COUNT(*)...', Array, false)
#4 C:\Users\adi winarno\Documents\skripsi\LabustaDashCI\system\Model.php(561): CodeIgniter\Database\BaseBuilder->countAllResults(false)
#5 C:\Users\adi winarno\Documents\skripsi\LabustaDashCI\system\BaseModel.php(1147): CodeIgniter\Model->countAllResults(false)
#6 C:\Users\adi winarno\Documents\skripsi\LabustaDashCI\app\Controllers\Guru.php(37): CodeIgniter\BaseModel->paginate(5)
#7 C:\Users\adi winarno\Documents\skripsi\LabustaDashCI\system\CodeIgniter.php(928): App\Controllers\Guru->index()
#8 C:\Users\adi winarno\Documents\skripsi\LabustaDashCI\system\CodeIgniter.php(436): CodeIgniter\CodeIgniter->runController(Object(App\Controllers\Guru))
#9 C:\Users\adi winarno\Documents\skripsi\LabustaDashCI\system\CodeIgniter.php(336): CodeIgniter\CodeIgniter->handleRequest(NULL, Object(Config\Cache), false)
#10 C:\Users\adi winarno\Documents\skripsi\LabustaDashCI\public\index.php(37): CodeIgniter\CodeIgniter->run()
#11 C:\Users\adi winarno\Documents\skripsi\LabustaDashCI\system\Commands\Server\rewrite.php(45): require_once('C:\\Users\\adi wi...')
#12 {main}
ERROR - 2021-09-11 02:31:03 --> Unknown column 'guru.guru_id' in 'on clause'
CRITICAL - 2021-09-11 02:31:03 --> Unknown column 'guru.guru_id' in 'on clause'
#0 C:\Users\adi winarno\Documents\skripsi\LabustaDashCI\system\Database\MySQLi\Connection.php(329): mysqli->query('SELECT COUNT(*)...')
#1 C:\Users\adi winarno\Documents\skripsi\LabustaDashCI\system\Database\BaseConnection.php(732): CodeIgniter\Database\MySQLi\Connection->execute('SELECT COUNT(*)...')
#2 C:\Users\adi winarno\Documents\skripsi\LabustaDashCI\system\Database\BaseConnection.php(647): CodeIgniter\Database\BaseConnection->simpleQuery('SELECT COUNT(*)...')
#3 C:\Users\adi winarno\Documents\skripsi\LabustaDashCI\system\Database\BaseBuilder.php(1981): CodeIgniter\Database\BaseConnection->query('SELECT COUNT(*)...', Array, false)
#4 C:\Users\adi winarno\Documents\skripsi\LabustaDashCI\system\Model.php(561): CodeIgniter\Database\BaseBuilder->countAllResults(false)
#5 C:\Users\adi winarno\Documents\skripsi\LabustaDashCI\system\BaseModel.php(1147): CodeIgniter\Model->countAllResults(false)
#6 C:\Users\adi winarno\Documents\skripsi\LabustaDashCI\app\Controllers\Guru.php(37): CodeIgniter\BaseModel->paginate(5)
#7 C:\Users\adi winarno\Documents\skripsi\LabustaDashCI\system\CodeIgniter.php(928): App\Controllers\Guru->index()
#8 C:\Users\adi winarno\Documents\skripsi\LabustaDashCI\system\CodeIgniter.php(436): CodeIgniter\CodeIgniter->runController(Object(App\Controllers\Guru))
#9 C:\Users\adi winarno\Documents\skripsi\LabustaDashCI\system\CodeIgniter.php(336): CodeIgniter\CodeIgniter->handleRequest(NULL, Object(Config\Cache), false)
#10 C:\Users\adi winarno\Documents\skripsi\LabustaDashCI\public\index.php(37): CodeIgniter\CodeIgniter->run()
#11 C:\Users\adi winarno\Documents\skripsi\LabustaDashCI\system\Commands\Server\rewrite.php(45): require_once('C:\\Users\\adi wi...')
#12 {main}
ERROR - 2021-09-11 02:32:21 --> Unknown column 'guru.guru_id' in 'on clause'
CRITICAL - 2021-09-11 02:32:21 --> Unknown column 'guru.guru_id' in 'on clause'
#0 C:\Users\adi winarno\Documents\skripsi\LabustaDashCI\system\Database\MySQLi\Connection.php(329): mysqli->query('SELECT COUNT(*)...')
#1 C:\Users\adi winarno\Documents\skripsi\LabustaDashCI\system\Database\BaseConnection.php(732): CodeIgniter\Database\MySQLi\Connection->execute('SELECT COUNT(*)...')
#2 C:\Users\adi winarno\Documents\skripsi\LabustaDashCI\system\Database\BaseConnection.php(647): CodeIgniter\Database\BaseConnection->simpleQuery('SELECT COUNT(*)...')
#3 C:\Users\adi winarno\Documents\skripsi\LabustaDashCI\system\Database\BaseBuilder.php(1981): CodeIgniter\Database\BaseConnection->query('SELECT COUNT(*)...', Array, false)
#4 C:\Users\adi winarno\Documents\skripsi\LabustaDashCI\system\Model.php(561): CodeIgniter\Database\BaseBuilder->countAllResults(false)
#5 C:\Users\adi winarno\Documents\skripsi\LabustaDashCI\system\BaseModel.php(1147): CodeIgniter\Model->countAllResults(false)
#6 C:\Users\adi winarno\Documents\skripsi\LabustaDashCI\app\Controllers\Guru.php(37): CodeIgniter\BaseModel->paginate(5)
#7 C:\Users\adi winarno\Documents\skripsi\LabustaDashCI\system\CodeIgniter.php(928): App\Controllers\Guru->index()
#8 C:\Users\adi winarno\Documents\skripsi\LabustaDashCI\system\CodeIgniter.php(436): CodeIgniter\CodeIgniter->runController(Object(App\Controllers\Guru))
#9 C:\Users\adi winarno\Documents\skripsi\LabustaDashCI\system\CodeIgniter.php(336): CodeIgniter\CodeIgniter->handleRequest(NULL, Object(Config\Cache), false)
#10 C:\Users\adi winarno\Documents\skripsi\LabustaDashCI\public\index.php(37): CodeIgniter\CodeIgniter->run()
#11 C:\Users\adi winarno\Documents\skripsi\LabustaDashCI\system\Commands\Server\rewrite.php(45): require_once('C:\\Users\\adi wi...')
#12 {main}
ERROR - 2021-09-11 02:32:34 --> Unknown column 'guru.kelas_id' in 'on clause'
CRITICAL - 2021-09-11 02:32:34 --> Unknown column 'guru.kelas_id' in 'on clause'
#0 C:\Users\adi winarno\Documents\skripsi\LabustaDashCI\system\Database\MySQLi\Connection.php(329): mysqli->query('SELECT COUNT(*)...')
#1 C:\Users\adi winarno\Documents\skripsi\LabustaDashCI\system\Database\BaseConnection.php(732): CodeIgniter\Database\MySQLi\Connection->execute('SELECT COUNT(*)...')
#2 C:\Users\adi winarno\Documents\skripsi\LabustaDashCI\system\Database\BaseConnection.php(647): CodeIgniter\Database\BaseConnection->simpleQuery('SELECT COUNT(*)...')
#3 C:\Users\adi winarno\Documents\skripsi\LabustaDashCI\system\Database\BaseBuilder.php(1981): CodeIgniter\Database\BaseConnection->query('SELECT COUNT(*)...', Array, false)
#4 C:\Users\adi winarno\Documents\skripsi\LabustaDashCI\system\Model.php(561): CodeIgniter\Database\BaseBuilder->countAllResults(false)
#5 C:\Users\adi winarno\Documents\skripsi\LabustaDashCI\system\BaseModel.php(1147): CodeIgniter\Model->countAllResults(false)
#6 C:\Users\adi winarno\Documents\skripsi\LabustaDashCI\app\Controllers\Guru.php(36): CodeIgniter\BaseModel->paginate(5)
#7 C:\Users\adi winarno\Documents\skripsi\LabustaDashCI\system\CodeIgniter.php(928): App\Controllers\Guru->index()
#8 C:\Users\adi winarno\Documents\skripsi\LabustaDashCI\system\CodeIgniter.php(436): CodeIgniter\CodeIgniter->runController(Object(App\Controllers\Guru))
#9 C:\Users\adi winarno\Documents\skripsi\LabustaDashCI\system\CodeIgniter.php(336): CodeIgniter\CodeIgniter->handleRequest(NULL, Object(Config\Cache), false)
#10 C:\Users\adi winarno\Documents\skripsi\LabustaDashCI\public\index.php(37): CodeIgniter\CodeIgniter->run()
#11 C:\Users\adi winarno\Documents\skripsi\LabustaDashCI\system\Commands\Server\rewrite.php(45): require_once('C:\\Users\\adi wi...')
#12 {main}
ERROR - 2021-09-11 02:32:35 --> Unknown column 'guru.kelas_id' in 'on clause'
CRITICAL - 2021-09-11 02:32:35 --> Unknown column 'guru.kelas_id' in 'on clause'
#0 C:\Users\adi winarno\Documents\skripsi\LabustaDashCI\system\Database\MySQLi\Connection.php(329): mysqli->query('SELECT COUNT(*)...')
#1 C:\Users\adi winarno\Documents\skripsi\LabustaDashCI\system\Database\BaseConnection.php(732): CodeIgniter\Database\MySQLi\Connection->execute('SELECT COUNT(*)...')
#2 C:\Users\adi winarno\Documents\skripsi\LabustaDashCI\system\Database\BaseConnection.php(647): CodeIgniter\Database\BaseConnection->simpleQuery('SELECT COUNT(*)...')
#3 C:\Users\adi winarno\Documents\skripsi\LabustaDashCI\system\Database\BaseBuilder.php(1981): CodeIgniter\Database\BaseConnection->query('SELECT COUNT(*)...', Array, false)
#4 C:\Users\adi winarno\Documents\skripsi\LabustaDashCI\system\Model.php(561): CodeIgniter\Database\BaseBuilder->countAllResults(false)
#5 C:\Users\adi winarno\Documents\skripsi\LabustaDashCI\system\BaseModel.php(1147): CodeIgniter\Model->countAllResults(false)
#6 C:\Users\adi winarno\Documents\skripsi\LabustaDashCI\app\Controllers\Guru.php(36): CodeIgniter\BaseModel->paginate(5)
#7 C:\Users\adi winarno\Documents\skripsi\LabustaDashCI\system\CodeIgniter.php(928): App\Controllers\Guru->index()
#8 C:\Users\adi winarno\Documents\skripsi\LabustaDashCI\system\CodeIgniter.php(436): CodeIgniter\CodeIgniter->runController(Object(App\Controllers\Guru))
#9 C:\Users\adi winarno\Documents\skripsi\LabustaDashCI\system\CodeIgniter.php(336): CodeIgniter\CodeIgniter->handleRequest(NULL, Object(Config\Cache), false)
#10 C:\Users\adi winarno\Documents\skripsi\LabustaDashCI\public\index.php(37): CodeIgniter\CodeIgniter->run()
#11 C:\Users\adi winarno\Documents\skripsi\LabustaDashCI\system\Commands\Server\rewrite.php(45): require_once('C:\\Users\\adi wi...')
#12 {main}
ERROR - 2021-09-11 02:33:14 --> Unknown column 'guru.id' in 'field list'
CRITICAL - 2021-09-11 02:33:14 --> Unknown column 'guru.id' in 'field list'
#0 C:\Users\adi winarno\Documents\skripsi\LabustaDashCI\system\Database\MySQLi\Connection.php(329): mysqli->query('SELECT `guru`.`...')
#1 C:\Users\adi winarno\Documents\skripsi\LabustaDashCI\system\Database\BaseConnection.php(732): CodeIgniter\Database\MySQLi\Connection->execute('SELECT `guru`.`...')
#2 C:\Users\adi winarno\Documents\skripsi\LabustaDashCI\system\Database\BaseConnection.php(647): CodeIgniter\Database\BaseConnection->simpleQuery('SELECT `guru`.`...')
#3 C:\Users\adi winarno\Documents\skripsi\LabustaDashCI\system\Database\BaseBuilder.php(1881): CodeIgniter\Database\BaseConnection->query('SELECT `guru`.`...', Array, false)
#4 C:\Users\adi winarno\Documents\skripsi\LabustaDashCI\system\Model.php(197): CodeIgniter\Database\BaseBuilder->get()
#5 C:\Users\adi winarno\Documents\skripsi\LabustaDashCI\system\BaseModel.php(603): CodeIgniter\Model->doFindAll(5, 0)
#6 C:\Users\adi winarno\Documents\skripsi\LabustaDashCI\system\BaseModel.php(1151): CodeIgniter\BaseModel->findAll(5, 0)
#7 C:\Users\adi winarno\Documents\skripsi\LabustaDashCI\app\Controllers\Guru.php(35): CodeIgniter\BaseModel->paginate(5)
#8 C:\Users\adi winarno\Documents\skripsi\LabustaDashCI\system\CodeIgniter.php(928): App\Controllers\Guru->index()
#9 C:\Users\adi winarno\Documents\skripsi\LabustaDashCI\system\CodeIgniter.php(436): CodeIgniter\CodeIgniter->runController(Object(App\Controllers\Guru))
#10 C:\Users\adi winarno\Documents\skripsi\LabustaDashCI\system\CodeIgniter.php(336): CodeIgniter\CodeIgniter->handleRequest(NULL, Object(Config\Cache), false)
#11 C:\Users\adi winarno\Documents\skripsi\LabustaDashCI\public\index.php(37): CodeIgniter\CodeIgniter->run()
#12 C:\Users\adi winarno\Documents\skripsi\LabustaDashCI\system\Commands\Server\rewrite.php(45): require_once('C:\\Users\\adi wi...')
#13 {main}
ERROR - 2021-09-11 02:33:23 --> Unknown column 'photo' in 'field list'
CRITICAL - 2021-09-11 02:33:23 --> Unknown column 'photo' in 'field list'
#0 C:\Users\adi winarno\Documents\skripsi\LabustaDashCI\system\Database\MySQLi\Connection.php(329): mysqli->query('SELECT `id`, `N...')
#1 C:\Users\adi winarno\Documents\skripsi\LabustaDashCI\system\Database\BaseConnection.php(732): CodeIgniter\Database\MySQLi\Connection->execute('SELECT `id`, `N...')
#2 C:\Users\adi winarno\Documents\skripsi\LabustaDashCI\system\Database\BaseConnection.php(647): CodeIgniter\Database\BaseConnection->simpleQuery('SELECT `id`, `N...')
#3 C:\Users\adi winarno\Documents\skripsi\LabustaDashCI\system\Database\BaseBuilder.php(1881): CodeIgniter\Database\BaseConnection->query('SELECT `id`, `N...', Array, false)
#4 C:\Users\adi winarno\Documents\skripsi\LabustaDashCI\system\Model.php(197): CodeIgniter\Database\BaseBuilder->get()
#5 C:\Users\adi winarno\Documents\skripsi\LabustaDashCI\system\BaseModel.php(603): CodeIgniter\Model->doFindAll(5, 0)
#6 C:\Users\adi winarno\Documents\skripsi\LabustaDashCI\system\BaseModel.php(1151): CodeIgniter\BaseModel->findAll(5, 0)
#7 C:\Users\adi winarno\Documents\skripsi\LabustaDashCI\app\Controllers\Guru.php(35): CodeIgniter\BaseModel->paginate(5)
#8 C:\Users\adi winarno\Documents\skripsi\LabustaDashCI\system\CodeIgniter.php(928): App\Controllers\Guru->index()
#9 C:\Users\adi winarno\Documents\skripsi\LabustaDashCI\system\CodeIgniter.php(436): CodeIgniter\CodeIgniter->runController(Object(App\Controllers\Guru))
#10 C:\Users\adi winarno\Documents\skripsi\LabustaDashCI\system\CodeIgniter.php(336): CodeIgniter\CodeIgniter->handleRequest(NULL, Object(Config\Cache), false)
#11 C:\Users\adi winarno\Documents\skripsi\LabustaDashCI\public\index.php(37): CodeIgniter\CodeIgniter->run()
#12 C:\Users\adi winarno\Documents\skripsi\LabustaDashCI\system\Commands\Server\rewrite.php(45): require_once('C:\\Users\\adi wi...')
#13 {main}
ERROR - 2021-09-11 02:33:44 --> Unknown column 'photo' in 'field list'
CRITICAL - 2021-09-11 02:33:44 --> Unknown column 'photo' in 'field list'
#0 C:\Users\adi winarno\Documents\skripsi\LabustaDashCI\system\Database\MySQLi\Connection.php(329): mysqli->query('SELECT `id`, `N...')
#1 C:\Users\adi winarno\Documents\skripsi\LabustaDashCI\system\Database\BaseConnection.php(732): CodeIgniter\Database\MySQLi\Connection->execute('SELECT `id`, `N...')
#2 C:\Users\adi winarno\Documents\skripsi\LabustaDashCI\system\Database\BaseConnection.php(647): CodeIgniter\Database\BaseConnection->simpleQuery('SELECT `id`, `N...')
#3 C:\Users\adi winarno\Documents\skripsi\LabustaDashCI\system\Database\BaseBuilder.php(1881): CodeIgniter\Database\BaseConnection->query('SELECT `id`, `N...', Array, false)
#4 C:\Users\adi winarno\Documents\skripsi\LabustaDashCI\system\Model.php(197): CodeIgniter\Database\BaseBuilder->get()
#5 C:\Users\adi winarno\Documents\skripsi\LabustaDashCI\system\BaseModel.php(603): CodeIgniter\Model->doFindAll(5, 0)
#6 C:\Users\adi winarno\Documents\skripsi\LabustaDashCI\system\BaseModel.php(1151): CodeIgniter\BaseModel->findAll(5, 0)
#7 C:\Users\adi winarno\Documents\skripsi\LabustaDashCI\app\Controllers\Guru.php(35): CodeIgniter\BaseModel->paginate(5)
#8 C:\Users\adi winarno\Documents\skripsi\LabustaDashCI\system\CodeIgniter.php(928): App\Controllers\Guru->index()
#9 C:\Users\adi winarno\Documents\skripsi\LabustaDashCI\system\CodeIgniter.php(436): CodeIgniter\CodeIgniter->runController(Object(App\Controllers\Guru))
#10 C:\Users\adi winarno\Documents\skripsi\LabustaDashCI\system\CodeIgniter.php(336): CodeIgniter\CodeIgniter->handleRequest(NULL, Object(Config\Cache), false)
#11 C:\Users\adi winarno\Documents\skripsi\LabustaDashCI\public\index.php(37): CodeIgniter\CodeIgniter->run()
#12 C:\Users\adi winarno\Documents\skripsi\LabustaDashCI\system\Commands\Server\rewrite.php(45): require_once('C:\\Users\\adi wi...')
#13 {main}
CRITICAL - 2021-09-11 02:34:08 --> Undefined property: stdClass::$Pelajaran
#0 C:\Users\adi winarno\Documents\skripsi\LabustaDashCI\app\Views\guru\index.php(129): CodeIgniter\Debug\Exceptions->errorHandler(8, 'Undefined prope...', 'C:\\Users\\adi wi...', 129, Array)
#1 C:\Users\adi winarno\Documents\skripsi\LabustaDashCI\system\View\View.php(230): include('C:\\Users\\adi wi...')
#2 C:\Users\adi winarno\Documents\skripsi\LabustaDashCI\system\View\View.php(232): CodeIgniter\View\View->CodeIgniter\View\{closure}()
#3 C:\Users\adi winarno\Documents\skripsi\LabustaDashCI\system\Common.php(1271): CodeIgniter\View\View->render('guru/index', Array, true)
#4 C:\Users\adi winarno\Documents\skripsi\LabustaDashCI\app\Controllers\Guru.php(39): view('guru/index', Array)
#5 C:\Users\adi winarno\Documents\skripsi\LabustaDashCI\system\CodeIgniter.php(928): App\Controllers\Guru->index()
#6 C:\Users\adi winarno\Documents\skripsi\LabustaDashCI\system\CodeIgniter.php(436): CodeIgniter\CodeIgniter->runController(Object(App\Controllers\Guru))
#7 C:\Users\adi winarno\Documents\skripsi\LabustaDashCI\system\CodeIgniter.php(336): CodeIgniter\CodeIgniter->handleRequest(NULL, Object(Config\Cache), false)
#8 C:\Users\adi winarno\Documents\skripsi\LabustaDashCI\public\index.php(37): CodeIgniter\CodeIgniter->run()
#9 C:\Users\adi winarno\Documents\skripsi\LabustaDashCI\system\Commands\Server\rewrite.php(45): require_once('C:\\Users\\adi wi...')
#10 {main}
CRITICAL - 2021-09-11 02:34:39 --> Undefined property: stdClass::$guru_id
#0 C:\Users\adi winarno\Documents\skripsi\LabustaDashCI\app\Views\guru\index.php(129): CodeIgniter\Debug\Exceptions->errorHandler(8, 'Undefined prope...', 'C:\\Users\\adi wi...', 129, Array)
#1 C:\Users\adi winarno\Documents\skripsi\LabustaDashCI\system\View\View.php(230): include('C:\\Users\\adi wi...')
#2 C:\Users\adi winarno\Documents\skripsi\LabustaDashCI\system\View\View.php(232): CodeIgniter\View\View->CodeIgniter\View\{closure}()
#3 C:\Users\adi winarno\Documents\skripsi\LabustaDashCI\system\Common.php(1271): CodeIgniter\View\View->render('guru/index', Array, true)
#4 C:\Users\adi winarno\Documents\skripsi\LabustaDashCI\app\Controllers\Guru.php(39): view('guru/index', Array)
#5 C:\Users\adi winarno\Documents\skripsi\LabustaDashCI\system\CodeIgniter.php(928): App\Controllers\Guru->index()
#6 C:\Users\adi winarno\Documents\skripsi\LabustaDashCI\system\CodeIgniter.php(436): CodeIgniter\CodeIgniter->runController(Object(App\Controllers\Guru))
#7 C:\Users\adi winarno\Documents\skripsi\LabustaDashCI\system\CodeIgniter.php(336): CodeIgniter\CodeIgniter->handleRequest(NULL, Object(Config\Cache), false)
#8 C:\Users\adi winarno\Documents\skripsi\LabustaDashCI\public\index.php(37): CodeIgniter\CodeIgniter->run()
#9 C:\Users\adi winarno\Documents\skripsi\LabustaDashCI\system\Commands\Server\rewrite.php(45): require_once('C:\\Users\\adi wi...')
#10 {main}
CRITICAL - 2021-09-11 02:36:07 --> Undefined property: stdClass::$photo
#0 C:\Users\adi winarno\Documents\skripsi\LabustaDashCI\app\Views\guru\index.php(134): CodeIgniter\Debug\Exceptions->errorHandler(8, 'Undefined prope...', 'C:\\Users\\adi wi...', 134, Array)
#1 C:\Users\adi winarno\Documents\skripsi\LabustaDashCI\system\View\View.php(230): include('C:\\Users\\adi wi...')
#2 C:\Users\adi winarno\Documents\skripsi\LabustaDashCI\system\View\View.php(232): CodeIgniter\View\View->CodeIgniter\View\{closure}()
#3 C:\Users\adi winarno\Documents\skripsi\LabustaDashCI\system\Common.php(1271): CodeIgniter\View\View->render('guru/index', Array, true)
#4 C:\Users\adi winarno\Documents\skripsi\LabustaDashCI\app\Controllers\Guru.php(39): view('guru/index', Array)
#5 C:\Users\adi winarno\Documents\skripsi\LabustaDashCI\system\CodeIgniter.php(928): App\Controllers\Guru->index()
#6 C:\Users\adi winarno\Documents\skripsi\LabustaDashCI\system\CodeIgniter.php(436): CodeIgniter\CodeIgniter->runController(Object(App\Controllers\Guru))
#7 C:\Users\adi winarno\Documents\skripsi\LabustaDashCI\system\CodeIgniter.php(336): CodeIgniter\CodeIgniter->handleRequest(NULL, Object(Config\Cache), false)
#8 C:\Users\adi winarno\Documents\skripsi\LabustaDashCI\public\index.php(37): CodeIgniter\CodeIgniter->run()
#9 C:\Users\adi winarno\Documents\skripsi\LabustaDashCI\system\Commands\Server\rewrite.php(45): require_once('C:\\Users\\adi wi...')
#10 {main}
CRITICAL - 2021-09-11 02:36:48 --> Undefined property: stdClass::$guru_id
#0 C:\Users\adi winarno\Documents\skripsi\LabustaDashCI\app\Views\guru\index.php(129): CodeIgniter\Debug\Exceptions->errorHandler(8, 'Undefined prope...', 'C:\\Users\\adi wi...', 129, Array)
#1 C:\Users\adi winarno\Documents\skripsi\LabustaDashCI\system\View\View.php(230): include('C:\\Users\\adi wi...')
#2 C:\Users\adi winarno\Documents\skripsi\LabustaDashCI\system\View\View.php(232): CodeIgniter\View\View->CodeIgniter\View\{closure}()
#3 C:\Users\adi winarno\Documents\skripsi\LabustaDashCI\system\Common.php(1271): CodeIgniter\View\View->render('guru/index', Array, true)
#4 C:\Users\adi winarno\Documents\skripsi\LabustaDashCI\app\Controllers\Guru.php(39): view('guru/index', Array)
#5 C:\Users\adi winarno\Documents\skripsi\LabustaDashCI\system\CodeIgniter.php(928): App\Controllers\Guru->index()
#6 C:\Users\adi winarno\Documents\skripsi\LabustaDashCI\system\CodeIgniter.php(436): CodeIgniter\CodeIgniter->runController(Object(App\Controllers\Guru))
#7 C:\Users\adi winarno\Documents\skripsi\LabustaDashCI\system\CodeIgniter.php(336): CodeIgniter\CodeIgniter->handleRequest(NULL, Object(Config\Cache), false)
#8 C:\Users\adi winarno\Documents\skripsi\LabustaDashCI\public\index.php(37): CodeIgniter\CodeIgniter->run()
#9 C:\Users\adi winarno\Documents\skripsi\LabustaDashCI\system\Commands\Server\rewrite.php(45): require_once('C:\\Users\\adi wi...')
#10 {main}
CRITICAL - 2021-09-11 02:36:55 --> Undefined property: stdClass::$pelajaran
#0 C:\Users\adi winarno\Documents\skripsi\LabustaDashCI\app\Views\guru\index.php(129): CodeIgniter\Debug\Exceptions->errorHandler(8, 'Undefined prope...', 'C:\\Users\\adi wi...', 129, Array)
#1 C:\Users\adi winarno\Documents\skripsi\LabustaDashCI\system\View\View.php(230): include('C:\\Users\\adi wi...')
#2 C:\Users\adi winarno\Documents\skripsi\LabustaDashCI\system\View\View.php(232): CodeIgniter\View\View->CodeIgniter\View\{closure}()
#3 C:\Users\adi winarno\Documents\skripsi\LabustaDashCI\system\Common.php(1271): CodeIgniter\View\View->render('guru/index', Array, true)
#4 C:\Users\adi winarno\Documents\skripsi\LabustaDashCI\app\Controllers\Guru.php(39): view('guru/index', Array)
#5 C:\Users\adi winarno\Documents\skripsi\LabustaDashCI\system\CodeIgniter.php(928): App\Controllers\Guru->index()
#6 C:\Users\adi winarno\Documents\skripsi\LabustaDashCI\system\CodeIgniter.php(436): CodeIgniter\CodeIgniter->runController(Object(App\Controllers\Guru))
#7 C:\Users\adi winarno\Documents\skripsi\LabustaDashCI\system\CodeIgniter.php(336): CodeIgniter\CodeIgniter->handleRequest(NULL, Object(Config\Cache), false)
#8 C:\Users\adi winarno\Documents\skripsi\LabustaDashCI\public\index.php(37): CodeIgniter\CodeIgniter->run()
#9 C:\Users\adi winarno\Documents\skripsi\LabustaDashCI\system\Commands\Server\rewrite.php(45): require_once('C:\\Users\\adi wi...')
#10 {main}
CRITICAL - 2021-09-11 02:37:03 --> Undefined property: stdClass::$Pelajaran
#0 C:\Users\adi winarno\Documents\skripsi\LabustaDashCI\app\Views\guru\index.php(129): CodeIgniter\Debug\Exceptions->errorHandler(8, 'Undefined prope...', 'C:\\Users\\adi wi...', 129, Array)
#1 C:\Users\adi winarno\Documents\skripsi\LabustaDashCI\system\View\View.php(230): include('C:\\Users\\adi wi...')
#2 C:\Users\adi winarno\Documents\skripsi\LabustaDashCI\system\View\View.php(232): CodeIgniter\View\View->CodeIgniter\View\{closure}()
#3 C:\Users\adi winarno\Documents\skripsi\LabustaDashCI\system\Common.php(1271): CodeIgniter\View\View->render('guru/index', Array, true)
#4 C:\Users\adi winarno\Documents\skripsi\LabustaDashCI\app\Controllers\Guru.php(39): view('guru/index', Array)
#5 C:\Users\adi winarno\Documents\skripsi\LabustaDashCI\system\CodeIgniter.php(928): App\Controllers\Guru->index()
#6 C:\Users\adi winarno\Documents\skripsi\LabustaDashCI\system\CodeIgniter.php(436): CodeIgniter\CodeIgniter->runController(Object(App\Controllers\Guru))
#7 C:\Users\adi winarno\Documents\skripsi\LabustaDashCI\system\CodeIgniter.php(336): CodeIgniter\CodeIgniter->handleRequest(NULL, Object(Config\Cache), false)
#8 C:\Users\adi winarno\Documents\skripsi\LabustaDashCI\public\index.php(37): CodeIgniter\CodeIgniter->run()
#9 C:\Users\adi winarno\Documents\skripsi\LabustaDashCI\system\Commands\Server\rewrite.php(45): require_once('C:\\Users\\adi wi...')
#10 {main}
CRITICAL - 2021-09-11 02:37:49 --> Undefined property: stdClass::$id_guru
#0 C:\Users\adi winarno\Documents\skripsi\LabustaDashCI\app\Views\guru\index.php(129): CodeIgniter\Debug\Exceptions->errorHandler(8, 'Undefined prope...', 'C:\\Users\\adi wi...', 129, Array)
#1 C:\Users\adi winarno\Documents\skripsi\LabustaDashCI\system\View\View.php(230): include('C:\\Users\\adi wi...')
#2 C:\Users\adi winarno\Documents\skripsi\LabustaDashCI\system\View\View.php(232): CodeIgniter\View\View->CodeIgniter\View\{closure}()
#3 C:\Users\adi winarno\Documents\skripsi\LabustaDashCI\system\Common.php(1271): CodeIgniter\View\View->render('guru/index', Array, true)
#4 C:\Users\adi winarno\Documents\skripsi\LabustaDashCI\app\Controllers\Guru.php(39): view('guru/index', Array)
#5 C:\Users\adi winarno\Documents\skripsi\LabustaDashCI\system\CodeIgniter.php(928): App\Controllers\Guru->index()
#6 C:\Users\adi winarno\Documents\skripsi\LabustaDashCI\system\CodeIgniter.php(436): CodeIgniter\CodeIgniter->runController(Object(App\Controllers\Guru))
#7 C:\Users\adi winarno\Documents\skripsi\LabustaDashCI\system\CodeIgniter.php(336): CodeIgniter\CodeIgniter->handleRequest(NULL, Object(Config\Cache), false)
#8 C:\Users\adi winarno\Documents\skripsi\LabustaDashCI\public\index.php(37): CodeIgniter\CodeIgniter->run()
#9 C:\Users\adi winarno\Documents\skripsi\LabustaDashCI\system\Commands\Server\rewrite.php(45): require_once('C:\\Users\\adi wi...')
#10 {main}
CRITICAL - 2021-09-11 02:54:49 --> Undefined property: stdClass::$Pelajaran
#0 C:\Users\adi winarno\Documents\skripsi\LabustaDashCI\app\Views\guru\index.php(129): CodeIgniter\Debug\Exceptions->errorHandler(8, 'Undefined prope...', 'C:\\Users\\adi wi...', 129, Array)
#1 C:\Users\adi winarno\Documents\skripsi\LabustaDashCI\system\View\View.php(230): include('C:\\Users\\adi wi...')
#2 C:\Users\adi winarno\Documents\skripsi\LabustaDashCI\system\View\View.php(232): CodeIgniter\View\View->CodeIgniter\View\{closure}()
#3 C:\Users\adi winarno\Documents\skripsi\LabustaDashCI\system\Common.php(1271): CodeIgniter\View\View->render('guru/index', Array, true)
#4 C:\Users\adi winarno\Documents\skripsi\LabustaDashCI\app\Controllers\Guru.php(39): view('guru/index', Array)
#5 C:\Users\adi winarno\Documents\skripsi\LabustaDashCI\system\CodeIgniter.php(928): App\Controllers\Guru->index()
#6 C:\Users\adi winarno\Documents\skripsi\LabustaDashCI\system\CodeIgniter.php(436): CodeIgniter\CodeIgniter->runController(Object(App\Controllers\Guru))
#7 C:\Users\adi winarno\Documents\skripsi\LabustaDashCI\system\CodeIgniter.php(336): CodeIgniter\CodeIgniter->handleRequest(NULL, Object(Config\Cache), false)
#8 C:\Users\adi winarno\Documents\skripsi\LabustaDashCI\public\index.php(37): CodeIgniter\CodeIgniter->run()
#9 C:\Users\adi winarno\Documents\skripsi\LabustaDashCI\system\Commands\Server\rewrite.php(45): require_once('C:\\Users\\adi wi...')
#10 {main}
CRITICAL - 2021-09-11 02:55:08 --> Undefined property: stdClass::$Pelajaran
#0 C:\Users\adi winarno\Documents\skripsi\LabustaDashCI\app\Views\guru\index.php(129): CodeIgniter\Debug\Exceptions->errorHandler(8, 'Undefined prope...', 'C:\\Users\\adi wi...', 129, Array)
#1 C:\Users\adi winarno\Documents\skripsi\LabustaDashCI\system\View\View.php(230): include('C:\\Users\\adi wi...')
#2 C:\Users\adi winarno\Documents\skripsi\LabustaDashCI\system\View\View.php(232): CodeIgniter\View\View->CodeIgniter\View\{closure}()
#3 C:\Users\adi winarno\Documents\skripsi\LabustaDashCI\system\Common.php(1271): CodeIgniter\View\View->render('guru/index', Array, true)
#4 C:\Users\adi winarno\Documents\skripsi\LabustaDashCI\app\Controllers\Guru.php(41): view('guru/index', Array)
#5 C:\Users\adi winarno\Documents\skripsi\LabustaDashCI\system\CodeIgniter.php(928): App\Controllers\Guru->index()
#6 C:\Users\adi winarno\Documents\skripsi\LabustaDashCI\system\CodeIgniter.php(436): CodeIgniter\CodeIgniter->runController(Object(App\Controllers\Guru))
#7 C:\Users\adi winarno\Documents\skripsi\LabustaDashCI\system\CodeIgniter.php(336): CodeIgniter\CodeIgniter->handleRequest(NULL, Object(Config\Cache), false)
#8 C:\Users\adi winarno\Documents\skripsi\LabustaDashCI\public\index.php(37): CodeIgniter\CodeIgniter->run()
#9 C:\Users\adi winarno\Documents\skripsi\LabustaDashCI\system\Commands\Server\rewrite.php(45): require_once('C:\\Users\\adi wi...')
#10 {main}
