ERROR - 2021-09-07 02:36:34 --> Error connecting to the database: No connection could be made because the target machine actively refused it.

CRITICAL - 2021-09-07 02:36:34 --> Unable to connect to the database.
Main connection [MySQLi]: No connection could be made because the target machine actively refused it.

#0 C:\Users\adi winarno\Documents\skripsi\LabustaDashCI\system\Database\BaseConnection.php(625): CodeIgniter\Database\BaseConnection->initialize()
#1 C:\Users\adi winarno\Documents\skripsi\LabustaDashCI\system\Database\BaseBuilder.php(2049): CodeIgniter\Database\BaseConnection->query('SELECT *\nFROM `...', Array, false)
#2 C:\Users\adi winarno\Documents\skripsi\LabustaDashCI\app\Controllers\Auth.php(23): CodeIgniter\Database\BaseBuilder->getWhere(Array)
#3 C:\Users\adi winarno\Documents\skripsi\LabustaDashCI\system\CodeIgniter.php(928): App\Controllers\Auth->loginProses()
#4 C:\Users\adi winarno\Documents\skripsi\LabustaDashCI\system\CodeIgniter.php(436): CodeIgniter\CodeIgniter->runController(Object(App\Controllers\Auth))
#5 C:\Users\adi winarno\Documents\skripsi\LabustaDashCI\system\CodeIgniter.php(336): CodeIgniter\CodeIgniter->handleRequest(NULL, Object(Config\Cache), false)
#6 C:\Users\adi winarno\Documents\skripsi\LabustaDashCI\public\index.php(37): CodeIgniter\CodeIgniter->run()
#7 C:\Users\adi winarno\Documents\skripsi\LabustaDashCI\system\Commands\Server\rewrite.php(45): require_once('C:\\Users\\adi wi...')
#8 {main}
CRITICAL - 2021-09-07 02:37:08 --> Undefined variable: validation
#0 C:\Users\adi winarno\Documents\skripsi\LabustaDashCI\app\Views\guru\tambah.php(85): CodeIgniter\Debug\Exceptions->errorHandler(8, 'Undefined varia...', 'C:\\Users\\adi wi...', 85, Array)
#1 C:\Users\adi winarno\Documents\skripsi\LabustaDashCI\system\View\View.php(230): include('C:\\Users\\adi wi...')
#2 C:\Users\adi winarno\Documents\skripsi\LabustaDashCI\system\View\View.php(232): CodeIgniter\View\View->CodeIgniter\View\{closure}()
#3 C:\Users\adi winarno\Documents\skripsi\LabustaDashCI\system\Common.php(1271): CodeIgniter\View\View->render('guru/tambah', Array, true)
#4 C:\Users\adi winarno\Documents\skripsi\LabustaDashCI\app\Controllers\Guru.php(52): view('guru/tambah', Array)
#5 C:\Users\adi winarno\Documents\skripsi\LabustaDashCI\system\CodeIgniter.php(928): App\Controllers\Guru->new()
#6 C:\Users\adi winarno\Documents\skripsi\LabustaDashCI\system\CodeIgniter.php(436): CodeIgniter\CodeIgniter->runController(Object(App\Controllers\Guru))
#7 C:\Users\adi winarno\Documents\skripsi\LabustaDashCI\system\CodeIgniter.php(336): CodeIgniter\CodeIgniter->handleRequest(NULL, Object(Config\Cache), false)
#8 C:\Users\adi winarno\Documents\skripsi\LabustaDashCI\public\index.php(37): CodeIgniter\CodeIgniter->run()
#9 C:\Users\adi winarno\Documents\skripsi\LabustaDashCI\system\Commands\Server\rewrite.php(45): require_once('C:\\Users\\adi wi...')
#10 {main}
ERROR - 2021-09-07 02:37:51 --> Unknown column 'Pelajaran' in 'field list'
CRITICAL - 2021-09-07 02:37:51 --> Unknown column 'Pelajaran' in 'field list'
#0 C:\Users\adi winarno\Documents\skripsi\LabustaDashCI\system\Database\MySQLi\Connection.php(329): mysqli->query('INSERT INTO `gu...')
#1 C:\Users\adi winarno\Documents\skripsi\LabustaDashCI\system\Database\BaseConnection.php(732): CodeIgniter\Database\MySQLi\Connection->execute('INSERT INTO `gu...')
#2 C:\Users\adi winarno\Documents\skripsi\LabustaDashCI\system\Database\BaseConnection.php(647): CodeIgniter\Database\BaseConnection->simpleQuery('INSERT INTO `gu...')
#3 C:\Users\adi winarno\Documents\skripsi\LabustaDashCI\system\Database\BaseBuilder.php(2277): CodeIgniter\Database\BaseConnection->query('INSERT INTO `gu...', Array, false)
#4 C:\Users\adi winarno\Documents\skripsi\LabustaDashCI\app\Models\GuruModel.php(40): CodeIgniter\Database\BaseBuilder->insert(Array)
#5 C:\Users\adi winarno\Documents\skripsi\LabustaDashCI\app\Controllers\Guru.php(84): App\Models\GuruModel->GetPhoto(Array)
#6 C:\Users\adi winarno\Documents\skripsi\LabustaDashCI\system\CodeIgniter.php(928): App\Controllers\Guru->create()
#7 C:\Users\adi winarno\Documents\skripsi\LabustaDashCI\system\CodeIgniter.php(436): CodeIgniter\CodeIgniter->runController(Object(App\Controllers\Guru))
#8 C:\Users\adi winarno\Documents\skripsi\LabustaDashCI\system\CodeIgniter.php(336): CodeIgniter\CodeIgniter->handleRequest(NULL, Object(Config\Cache), false)
#9 C:\Users\adi winarno\Documents\skripsi\LabustaDashCI\public\index.php(37): CodeIgniter\CodeIgniter->run()
#10 C:\Users\adi winarno\Documents\skripsi\LabustaDashCI\system\Commands\Server\rewrite.php(45): require_once('C:\\Users\\adi wi...')
#11 {main}
CRITICAL - 2021-09-07 02:38:33 --> syntax error, unexpected 'return' (T_RETURN)
#0 C:\Users\adi winarno\Documents\skripsi\LabustaDashCI\system\Autoloader\Autoloader.php(273): CodeIgniter\Autoloader\Autoloader->includeFile('C:\\Users\\adi wi...')
#1 C:\Users\adi winarno\Documents\skripsi\LabustaDashCI\system\Autoloader\Autoloader.php(247): CodeIgniter\Autoloader\Autoloader->loadInNamespace('App\\Controllers...')
#2 [internal function]: CodeIgniter\Autoloader\Autoloader->loadClass('App\\Controllers...')
#3 [internal function]: spl_autoload_call('App\\Controllers...')
#4 C:\Users\adi winarno\Documents\skripsi\LabustaDashCI\system\CodeIgniter.php(885): class_exists('\\App\\Controller...', true)
#5 C:\Users\adi winarno\Documents\skripsi\LabustaDashCI\system\CodeIgniter.php(421): CodeIgniter\CodeIgniter->startController()
#6 C:\Users\adi winarno\Documents\skripsi\LabustaDashCI\system\CodeIgniter.php(336): CodeIgniter\CodeIgniter->handleRequest(NULL, Object(Config\Cache), false)
#7 C:\Users\adi winarno\Documents\skripsi\LabustaDashCI\public\index.php(37): CodeIgniter\CodeIgniter->run()
#8 C:\Users\adi winarno\Documents\skripsi\LabustaDashCI\system\Commands\Server\rewrite.php(45): require_once('C:\\Users\\adi wi...')
#9 {main}
ERROR - 2021-09-07 02:38:56 --> Column 'guru_id' cannot be null
CRITICAL - 2021-09-07 02:38:56 --> Column 'guru_id' cannot be null
#0 C:\Users\adi winarno\Documents\skripsi\LabustaDashCI\system\Database\MySQLi\Connection.php(329): mysqli->query('INSERT INTO `gu...')
#1 C:\Users\adi winarno\Documents\skripsi\LabustaDashCI\system\Database\BaseConnection.php(732): CodeIgniter\Database\MySQLi\Connection->execute('INSERT INTO `gu...')
#2 C:\Users\adi winarno\Documents\skripsi\LabustaDashCI\system\Database\BaseConnection.php(647): CodeIgniter\Database\BaseConnection->simpleQuery('INSERT INTO `gu...')
#3 C:\Users\adi winarno\Documents\skripsi\LabustaDashCI\system\Database\BaseBuilder.php(2277): CodeIgniter\Database\BaseConnection->query('INSERT INTO `gu...', Array, false)
#4 C:\Users\adi winarno\Documents\skripsi\LabustaDashCI\app\Models\GuruModel.php(40): CodeIgniter\Database\BaseBuilder->insert(Array)
#5 C:\Users\adi winarno\Documents\skripsi\LabustaDashCI\app\Controllers\Guru.php(85): App\Models\GuruModel->GetPhoto(Array)
#6 C:\Users\adi winarno\Documents\skripsi\LabustaDashCI\system\CodeIgniter.php(928): App\Controllers\Guru->create()
#7 C:\Users\adi winarno\Documents\skripsi\LabustaDashCI\system\CodeIgniter.php(436): CodeIgniter\CodeIgniter->runController(Object(App\Controllers\Guru))
#8 C:\Users\adi winarno\Documents\skripsi\LabustaDashCI\system\CodeIgniter.php(336): CodeIgniter\CodeIgniter->handleRequest(NULL, Object(Config\Cache), false)
#9 C:\Users\adi winarno\Documents\skripsi\LabustaDashCI\public\index.php(37): CodeIgniter\CodeIgniter->run()
#10 C:\Users\adi winarno\Documents\skripsi\LabustaDashCI\system\Commands\Server\rewrite.php(45): require_once('C:\\Users\\adi wi...')
#11 {main}
ERROR - 2021-09-07 02:39:31 --> Column 'guru_id' cannot be null
CRITICAL - 2021-09-07 02:39:31 --> Column 'guru_id' cannot be null
#0 C:\Users\adi winarno\Documents\skripsi\LabustaDashCI\system\Database\MySQLi\Connection.php(329): mysqli->query('INSERT INTO `gu...')
#1 C:\Users\adi winarno\Documents\skripsi\LabustaDashCI\system\Database\BaseConnection.php(732): CodeIgniter\Database\MySQLi\Connection->execute('INSERT INTO `gu...')
#2 C:\Users\adi winarno\Documents\skripsi\LabustaDashCI\system\Database\BaseConnection.php(647): CodeIgniter\Database\BaseConnection->simpleQuery('INSERT INTO `gu...')
#3 C:\Users\adi winarno\Documents\skripsi\LabustaDashCI\system\Database\BaseBuilder.php(2277): CodeIgniter\Database\BaseConnection->query('INSERT INTO `gu...', Array, false)
#4 C:\Users\adi winarno\Documents\skripsi\LabustaDashCI\app\Models\GuruModel.php(40): CodeIgniter\Database\BaseBuilder->insert(Array)
#5 C:\Users\adi winarno\Documents\skripsi\LabustaDashCI\app\Controllers\Guru.php(85): App\Models\GuruModel->GetPhoto(Array)
#6 C:\Users\adi winarno\Documents\skripsi\LabustaDashCI\system\CodeIgniter.php(928): App\Controllers\Guru->create()
#7 C:\Users\adi winarno\Documents\skripsi\LabustaDashCI\system\CodeIgniter.php(436): CodeIgniter\CodeIgniter->runController(Object(App\Controllers\Guru))
#8 C:\Users\adi winarno\Documents\skripsi\LabustaDashCI\system\CodeIgniter.php(336): CodeIgniter\CodeIgniter->handleRequest(NULL, Object(Config\Cache), false)
#9 C:\Users\adi winarno\Documents\skripsi\LabustaDashCI\public\index.php(37): CodeIgniter\CodeIgniter->run()
#10 C:\Users\adi winarno\Documents\skripsi\LabustaDashCI\system\Commands\Server\rewrite.php(45): require_once('C:\\Users\\adi wi...')
#11 {main}
ERROR - 2021-09-07 02:40:17 --> Column 'guru_id' cannot be null
CRITICAL - 2021-09-07 02:40:17 --> Column 'guru_id' cannot be null
#0 C:\Users\adi winarno\Documents\skripsi\LabustaDashCI\system\Database\MySQLi\Connection.php(329): mysqli->query('INSERT INTO `gu...')
#1 C:\Users\adi winarno\Documents\skripsi\LabustaDashCI\system\Database\BaseConnection.php(732): CodeIgniter\Database\MySQLi\Connection->execute('INSERT INTO `gu...')
#2 C:\Users\adi winarno\Documents\skripsi\LabustaDashCI\system\Database\BaseConnection.php(647): CodeIgniter\Database\BaseConnection->simpleQuery('INSERT INTO `gu...')
#3 C:\Users\adi winarno\Documents\skripsi\LabustaDashCI\system\Database\BaseBuilder.php(2277): CodeIgniter\Database\BaseConnection->query('INSERT INTO `gu...', Array, false)
#4 C:\Users\adi winarno\Documents\skripsi\LabustaDashCI\app\Models\GuruModel.php(40): CodeIgniter\Database\BaseBuilder->insert(Array)
#5 C:\Users\adi winarno\Documents\skripsi\LabustaDashCI\app\Controllers\Guru.php(85): App\Models\GuruModel->GetPhoto(Array)
#6 C:\Users\adi winarno\Documents\skripsi\LabustaDashCI\system\CodeIgniter.php(928): App\Controllers\Guru->create()
#7 C:\Users\adi winarno\Documents\skripsi\LabustaDashCI\system\CodeIgniter.php(436): CodeIgniter\CodeIgniter->runController(Object(App\Controllers\Guru))
#8 C:\Users\adi winarno\Documents\skripsi\LabustaDashCI\system\CodeIgniter.php(336): CodeIgniter\CodeIgniter->handleRequest(NULL, Object(Config\Cache), false)
#9 C:\Users\adi winarno\Documents\skripsi\LabustaDashCI\public\index.php(37): CodeIgniter\CodeIgniter->run()
#10 C:\Users\adi winarno\Documents\skripsi\LabustaDashCI\system\Commands\Server\rewrite.php(45): require_once('C:\\Users\\adi wi...')
#11 {main}
ERROR - 2021-09-07 02:40:22 --> Column 'guru_id' cannot be null
CRITICAL - 2021-09-07 02:40:22 --> Column 'guru_id' cannot be null
#0 C:\Users\adi winarno\Documents\skripsi\LabustaDashCI\system\Database\MySQLi\Connection.php(329): mysqli->query('INSERT INTO `gu...')
#1 C:\Users\adi winarno\Documents\skripsi\LabustaDashCI\system\Database\BaseConnection.php(732): CodeIgniter\Database\MySQLi\Connection->execute('INSERT INTO `gu...')
#2 C:\Users\adi winarno\Documents\skripsi\LabustaDashCI\system\Database\BaseConnection.php(647): CodeIgniter\Database\BaseConnection->simpleQuery('INSERT INTO `gu...')
#3 C:\Users\adi winarno\Documents\skripsi\LabustaDashCI\system\Database\BaseBuilder.php(2277): CodeIgniter\Database\BaseConnection->query('INSERT INTO `gu...', Array, false)
#4 C:\Users\adi winarno\Documents\skripsi\LabustaDashCI\app\Models\GuruModel.php(40): CodeIgniter\Database\BaseBuilder->insert(Array)
#5 C:\Users\adi winarno\Documents\skripsi\LabustaDashCI\app\Controllers\Guru.php(85): App\Models\GuruModel->GetPhoto(Array)
#6 C:\Users\adi winarno\Documents\skripsi\LabustaDashCI\system\CodeIgniter.php(928): App\Controllers\Guru->create()
#7 C:\Users\adi winarno\Documents\skripsi\LabustaDashCI\system\CodeIgniter.php(436): CodeIgniter\CodeIgniter->runController(Object(App\Controllers\Guru))
#8 C:\Users\adi winarno\Documents\skripsi\LabustaDashCI\system\CodeIgniter.php(336): CodeIgniter\CodeIgniter->handleRequest(NULL, Object(Config\Cache), false)
#9 C:\Users\adi winarno\Documents\skripsi\LabustaDashCI\public\index.php(37): CodeIgniter\CodeIgniter->run()
#10 C:\Users\adi winarno\Documents\skripsi\LabustaDashCI\system\Commands\Server\rewrite.php(45): require_once('C:\\Users\\adi wi...')
#11 {main}
CRITICAL - 2021-09-07 02:46:24 --> Trying to get property 'id' of non-object
#0 C:\Users\adi winarno\Documents\skripsi\LabustaDashCI\app\Views\materi\edit.php(75): CodeIgniter\Debug\Exceptions->errorHandler(8, 'Trying to get p...', 'C:\\Users\\adi wi...', 75, Array)
#1 C:\Users\adi winarno\Documents\skripsi\LabustaDashCI\system\View\View.php(230): include('C:\\Users\\adi wi...')
#2 C:\Users\adi winarno\Documents\skripsi\LabustaDashCI\system\View\View.php(232): CodeIgniter\View\View->CodeIgniter\View\{closure}()
#3 C:\Users\adi winarno\Documents\skripsi\LabustaDashCI\system\Common.php(1271): CodeIgniter\View\View->render('materi/edit', Array, true)
#4 C:\Users\adi winarno\Documents\skripsi\LabustaDashCI\app\Controllers\Materi.php(91): view('materi/edit', Array)
#5 C:\Users\adi winarno\Documents\skripsi\LabustaDashCI\system\CodeIgniter.php(928): App\Controllers\Materi->edit('3')
#6 C:\Users\adi winarno\Documents\skripsi\LabustaDashCI\system\CodeIgniter.php(436): CodeIgniter\CodeIgniter->runController(Object(App\Controllers\Materi))
#7 C:\Users\adi winarno\Documents\skripsi\LabustaDashCI\system\CodeIgniter.php(336): CodeIgniter\CodeIgniter->handleRequest(NULL, Object(Config\Cache), false)
#8 C:\Users\adi winarno\Documents\skripsi\LabustaDashCI\public\index.php(37): CodeIgniter\CodeIgniter->run()
#9 C:\Users\adi winarno\Documents\skripsi\LabustaDashCI\system\Commands\Server\rewrite.php(45): require_once('C:\\Users\\adi wi...')
#10 {main}
CRITICAL - 2021-09-07 02:48:28 --> Trying to get property 'id' of non-object
#0 C:\Users\adi winarno\Documents\skripsi\LabustaDashCI\app\Views\materi\edit.php(75): CodeIgniter\Debug\Exceptions->errorHandler(8, 'Trying to get p...', 'C:\\Users\\adi wi...', 75, Array)
#1 C:\Users\adi winarno\Documents\skripsi\LabustaDashCI\system\View\View.php(230): include('C:\\Users\\adi wi...')
#2 C:\Users\adi winarno\Documents\skripsi\LabustaDashCI\system\View\View.php(232): CodeIgniter\View\View->CodeIgniter\View\{closure}()
#3 C:\Users\adi winarno\Documents\skripsi\LabustaDashCI\system\Common.php(1271): CodeIgniter\View\View->render('materi/edit', Array, true)
#4 C:\Users\adi winarno\Documents\skripsi\LabustaDashCI\app\Controllers\Materi.php(91): view('materi/edit', Array)
#5 C:\Users\adi winarno\Documents\skripsi\LabustaDashCI\system\CodeIgniter.php(928): App\Controllers\Materi->edit('3')
#6 C:\Users\adi winarno\Documents\skripsi\LabustaDashCI\system\CodeIgniter.php(436): CodeIgniter\CodeIgniter->runController(Object(App\Controllers\Materi))
#7 C:\Users\adi winarno\Documents\skripsi\LabustaDashCI\system\CodeIgniter.php(336): CodeIgniter\CodeIgniter->handleRequest(NULL, Object(Config\Cache), false)
#8 C:\Users\adi winarno\Documents\skripsi\LabustaDashCI\public\index.php(37): CodeIgniter\CodeIgniter->run()
#9 C:\Users\adi winarno\Documents\skripsi\LabustaDashCI\system\Commands\Server\rewrite.php(45): require_once('C:\\Users\\adi wi...')
#10 {main}
CRITICAL - 2021-09-07 03:01:09 --> Call to undefined method CodeIgniter\Database\MySQLi\Builder::getResult()
#0 C:\Users\adi winarno\Documents\skripsi\LabustaDashCI\app\Controllers\Materi.php(23): App\Models\MateriModel->getMateri()
#1 C:\Users\adi winarno\Documents\skripsi\LabustaDashCI\system\CodeIgniter.php(928): App\Controllers\Materi->index()
#2 C:\Users\adi winarno\Documents\skripsi\LabustaDashCI\system\CodeIgniter.php(436): CodeIgniter\CodeIgniter->runController(Object(App\Controllers\Materi))
#3 C:\Users\adi winarno\Documents\skripsi\LabustaDashCI\system\CodeIgniter.php(336): CodeIgniter\CodeIgniter->handleRequest(NULL, Object(Config\Cache), false)
#4 C:\Users\adi winarno\Documents\skripsi\LabustaDashCI\public\index.php(37): CodeIgniter\CodeIgniter->run()
#5 C:\Users\adi winarno\Documents\skripsi\LabustaDashCI\system\Commands\Server\rewrite.php(45): require_once('C:\\Users\\adi wi...')
#6 {main}
CRITICAL - 2021-09-07 03:01:17 --> Call to undefined method CodeIgniter\Database\MySQLi\Builder::getResultArray()
#0 C:\Users\adi winarno\Documents\skripsi\LabustaDashCI\app\Controllers\Materi.php(23): App\Models\MateriModel->getMateri()
#1 C:\Users\adi winarno\Documents\skripsi\LabustaDashCI\system\CodeIgniter.php(928): App\Controllers\Materi->index()
#2 C:\Users\adi winarno\Documents\skripsi\LabustaDashCI\system\CodeIgniter.php(436): CodeIgniter\CodeIgniter->runController(Object(App\Controllers\Materi))
#3 C:\Users\adi winarno\Documents\skripsi\LabustaDashCI\system\CodeIgniter.php(336): CodeIgniter\CodeIgniter->handleRequest(NULL, Object(Config\Cache), false)
#4 C:\Users\adi winarno\Documents\skripsi\LabustaDashCI\public\index.php(37): CodeIgniter\CodeIgniter->run()
#5 C:\Users\adi winarno\Documents\skripsi\LabustaDashCI\system\Commands\Server\rewrite.php(45): require_once('C:\\Users\\adi wi...')
#6 {main}
CRITICAL - 2021-09-07 03:01:24 --> A non-numeric value encountered
#0 C:\Users\adi winarno\Documents\skripsi\LabustaDashCI\app\Views\materi\index.php(111): CodeIgniter\Debug\Exceptions->errorHandler(2, 'A non-numeric v...', 'C:\\Users\\adi wi...', 111, Array)
#1 C:\Users\adi winarno\Documents\skripsi\LabustaDashCI\system\View\View.php(230): include('C:\\Users\\adi wi...')
#2 C:\Users\adi winarno\Documents\skripsi\LabustaDashCI\system\View\View.php(232): CodeIgniter\View\View->CodeIgniter\View\{closure}()
#3 C:\Users\adi winarno\Documents\skripsi\LabustaDashCI\system\Common.php(1271): CodeIgniter\View\View->render('materi/index', Array, true)
#4 C:\Users\adi winarno\Documents\skripsi\LabustaDashCI\app\Controllers\Materi.php(26): view('materi/index', Array)
#5 C:\Users\adi winarno\Documents\skripsi\LabustaDashCI\system\CodeIgniter.php(928): App\Controllers\Materi->index()
#6 C:\Users\adi winarno\Documents\skripsi\LabustaDashCI\system\CodeIgniter.php(436): CodeIgniter\CodeIgniter->runController(Object(App\Controllers\Materi))
#7 C:\Users\adi winarno\Documents\skripsi\LabustaDashCI\system\CodeIgniter.php(336): CodeIgniter\CodeIgniter->handleRequest(NULL, Object(Config\Cache), false)
#8 C:\Users\adi winarno\Documents\skripsi\LabustaDashCI\public\index.php(37): CodeIgniter\CodeIgniter->run()
#9 C:\Users\adi winarno\Documents\skripsi\LabustaDashCI\system\Commands\Server\rewrite.php(45): require_once('C:\\Users\\adi wi...')
#10 {main}
CRITICAL - 2021-09-07 03:11:02 --> Undefined property: stdClass::$materi
#0 C:\Users\adi winarno\Documents\skripsi\LabustaDashCI\app\Views\materi\index.php(112): CodeIgniter\Debug\Exceptions->errorHandler(8, 'Undefined prope...', 'C:\\Users\\adi wi...', 112, Array)
#1 C:\Users\adi winarno\Documents\skripsi\LabustaDashCI\system\View\View.php(230): include('C:\\Users\\adi wi...')
#2 C:\Users\adi winarno\Documents\skripsi\LabustaDashCI\system\View\View.php(232): CodeIgniter\View\View->CodeIgniter\View\{closure}()
#3 C:\Users\adi winarno\Documents\skripsi\LabustaDashCI\system\Common.php(1271): CodeIgniter\View\View->render('materi/index', Array, true)
#4 C:\Users\adi winarno\Documents\skripsi\LabustaDashCI\app\Controllers\Materi.php(25): view('materi/index', Array)
#5 C:\Users\adi winarno\Documents\skripsi\LabustaDashCI\system\CodeIgniter.php(928): App\Controllers\Materi->index()
#6 C:\Users\adi winarno\Documents\skripsi\LabustaDashCI\system\CodeIgniter.php(436): CodeIgniter\CodeIgniter->runController(Object(App\Controllers\Materi))
#7 C:\Users\adi winarno\Documents\skripsi\LabustaDashCI\system\CodeIgniter.php(336): CodeIgniter\CodeIgniter->handleRequest(NULL, Object(Config\Cache), false)
#8 C:\Users\adi winarno\Documents\skripsi\LabustaDashCI\public\index.php(37): CodeIgniter\CodeIgniter->run()
#9 C:\Users\adi winarno\Documents\skripsi\LabustaDashCI\system\Commands\Server\rewrite.php(45): require_once('C:\\Users\\adi wi...')
#10 {main}
CRITICAL - 2021-09-07 03:15:34 --> Array to string conversion
#0 C:\Users\adi winarno\Documents\skripsi\LabustaDashCI\app\Controllers\Materi.php(29): CodeIgniter\Debug\Exceptions->errorHandler(8, 'Array to string...', 'C:\\Users\\adi wi...', 29, Array)
#1 C:\Users\adi winarno\Documents\skripsi\LabustaDashCI\system\CodeIgniter.php(928): App\Controllers\Materi->index()
#2 C:\Users\adi winarno\Documents\skripsi\LabustaDashCI\system\CodeIgniter.php(436): CodeIgniter\CodeIgniter->runController(Object(App\Controllers\Materi))
#3 C:\Users\adi winarno\Documents\skripsi\LabustaDashCI\system\CodeIgniter.php(336): CodeIgniter\CodeIgniter->handleRequest(NULL, Object(Config\Cache), false)
#4 C:\Users\adi winarno\Documents\skripsi\LabustaDashCI\public\index.php(37): CodeIgniter\CodeIgniter->run()
#5 C:\Users\adi winarno\Documents\skripsi\LabustaDashCI\system\Commands\Server\rewrite.php(45): require_once('C:\\Users\\adi wi...')
#6 {main}
CRITICAL - 2021-09-07 03:21:55 --> Call to undefined method CodeIgniter\Database\MySQLi\Builder::getResult()
#0 C:\Users\adi winarno\Documents\skripsi\LabustaDashCI\system\CodeIgniter.php(928): App\Controllers\Materi->index()
#1 C:\Users\adi winarno\Documents\skripsi\LabustaDashCI\system\CodeIgniter.php(436): CodeIgniter\CodeIgniter->runController(Object(App\Controllers\Materi))
#2 C:\Users\adi winarno\Documents\skripsi\LabustaDashCI\system\CodeIgniter.php(336): CodeIgniter\CodeIgniter->handleRequest(NULL, Object(Config\Cache), false)
#3 C:\Users\adi winarno\Documents\skripsi\LabustaDashCI\public\index.php(37): CodeIgniter\CodeIgniter->run()
#4 C:\Users\adi winarno\Documents\skripsi\LabustaDashCI\system\Commands\Server\rewrite.php(45): require_once('C:\\Users\\adi wi...')
#5 {main}
CRITICAL - 2021-09-07 03:23:40 --> Undefined variable: builder
#0 C:\Users\adi winarno\Documents\skripsi\LabustaDashCI\app\Controllers\Materi.php(23): CodeIgniter\Debug\Exceptions->errorHandler(8, 'Undefined varia...', 'C:\\Users\\adi wi...', 23, Array)
#1 C:\Users\adi winarno\Documents\skripsi\LabustaDashCI\system\CodeIgniter.php(928): App\Controllers\Materi->index()
#2 C:\Users\adi winarno\Documents\skripsi\LabustaDashCI\system\CodeIgniter.php(436): CodeIgniter\CodeIgniter->runController(Object(App\Controllers\Materi))
#3 C:\Users\adi winarno\Documents\skripsi\LabustaDashCI\system\CodeIgniter.php(336): CodeIgniter\CodeIgniter->handleRequest(NULL, Object(Config\Cache), false)
#4 C:\Users\adi winarno\Documents\skripsi\LabustaDashCI\public\index.php(37): CodeIgniter\CodeIgniter->run()
#5 C:\Users\adi winarno\Documents\skripsi\LabustaDashCI\system\Commands\Server\rewrite.php(45): require_once('C:\\Users\\adi wi...')
#6 {main}
CRITICAL - 2021-09-07 03:23:55 --> Call to undefined method CodeIgniter\Database\MySQLi\Builder::getResult()
#0 C:\Users\adi winarno\Documents\skripsi\LabustaDashCI\system\CodeIgniter.php(928): App\Controllers\Materi->index()
#1 C:\Users\adi winarno\Documents\skripsi\LabustaDashCI\system\CodeIgniter.php(436): CodeIgniter\CodeIgniter->runController(Object(App\Controllers\Materi))
#2 C:\Users\adi winarno\Documents\skripsi\LabustaDashCI\system\CodeIgniter.php(336): CodeIgniter\CodeIgniter->handleRequest(NULL, Object(Config\Cache), false)
#3 C:\Users\adi winarno\Documents\skripsi\LabustaDashCI\public\index.php(37): CodeIgniter\CodeIgniter->run()
#4 C:\Users\adi winarno\Documents\skripsi\LabustaDashCI\system\Commands\Server\rewrite.php(45): require_once('C:\\Users\\adi wi...')
#5 {main}
ERROR - 2021-09-07 03:25:41 --> Column 'id' in field list is ambiguous
CRITICAL - 2021-09-07 03:25:41 --> Column 'id' in field list is ambiguous
#0 C:\Users\adi winarno\Documents\skripsi\LabustaDashCI\system\Database\MySQLi\Connection.php(329): mysqli->query('SELECT `id`\nFRO...')
#1 C:\Users\adi winarno\Documents\skripsi\LabustaDashCI\system\Database\BaseConnection.php(732): CodeIgniter\Database\MySQLi\Connection->execute('SELECT `id`\nFRO...')
#2 C:\Users\adi winarno\Documents\skripsi\LabustaDashCI\system\Database\BaseConnection.php(647): CodeIgniter\Database\BaseConnection->simpleQuery('SELECT `id`\nFRO...')
#3 C:\Users\adi winarno\Documents\skripsi\LabustaDashCI\system\Database\BaseBuilder.php(1881): CodeIgniter\Database\BaseConnection->query('SELECT `id`\nFRO...', Array, false)
#4 C:\Users\adi winarno\Documents\skripsi\LabustaDashCI\app\Controllers\Materi.php(26): CodeIgniter\Database\BaseBuilder->get()
#5 C:\Users\adi winarno\Documents\skripsi\LabustaDashCI\system\CodeIgniter.php(928): App\Controllers\Materi->index()
#6 C:\Users\adi winarno\Documents\skripsi\LabustaDashCI\system\CodeIgniter.php(436): CodeIgniter\CodeIgniter->runController(Object(App\Controllers\Materi))
#7 C:\Users\adi winarno\Documents\skripsi\LabustaDashCI\system\CodeIgniter.php(336): CodeIgniter\CodeIgniter->handleRequest(NULL, Object(Config\Cache), false)
#8 C:\Users\adi winarno\Documents\skripsi\LabustaDashCI\public\index.php(37): CodeIgniter\CodeIgniter->run()
#9 C:\Users\adi winarno\Documents\skripsi\LabustaDashCI\system\Commands\Server\rewrite.php(45): require_once('C:\\Users\\adi wi...')
#10 {main}
CRITICAL - 2021-09-07 03:26:36 --> Undefined property: stdClass::$kelas
#0 C:\Users\adi winarno\Documents\skripsi\LabustaDashCI\app\Views\materi\index.php(113): CodeIgniter\Debug\Exceptions->errorHandler(8, 'Undefined prope...', 'C:\\Users\\adi wi...', 113, Array)
#1 C:\Users\adi winarno\Documents\skripsi\LabustaDashCI\system\View\View.php(230): include('C:\\Users\\adi wi...')
#2 C:\Users\adi winarno\Documents\skripsi\LabustaDashCI\system\View\View.php(232): CodeIgniter\View\View->CodeIgniter\View\{closure}()
#3 C:\Users\adi winarno\Documents\skripsi\LabustaDashCI\system\Common.php(1271): CodeIgniter\View\View->render('materi/index', Array, true)
#4 C:\Users\adi winarno\Documents\skripsi\LabustaDashCI\app\Controllers\Materi.php(31): view('materi/index', Array)
#5 C:\Users\adi winarno\Documents\skripsi\LabustaDashCI\system\CodeIgniter.php(928): App\Controllers\Materi->index()
#6 C:\Users\adi winarno\Documents\skripsi\LabustaDashCI\system\CodeIgniter.php(436): CodeIgniter\CodeIgniter->runController(Object(App\Controllers\Materi))
#7 C:\Users\adi winarno\Documents\skripsi\LabustaDashCI\system\CodeIgniter.php(336): CodeIgniter\CodeIgniter->handleRequest(NULL, Object(Config\Cache), false)
#8 C:\Users\adi winarno\Documents\skripsi\LabustaDashCI\public\index.php(37): CodeIgniter\CodeIgniter->run()
#9 C:\Users\adi winarno\Documents\skripsi\LabustaDashCI\system\Commands\Server\rewrite.php(45): require_once('C:\\Users\\adi wi...')
#10 {main}
CRITICAL - 2021-09-07 03:34:17 --> Undefined property: stdClass::$Pelajaran
#0 C:\Users\adi winarno\Documents\skripsi\LabustaDashCI\app\Views\guru\index.php(116): CodeIgniter\Debug\Exceptions->errorHandler(8, 'Undefined prope...', 'C:\\Users\\adi wi...', 116, Array)
#1 C:\Users\adi winarno\Documents\skripsi\LabustaDashCI\system\View\View.php(230): include('C:\\Users\\adi wi...')
#2 C:\Users\adi winarno\Documents\skripsi\LabustaDashCI\system\View\View.php(232): CodeIgniter\View\View->CodeIgniter\View\{closure}()
#3 C:\Users\adi winarno\Documents\skripsi\LabustaDashCI\system\Common.php(1271): CodeIgniter\View\View->render('guru/index', Array, true)
#4 C:\Users\adi winarno\Documents\skripsi\LabustaDashCI\app\Controllers\Guru.php(26): view('guru/index', Array)
#5 C:\Users\adi winarno\Documents\skripsi\LabustaDashCI\system\CodeIgniter.php(928): App\Controllers\Guru->index()
#6 C:\Users\adi winarno\Documents\skripsi\LabustaDashCI\system\CodeIgniter.php(436): CodeIgniter\CodeIgniter->runController(Object(App\Controllers\Guru))
#7 C:\Users\adi winarno\Documents\skripsi\LabustaDashCI\system\CodeIgniter.php(336): CodeIgniter\CodeIgniter->handleRequest(NULL, Object(Config\Cache), false)
#8 C:\Users\adi winarno\Documents\skripsi\LabustaDashCI\public\index.php(37): CodeIgniter\CodeIgniter->run()
#9 C:\Users\adi winarno\Documents\skripsi\LabustaDashCI\system\Commands\Server\rewrite.php(45): require_once('C:\\Users\\adi wi...')
#10 {main}
CRITICAL - 2021-09-07 03:34:55 --> Undefined property: stdClass::$guru_id
#0 C:\Users\adi winarno\Documents\skripsi\LabustaDashCI\app\Views\guru\index.php(116): CodeIgniter\Debug\Exceptions->errorHandler(8, 'Undefined prope...', 'C:\\Users\\adi wi...', 116, Array)
#1 C:\Users\adi winarno\Documents\skripsi\LabustaDashCI\system\View\View.php(230): include('C:\\Users\\adi wi...')
#2 C:\Users\adi winarno\Documents\skripsi\LabustaDashCI\system\View\View.php(232): CodeIgniter\View\View->CodeIgniter\View\{closure}()
#3 C:\Users\adi winarno\Documents\skripsi\LabustaDashCI\system\Common.php(1271): CodeIgniter\View\View->render('guru/index', Array, true)
#4 C:\Users\adi winarno\Documents\skripsi\LabustaDashCI\app\Controllers\Guru.php(26): view('guru/index', Array)
#5 C:\Users\adi winarno\Documents\skripsi\LabustaDashCI\system\CodeIgniter.php(928): App\Controllers\Guru->index()
#6 C:\Users\adi winarno\Documents\skripsi\LabustaDashCI\system\CodeIgniter.php(436): CodeIgniter\CodeIgniter->runController(Object(App\Controllers\Guru))
#7 C:\Users\adi winarno\Documents\skripsi\LabustaDashCI\system\CodeIgniter.php(336): CodeIgniter\CodeIgniter->handleRequest(NULL, Object(Config\Cache), false)
#8 C:\Users\adi winarno\Documents\skripsi\LabustaDashCI\public\index.php(37): CodeIgniter\CodeIgniter->run()
#9 C:\Users\adi winarno\Documents\skripsi\LabustaDashCI\system\Commands\Server\rewrite.php(45): require_once('C:\\Users\\adi wi...')
#10 {main}
CRITICAL - 2021-09-07 03:35:11 --> Undefined property: stdClass::$pelajaran
#0 C:\Users\adi winarno\Documents\skripsi\LabustaDashCI\app\Views\guru\index.php(116): CodeIgniter\Debug\Exceptions->errorHandler(8, 'Undefined prope...', 'C:\\Users\\adi wi...', 116, Array)
#1 C:\Users\adi winarno\Documents\skripsi\LabustaDashCI\system\View\View.php(230): include('C:\\Users\\adi wi...')
#2 C:\Users\adi winarno\Documents\skripsi\LabustaDashCI\system\View\View.php(232): CodeIgniter\View\View->CodeIgniter\View\{closure}()
#3 C:\Users\adi winarno\Documents\skripsi\LabustaDashCI\system\Common.php(1271): CodeIgniter\View\View->render('guru/index', Array, true)
#4 C:\Users\adi winarno\Documents\skripsi\LabustaDashCI\app\Controllers\Guru.php(26): view('guru/index', Array)
#5 C:\Users\adi winarno\Documents\skripsi\LabustaDashCI\system\CodeIgniter.php(928): App\Controllers\Guru->index()
#6 C:\Users\adi winarno\Documents\skripsi\LabustaDashCI\system\CodeIgniter.php(436): CodeIgniter\CodeIgniter->runController(Object(App\Controllers\Guru))
#7 C:\Users\adi winarno\Documents\skripsi\LabustaDashCI\system\CodeIgniter.php(336): CodeIgniter\CodeIgniter->handleRequest(NULL, Object(Config\Cache), false)
#8 C:\Users\adi winarno\Documents\skripsi\LabustaDashCI\public\index.php(37): CodeIgniter\CodeIgniter->run()
#9 C:\Users\adi winarno\Documents\skripsi\LabustaDashCI\system\Commands\Server\rewrite.php(45): require_once('C:\\Users\\adi wi...')
#10 {main}
CRITICAL - 2021-09-07 03:35:30 --> Undefined property: stdClass::$Pelajaran
#0 C:\Users\adi winarno\Documents\skripsi\LabustaDashCI\app\Views\guru\index.php(116): CodeIgniter\Debug\Exceptions->errorHandler(8, 'Undefined prope...', 'C:\\Users\\adi wi...', 116, Array)
#1 C:\Users\adi winarno\Documents\skripsi\LabustaDashCI\system\View\View.php(230): include('C:\\Users\\adi wi...')
#2 C:\Users\adi winarno\Documents\skripsi\LabustaDashCI\system\View\View.php(232): CodeIgniter\View\View->CodeIgniter\View\{closure}()
#3 C:\Users\adi winarno\Documents\skripsi\LabustaDashCI\system\Common.php(1271): CodeIgniter\View\View->render('guru/index', Array, true)
#4 C:\Users\adi winarno\Documents\skripsi\LabustaDashCI\app\Controllers\Guru.php(26): view('guru/index', Array)
#5 C:\Users\adi winarno\Documents\skripsi\LabustaDashCI\system\CodeIgniter.php(928): App\Controllers\Guru->index()
#6 C:\Users\adi winarno\Documents\skripsi\LabustaDashCI\system\CodeIgniter.php(436): CodeIgniter\CodeIgniter->runController(Object(App\Controllers\Guru))
#7 C:\Users\adi winarno\Documents\skripsi\LabustaDashCI\system\CodeIgniter.php(336): CodeIgniter\CodeIgniter->handleRequest(NULL, Object(Config\Cache), false)
#8 C:\Users\adi winarno\Documents\skripsi\LabustaDashCI\public\index.php(37): CodeIgniter\CodeIgniter->run()
#9 C:\Users\adi winarno\Documents\skripsi\LabustaDashCI\system\Commands\Server\rewrite.php(45): require_once('C:\\Users\\adi wi...')
#10 {main}
CRITICAL - 2021-09-07 03:36:03 --> Undefined property: stdClass::$Pelajaran
#0 C:\Users\adi winarno\Documents\skripsi\LabustaDashCI\app\Views\guru\index.php(116): CodeIgniter\Debug\Exceptions->errorHandler(8, 'Undefined prope...', 'C:\\Users\\adi wi...', 116, Array)
#1 C:\Users\adi winarno\Documents\skripsi\LabustaDashCI\system\View\View.php(230): include('C:\\Users\\adi wi...')
#2 C:\Users\adi winarno\Documents\skripsi\LabustaDashCI\system\View\View.php(232): CodeIgniter\View\View->CodeIgniter\View\{closure}()
#3 C:\Users\adi winarno\Documents\skripsi\LabustaDashCI\system\Common.php(1271): CodeIgniter\View\View->render('guru/index', Array, true)
#4 C:\Users\adi winarno\Documents\skripsi\LabustaDashCI\app\Controllers\Guru.php(26): view('guru/index', Array)
#5 C:\Users\adi winarno\Documents\skripsi\LabustaDashCI\system\CodeIgniter.php(928): App\Controllers\Guru->index()
#6 C:\Users\adi winarno\Documents\skripsi\LabustaDashCI\system\CodeIgniter.php(436): CodeIgniter\CodeIgniter->runController(Object(App\Controllers\Guru))
#7 C:\Users\adi winarno\Documents\skripsi\LabustaDashCI\system\CodeIgniter.php(336): CodeIgniter\CodeIgniter->handleRequest(NULL, Object(Config\Cache), false)
#8 C:\Users\adi winarno\Documents\skripsi\LabustaDashCI\public\index.php(37): CodeIgniter\CodeIgniter->run()
#9 C:\Users\adi winarno\Documents\skripsi\LabustaDashCI\system\Commands\Server\rewrite.php(45): require_once('C:\\Users\\adi wi...')
#10 {main}
CRITICAL - 2021-09-07 03:36:04 --> Undefined property: stdClass::$Pelajaran
#0 C:\Users\adi winarno\Documents\skripsi\LabustaDashCI\app\Views\guru\index.php(116): CodeIgniter\Debug\Exceptions->errorHandler(8, 'Undefined prope...', 'C:\\Users\\adi wi...', 116, Array)
#1 C:\Users\adi winarno\Documents\skripsi\LabustaDashCI\system\View\View.php(230): include('C:\\Users\\adi wi...')
#2 C:\Users\adi winarno\Documents\skripsi\LabustaDashCI\system\View\View.php(232): CodeIgniter\View\View->CodeIgniter\View\{closure}()
#3 C:\Users\adi winarno\Documents\skripsi\LabustaDashCI\system\Common.php(1271): CodeIgniter\View\View->render('guru/index', Array, true)
#4 C:\Users\adi winarno\Documents\skripsi\LabustaDashCI\app\Controllers\Guru.php(26): view('guru/index', Array)
#5 C:\Users\adi winarno\Documents\skripsi\LabustaDashCI\system\CodeIgniter.php(928): App\Controllers\Guru->index()
#6 C:\Users\adi winarno\Documents\skripsi\LabustaDashCI\system\CodeIgniter.php(436): CodeIgniter\CodeIgniter->runController(Object(App\Controllers\Guru))
#7 C:\Users\adi winarno\Documents\skripsi\LabustaDashCI\system\CodeIgniter.php(336): CodeIgniter\CodeIgniter->handleRequest(NULL, Object(Config\Cache), false)
#8 C:\Users\adi winarno\Documents\skripsi\LabustaDashCI\public\index.php(37): CodeIgniter\CodeIgniter->run()
#9 C:\Users\adi winarno\Documents\skripsi\LabustaDashCI\system\Commands\Server\rewrite.php(45): require_once('C:\\Users\\adi wi...')
#10 {main}
CRITICAL - 2021-09-07 03:36:10 --> Undefined property: stdClass::$kelas
#0 C:\Users\adi winarno\Documents\skripsi\LabustaDashCI\app\Views\guru\index.php(119): CodeIgniter\Debug\Exceptions->errorHandler(8, 'Undefined prope...', 'C:\\Users\\adi wi...', 119, Array)
#1 C:\Users\adi winarno\Documents\skripsi\LabustaDashCI\system\View\View.php(230): include('C:\\Users\\adi wi...')
#2 C:\Users\adi winarno\Documents\skripsi\LabustaDashCI\system\View\View.php(232): CodeIgniter\View\View->CodeIgniter\View\{closure}()
#3 C:\Users\adi winarno\Documents\skripsi\LabustaDashCI\system\Common.php(1271): CodeIgniter\View\View->render('guru/index', Array, true)
#4 C:\Users\adi winarno\Documents\skripsi\LabustaDashCI\app\Controllers\Guru.php(26): view('guru/index', Array)
#5 C:\Users\adi winarno\Documents\skripsi\LabustaDashCI\system\CodeIgniter.php(928): App\Controllers\Guru->index()
#6 C:\Users\adi winarno\Documents\skripsi\LabustaDashCI\system\CodeIgniter.php(436): CodeIgniter\CodeIgniter->runController(Object(App\Controllers\Guru))
#7 C:\Users\adi winarno\Documents\skripsi\LabustaDashCI\system\CodeIgniter.php(336): CodeIgniter\CodeIgniter->handleRequest(NULL, Object(Config\Cache), false)
#8 C:\Users\adi winarno\Documents\skripsi\LabustaDashCI\public\index.php(37): CodeIgniter\CodeIgniter->run()
#9 C:\Users\adi winarno\Documents\skripsi\LabustaDashCI\system\Commands\Server\rewrite.php(45): require_once('C:\\Users\\adi wi...')
#10 {main}
CRITICAL - 2021-09-07 03:36:17 --> Undefined property: stdClass::$jeniskelamin
#0 C:\Users\adi winarno\Documents\skripsi\LabustaDashCI\app\Views\guru\index.php(120): CodeIgniter\Debug\Exceptions->errorHandler(8, 'Undefined prope...', 'C:\\Users\\adi wi...', 120, Array)
#1 C:\Users\adi winarno\Documents\skripsi\LabustaDashCI\system\View\View.php(230): include('C:\\Users\\adi wi...')
#2 C:\Users\adi winarno\Documents\skripsi\LabustaDashCI\system\View\View.php(232): CodeIgniter\View\View->CodeIgniter\View\{closure}()
#3 C:\Users\adi winarno\Documents\skripsi\LabustaDashCI\system\Common.php(1271): CodeIgniter\View\View->render('guru/index', Array, true)
#4 C:\Users\adi winarno\Documents\skripsi\LabustaDashCI\app\Controllers\Guru.php(26): view('guru/index', Array)
#5 C:\Users\adi winarno\Documents\skripsi\LabustaDashCI\system\CodeIgniter.php(928): App\Controllers\Guru->index()
#6 C:\Users\adi winarno\Documents\skripsi\LabustaDashCI\system\CodeIgniter.php(436): CodeIgniter\CodeIgniter->runController(Object(App\Controllers\Guru))
#7 C:\Users\adi winarno\Documents\skripsi\LabustaDashCI\system\CodeIgniter.php(336): CodeIgniter\CodeIgniter->handleRequest(NULL, Object(Config\Cache), false)
#8 C:\Users\adi winarno\Documents\skripsi\LabustaDashCI\public\index.php(37): CodeIgniter\CodeIgniter->run()
#9 C:\Users\adi winarno\Documents\skripsi\LabustaDashCI\system\Commands\Server\rewrite.php(45): require_once('C:\\Users\\adi wi...')
#10 {main}
CRITICAL - 2021-09-07 03:37:12 --> Undefined property: stdClass::$id
#0 C:\Users\adi winarno\Documents\skripsi\LabustaDashCI\app\Views\guru\index.php(125): CodeIgniter\Debug\Exceptions->errorHandler(8, 'Undefined prope...', 'C:\\Users\\adi wi...', 125, Array)
#1 C:\Users\adi winarno\Documents\skripsi\LabustaDashCI\system\View\View.php(230): include('C:\\Users\\adi wi...')
#2 C:\Users\adi winarno\Documents\skripsi\LabustaDashCI\system\View\View.php(232): CodeIgniter\View\View->CodeIgniter\View\{closure}()
#3 C:\Users\adi winarno\Documents\skripsi\LabustaDashCI\system\Common.php(1271): CodeIgniter\View\View->render('guru/index', Array, true)
#4 C:\Users\adi winarno\Documents\skripsi\LabustaDashCI\app\Controllers\Guru.php(26): view('guru/index', Array)
#5 C:\Users\adi winarno\Documents\skripsi\LabustaDashCI\system\CodeIgniter.php(928): App\Controllers\Guru->index()
#6 C:\Users\adi winarno\Documents\skripsi\LabustaDashCI\system\CodeIgniter.php(436): CodeIgniter\CodeIgniter->runController(Object(App\Controllers\Guru))
#7 C:\Users\adi winarno\Documents\skripsi\LabustaDashCI\system\CodeIgniter.php(336): CodeIgniter\CodeIgniter->handleRequest(NULL, Object(Config\Cache), false)
#8 C:\Users\adi winarno\Documents\skripsi\LabustaDashCI\public\index.php(37): CodeIgniter\CodeIgniter->run()
#9 C:\Users\adi winarno\Documents\skripsi\LabustaDashCI\system\Commands\Server\rewrite.php(45): require_once('C:\\Users\\adi wi...')
#10 {main}
CRITICAL - 2021-09-07 03:37:58 --> Undefined property: stdClass::$guru_id
#0 C:\Users\adi winarno\Documents\skripsi\LabustaDashCI\app\Views\guru\index.php(125): CodeIgniter\Debug\Exceptions->errorHandler(8, 'Undefined prope...', 'C:\\Users\\adi wi...', 125, Array)
#1 C:\Users\adi winarno\Documents\skripsi\LabustaDashCI\system\View\View.php(230): include('C:\\Users\\adi wi...')
#2 C:\Users\adi winarno\Documents\skripsi\LabustaDashCI\system\View\View.php(232): CodeIgniter\View\View->CodeIgniter\View\{closure}()
#3 C:\Users\adi winarno\Documents\skripsi\LabustaDashCI\system\Common.php(1271): CodeIgniter\View\View->render('guru/index', Array, true)
#4 C:\Users\adi winarno\Documents\skripsi\LabustaDashCI\app\Controllers\Guru.php(26): view('guru/index', Array)
#5 C:\Users\adi winarno\Documents\skripsi\LabustaDashCI\system\CodeIgniter.php(928): App\Controllers\Guru->index()
#6 C:\Users\adi winarno\Documents\skripsi\LabustaDashCI\system\CodeIgniter.php(436): CodeIgniter\CodeIgniter->runController(Object(App\Controllers\Guru))
#7 C:\Users\adi winarno\Documents\skripsi\LabustaDashCI\system\CodeIgniter.php(336): CodeIgniter\CodeIgniter->handleRequest(NULL, Object(Config\Cache), false)
#8 C:\Users\adi winarno\Documents\skripsi\LabustaDashCI\public\index.php(37): CodeIgniter\CodeIgniter->run()
#9 C:\Users\adi winarno\Documents\skripsi\LabustaDashCI\system\Commands\Server\rewrite.php(45): require_once('C:\\Users\\adi wi...')
#10 {main}
CRITICAL - 2021-09-07 03:40:23 --> Undefined property: stdClass::$guru
#0 C:\Users\adi winarno\Documents\skripsi\LabustaDashCI\app\Views\guru\index.php(125): CodeIgniter\Debug\Exceptions->errorHandler(8, 'Undefined prope...', 'C:\\Users\\adi wi...', 125, Array)
#1 C:\Users\adi winarno\Documents\skripsi\LabustaDashCI\system\View\View.php(230): include('C:\\Users\\adi wi...')
#2 C:\Users\adi winarno\Documents\skripsi\LabustaDashCI\system\View\View.php(232): CodeIgniter\View\View->CodeIgniter\View\{closure}()
#3 C:\Users\adi winarno\Documents\skripsi\LabustaDashCI\system\Common.php(1271): CodeIgniter\View\View->render('guru/index', Array, true)
#4 C:\Users\adi winarno\Documents\skripsi\LabustaDashCI\app\Controllers\Guru.php(26): view('guru/index', Array)
#5 C:\Users\adi winarno\Documents\skripsi\LabustaDashCI\system\CodeIgniter.php(928): App\Controllers\Guru->index()
#6 C:\Users\adi winarno\Documents\skripsi\LabustaDashCI\system\CodeIgniter.php(436): CodeIgniter\CodeIgniter->runController(Object(App\Controllers\Guru))
#7 C:\Users\adi winarno\Documents\skripsi\LabustaDashCI\system\CodeIgniter.php(336): CodeIgniter\CodeIgniter->handleRequest(NULL, Object(Config\Cache), false)
#8 C:\Users\adi winarno\Documents\skripsi\LabustaDashCI\public\index.php(37): CodeIgniter\CodeIgniter->run()
#9 C:\Users\adi winarno\Documents\skripsi\LabustaDashCI\system\Commands\Server\rewrite.php(45): require_once('C:\\Users\\adi wi...')
#10 {main}
CRITICAL - 2021-09-07 03:48:24 --> Could not construct ApplicationDefaultCredentials
#0 C:\Users\adi winarno\Documents\skripsi\LabustaDashCI\vendor\google\gax\src\CredentialsWrapper.php(132): Google\ApiCore\CredentialsWrapper::buildApplicationDefaultCredentials(NULL, Object(Google\Auth\HttpHandler\Guzzle7HttpHandler), NULL, NULL, NULL, Array)
#1 C:\Users\adi winarno\Documents\skripsi\LabustaDashCI\vendor\google\gax\src\GapicClientTrait.php(426): Google\ApiCore\CredentialsWrapper::build(Array)
#2 C:\Users\adi winarno\Documents\skripsi\LabustaDashCI\vendor\google\gax\src\GapicClientTrait.php(403): Google\Cloud\Dialogflow\V2\Gapic\SessionsGapicClient->createCredentialsWrapper(NULL, Array)
#3 C:\Users\adi winarno\Documents\skripsi\LabustaDashCI\vendor\google\cloud-dialogflow\src\V2\Gapic\SessionsGapicClient.php(397): Google\Cloud\Dialogflow\V2\Gapic\SessionsGapicClient->setClientOptions(Array)
#4 C:\Users\adi winarno\Documents\skripsi\LabustaDashCI\app\Controllers\ApiChat.php(64): Google\Cloud\Dialogflow\V2\Gapic\SessionsGapicClient->__construct()
#5 C:\Users\adi winarno\Documents\skripsi\LabustaDashCI\app\Controllers\ApiChat.php(42): App\Controllers\ApiChat->detectIntent('customer1', '12345')
#6 C:\Users\adi winarno\Documents\skripsi\LabustaDashCI\system\CodeIgniter.php(928): App\Controllers\ApiChat->tambahpesan()
#7 C:\Users\adi winarno\Documents\skripsi\LabustaDashCI\system\CodeIgniter.php(436): CodeIgniter\CodeIgniter->runController(Object(App\Controllers\ApiChat))
#8 C:\Users\adi winarno\Documents\skripsi\LabustaDashCI\system\CodeIgniter.php(336): CodeIgniter\CodeIgniter->handleRequest(NULL, Object(Config\Cache), false)
#9 C:\Users\adi winarno\Documents\skripsi\LabustaDashCI\public\index.php(37): CodeIgniter\CodeIgniter->run()
#10 C:\Users\adi winarno\Documents\skripsi\LabustaDashCI\system\Commands\Server\rewrite.php(45): require_once('C:\\Users\\adi wi...')
#11 {main}
CRITICAL - 2021-09-07 03:52:11 --> Could not construct ApplicationDefaultCredentials
#0 C:\Users\adi winarno\Documents\skripsi\LabustaDashCI\vendor\google\gax\src\CredentialsWrapper.php(132): Google\ApiCore\CredentialsWrapper::buildApplicationDefaultCredentials(NULL, Object(Google\Auth\HttpHandler\Guzzle7HttpHandler), NULL, NULL, NULL, Array)
#1 C:\Users\adi winarno\Documents\skripsi\LabustaDashCI\vendor\google\gax\src\GapicClientTrait.php(426): Google\ApiCore\CredentialsWrapper::build(Array)
#2 C:\Users\adi winarno\Documents\skripsi\LabustaDashCI\vendor\google\gax\src\GapicClientTrait.php(403): Google\Cloud\Dialogflow\V2\Gapic\SessionsGapicClient->createCredentialsWrapper(NULL, Array)
#3 C:\Users\adi winarno\Documents\skripsi\LabustaDashCI\vendor\google\cloud-dialogflow\src\V2\Gapic\SessionsGapicClient.php(397): Google\Cloud\Dialogflow\V2\Gapic\SessionsGapicClient->setClientOptions(Array)
#4 C:\Users\adi winarno\Documents\skripsi\LabustaDashCI\app\Controllers\ApiChat.php(64): Google\Cloud\Dialogflow\V2\Gapic\SessionsGapicClient->__construct()
#5 C:\Users\adi winarno\Documents\skripsi\LabustaDashCI\app\Controllers\ApiChat.php(42): App\Controllers\ApiChat->detectIntent('customer1', '12345')
#6 C:\Users\adi winarno\Documents\skripsi\LabustaDashCI\system\CodeIgniter.php(928): App\Controllers\ApiChat->tambahpesan()
#7 C:\Users\adi winarno\Documents\skripsi\LabustaDashCI\system\CodeIgniter.php(436): CodeIgniter\CodeIgniter->runController(Object(App\Controllers\ApiChat))
#8 C:\Users\adi winarno\Documents\skripsi\LabustaDashCI\system\CodeIgniter.php(336): CodeIgniter\CodeIgniter->handleRequest(NULL, Object(Config\Cache), false)
#9 C:\Users\adi winarno\Documents\skripsi\LabustaDashCI\public\index.php(37): CodeIgniter\CodeIgniter->run()
#10 C:\Users\adi winarno\Documents\skripsi\LabustaDashCI\system\Commands\Server\rewrite.php(45): require_once('C:\\Users\\adi wi...')
#11 {main}
CRITICAL - 2021-09-07 04:00:16 --> Could not construct ApplicationDefaultCredentials
#0 C:\Users\adi winarno\Documents\skripsi\LabustaDashCI\vendor\google\gax\src\CredentialsWrapper.php(132): Google\ApiCore\CredentialsWrapper::buildApplicationDefaultCredentials(NULL, Object(Google\Auth\HttpHandler\Guzzle7HttpHandler), NULL, NULL, NULL, Array)
#1 C:\Users\adi winarno\Documents\skripsi\LabustaDashCI\vendor\google\gax\src\GapicClientTrait.php(426): Google\ApiCore\CredentialsWrapper::build(Array)
#2 C:\Users\adi winarno\Documents\skripsi\LabustaDashCI\vendor\google\gax\src\GapicClientTrait.php(403): Google\Cloud\Dialogflow\V2\Gapic\SessionsGapicClient->createCredentialsWrapper(NULL, Array)
#3 C:\Users\adi winarno\Documents\skripsi\LabustaDashCI\vendor\google\cloud-dialogflow\src\V2\Gapic\SessionsGapicClient.php(397): Google\Cloud\Dialogflow\V2\Gapic\SessionsGapicClient->setClientOptions(Array)
#4 C:\Users\adi winarno\Documents\skripsi\LabustaDashCI\app\Controllers\ApiChat.php(64): Google\Cloud\Dialogflow\V2\Gapic\SessionsGapicClient->__construct()
#5 C:\Users\adi winarno\Documents\skripsi\LabustaDashCI\app\Controllers\ApiChat.php(42): App\Controllers\ApiChat->detectIntent('customer1', '12345')
#6 C:\Users\adi winarno\Documents\skripsi\LabustaDashCI\system\CodeIgniter.php(928): App\Controllers\ApiChat->tambahpesan()
#7 C:\Users\adi winarno\Documents\skripsi\LabustaDashCI\system\CodeIgniter.php(436): CodeIgniter\CodeIgniter->runController(Object(App\Controllers\ApiChat))
#8 C:\Users\adi winarno\Documents\skripsi\LabustaDashCI\system\CodeIgniter.php(336): CodeIgniter\CodeIgniter->handleRequest(NULL, Object(Config\Cache), false)
#9 C:\Users\adi winarno\Documents\skripsi\LabustaDashCI\public\index.php(37): CodeIgniter\CodeIgniter->run()
#10 C:\Users\adi winarno\Documents\skripsi\LabustaDashCI\system\Commands\Server\rewrite.php(45): require_once('C:\\Users\\adi wi...')
#11 {main}
CRITICAL - 2021-09-07 04:00:19 --> Could not construct ApplicationDefaultCredentials
#0 C:\Users\adi winarno\Documents\skripsi\LabustaDashCI\vendor\google\gax\src\CredentialsWrapper.php(132): Google\ApiCore\CredentialsWrapper::buildApplicationDefaultCredentials(NULL, Object(Google\Auth\HttpHandler\Guzzle7HttpHandler), NULL, NULL, NULL, Array)
#1 C:\Users\adi winarno\Documents\skripsi\LabustaDashCI\vendor\google\gax\src\GapicClientTrait.php(426): Google\ApiCore\CredentialsWrapper::build(Array)
#2 C:\Users\adi winarno\Documents\skripsi\LabustaDashCI\vendor\google\gax\src\GapicClientTrait.php(403): Google\Cloud\Dialogflow\V2\Gapic\SessionsGapicClient->createCredentialsWrapper(NULL, Array)
#3 C:\Users\adi winarno\Documents\skripsi\LabustaDashCI\vendor\google\cloud-dialogflow\src\V2\Gapic\SessionsGapicClient.php(397): Google\Cloud\Dialogflow\V2\Gapic\SessionsGapicClient->setClientOptions(Array)
#4 C:\Users\adi winarno\Documents\skripsi\LabustaDashCI\app\Controllers\ApiChat.php(64): Google\Cloud\Dialogflow\V2\Gapic\SessionsGapicClient->__construct()
#5 C:\Users\adi winarno\Documents\skripsi\LabustaDashCI\app\Controllers\ApiChat.php(42): App\Controllers\ApiChat->detectIntent('customer1', '12345')
#6 C:\Users\adi winarno\Documents\skripsi\LabustaDashCI\system\CodeIgniter.php(928): App\Controllers\ApiChat->tambahpesan()
#7 C:\Users\adi winarno\Documents\skripsi\LabustaDashCI\system\CodeIgniter.php(436): CodeIgniter\CodeIgniter->runController(Object(App\Controllers\ApiChat))
#8 C:\Users\adi winarno\Documents\skripsi\LabustaDashCI\system\CodeIgniter.php(336): CodeIgniter\CodeIgniter->handleRequest(NULL, Object(Config\Cache), false)
#9 C:\Users\adi winarno\Documents\skripsi\LabustaDashCI\public\index.php(37): CodeIgniter\CodeIgniter->run()
#10 C:\Users\adi winarno\Documents\skripsi\LabustaDashCI\system\Commands\Server\rewrite.php(45): require_once('C:\\Users\\adi wi...')
#11 {main}
CRITICAL - 2021-09-07 04:00:21 --> Could not construct ApplicationDefaultCredentials
#0 C:\Users\adi winarno\Documents\skripsi\LabustaDashCI\vendor\google\gax\src\CredentialsWrapper.php(132): Google\ApiCore\CredentialsWrapper::buildApplicationDefaultCredentials(NULL, Object(Google\Auth\HttpHandler\Guzzle7HttpHandler), NULL, NULL, NULL, Array)
#1 C:\Users\adi winarno\Documents\skripsi\LabustaDashCI\vendor\google\gax\src\GapicClientTrait.php(426): Google\ApiCore\CredentialsWrapper::build(Array)
#2 C:\Users\adi winarno\Documents\skripsi\LabustaDashCI\vendor\google\gax\src\GapicClientTrait.php(403): Google\Cloud\Dialogflow\V2\Gapic\SessionsGapicClient->createCredentialsWrapper(NULL, Array)
#3 C:\Users\adi winarno\Documents\skripsi\LabustaDashCI\vendor\google\cloud-dialogflow\src\V2\Gapic\SessionsGapicClient.php(397): Google\Cloud\Dialogflow\V2\Gapic\SessionsGapicClient->setClientOptions(Array)
#4 C:\Users\adi winarno\Documents\skripsi\LabustaDashCI\app\Controllers\ApiChat.php(64): Google\Cloud\Dialogflow\V2\Gapic\SessionsGapicClient->__construct()
#5 C:\Users\adi winarno\Documents\skripsi\LabustaDashCI\app\Controllers\ApiChat.php(42): App\Controllers\ApiChat->detectIntent('customer1', '12345')
#6 C:\Users\adi winarno\Documents\skripsi\LabustaDashCI\system\CodeIgniter.php(928): App\Controllers\ApiChat->tambahpesan()
#7 C:\Users\adi winarno\Documents\skripsi\LabustaDashCI\system\CodeIgniter.php(436): CodeIgniter\CodeIgniter->runController(Object(App\Controllers\ApiChat))
#8 C:\Users\adi winarno\Documents\skripsi\LabustaDashCI\system\CodeIgniter.php(336): CodeIgniter\CodeIgniter->handleRequest(NULL, Object(Config\Cache), false)
#9 C:\Users\adi winarno\Documents\skripsi\LabustaDashCI\public\index.php(37): CodeIgniter\CodeIgniter->run()
#10 C:\Users\adi winarno\Documents\skripsi\LabustaDashCI\system\Commands\Server\rewrite.php(45): require_once('C:\\Users\\adi wi...')
#11 {main}
CRITICAL - 2021-09-07 04:01:08 --> Could not construct ApplicationDefaultCredentials
#0 C:\Users\adi winarno\Documents\skripsi\LabustaDashCI\vendor\google\gax\src\CredentialsWrapper.php(132): Google\ApiCore\CredentialsWrapper::buildApplicationDefaultCredentials(NULL, Object(Google\Auth\HttpHandler\Guzzle7HttpHandler), NULL, NULL, NULL, Array)
#1 C:\Users\adi winarno\Documents\skripsi\LabustaDashCI\vendor\google\gax\src\GapicClientTrait.php(426): Google\ApiCore\CredentialsWrapper::build(Array)
#2 C:\Users\adi winarno\Documents\skripsi\LabustaDashCI\vendor\google\gax\src\GapicClientTrait.php(403): Google\Cloud\Dialogflow\V2\Gapic\SessionsGapicClient->createCredentialsWrapper(NULL, Array)
#3 C:\Users\adi winarno\Documents\skripsi\LabustaDashCI\vendor\google\cloud-dialogflow\src\V2\Gapic\SessionsGapicClient.php(397): Google\Cloud\Dialogflow\V2\Gapic\SessionsGapicClient->setClientOptions(Array)
#4 C:\Users\adi winarno\Documents\skripsi\LabustaDashCI\app\Controllers\ApiChat.php(64): Google\Cloud\Dialogflow\V2\Gapic\SessionsGapicClient->__construct()
#5 C:\Users\adi winarno\Documents\skripsi\LabustaDashCI\app\Controllers\ApiChat.php(42): App\Controllers\ApiChat->detectIntent('customer1', '12345')
#6 C:\Users\adi winarno\Documents\skripsi\LabustaDashCI\system\CodeIgniter.php(928): App\Controllers\ApiChat->tambahpesan()
#7 C:\Users\adi winarno\Documents\skripsi\LabustaDashCI\system\CodeIgniter.php(436): CodeIgniter\CodeIgniter->runController(Object(App\Controllers\ApiChat))
#8 C:\Users\adi winarno\Documents\skripsi\LabustaDashCI\system\CodeIgniter.php(336): CodeIgniter\CodeIgniter->handleRequest(NULL, Object(Config\Cache), false)
#9 C:\Users\adi winarno\Documents\skripsi\LabustaDashCI\public\index.php(37): CodeIgniter\CodeIgniter->run()
#10 C:\Users\adi winarno\Documents\skripsi\LabustaDashCI\system\Commands\Server\rewrite.php(45): require_once('C:\\Users\\adi wi...')
#11 {main}
CRITICAL - 2021-09-07 04:10:29 --> Could not construct ApplicationDefaultCredentials
#0 C:\Users\adi winarno\Documents\skripsi\LabustaDashCI\vendor\google\gax\src\CredentialsWrapper.php(132): Google\ApiCore\CredentialsWrapper::buildApplicationDefaultCredentials(NULL, Object(Google\Auth\HttpHandler\Guzzle7HttpHandler), NULL, NULL, NULL, Array)
#1 C:\Users\adi winarno\Documents\skripsi\LabustaDashCI\vendor\google\gax\src\GapicClientTrait.php(426): Google\ApiCore\CredentialsWrapper::build(Array)
#2 C:\Users\adi winarno\Documents\skripsi\LabustaDashCI\vendor\google\gax\src\GapicClientTrait.php(403): Google\Cloud\Dialogflow\V2\Gapic\SessionsGapicClient->createCredentialsWrapper(NULL, Array)
#3 C:\Users\adi winarno\Documents\skripsi\LabustaDashCI\vendor\google\cloud-dialogflow\src\V2\Gapic\SessionsGapicClient.php(397): Google\Cloud\Dialogflow\V2\Gapic\SessionsGapicClient->setClientOptions(Array)
#4 C:\Users\adi winarno\Documents\skripsi\LabustaDashCI\app\Controllers\ApiChat.php(60): Google\Cloud\Dialogflow\V2\Gapic\SessionsGapicClient->__construct()
#5 C:\Users\adi winarno\Documents\skripsi\LabustaDashCI\app\Controllers\ApiChat.php(38): App\Controllers\ApiChat->detectIntent('customer1', '12345')
#6 C:\Users\adi winarno\Documents\skripsi\LabustaDashCI\system\CodeIgniter.php(928): App\Controllers\ApiChat->tambahpesan()
#7 C:\Users\adi winarno\Documents\skripsi\LabustaDashCI\system\CodeIgniter.php(436): CodeIgniter\CodeIgniter->runController(Object(App\Controllers\ApiChat))
#8 C:\Users\adi winarno\Documents\skripsi\LabustaDashCI\system\CodeIgniter.php(336): CodeIgniter\CodeIgniter->handleRequest(NULL, Object(Config\Cache), false)
#9 C:\Users\adi winarno\Documents\skripsi\LabustaDashCI\public\index.php(37): CodeIgniter\CodeIgniter->run()
#10 C:\Users\adi winarno\Documents\skripsi\LabustaDashCI\system\Commands\Server\rewrite.php(45): require_once('C:\\Users\\adi wi...')
#11 {main}
CRITICAL - 2021-09-07 04:14:57 --> Class 'App\Controllers\Time' not found
#0 C:\Users\adi winarno\Documents\skripsi\LabustaDashCI\app\Controllers\ApiChat.php(87): App\Controllers\ApiChat->insertChatToDb('12345', 'customer1', 'Saya tidak meng...', 'Default Fallbac...')
#1 C:\Users\adi winarno\Documents\skripsi\LabustaDashCI\app\Controllers\ApiChat.php(38): App\Controllers\ApiChat->detectIntent('customer1', '12345')
#2 C:\Users\adi winarno\Documents\skripsi\LabustaDashCI\system\CodeIgniter.php(928): App\Controllers\ApiChat->tambahpesan()
#3 C:\Users\adi winarno\Documents\skripsi\LabustaDashCI\system\CodeIgniter.php(436): CodeIgniter\CodeIgniter->runController(Object(App\Controllers\ApiChat))
#4 C:\Users\adi winarno\Documents\skripsi\LabustaDashCI\system\CodeIgniter.php(336): CodeIgniter\CodeIgniter->handleRequest(NULL, Object(Config\Cache), false)
#5 C:\Users\adi winarno\Documents\skripsi\LabustaDashCI\public\index.php(37): CodeIgniter\CodeIgniter->run()
#6 C:\Users\adi winarno\Documents\skripsi\LabustaDashCI\system\Commands\Server\rewrite.php(45): require_once('C:\\Users\\adi wi...')
#7 {main}
ERROR - 2021-09-07 04:24:23 --> Column 'pesan_chat' cannot be null
CRITICAL - 2021-09-07 04:24:23 --> Column 'pesan_chat' cannot be null
#0 C:\Users\adi winarno\Documents\skripsi\LabustaDashCI\system\Database\MySQLi\Connection.php(329): mysqli->query('INSERT INTO `ch...')
#1 C:\Users\adi winarno\Documents\skripsi\LabustaDashCI\system\Database\BaseConnection.php(732): CodeIgniter\Database\MySQLi\Connection->execute('INSERT INTO `ch...')
#2 C:\Users\adi winarno\Documents\skripsi\LabustaDashCI\system\Database\BaseConnection.php(647): CodeIgniter\Database\BaseConnection->simpleQuery('INSERT INTO `ch...')
#3 C:\Users\adi winarno\Documents\skripsi\LabustaDashCI\system\Database\BaseBuilder.php(2277): CodeIgniter\Database\BaseConnection->query('INSERT INTO `ch...', Array, false)
#4 C:\Users\adi winarno\Documents\skripsi\LabustaDashCI\system\Model.php(259): CodeIgniter\Database\BaseBuilder->insert()
#5 C:\Users\adi winarno\Documents\skripsi\LabustaDashCI\system\BaseModel.php(774): CodeIgniter\Model->doInsert(Array)
#6 C:\Users\adi winarno\Documents\skripsi\LabustaDashCI\system\Model.php(686): CodeIgniter\BaseModel->insert(Array, false)
#7 C:\Users\adi winarno\Documents\skripsi\LabustaDashCI\system\BaseModel.php(687): CodeIgniter\Model->insert(Array, false)
#8 C:\Users\adi winarno\Documents\skripsi\LabustaDashCI\app\Controllers\ApiChat.php(99): CodeIgniter\BaseModel->save(Array)
#9 C:\Users\adi winarno\Documents\skripsi\LabustaDashCI\app\Controllers\ApiChat.php(88): App\Controllers\ApiChat->insertChatToDb(NULL, 'customer1', 'Sekali lagi?', 'Default Fallbac...')
#10 C:\Users\adi winarno\Documents\skripsi\LabustaDashCI\app\Controllers\ApiChat.php(39): App\Controllers\ApiChat->detectIntent('customer1', NULL)
#11 C:\Users\adi winarno\Documents\skripsi\LabustaDashCI\system\CodeIgniter.php(928): App\Controllers\ApiChat->tambahpesan()
#12 C:\Users\adi winarno\Documents\skripsi\LabustaDashCI\system\CodeIgniter.php(436): CodeIgniter\CodeIgniter->runController(Object(App\Controllers\ApiChat))
#13 C:\Users\adi winarno\Documents\skripsi\LabustaDashCI\system\CodeIgniter.php(336): CodeIgniter\CodeIgniter->handleRequest(NULL, Object(Config\Cache), false)
#14 C:\Users\adi winarno\Documents\skripsi\LabustaDashCI\public\index.php(37): CodeIgniter\CodeIgniter->run()
#15 C:\Users\adi winarno\Documents\skripsi\LabustaDashCI\system\Commands\Server\rewrite.php(45): require_once('C:\\Users\\adi wi...')
#16 {main}
ERROR - 2021-09-07 04:24:48 --> Column 'pesan_chat' cannot be null
CRITICAL - 2021-09-07 04:24:48 --> Column 'pesan_chat' cannot be null
#0 C:\Users\adi winarno\Documents\skripsi\LabustaDashCI\system\Database\MySQLi\Connection.php(329): mysqli->query('INSERT INTO `ch...')
#1 C:\Users\adi winarno\Documents\skripsi\LabustaDashCI\system\Database\BaseConnection.php(732): CodeIgniter\Database\MySQLi\Connection->execute('INSERT INTO `ch...')
#2 C:\Users\adi winarno\Documents\skripsi\LabustaDashCI\system\Database\BaseConnection.php(647): CodeIgniter\Database\BaseConnection->simpleQuery('INSERT INTO `ch...')
#3 C:\Users\adi winarno\Documents\skripsi\LabustaDashCI\system\Database\BaseBuilder.php(2277): CodeIgniter\Database\BaseConnection->query('INSERT INTO `ch...', Array, false)
#4 C:\Users\adi winarno\Documents\skripsi\LabustaDashCI\system\Model.php(259): CodeIgniter\Database\BaseBuilder->insert()
#5 C:\Users\adi winarno\Documents\skripsi\LabustaDashCI\system\BaseModel.php(774): CodeIgniter\Model->doInsert(Array)
#6 C:\Users\adi winarno\Documents\skripsi\LabustaDashCI\system\Model.php(686): CodeIgniter\BaseModel->insert(Array, false)
#7 C:\Users\adi winarno\Documents\skripsi\LabustaDashCI\system\BaseModel.php(687): CodeIgniter\Model->insert(Array, false)
#8 C:\Users\adi winarno\Documents\skripsi\LabustaDashCI\app\Controllers\ApiChat.php(99): CodeIgniter\BaseModel->save(Array)
#9 C:\Users\adi winarno\Documents\skripsi\LabustaDashCI\app\Controllers\ApiChat.php(88): App\Controllers\ApiChat->insertChatToDb(NULL, 'customer1', 'Maaf, saya tida...', 'Default Fallbac...')
#10 C:\Users\adi winarno\Documents\skripsi\LabustaDashCI\app\Controllers\ApiChat.php(39): App\Controllers\ApiChat->detectIntent('customer1', NULL)
#11 C:\Users\adi winarno\Documents\skripsi\LabustaDashCI\system\CodeIgniter.php(928): App\Controllers\ApiChat->tambahpesan()
#12 C:\Users\adi winarno\Documents\skripsi\LabustaDashCI\system\CodeIgniter.php(436): CodeIgniter\CodeIgniter->runController(Object(App\Controllers\ApiChat))
#13 C:\Users\adi winarno\Documents\skripsi\LabustaDashCI\system\CodeIgniter.php(336): CodeIgniter\CodeIgniter->handleRequest(NULL, Object(Config\Cache), false)
#14 C:\Users\adi winarno\Documents\skripsi\LabustaDashCI\public\index.php(37): CodeIgniter\CodeIgniter->run()
#15 C:\Users\adi winarno\Documents\skripsi\LabustaDashCI\system\Commands\Server\rewrite.php(45): require_once('C:\\Users\\adi wi...')
#16 {main}
CRITICAL - 2021-09-07 04:25:19 --> Undefined variable: text
#0 C:\Users\adi winarno\Documents\skripsi\LabustaDashCI\app\Controllers\ApiChat.php(66): CodeIgniter\Debug\Exceptions->errorHandler(8, 'Undefined varia...', 'C:\\Users\\adi wi...', 66, Array)
#1 C:\Users\adi winarno\Documents\skripsi\LabustaDashCI\app\Controllers\ApiChat.php(39): App\Controllers\ApiChat->detectIntent('customer1', NULL)
#2 C:\Users\adi winarno\Documents\skripsi\LabustaDashCI\system\CodeIgniter.php(928): App\Controllers\ApiChat->tambahpesan()
#3 C:\Users\adi winarno\Documents\skripsi\LabustaDashCI\system\CodeIgniter.php(436): CodeIgniter\CodeIgniter->runController(Object(App\Controllers\ApiChat))
#4 C:\Users\adi winarno\Documents\skripsi\LabustaDashCI\system\CodeIgniter.php(336): CodeIgniter\CodeIgniter->handleRequest(NULL, Object(Config\Cache), false)
#5 C:\Users\adi winarno\Documents\skripsi\LabustaDashCI\public\index.php(37): CodeIgniter\CodeIgniter->run()
#6 C:\Users\adi winarno\Documents\skripsi\LabustaDashCI\system\Commands\Server\rewrite.php(45): require_once('C:\\Users\\adi wi...')
#7 {main}
ERROR - 2021-09-07 04:51:59 --> Unknown column 'guru.id_kelas' in 'on clause'
CRITICAL - 2021-09-07 04:51:59 --> Unknown column 'guru.id_kelas' in 'on clause'
#0 C:\Users\adi winarno\Documents\skripsi\LabustaDashCI\system\Database\MySQLi\Connection.php(329): mysqli->query('SELECT *\nFROM `...')
#1 C:\Users\adi winarno\Documents\skripsi\LabustaDashCI\system\Database\BaseConnection.php(732): CodeIgniter\Database\MySQLi\Connection->execute('SELECT *\nFROM `...')
#2 C:\Users\adi winarno\Documents\skripsi\LabustaDashCI\system\Database\BaseConnection.php(647): CodeIgniter\Database\BaseConnection->simpleQuery('SELECT *\nFROM `...')
#3 C:\Users\adi winarno\Documents\skripsi\LabustaDashCI\system\Database\BaseBuilder.php(2049): CodeIgniter\Database\BaseConnection->query('SELECT *\nFROM `...', Array, false)
#4 C:\Users\adi winarno\Documents\skripsi\LabustaDashCI\app\Models\GuruModel.php(22): CodeIgniter\Database\BaseBuilder->getWhere(Array)
#5 C:\Users\adi winarno\Documents\skripsi\LabustaDashCI\app\Controllers\ApiGuru.php(42): App\Models\GuruModel->detail_guru('3')
#6 C:\Users\adi winarno\Documents\skripsi\LabustaDashCI\system\CodeIgniter.php(928): App\Controllers\ApiGuru->getGuru()
#7 C:\Users\adi winarno\Documents\skripsi\LabustaDashCI\system\CodeIgniter.php(436): CodeIgniter\CodeIgniter->runController(Object(App\Controllers\ApiGuru))
#8 C:\Users\adi winarno\Documents\skripsi\LabustaDashCI\system\CodeIgniter.php(336): CodeIgniter\CodeIgniter->handleRequest(NULL, Object(Config\Cache), false)
#9 C:\Users\adi winarno\Documents\skripsi\LabustaDashCI\public\index.php(37): CodeIgniter\CodeIgniter->run()
#10 C:\Users\adi winarno\Documents\skripsi\LabustaDashCI\system\Commands\Server\rewrite.php(45): require_once('C:\\Users\\adi wi...')
#11 {main}
CRITICAL - 2021-09-07 23:42:49 --> Class 'App\Controllers\ChatModel' not found
#0 C:\Users\adi winarno\Documents\skripsi\LabustaDashCI\system\CodeIgniter.php(900): App\Controllers\Home->__construct()
#1 C:\Users\adi winarno\Documents\skripsi\LabustaDashCI\system\CodeIgniter.php(426): CodeIgniter\CodeIgniter->createController()
#2 C:\Users\adi winarno\Documents\skripsi\LabustaDashCI\system\CodeIgniter.php(336): CodeIgniter\CodeIgniter->handleRequest(NULL, Object(Config\Cache), false)
#3 C:\Users\adi winarno\Documents\skripsi\LabustaDashCI\public\index.php(37): CodeIgniter\CodeIgniter->run()
#4 C:\Users\adi winarno\Documents\skripsi\LabustaDashCI\system\Commands\Server\rewrite.php(45): require_once('C:\\Users\\adi wi...')
#5 {main}
CRITICAL - 2021-09-07 23:43:28 --> Invalid argument supplied for foreach()
#0 C:\Users\adi winarno\Documents\skripsi\LabustaDashCI\app\Controllers\Home.php(128): CodeIgniter\Debug\Exceptions->errorHandler(2, 'Invalid argumen...', 'C:\\Users\\adi wi...', 128, Array)
#1 C:\Users\adi winarno\Documents\skripsi\LabustaDashCI\app\Controllers\Home.php(37): App\Controllers\Home->topintent()
#2 C:\Users\adi winarno\Documents\skripsi\LabustaDashCI\system\CodeIgniter.php(928): App\Controllers\Home->index()
#3 C:\Users\adi winarno\Documents\skripsi\LabustaDashCI\system\CodeIgniter.php(436): CodeIgniter\CodeIgniter->runController(Object(App\Controllers\Home))
#4 C:\Users\adi winarno\Documents\skripsi\LabustaDashCI\system\CodeIgniter.php(336): CodeIgniter\CodeIgniter->handleRequest(NULL, Object(Config\Cache), false)
#5 C:\Users\adi winarno\Documents\skripsi\LabustaDashCI\public\index.php(37): CodeIgniter\CodeIgniter->run()
#6 C:\Users\adi winarno\Documents\skripsi\LabustaDashCI\system\Commands\Server\rewrite.php(45): require_once('C:\\Users\\adi wi...')
#7 {main}
CRITICAL - 2021-09-07 23:45:01 --> Invalid argument supplied for foreach()
#0 C:\Users\adi winarno\Documents\skripsi\LabustaDashCI\app\Controllers\Home.php(128): CodeIgniter\Debug\Exceptions->errorHandler(2, 'Invalid argumen...', 'C:\\Users\\adi wi...', 128, Array)
#1 C:\Users\adi winarno\Documents\skripsi\LabustaDashCI\app\Controllers\Home.php(37): App\Controllers\Home->topintent()
#2 C:\Users\adi winarno\Documents\skripsi\LabustaDashCI\system\CodeIgniter.php(928): App\Controllers\Home->index()
#3 C:\Users\adi winarno\Documents\skripsi\LabustaDashCI\system\CodeIgniter.php(436): CodeIgniter\CodeIgniter->runController(Object(App\Controllers\Home))
#4 C:\Users\adi winarno\Documents\skripsi\LabustaDashCI\system\CodeIgniter.php(336): CodeIgniter\CodeIgniter->handleRequest(NULL, Object(Config\Cache), false)
#5 C:\Users\adi winarno\Documents\skripsi\LabustaDashCI\public\index.php(37): CodeIgniter\CodeIgniter->run()
#6 C:\Users\adi winarno\Documents\skripsi\LabustaDashCI\system\Commands\Server\rewrite.php(45): require_once('C:\\Users\\adi wi...')
#7 {main}
CRITICAL - 2021-09-07 23:55:46 --> Undefined variable: chartintent
#0 C:\Users\adi winarno\Documents\skripsi\LabustaDashCI\app\Views\adminLte\chart1.php(6): CodeIgniter\Debug\Exceptions->errorHandler(8, 'Undefined varia...', 'C:\\Users\\adi wi...', 6, Array)
#1 C:\Users\adi winarno\Documents\skripsi\LabustaDashCI\system\View\View.php(230): include('C:\\Users\\adi wi...')
#2 C:\Users\adi winarno\Documents\skripsi\LabustaDashCI\system\View\View.php(232): CodeIgniter\View\View->CodeIgniter\View\{closure}()
#3 C:\Users\adi winarno\Documents\skripsi\LabustaDashCI\system\View\View.php(487): CodeIgniter\View\View->render('adminLte/chart1', NULL, true)
#4 C:\Users\adi winarno\Documents\skripsi\LabustaDashCI\app\Views\adminLte\content.php(85): CodeIgniter\View\View->include('adminLte/chart1')
#5 C:\Users\adi winarno\Documents\skripsi\LabustaDashCI\system\View\View.php(230): include('C:\\Users\\adi wi...')
#6 C:\Users\adi winarno\Documents\skripsi\LabustaDashCI\system\View\View.php(232): CodeIgniter\View\View->CodeIgniter\View\{closure}()
#7 C:\Users\adi winarno\Documents\skripsi\LabustaDashCI\system\Common.php(1271): CodeIgniter\View\View->render('adminLte/conten...', Array, true)
#8 C:\Users\adi winarno\Documents\skripsi\LabustaDashCI\app\Views\adminLte\wraper.php(5): view('adminLte/conten...')
#9 C:\Users\adi winarno\Documents\skripsi\LabustaDashCI\system\View\View.php(230): include('C:\\Users\\adi wi...')
#10 C:\Users\adi winarno\Documents\skripsi\LabustaDashCI\system\View\View.php(232): CodeIgniter\View\View->CodeIgniter\View\{closure}()
#11 C:\Users\adi winarno\Documents\skripsi\LabustaDashCI\system\Common.php(1271): CodeIgniter\View\View->render('adminLte/wraper', Array, true)
#12 C:\Users\adi winarno\Documents\skripsi\LabustaDashCI\app\Controllers\Home.php(49): view('adminLte/wraper', Array)
#13 C:\Users\adi winarno\Documents\skripsi\LabustaDashCI\system\CodeIgniter.php(928): App\Controllers\Home->index()
#14 C:\Users\adi winarno\Documents\skripsi\LabustaDashCI\system\CodeIgniter.php(436): CodeIgniter\CodeIgniter->runController(Object(App\Controllers\Home))
#15 C:\Users\adi winarno\Documents\skripsi\LabustaDashCI\system\CodeIgniter.php(336): CodeIgniter\CodeIgniter->handleRequest(NULL, Object(Config\Cache), false)
#16 C:\Users\adi winarno\Documents\skripsi\LabustaDashCI\public\index.php(37): CodeIgniter\CodeIgniter->run()
#17 C:\Users\adi winarno\Documents\skripsi\LabustaDashCI\system\Commands\Server\rewrite.php(45): require_once('C:\\Users\\adi wi...')
#18 {main}
