CRITICAL - 2021-08-22 07:04:03 --> syntax error, unexpected 'return' (T_RETURN), expecting ';'
#0 /opt/lampp/htdocs/LabustaCI/system/Router/Router.php(169): CodeIgniter\Router\Router->autoRoute('ApiGuru')
#1 /opt/lampp/htdocs/LabustaCI/system/CodeIgniter.php(809): CodeIgniter\Router\Router->handle('ApiGuru')
#2 /opt/lampp/htdocs/LabustaCI/system/CodeIgniter.php(389): CodeIgniter\CodeIgniter->tryToRouteIt(Object(CodeIgniter\Router\RouteCollection))
#3 /opt/lampp/htdocs/LabustaCI/system/CodeIgniter.php(336): CodeIgniter\CodeIgniter->handleRequest(NULL, Object(Config\Cache), false)
#4 /opt/lampp/htdocs/LabustaCI/public/index.php(37): CodeIgniter\CodeIgniter->run()
#5 /opt/lampp/htdocs/LabustaCI/system/Commands/Server/rewrite.php(45): require_once('/opt/lampp/htdo...')
#6 {main}
CRITICAL - 2021-08-22 07:04:50 --> Call to undefined function App\Controllers\respond()
#0 /opt/lampp/htdocs/LabustaCI/system/CodeIgniter.php(928): App\Controllers\ApiGuru->index()
#1 /opt/lampp/htdocs/LabustaCI/system/CodeIgniter.php(436): CodeIgniter\CodeIgniter->runController(Object(App\Controllers\ApiGuru))
#2 /opt/lampp/htdocs/LabustaCI/system/CodeIgniter.php(336): CodeIgniter\CodeIgniter->handleRequest(NULL, Object(Config\Cache), false)
#3 /opt/lampp/htdocs/LabustaCI/public/index.php(37): CodeIgniter\CodeIgniter->run()
#4 /opt/lampp/htdocs/LabustaCI/system/Commands/Server/rewrite.php(45): require_once('/opt/lampp/htdo...')
#5 {main}
CRITICAL - 2021-08-22 07:18:58 --> Declaration of App\Controllers\ApiGuru::index($id) should be compatible with CodeIgniter\RESTful\ResourceController::index()
#0 /opt/lampp/htdocs/LabustaCI/app/Controllers/ApiGuru.php(8): CodeIgniter\Debug\Exceptions->errorHandler(2, 'Declaration of ...', '/opt/lampp/htdo...', 8, Array)
#1 /opt/lampp/htdocs/LabustaCI/system/Router/Router.php(566): include_once('/opt/lampp/htdo...')
#2 /opt/lampp/htdocs/LabustaCI/system/Router/Router.php(169): CodeIgniter\Router\Router->autoRoute('ApiGuru')
#3 /opt/lampp/htdocs/LabustaCI/system/CodeIgniter.php(809): CodeIgniter\Router\Router->handle('ApiGuru')
#4 /opt/lampp/htdocs/LabustaCI/system/CodeIgniter.php(389): CodeIgniter\CodeIgniter->tryToRouteIt(Object(CodeIgniter\Router\RouteCollection))
#5 /opt/lampp/htdocs/LabustaCI/system/CodeIgniter.php(336): CodeIgniter\CodeIgniter->handleRequest(NULL, Object(Config\Cache), false)
#6 /opt/lampp/htdocs/LabustaCI/public/index.php(37): CodeIgniter\CodeIgniter->run()
#7 /opt/lampp/htdocs/LabustaCI/system/Commands/Server/rewrite.php(45): require_once('/opt/lampp/htdo...')
#8 {main}
CRITICAL - 2021-08-22 07:20:21 --> syntax error, unexpected 'return' (T_RETURN)
#0 /opt/lampp/htdocs/LabustaCI/system/Router/Router.php(169): CodeIgniter\Router\Router->autoRoute('ApiGuru')
#1 /opt/lampp/htdocs/LabustaCI/system/CodeIgniter.php(809): CodeIgniter\Router\Router->handle('ApiGuru')
#2 /opt/lampp/htdocs/LabustaCI/system/CodeIgniter.php(389): CodeIgniter\CodeIgniter->tryToRouteIt(Object(CodeIgniter\Router\RouteCollection))
#3 /opt/lampp/htdocs/LabustaCI/system/CodeIgniter.php(336): CodeIgniter\CodeIgniter->handleRequest(NULL, Object(Config\Cache), false)
#4 /opt/lampp/htdocs/LabustaCI/public/index.php(37): CodeIgniter\CodeIgniter->run()
#5 /opt/lampp/htdocs/LabustaCI/system/Commands/Server/rewrite.php(45): require_once('/opt/lampp/htdo...')
#6 {main}
CRITICAL - 2021-08-22 07:20:29 --> Object of class App\Controllers\ApiGuru could not be converted to string
#0 /opt/lampp/htdocs/LabustaCI/app/Controllers/ApiGuru.php(19): CodeIgniter\Debug\Exceptions->errorHandler(4096, 'Object of class...', '/opt/lampp/htdo...', 19, Array)
#1 /opt/lampp/htdocs/LabustaCI/system/CodeIgniter.php(928): App\Controllers\ApiGuru->index()
#2 /opt/lampp/htdocs/LabustaCI/system/CodeIgniter.php(436): CodeIgniter\CodeIgniter->runController(Object(App\Controllers\ApiGuru))
#3 /opt/lampp/htdocs/LabustaCI/system/CodeIgniter.php(336): CodeIgniter\CodeIgniter->handleRequest(NULL, Object(Config\Cache), false)
#4 /opt/lampp/htdocs/LabustaCI/public/index.php(37): CodeIgniter\CodeIgniter->run()
#5 /opt/lampp/htdocs/LabustaCI/system/Commands/Server/rewrite.php(45): require_once('/opt/lampp/htdo...')
#6 {main}
CRITICAL - 2021-08-22 07:20:59 --> Object of class App\Controllers\ApiGuru could not be converted to string
#0 /opt/lampp/htdocs/LabustaCI/app/Controllers/ApiGuru.php(19): CodeIgniter\Debug\Exceptions->errorHandler(4096, 'Object of class...', '/opt/lampp/htdo...', 19, Array)
#1 /opt/lampp/htdocs/LabustaCI/system/CodeIgniter.php(928): App\Controllers\ApiGuru->index()
#2 /opt/lampp/htdocs/LabustaCI/system/CodeIgniter.php(436): CodeIgniter\CodeIgniter->runController(Object(App\Controllers\ApiGuru))
#3 /opt/lampp/htdocs/LabustaCI/system/CodeIgniter.php(336): CodeIgniter\CodeIgniter->handleRequest(NULL, Object(Config\Cache), false)
#4 /opt/lampp/htdocs/LabustaCI/public/index.php(37): CodeIgniter\CodeIgniter->run()
#5 /opt/lampp/htdocs/LabustaCI/system/Commands/Server/rewrite.php(45): require_once('/opt/lampp/htdo...')
#6 {main}
CRITICAL - 2021-08-22 07:21:33 --> Call to a member function getWhere() on array
#0 /opt/lampp/htdocs/LabustaCI/system/CodeIgniter.php(928): App\Controllers\ApiGuru->index()
#1 /opt/lampp/htdocs/LabustaCI/system/CodeIgniter.php(436): CodeIgniter\CodeIgniter->runController(Object(App\Controllers\ApiGuru))
#2 /opt/lampp/htdocs/LabustaCI/system/CodeIgniter.php(336): CodeIgniter\CodeIgniter->handleRequest(NULL, Object(Config\Cache), false)
#3 /opt/lampp/htdocs/LabustaCI/public/index.php(37): CodeIgniter\CodeIgniter->run()
#4 /opt/lampp/htdocs/LabustaCI/system/Commands/Server/rewrite.php(45): require_once('/opt/lampp/htdo...')
#5 {main}
CRITICAL - 2021-08-22 07:21:43 --> Call to a member function Where() on array
#0 /opt/lampp/htdocs/LabustaCI/system/CodeIgniter.php(928): App\Controllers\ApiGuru->index()
#1 /opt/lampp/htdocs/LabustaCI/system/CodeIgniter.php(436): CodeIgniter\CodeIgniter->runController(Object(App\Controllers\ApiGuru))
#2 /opt/lampp/htdocs/LabustaCI/system/CodeIgniter.php(336): CodeIgniter\CodeIgniter->handleRequest(NULL, Object(Config\Cache), false)
#3 /opt/lampp/htdocs/LabustaCI/public/index.php(37): CodeIgniter\CodeIgniter->run()
#4 /opt/lampp/htdocs/LabustaCI/system/Commands/Server/rewrite.php(45): require_once('/opt/lampp/htdo...')
#5 {main}
CRITICAL - 2021-08-22 07:45:31 --> syntax error, unexpected '}', expecting ';'
#0 /opt/lampp/htdocs/LabustaCI/system/Router/Router.php(169): CodeIgniter\Router\Router->autoRoute('ApiGuru')
#1 /opt/lampp/htdocs/LabustaCI/system/CodeIgniter.php(809): CodeIgniter\Router\Router->handle('ApiGuru')
#2 /opt/lampp/htdocs/LabustaCI/system/CodeIgniter.php(389): CodeIgniter\CodeIgniter->tryToRouteIt(Object(CodeIgniter\Router\RouteCollection))
#3 /opt/lampp/htdocs/LabustaCI/system/CodeIgniter.php(336): CodeIgniter\CodeIgniter->handleRequest(NULL, Object(Config\Cache), false)
#4 /opt/lampp/htdocs/LabustaCI/public/index.php(37): CodeIgniter\CodeIgniter->run()
#5 /opt/lampp/htdocs/LabustaCI/system/Commands/Server/rewrite.php(45): require_once('/opt/lampp/htdo...')
#6 {main}
CRITICAL - 2021-08-22 07:47:30 --> Call to undefined method App\Controllers\ApiGuru::Where()
#0 /opt/lampp/htdocs/LabustaCI/system/CodeIgniter.php(928): App\Controllers\ApiGuru->index()
#1 /opt/lampp/htdocs/LabustaCI/system/CodeIgniter.php(436): CodeIgniter\CodeIgniter->runController(Object(App\Controllers\ApiGuru))
#2 /opt/lampp/htdocs/LabustaCI/system/CodeIgniter.php(336): CodeIgniter\CodeIgniter->handleRequest(NULL, Object(Config\Cache), false)
#3 /opt/lampp/htdocs/LabustaCI/public/index.php(37): CodeIgniter\CodeIgniter->run()
#4 /opt/lampp/htdocs/LabustaCI/system/Commands/Server/rewrite.php(45): require_once('/opt/lampp/htdo...')
#5 {main}
CRITICAL - 2021-08-22 07:51:08 --> Call to undefined method App\Models\GuruModel::getRowArray
#0 /opt/lampp/htdocs/LabustaCI/app/Controllers/ApiGuru.php(21): CodeIgniter\Model->__call('getRowArray', Array)
#1 /opt/lampp/htdocs/LabustaCI/system/CodeIgniter.php(928): App\Controllers\ApiGuru->index()
#2 /opt/lampp/htdocs/LabustaCI/system/CodeIgniter.php(436): CodeIgniter\CodeIgniter->runController(Object(App\Controllers\ApiGuru))
#3 /opt/lampp/htdocs/LabustaCI/system/CodeIgniter.php(336): CodeIgniter\CodeIgniter->handleRequest(NULL, Object(Config\Cache), false)
#4 /opt/lampp/htdocs/LabustaCI/public/index.php(37): CodeIgniter\CodeIgniter->run()
#5 /opt/lampp/htdocs/LabustaCI/system/Commands/Server/rewrite.php(45): require_once('/opt/lampp/htdo...')
#6 {main}
CRITICAL - 2021-08-22 07:51:23 --> Call to undefined method App\Models\GuruModel::getRows
#0 /opt/lampp/htdocs/LabustaCI/app/Controllers/ApiGuru.php(21): CodeIgniter\Model->__call('getRows', Array)
#1 /opt/lampp/htdocs/LabustaCI/system/CodeIgniter.php(928): App\Controllers\ApiGuru->index()
#2 /opt/lampp/htdocs/LabustaCI/system/CodeIgniter.php(436): CodeIgniter\CodeIgniter->runController(Object(App\Controllers\ApiGuru))
#3 /opt/lampp/htdocs/LabustaCI/system/CodeIgniter.php(336): CodeIgniter\CodeIgniter->handleRequest(NULL, Object(Config\Cache), false)
#4 /opt/lampp/htdocs/LabustaCI/public/index.php(37): CodeIgniter\CodeIgniter->run()
#5 /opt/lampp/htdocs/LabustaCI/system/Commands/Server/rewrite.php(45): require_once('/opt/lampp/htdo...')
#6 {main}
CRITICAL - 2021-08-22 07:51:28 --> Call to undefined method App\Models\GuruModel::getRow
#0 /opt/lampp/htdocs/LabustaCI/app/Controllers/ApiGuru.php(21): CodeIgniter\Model->__call('getRow', Array)
#1 /opt/lampp/htdocs/LabustaCI/system/CodeIgniter.php(928): App\Controllers\ApiGuru->index()
#2 /opt/lampp/htdocs/LabustaCI/system/CodeIgniter.php(436): CodeIgniter\CodeIgniter->runController(Object(App\Controllers\ApiGuru))
#3 /opt/lampp/htdocs/LabustaCI/system/CodeIgniter.php(336): CodeIgniter\CodeIgniter->handleRequest(NULL, Object(Config\Cache), false)
#4 /opt/lampp/htdocs/LabustaCI/public/index.php(37): CodeIgniter\CodeIgniter->run()
#5 /opt/lampp/htdocs/LabustaCI/system/Commands/Server/rewrite.php(45): require_once('/opt/lampp/htdo...')
#6 {main}
CRITICAL - 2021-08-22 07:56:04 --> Call to undefined method App\Models\GuruModel::getRowArray
#0 /opt/lampp/htdocs/LabustaCI/app/Models/GuruModel.php(20): CodeIgniter\Model->__call('getRowArray', Array)
#1 /opt/lampp/htdocs/LabustaCI/app/Controllers/ApiGuru.php(19): App\Models\GuruModel->getIdGuru()
#2 /opt/lampp/htdocs/LabustaCI/system/CodeIgniter.php(928): App\Controllers\ApiGuru->index()
#3 /opt/lampp/htdocs/LabustaCI/system/CodeIgniter.php(436): CodeIgniter\CodeIgniter->runController(Object(App\Controllers\ApiGuru))
#4 /opt/lampp/htdocs/LabustaCI/system/CodeIgniter.php(336): CodeIgniter\CodeIgniter->handleRequest(NULL, Object(Config\Cache), false)
#5 /opt/lampp/htdocs/LabustaCI/public/index.php(37): CodeIgniter\CodeIgniter->run()
#6 /opt/lampp/htdocs/LabustaCI/system/Commands/Server/rewrite.php(45): require_once('/opt/lampp/htdo...')
#7 {main}
CRITICAL - 2021-08-22 07:59:26 --> Call to undefined method App\Models\GuruModel::getRowArray
#0 /opt/lampp/htdocs/LabustaCI/app/Models/GuruModel.php(20): CodeIgniter\Model->__call('getRowArray', Array)
#1 /opt/lampp/htdocs/LabustaCI/app/Controllers/ApiGuru.php(19): App\Models\GuruModel->getIdGuru()
#2 /opt/lampp/htdocs/LabustaCI/system/CodeIgniter.php(928): App\Controllers\ApiGuru->index()
#3 /opt/lampp/htdocs/LabustaCI/system/CodeIgniter.php(436): CodeIgniter\CodeIgniter->runController(Object(App\Controllers\ApiGuru))
#4 /opt/lampp/htdocs/LabustaCI/system/CodeIgniter.php(336): CodeIgniter\CodeIgniter->handleRequest(NULL, Object(Config\Cache), false)
#5 /opt/lampp/htdocs/LabustaCI/public/index.php(37): CodeIgniter\CodeIgniter->run()
#6 /opt/lampp/htdocs/LabustaCI/system/Commands/Server/rewrite.php(45): require_once('/opt/lampp/htdo...')
#7 {main}
CRITICAL - 2021-08-22 08:00:03 --> Undefined variable: data
#0 /opt/lampp/htdocs/LabustaCI/app/Controllers/ApiGuru.php(20): CodeIgniter\Debug\Exceptions->errorHandler(8, 'Undefined varia...', '/opt/lampp/htdo...', 20, Array)
#1 /opt/lampp/htdocs/LabustaCI/system/CodeIgniter.php(928): App\Controllers\ApiGuru->index()
#2 /opt/lampp/htdocs/LabustaCI/system/CodeIgniter.php(436): CodeIgniter\CodeIgniter->runController(Object(App\Controllers\ApiGuru))
#3 /opt/lampp/htdocs/LabustaCI/system/CodeIgniter.php(336): CodeIgniter\CodeIgniter->handleRequest(NULL, Object(Config\Cache), false)
#4 /opt/lampp/htdocs/LabustaCI/public/index.php(37): CodeIgniter\CodeIgniter->run()
#5 /opt/lampp/htdocs/LabustaCI/system/Commands/Server/rewrite.php(45): require_once('/opt/lampp/htdo...')
#6 {main}
CRITICAL - 2021-08-22 08:01:20 --> Undefined variable: data
#0 /opt/lampp/htdocs/LabustaCI/app/Controllers/ApiGuru.php(21): CodeIgniter\Debug\Exceptions->errorHandler(8, 'Undefined varia...', '/opt/lampp/htdo...', 21, Array)
#1 /opt/lampp/htdocs/LabustaCI/system/CodeIgniter.php(928): App\Controllers\ApiGuru->index()
#2 /opt/lampp/htdocs/LabustaCI/system/CodeIgniter.php(436): CodeIgniter\CodeIgniter->runController(Object(App\Controllers\ApiGuru))
#3 /opt/lampp/htdocs/LabustaCI/system/CodeIgniter.php(336): CodeIgniter\CodeIgniter->handleRequest(NULL, Object(Config\Cache), false)
#4 /opt/lampp/htdocs/LabustaCI/public/index.php(37): CodeIgniter\CodeIgniter->run()
#5 /opt/lampp/htdocs/LabustaCI/system/Commands/Server/rewrite.php(45): require_once('/opt/lampp/htdo...')
#6 {main}
CRITICAL - 2021-08-22 08:01:54 --> Call to a member function Where() on array
#0 /opt/lampp/htdocs/LabustaCI/system/CodeIgniter.php(928): App\Controllers\ApiGuru->index()
#1 /opt/lampp/htdocs/LabustaCI/system/CodeIgniter.php(436): CodeIgniter\CodeIgniter->runController(Object(App\Controllers\ApiGuru))
#2 /opt/lampp/htdocs/LabustaCI/system/CodeIgniter.php(336): CodeIgniter\CodeIgniter->handleRequest(NULL, Object(Config\Cache), false)
#3 /opt/lampp/htdocs/LabustaCI/public/index.php(37): CodeIgniter\CodeIgniter->run()
#4 /opt/lampp/htdocs/LabustaCI/system/Commands/Server/rewrite.php(45): require_once('/opt/lampp/htdo...')
#5 {main}
CRITICAL - 2021-08-22 08:06:17 --> syntax error, unexpected '=>' (T_DOUBLE_ARROW)
#0 /opt/lampp/htdocs/LabustaCI/system/Router/Router.php(169): CodeIgniter\Router\Router->autoRoute('ApiGuru')
#1 /opt/lampp/htdocs/LabustaCI/system/CodeIgniter.php(809): CodeIgniter\Router\Router->handle('ApiGuru')
#2 /opt/lampp/htdocs/LabustaCI/system/CodeIgniter.php(389): CodeIgniter\CodeIgniter->tryToRouteIt(Object(CodeIgniter\Router\RouteCollection))
#3 /opt/lampp/htdocs/LabustaCI/system/CodeIgniter.php(336): CodeIgniter\CodeIgniter->handleRequest(NULL, Object(Config\Cache), false)
#4 /opt/lampp/htdocs/LabustaCI/public/index.php(37): CodeIgniter\CodeIgniter->run()
#5 /opt/lampp/htdocs/LabustaCI/system/Commands/Server/rewrite.php(45): require_once('/opt/lampp/htdo...')
#6 {main}
CRITICAL - 2021-08-22 08:06:36 --> syntax error, unexpected '=>' (T_DOUBLE_ARROW)
#0 /opt/lampp/htdocs/LabustaCI/system/Router/Router.php(169): CodeIgniter\Router\Router->autoRoute('ApiGuru')
#1 /opt/lampp/htdocs/LabustaCI/system/CodeIgniter.php(809): CodeIgniter\Router\Router->handle('ApiGuru')
#2 /opt/lampp/htdocs/LabustaCI/system/CodeIgniter.php(389): CodeIgniter\CodeIgniter->tryToRouteIt(Object(CodeIgniter\Router\RouteCollection))
#3 /opt/lampp/htdocs/LabustaCI/system/CodeIgniter.php(336): CodeIgniter\CodeIgniter->handleRequest(NULL, Object(Config\Cache), false)
#4 /opt/lampp/htdocs/LabustaCI/public/index.php(37): CodeIgniter\CodeIgniter->run()
#5 /opt/lampp/htdocs/LabustaCI/system/Commands/Server/rewrite.php(45): require_once('/opt/lampp/htdo...')
#6 {main}
CRITICAL - 2021-08-22 08:07:12 --> syntax error, unexpected '=>' (T_DOUBLE_ARROW)
#0 /opt/lampp/htdocs/LabustaCI/system/Router/Router.php(169): CodeIgniter\Router\Router->autoRoute('ApiGuru')
#1 /opt/lampp/htdocs/LabustaCI/system/CodeIgniter.php(809): CodeIgniter\Router\Router->handle('ApiGuru')
#2 /opt/lampp/htdocs/LabustaCI/system/CodeIgniter.php(389): CodeIgniter\CodeIgniter->tryToRouteIt(Object(CodeIgniter\Router\RouteCollection))
#3 /opt/lampp/htdocs/LabustaCI/system/CodeIgniter.php(336): CodeIgniter\CodeIgniter->handleRequest(NULL, Object(Config\Cache), false)
#4 /opt/lampp/htdocs/LabustaCI/public/index.php(37): CodeIgniter\CodeIgniter->run()
#5 /opt/lampp/htdocs/LabustaCI/system/Commands/Server/rewrite.php(45): require_once('/opt/lampp/htdo...')
#6 {main}
CRITICAL - 2021-08-22 08:08:13 --> syntax error, unexpected 'as' (T_AS)
#0 /opt/lampp/htdocs/LabustaCI/system/Router/Router.php(169): CodeIgniter\Router\Router->autoRoute('ApiGuru')
#1 /opt/lampp/htdocs/LabustaCI/system/CodeIgniter.php(809): CodeIgniter\Router\Router->handle('ApiGuru')
#2 /opt/lampp/htdocs/LabustaCI/system/CodeIgniter.php(389): CodeIgniter\CodeIgniter->tryToRouteIt(Object(CodeIgniter\Router\RouteCollection))
#3 /opt/lampp/htdocs/LabustaCI/system/CodeIgniter.php(336): CodeIgniter\CodeIgniter->handleRequest(NULL, Object(Config\Cache), false)
#4 /opt/lampp/htdocs/LabustaCI/public/index.php(37): CodeIgniter\CodeIgniter->run()
#5 /opt/lampp/htdocs/LabustaCI/system/Commands/Server/rewrite.php(45): require_once('/opt/lampp/htdo...')
#6 {main}
CRITICAL - 2021-08-22 08:08:32 --> syntax error, unexpected '=>' (T_DOUBLE_ARROW)
#0 /opt/lampp/htdocs/LabustaCI/system/Router/Router.php(169): CodeIgniter\Router\Router->autoRoute('ApiGuru')
#1 /opt/lampp/htdocs/LabustaCI/system/CodeIgniter.php(809): CodeIgniter\Router\Router->handle('ApiGuru')
#2 /opt/lampp/htdocs/LabustaCI/system/CodeIgniter.php(389): CodeIgniter\CodeIgniter->tryToRouteIt(Object(CodeIgniter\Router\RouteCollection))
#3 /opt/lampp/htdocs/LabustaCI/system/CodeIgniter.php(336): CodeIgniter\CodeIgniter->handleRequest(NULL, Object(Config\Cache), false)
#4 /opt/lampp/htdocs/LabustaCI/public/index.php(37): CodeIgniter\CodeIgniter->run()
#5 /opt/lampp/htdocs/LabustaCI/system/Commands/Server/rewrite.php(45): require_once('/opt/lampp/htdo...')
#6 {main}
CRITICAL - 2021-08-22 21:13:12 --> syntax error, unexpected '=>' (T_DOUBLE_ARROW), expecting ']'
#0 /opt/lampp/htdocs/LabustaCI/system/Router/Router.php(169): CodeIgniter\Router\Router->autoRoute('ApiGuru')
#1 /opt/lampp/htdocs/LabustaCI/system/CodeIgniter.php(809): CodeIgniter\Router\Router->handle('ApiGuru')
#2 /opt/lampp/htdocs/LabustaCI/system/CodeIgniter.php(389): CodeIgniter\CodeIgniter->tryToRouteIt(Object(CodeIgniter\Router\RouteCollection))
#3 /opt/lampp/htdocs/LabustaCI/system/CodeIgniter.php(336): CodeIgniter\CodeIgniter->handleRequest(NULL, Object(Config\Cache), false)
#4 /opt/lampp/htdocs/LabustaCI/public/index.php(37): CodeIgniter\CodeIgniter->run()
#5 /opt/lampp/htdocs/LabustaCI/system/Commands/Server/rewrite.php(45): require_once('/opt/lampp/htdo...')
#6 {main}
CRITICAL - 2021-08-22 21:14:24 --> Undefined property: App\Controllers\ApiGuru::$input
#0 /opt/lampp/htdocs/LabustaCI/app/Controllers/ApiGuru.php(24): CodeIgniter\Debug\Exceptions->errorHandler(8, 'Undefined prope...', '/opt/lampp/htdo...', 24, Array)
#1 /opt/lampp/htdocs/LabustaCI/system/CodeIgniter.php(928): App\Controllers\ApiGuru->getguru3()
#2 /opt/lampp/htdocs/LabustaCI/system/CodeIgniter.php(436): CodeIgniter\CodeIgniter->runController(Object(App\Controllers\ApiGuru))
#3 /opt/lampp/htdocs/LabustaCI/system/CodeIgniter.php(336): CodeIgniter\CodeIgniter->handleRequest(NULL, Object(Config\Cache), false)
#4 /opt/lampp/htdocs/LabustaCI/public/index.php(37): CodeIgniter\CodeIgniter->run()
#5 /opt/lampp/htdocs/LabustaCI/system/Commands/Server/rewrite.php(45): require_once('/opt/lampp/htdo...')
#6 {main}
CRITICAL - 2021-08-22 21:14:41 --> Call to undefined method App\Controllers\ApiGuru::get()
#0 /opt/lampp/htdocs/LabustaCI/system/CodeIgniter.php(928): App\Controllers\ApiGuru->getguru3()
#1 /opt/lampp/htdocs/LabustaCI/system/CodeIgniter.php(436): CodeIgniter\CodeIgniter->runController(Object(App\Controllers\ApiGuru))
#2 /opt/lampp/htdocs/LabustaCI/system/CodeIgniter.php(336): CodeIgniter\CodeIgniter->handleRequest(NULL, Object(Config\Cache), false)
#3 /opt/lampp/htdocs/LabustaCI/public/index.php(37): CodeIgniter\CodeIgniter->run()
#4 /opt/lampp/htdocs/LabustaCI/system/Commands/Server/rewrite.php(45): require_once('/opt/lampp/htdo...')
#5 {main}
CRITICAL - 2021-08-22 21:17:43 --> Trying to get property 'true' of non-object
#0 /opt/lampp/htdocs/LabustaCI/app/Controllers/ApiGuru.php(18): CodeIgniter\Debug\Exceptions->errorHandler(8, 'Trying to get p...', '/opt/lampp/htdo...', 18, Array)
#1 /opt/lampp/htdocs/LabustaCI/system/CodeIgniter.php(928): App\Controllers\ApiGuru->index()
#2 /opt/lampp/htdocs/LabustaCI/system/CodeIgniter.php(436): CodeIgniter\CodeIgniter->runController(Object(App\Controllers\ApiGuru))
#3 /opt/lampp/htdocs/LabustaCI/system/CodeIgniter.php(336): CodeIgniter\CodeIgniter->handleRequest(NULL, Object(Config\Cache), false)
#4 /opt/lampp/htdocs/LabustaCI/public/index.php(37): CodeIgniter\CodeIgniter->run()
#5 /opt/lampp/htdocs/LabustaCI/system/Commands/Server/rewrite.php(45): require_once('/opt/lampp/htdo...')
#6 {main}
CRITICAL - 2021-08-22 21:29:13 --> Object of class App\Models\GuruModel could not be converted to int
#0 /opt/lampp/htdocs/LabustaCI/app/Controllers/ApiGuru.php(19): CodeIgniter\Debug\Exceptions->errorHandler(8, 'Object of class...', '/opt/lampp/htdo...', 19, Array)
#1 /opt/lampp/htdocs/LabustaCI/system/CodeIgniter.php(928): App\Controllers\ApiGuru->index()
#2 /opt/lampp/htdocs/LabustaCI/system/CodeIgniter.php(436): CodeIgniter\CodeIgniter->runController(Object(App\Controllers\ApiGuru))
#3 /opt/lampp/htdocs/LabustaCI/system/CodeIgniter.php(336): CodeIgniter\CodeIgniter->handleRequest(NULL, Object(Config\Cache), false)
#4 /opt/lampp/htdocs/LabustaCI/public/index.php(37): CodeIgniter\CodeIgniter->run()
#5 /opt/lampp/htdocs/LabustaCI/system/Commands/Server/rewrite.php(45): require_once('/opt/lampp/htdo...')
#6 {main}
CRITICAL - 2021-08-22 21:30:09 --> Undefined property: App\Controllers\ApiGuru::$db
#0 /opt/lampp/htdocs/LabustaCI/app/Controllers/ApiGuru.php(18): CodeIgniter\Debug\Exceptions->errorHandler(8, 'Undefined prope...', '/opt/lampp/htdo...', 18, Array)
#1 /opt/lampp/htdocs/LabustaCI/system/CodeIgniter.php(928): App\Controllers\ApiGuru->index()
#2 /opt/lampp/htdocs/LabustaCI/system/CodeIgniter.php(436): CodeIgniter\CodeIgniter->runController(Object(App\Controllers\ApiGuru))
#3 /opt/lampp/htdocs/LabustaCI/system/CodeIgniter.php(336): CodeIgniter\CodeIgniter->handleRequest(NULL, Object(Config\Cache), false)
#4 /opt/lampp/htdocs/LabustaCI/public/index.php(37): CodeIgniter\CodeIgniter->run()
#5 /opt/lampp/htdocs/LabustaCI/system/Commands/Server/rewrite.php(45): require_once('/opt/lampp/htdo...')
#6 {main}
CRITICAL - 2021-08-22 21:30:20 --> Undefined property: App\Controllers\ApiGuru::$db
#0 /opt/lampp/htdocs/LabustaCI/app/Controllers/ApiGuru.php(19): CodeIgniter\Debug\Exceptions->errorHandler(8, 'Undefined prope...', '/opt/lampp/htdo...', 19, Array)
#1 /opt/lampp/htdocs/LabustaCI/system/CodeIgniter.php(928): App\Controllers\ApiGuru->index()
#2 /opt/lampp/htdocs/LabustaCI/system/CodeIgniter.php(436): CodeIgniter\CodeIgniter->runController(Object(App\Controllers\ApiGuru))
#3 /opt/lampp/htdocs/LabustaCI/system/CodeIgniter.php(336): CodeIgniter\CodeIgniter->handleRequest(NULL, Object(Config\Cache), false)
#4 /opt/lampp/htdocs/LabustaCI/public/index.php(37): CodeIgniter\CodeIgniter->run()
#5 /opt/lampp/htdocs/LabustaCI/system/Commands/Server/rewrite.php(45): require_once('/opt/lampp/htdo...')
#6 {main}
CRITICAL - 2021-08-22 21:31:14 --> Call to undefined method App\Controllers\Guru::all()
#0 /opt/lampp/htdocs/LabustaCI/system/CodeIgniter.php(928): App\Controllers\ApiGuru->index()
#1 /opt/lampp/htdocs/LabustaCI/system/CodeIgniter.php(436): CodeIgniter\CodeIgniter->runController(Object(App\Controllers\ApiGuru))
#2 /opt/lampp/htdocs/LabustaCI/system/CodeIgniter.php(336): CodeIgniter\CodeIgniter->handleRequest(NULL, Object(Config\Cache), false)
#3 /opt/lampp/htdocs/LabustaCI/public/index.php(37): CodeIgniter\CodeIgniter->run()
#4 /opt/lampp/htdocs/LabustaCI/system/Commands/Server/rewrite.php(45): require_once('/opt/lampp/htdo...')
#5 {main}
CRITICAL - 2021-08-22 21:31:35 --> Call to undefined method CodeIgniter\Database\MySQLi\Result::num_rows()
#0 /opt/lampp/htdocs/LabustaCI/system/CodeIgniter.php(928): App\Controllers\ApiGuru->index()
#1 /opt/lampp/htdocs/LabustaCI/system/CodeIgniter.php(436): CodeIgniter\CodeIgniter->runController(Object(App\Controllers\ApiGuru))
#2 /opt/lampp/htdocs/LabustaCI/system/CodeIgniter.php(336): CodeIgniter\CodeIgniter->handleRequest(NULL, Object(Config\Cache), false)
#3 /opt/lampp/htdocs/LabustaCI/public/index.php(37): CodeIgniter\CodeIgniter->run()
#4 /opt/lampp/htdocs/LabustaCI/system/Commands/Server/rewrite.php(45): require_once('/opt/lampp/htdo...')
#5 {main}
CRITICAL - 2021-08-22 21:31:49 --> Call to undefined method CodeIgniter\Database\MySQLi\Result::row()
#0 /opt/lampp/htdocs/LabustaCI/system/CodeIgniter.php(928): App\Controllers\ApiGuru->index()
#1 /opt/lampp/htdocs/LabustaCI/system/CodeIgniter.php(436): CodeIgniter\CodeIgniter->runController(Object(App\Controllers\ApiGuru))
#2 /opt/lampp/htdocs/LabustaCI/system/CodeIgniter.php(336): CodeIgniter\CodeIgniter->handleRequest(NULL, Object(Config\Cache), false)
#3 /opt/lampp/htdocs/LabustaCI/public/index.php(37): CodeIgniter\CodeIgniter->run()
#4 /opt/lampp/htdocs/LabustaCI/system/Commands/Server/rewrite.php(45): require_once('/opt/lampp/htdo...')
#5 {main}
CRITICAL - 2021-08-22 21:31:56 --> Object of class CodeIgniter\Database\MySQLi\Result could not be converted to int
#0 /opt/lampp/htdocs/LabustaCI/app/Controllers/ApiGuru.php(22): CodeIgniter\Debug\Exceptions->errorHandler(8, 'Object of class...', '/opt/lampp/htdo...', 22, Array)
#1 /opt/lampp/htdocs/LabustaCI/system/CodeIgniter.php(928): App\Controllers\ApiGuru->index()
#2 /opt/lampp/htdocs/LabustaCI/system/CodeIgniter.php(436): CodeIgniter\CodeIgniter->runController(Object(App\Controllers\ApiGuru))
#3 /opt/lampp/htdocs/LabustaCI/system/CodeIgniter.php(336): CodeIgniter\CodeIgniter->handleRequest(NULL, Object(Config\Cache), false)
#4 /opt/lampp/htdocs/LabustaCI/public/index.php(37): CodeIgniter\CodeIgniter->run()
#5 /opt/lampp/htdocs/LabustaCI/system/Commands/Server/rewrite.php(45): require_once('/opt/lampp/htdo...')
#6 {main}
CRITICAL - 2021-08-22 21:42:20 --> Argument 1 passed to CodeIgniter\Database\BaseBuilder::get() must be of the type int or null, string given, called in /opt/lampp/htdocs/LabustaCI/system/Model.php on line 800
#0 /opt/lampp/htdocs/LabustaCI/system/Model.php(800): CodeIgniter\Database\BaseBuilder->get('id_guru')
#1 /opt/lampp/htdocs/LabustaCI/app/Controllers/ApiGuru.php(19): CodeIgniter\Model->__call('get', Array)
#2 /opt/lampp/htdocs/LabustaCI/system/CodeIgniter.php(928): App\Controllers\ApiGuru->index()
#3 /opt/lampp/htdocs/LabustaCI/system/CodeIgniter.php(436): CodeIgniter\CodeIgniter->runController(Object(App\Controllers\ApiGuru))
#4 /opt/lampp/htdocs/LabustaCI/system/CodeIgniter.php(336): CodeIgniter\CodeIgniter->handleRequest(NULL, Object(Config\Cache), false)
#5 /opt/lampp/htdocs/LabustaCI/public/index.php(37): CodeIgniter\CodeIgniter->run()
#6 /opt/lampp/htdocs/LabustaCI/system/Commands/Server/rewrite.php(45): require_once('/opt/lampp/htdo...')
#7 {main}
CRITICAL - 2021-08-22 21:43:38 --> Argument 1 passed to CodeIgniter\Database\BaseBuilder::get() must be of the type int or null, string given, called in /opt/lampp/htdocs/LabustaCI/system/Model.php on line 800
#0 /opt/lampp/htdocs/LabustaCI/system/Model.php(800): CodeIgniter\Database\BaseBuilder->get('id_guru')
#1 /opt/lampp/htdocs/LabustaCI/app/Controllers/ApiGuru.php(19): CodeIgniter\Model->__call('get', Array)
#2 /opt/lampp/htdocs/LabustaCI/system/CodeIgniter.php(928): App\Controllers\ApiGuru->index()
#3 /opt/lampp/htdocs/LabustaCI/system/CodeIgniter.php(436): CodeIgniter\CodeIgniter->runController(Object(App\Controllers\ApiGuru))
#4 /opt/lampp/htdocs/LabustaCI/system/CodeIgniter.php(336): CodeIgniter\CodeIgniter->handleRequest(NULL, Object(Config\Cache), false)
#5 /opt/lampp/htdocs/LabustaCI/public/index.php(37): CodeIgniter\CodeIgniter->run()
#6 /opt/lampp/htdocs/LabustaCI/system/Commands/Server/rewrite.php(45): require_once('/opt/lampp/htdo...')
#7 {main}
CRITICAL - 2021-08-22 21:44:54 --> Call to a member function get() on null
#0 /opt/lampp/htdocs/LabustaCI/system/CodeIgniter.php(928): App\Controllers\ApiGuru->index()
#1 /opt/lampp/htdocs/LabustaCI/system/CodeIgniter.php(436): CodeIgniter\CodeIgniter->runController(Object(App\Controllers\ApiGuru))
#2 /opt/lampp/htdocs/LabustaCI/system/CodeIgniter.php(336): CodeIgniter\CodeIgniter->handleRequest(NULL, Object(Config\Cache), false)
#3 /opt/lampp/htdocs/LabustaCI/public/index.php(37): CodeIgniter\CodeIgniter->run()
#4 /opt/lampp/htdocs/LabustaCI/system/Commands/Server/rewrite.php(45): require_once('/opt/lampp/htdo...')
#5 {main}
CRITICAL - 2021-08-22 22:18:46 --> Undefined variable: idguru
#0 /opt/lampp/htdocs/LabustaCI/app/Controllers/ApiGuru.php(29): CodeIgniter\Debug\Exceptions->errorHandler(8, 'Undefined varia...', '/opt/lampp/htdo...', 29, Array)
#1 /opt/lampp/htdocs/LabustaCI/system/CodeIgniter.php(928): App\Controllers\ApiGuru->index()
#2 /opt/lampp/htdocs/LabustaCI/system/CodeIgniter.php(436): CodeIgniter\CodeIgniter->runController(Object(App\Controllers\ApiGuru))
#3 /opt/lampp/htdocs/LabustaCI/system/CodeIgniter.php(336): CodeIgniter\CodeIgniter->handleRequest(NULL, Object(Config\Cache), false)
#4 /opt/lampp/htdocs/LabustaCI/public/index.php(37): CodeIgniter\CodeIgniter->run()
#5 /opt/lampp/htdocs/LabustaCI/system/Commands/Server/rewrite.php(45): require_once('/opt/lampp/htdo...')
#6 {main}
CRITICAL - 2021-08-22 22:20:04 --> Call to undefined method App\Models\GuruModel::where()
#0 /opt/lampp/htdocs/LabustaCI/system/CodeIgniter.php(928): App\Controllers\ApiGuru->index()
#1 /opt/lampp/htdocs/LabustaCI/system/CodeIgniter.php(436): CodeIgniter\CodeIgniter->runController(Object(App\Controllers\ApiGuru))
#2 /opt/lampp/htdocs/LabustaCI/system/CodeIgniter.php(336): CodeIgniter\CodeIgniter->handleRequest(NULL, Object(Config\Cache), false)
#3 /opt/lampp/htdocs/LabustaCI/public/index.php(37): CodeIgniter\CodeIgniter->run()
#4 /opt/lampp/htdocs/LabustaCI/system/Commands/Server/rewrite.php(45): require_once('/opt/lampp/htdo...')
#5 {main}
CRITICAL - 2021-08-22 22:20:33 --> Undefined property: App\Controllers\ApiGuru::$id_guru
#0 /opt/lampp/htdocs/LabustaCI/app/Controllers/ApiGuru.php(23): CodeIgniter\Debug\Exceptions->errorHandler(8, 'Undefined prope...', '/opt/lampp/htdo...', 23, Array)
#1 /opt/lampp/htdocs/LabustaCI/system/CodeIgniter.php(928): App\Controllers\ApiGuru->index()
#2 /opt/lampp/htdocs/LabustaCI/system/CodeIgniter.php(436): CodeIgniter\CodeIgniter->runController(Object(App\Controllers\ApiGuru))
#3 /opt/lampp/htdocs/LabustaCI/system/CodeIgniter.php(336): CodeIgniter\CodeIgniter->handleRequest(NULL, Object(Config\Cache), false)
#4 /opt/lampp/htdocs/LabustaCI/public/index.php(37): CodeIgniter\CodeIgniter->run()
#5 /opt/lampp/htdocs/LabustaCI/system/Commands/Server/rewrite.php(45): require_once('/opt/lampp/htdo...')
#6 {main}
CRITICAL - 2021-08-22 22:21:14 --> Undefined property: App\Controllers\ApiGuru::$id_guru
#0 /opt/lampp/htdocs/LabustaCI/app/Controllers/ApiGuru.php(23): CodeIgniter\Debug\Exceptions->errorHandler(8, 'Undefined prope...', '/opt/lampp/htdo...', 23, Array)
#1 /opt/lampp/htdocs/LabustaCI/system/CodeIgniter.php(928): App\Controllers\ApiGuru->index()
#2 /opt/lampp/htdocs/LabustaCI/system/CodeIgniter.php(436): CodeIgniter\CodeIgniter->runController(Object(App\Controllers\ApiGuru))
#3 /opt/lampp/htdocs/LabustaCI/system/CodeIgniter.php(336): CodeIgniter\CodeIgniter->handleRequest(NULL, Object(Config\Cache), false)
#4 /opt/lampp/htdocs/LabustaCI/public/index.php(37): CodeIgniter\CodeIgniter->run()
#5 /opt/lampp/htdocs/LabustaCI/system/Commands/Server/rewrite.php(45): require_once('/opt/lampp/htdo...')
#6 {main}
CRITICAL - 2021-08-22 22:54:24 --> Undefined property: App\Controllers\ApiGuru::$id_guru
#0 /opt/lampp/htdocs/LabustaCI/app/Controllers/ApiGuru.php(23): CodeIgniter\Debug\Exceptions->errorHandler(8, 'Undefined prope...', '/opt/lampp/htdo...', 23, Array)
#1 /opt/lampp/htdocs/LabustaCI/system/CodeIgniter.php(928): App\Controllers\ApiGuru->index()
#2 /opt/lampp/htdocs/LabustaCI/system/CodeIgniter.php(436): CodeIgniter\CodeIgniter->runController(Object(App\Controllers\ApiGuru))
#3 /opt/lampp/htdocs/LabustaCI/system/CodeIgniter.php(336): CodeIgniter\CodeIgniter->handleRequest(NULL, Object(Config\Cache), false)
#4 /opt/lampp/htdocs/LabustaCI/public/index.php(37): CodeIgniter\CodeIgniter->run()
#5 /opt/lampp/htdocs/LabustaCI/system/Commands/Server/rewrite.php(45): require_once('/opt/lampp/htdo...')
#6 {main}
CRITICAL - 2021-08-22 22:55:24 --> Undefined property: App\Controllers\ApiGuru::$id_guru
#0 /opt/lampp/htdocs/LabustaCI/app/Controllers/ApiGuru.php(23): CodeIgniter\Debug\Exceptions->errorHandler(8, 'Undefined prope...', '/opt/lampp/htdo...', 23, Array)
#1 /opt/lampp/htdocs/LabustaCI/system/CodeIgniter.php(928): App\Controllers\ApiGuru->index()
#2 /opt/lampp/htdocs/LabustaCI/system/CodeIgniter.php(436): CodeIgniter\CodeIgniter->runController(Object(App\Controllers\ApiGuru))
#3 /opt/lampp/htdocs/LabustaCI/system/CodeIgniter.php(336): CodeIgniter\CodeIgniter->handleRequest(NULL, Object(Config\Cache), false)
#4 /opt/lampp/htdocs/LabustaCI/public/index.php(37): CodeIgniter\CodeIgniter->run()
#5 /opt/lampp/htdocs/LabustaCI/system/Commands/Server/rewrite.php(45): require_once('/opt/lampp/htdo...')
#6 {main}
CRITICAL - 2021-08-22 22:57:42 --> Undefined property: App\Controllers\ApiGuru::$id_guru
#0 /opt/lampp/htdocs/LabustaCI/app/Controllers/ApiGuru.php(22): CodeIgniter\Debug\Exceptions->errorHandler(8, 'Undefined prope...', '/opt/lampp/htdo...', 22, Array)
#1 /opt/lampp/htdocs/LabustaCI/system/CodeIgniter.php(928): App\Controllers\ApiGuru->index()
#2 /opt/lampp/htdocs/LabustaCI/system/CodeIgniter.php(436): CodeIgniter\CodeIgniter->runController(Object(App\Controllers\ApiGuru))
#3 /opt/lampp/htdocs/LabustaCI/system/CodeIgniter.php(336): CodeIgniter\CodeIgniter->handleRequest(NULL, Object(Config\Cache), false)
#4 /opt/lampp/htdocs/LabustaCI/public/index.php(37): CodeIgniter\CodeIgniter->run()
#5 /opt/lampp/htdocs/LabustaCI/system/Commands/Server/rewrite.php(45): require_once('/opt/lampp/htdo...')
#6 {main}
CRITICAL - 2021-08-22 22:58:17 --> Call to undefined method CodeIgniter\Database\MySQLi\Result::Where()
#0 /opt/lampp/htdocs/LabustaCI/system/CodeIgniter.php(928): App\Controllers\ApiGuru->index()
#1 /opt/lampp/htdocs/LabustaCI/system/CodeIgniter.php(436): CodeIgniter\CodeIgniter->runController(Object(App\Controllers\ApiGuru))
#2 /opt/lampp/htdocs/LabustaCI/system/CodeIgniter.php(336): CodeIgniter\CodeIgniter->handleRequest(NULL, Object(Config\Cache), false)
#3 /opt/lampp/htdocs/LabustaCI/public/index.php(37): CodeIgniter\CodeIgniter->run()
#4 /opt/lampp/htdocs/LabustaCI/system/Commands/Server/rewrite.php(45): require_once('/opt/lampp/htdo...')
#5 {main}
CRITICAL - 2021-08-22 22:58:28 --> Call to a member function getWhere() on null
#0 /opt/lampp/htdocs/LabustaCI/system/CodeIgniter.php(928): App\Controllers\ApiGuru->index()
#1 /opt/lampp/htdocs/LabustaCI/system/CodeIgniter.php(436): CodeIgniter\CodeIgniter->runController(Object(App\Controllers\ApiGuru))
#2 /opt/lampp/htdocs/LabustaCI/system/CodeIgniter.php(336): CodeIgniter\CodeIgniter->handleRequest(NULL, Object(Config\Cache), false)
#3 /opt/lampp/htdocs/LabustaCI/public/index.php(37): CodeIgniter\CodeIgniter->run()
#4 /opt/lampp/htdocs/LabustaCI/system/Commands/Server/rewrite.php(45): require_once('/opt/lampp/htdo...')
#5 {main}
CRITICAL - 2021-08-22 22:58:43 --> Call to undefined method CodeIgniter\Database\MySQLi\Result::getWhere()
#0 /opt/lampp/htdocs/LabustaCI/system/CodeIgniter.php(928): App\Controllers\ApiGuru->index()
#1 /opt/lampp/htdocs/LabustaCI/system/CodeIgniter.php(436): CodeIgniter\CodeIgniter->runController(Object(App\Controllers\ApiGuru))
#2 /opt/lampp/htdocs/LabustaCI/system/CodeIgniter.php(336): CodeIgniter\CodeIgniter->handleRequest(NULL, Object(Config\Cache), false)
#3 /opt/lampp/htdocs/LabustaCI/public/index.php(37): CodeIgniter\CodeIgniter->run()
#4 /opt/lampp/htdocs/LabustaCI/system/Commands/Server/rewrite.php(45): require_once('/opt/lampp/htdo...')
#5 {main}
CRITICAL - 2021-08-22 22:59:08 --> Undefined property: App\Controllers\ApiGuru::$id_guru
#0 /opt/lampp/htdocs/LabustaCI/app/Controllers/ApiGuru.php(22): CodeIgniter\Debug\Exceptions->errorHandler(8, 'Undefined prope...', '/opt/lampp/htdo...', 22, Array)
#1 /opt/lampp/htdocs/LabustaCI/system/CodeIgniter.php(928): App\Controllers\ApiGuru->index()
#2 /opt/lampp/htdocs/LabustaCI/system/CodeIgniter.php(436): CodeIgniter\CodeIgniter->runController(Object(App\Controllers\ApiGuru))
#3 /opt/lampp/htdocs/LabustaCI/system/CodeIgniter.php(336): CodeIgniter\CodeIgniter->handleRequest(NULL, Object(Config\Cache), false)
#4 /opt/lampp/htdocs/LabustaCI/public/index.php(37): CodeIgniter\CodeIgniter->run()
#5 /opt/lampp/htdocs/LabustaCI/system/Commands/Server/rewrite.php(45): require_once('/opt/lampp/htdo...')
#6 {main}
CRITICAL - 2021-08-22 23:01:25 --> Undefined variable: builder
#0 /opt/lampp/htdocs/LabustaCI/app/Controllers/ApiGuru.php(22): CodeIgniter\Debug\Exceptions->errorHandler(8, 'Undefined varia...', '/opt/lampp/htdo...', 22, Array)
#1 /opt/lampp/htdocs/LabustaCI/system/CodeIgniter.php(928): App\Controllers\ApiGuru->index()
#2 /opt/lampp/htdocs/LabustaCI/system/CodeIgniter.php(436): CodeIgniter\CodeIgniter->runController(Object(App\Controllers\ApiGuru))
#3 /opt/lampp/htdocs/LabustaCI/system/CodeIgniter.php(336): CodeIgniter\CodeIgniter->handleRequest(NULL, Object(Config\Cache), false)
#4 /opt/lampp/htdocs/LabustaCI/public/index.php(37): CodeIgniter\CodeIgniter->run()
#5 /opt/lampp/htdocs/LabustaCI/system/Commands/Server/rewrite.php(45): require_once('/opt/lampp/htdo...')
#6 {main}
CRITICAL - 2021-08-22 23:03:08 --> Undefined variable: id_guru
#0 /opt/lampp/htdocs/LabustaCI/app/Controllers/ApiGuru.php(22): CodeIgniter\Debug\Exceptions->errorHandler(8, 'Undefined varia...', '/opt/lampp/htdo...', 22, Array)
#1 /opt/lampp/htdocs/LabustaCI/system/CodeIgniter.php(928): App\Controllers\ApiGuru->index()
#2 /opt/lampp/htdocs/LabustaCI/system/CodeIgniter.php(436): CodeIgniter\CodeIgniter->runController(Object(App\Controllers\ApiGuru))
#3 /opt/lampp/htdocs/LabustaCI/system/CodeIgniter.php(336): CodeIgniter\CodeIgniter->handleRequest(NULL, Object(Config\Cache), false)
#4 /opt/lampp/htdocs/LabustaCI/public/index.php(37): CodeIgniter\CodeIgniter->run()
#5 /opt/lampp/htdocs/LabustaCI/system/Commands/Server/rewrite.php(45): require_once('/opt/lampp/htdo...')
#6 {main}
CRITICAL - 2021-08-22 23:04:16 --> Undefined variable: query
#0 /opt/lampp/htdocs/LabustaCI/app/Controllers/ApiGuru.php(29): CodeIgniter\Debug\Exceptions->errorHandler(8, 'Undefined varia...', '/opt/lampp/htdo...', 29, Array)
#1 /opt/lampp/htdocs/LabustaCI/system/CodeIgniter.php(928): App\Controllers\ApiGuru->index()
#2 /opt/lampp/htdocs/LabustaCI/system/CodeIgniter.php(436): CodeIgniter\CodeIgniter->runController(Object(App\Controllers\ApiGuru))
#3 /opt/lampp/htdocs/LabustaCI/system/CodeIgniter.php(336): CodeIgniter\CodeIgniter->handleRequest(NULL, Object(Config\Cache), false)
#4 /opt/lampp/htdocs/LabustaCI/public/index.php(37): CodeIgniter\CodeIgniter->run()
#5 /opt/lampp/htdocs/LabustaCI/system/Commands/Server/rewrite.php(45): require_once('/opt/lampp/htdo...')
#6 {main}
CRITICAL - 2021-08-22 23:04:26 --> Object of class App\Models\GuruModel could not be converted to string
#0 [internal function]: CodeIgniter\Debug\Exceptions->errorHandler(4096, 'Object of class...', '/opt/lampp/htdo...', 387, Array)
#1 /opt/lampp/htdocs/LabustaCI/system/Database/Query.php(387): strtr('SELECT *\nFROM `...', Array)
#2 /opt/lampp/htdocs/LabustaCI/system/Database/Query.php(355): CodeIgniter\Database\Query->matchNamedBinds('SELECT *\nFROM `...', Array)
#3 /opt/lampp/htdocs/LabustaCI/system/Database/Query.php(170): CodeIgniter\Database\Query->compileBinds()
#4 /opt/lampp/htdocs/LabustaCI/system/Database/BaseConnection.php(647): CodeIgniter\Database\Query->getQuery()
#5 /opt/lampp/htdocs/LabustaCI/system/Database/BaseBuilder.php(1881): CodeIgniter\Database\BaseConnection->query('SELECT *\nFROM `...', Array, false)
#6 /opt/lampp/htdocs/LabustaCI/system/Model.php(228): CodeIgniter\Database\BaseBuilder->get()
#7 /opt/lampp/htdocs/LabustaCI/system/BaseModel.php(644): CodeIgniter\Model->doFirst()
#8 /opt/lampp/htdocs/LabustaCI/app/Controllers/ApiGuru.php(29): CodeIgniter\BaseModel->first()
#9 /opt/lampp/htdocs/LabustaCI/system/CodeIgniter.php(928): App\Controllers\ApiGuru->index()
#10 /opt/lampp/htdocs/LabustaCI/system/CodeIgniter.php(436): CodeIgniter\CodeIgniter->runController(Object(App\Controllers\ApiGuru))
#11 /opt/lampp/htdocs/LabustaCI/system/CodeIgniter.php(336): CodeIgniter\CodeIgniter->handleRequest(NULL, Object(Config\Cache), false)
#12 /opt/lampp/htdocs/LabustaCI/public/index.php(37): CodeIgniter\CodeIgniter->run()
#13 /opt/lampp/htdocs/LabustaCI/system/Commands/Server/rewrite.php(45): require_once('/opt/lampp/htdo...')
#14 {main}
CRITICAL - 2021-08-22 23:05:56 --> syntax error, unexpected '->' (T_OBJECT_OPERATOR)
#0 /opt/lampp/htdocs/LabustaCI/system/Router/Router.php(169): CodeIgniter\Router\Router->autoRoute('ApiGuru')
#1 /opt/lampp/htdocs/LabustaCI/system/CodeIgniter.php(809): CodeIgniter\Router\Router->handle('ApiGuru')
#2 /opt/lampp/htdocs/LabustaCI/system/CodeIgniter.php(389): CodeIgniter\CodeIgniter->tryToRouteIt(Object(CodeIgniter\Router\RouteCollection))
#3 /opt/lampp/htdocs/LabustaCI/system/CodeIgniter.php(336): CodeIgniter\CodeIgniter->handleRequest(NULL, Object(Config\Cache), false)
#4 /opt/lampp/htdocs/LabustaCI/public/index.php(37): CodeIgniter\CodeIgniter->run()
#5 /opt/lampp/htdocs/LabustaCI/system/Commands/Server/rewrite.php(45): require_once('/opt/lampp/htdo...')
#6 {main}
CRITICAL - 2021-08-22 23:06:24 --> Undefined variable: db
#0 /opt/lampp/htdocs/LabustaCI/app/Controllers/ApiGuru.php(21): CodeIgniter\Debug\Exceptions->errorHandler(8, 'Undefined varia...', '/opt/lampp/htdo...', 21, Array)
#1 /opt/lampp/htdocs/LabustaCI/system/CodeIgniter.php(928): App\Controllers\ApiGuru->index()
#2 /opt/lampp/htdocs/LabustaCI/system/CodeIgniter.php(436): CodeIgniter\CodeIgniter->runController(Object(App\Controllers\ApiGuru))
#3 /opt/lampp/htdocs/LabustaCI/system/CodeIgniter.php(336): CodeIgniter\CodeIgniter->handleRequest(NULL, Object(Config\Cache), false)
#4 /opt/lampp/htdocs/LabustaCI/public/index.php(37): CodeIgniter\CodeIgniter->run()
#5 /opt/lampp/htdocs/LabustaCI/system/Commands/Server/rewrite.php(45): require_once('/opt/lampp/htdo...')
#6 {main}
CRITICAL - 2021-08-22 23:06:48 --> Call to undefined method CodeIgniter\Database\MySQLi\Builder::first()
#0 /opt/lampp/htdocs/LabustaCI/system/CodeIgniter.php(928): App\Controllers\ApiGuru->index()
#1 /opt/lampp/htdocs/LabustaCI/system/CodeIgniter.php(436): CodeIgniter\CodeIgniter->runController(Object(App\Controllers\ApiGuru))
#2 /opt/lampp/htdocs/LabustaCI/system/CodeIgniter.php(336): CodeIgniter\CodeIgniter->handleRequest(NULL, Object(Config\Cache), false)
#3 /opt/lampp/htdocs/LabustaCI/public/index.php(37): CodeIgniter\CodeIgniter->run()
#4 /opt/lampp/htdocs/LabustaCI/system/Commands/Server/rewrite.php(45): require_once('/opt/lampp/htdo...')
#5 {main}
CRITICAL - 2021-08-22 23:07:28 --> Undefined variable: model
#0 /opt/lampp/htdocs/LabustaCI/app/Controllers/ApiGuru.php(24): CodeIgniter\Debug\Exceptions->errorHandler(8, 'Undefined varia...', '/opt/lampp/htdo...', 24, Array)
#1 /opt/lampp/htdocs/LabustaCI/system/CodeIgniter.php(928): App\Controllers\ApiGuru->index()
#2 /opt/lampp/htdocs/LabustaCI/system/CodeIgniter.php(436): CodeIgniter\CodeIgniter->runController(Object(App\Controllers\ApiGuru))
#3 /opt/lampp/htdocs/LabustaCI/system/CodeIgniter.php(336): CodeIgniter\CodeIgniter->handleRequest(NULL, Object(Config\Cache), false)
#4 /opt/lampp/htdocs/LabustaCI/public/index.php(37): CodeIgniter\CodeIgniter->run()
#5 /opt/lampp/htdocs/LabustaCI/system/Commands/Server/rewrite.php(45): require_once('/opt/lampp/htdo...')
#6 {main}
CRITICAL - 2021-08-22 23:07:50 --> Call to undefined method CodeIgniter\Database\MySQLi\Builder::first()
#0 /opt/lampp/htdocs/LabustaCI/system/CodeIgniter.php(928): App\Controllers\ApiGuru->index()
#1 /opt/lampp/htdocs/LabustaCI/system/CodeIgniter.php(436): CodeIgniter\CodeIgniter->runController(Object(App\Controllers\ApiGuru))
#2 /opt/lampp/htdocs/LabustaCI/system/CodeIgniter.php(336): CodeIgniter\CodeIgniter->handleRequest(NULL, Object(Config\Cache), false)
#3 /opt/lampp/htdocs/LabustaCI/public/index.php(37): CodeIgniter\CodeIgniter->run()
#4 /opt/lampp/htdocs/LabustaCI/system/Commands/Server/rewrite.php(45): require_once('/opt/lampp/htdo...')
#5 {main}
CRITICAL - 2021-08-22 23:08:49 --> Call to undefined method CodeIgniter\Database\MySQLi\Builder::first()
#0 /opt/lampp/htdocs/LabustaCI/system/CodeIgniter.php(928): App\Controllers\ApiGuru->index()
#1 /opt/lampp/htdocs/LabustaCI/system/CodeIgniter.php(436): CodeIgniter\CodeIgniter->runController(Object(App\Controllers\ApiGuru))
#2 /opt/lampp/htdocs/LabustaCI/system/CodeIgniter.php(336): CodeIgniter\CodeIgniter->handleRequest(NULL, Object(Config\Cache), false)
#3 /opt/lampp/htdocs/LabustaCI/public/index.php(37): CodeIgniter\CodeIgniter->run()
#4 /opt/lampp/htdocs/LabustaCI/system/Commands/Server/rewrite.php(45): require_once('/opt/lampp/htdo...')
#5 {main}
CRITICAL - 2021-08-22 23:15:11 --> Undefined variable: gurus
#0 /opt/lampp/htdocs/LabustaCI/app/Views/guru/index.php(108): CodeIgniter\Debug\Exceptions->errorHandler(8, 'Undefined varia...', '/opt/lampp/htdo...', 108, Array)
#1 /opt/lampp/htdocs/LabustaCI/system/View/View.php(230): include('/opt/lampp/htdo...')
#2 /opt/lampp/htdocs/LabustaCI/system/View/View.php(232): CodeIgniter\View\View->CodeIgniter\View\{closure}()
#3 /opt/lampp/htdocs/LabustaCI/system/Common.php(1271): CodeIgniter\View\View->render('guru/index', Array, true)
#4 /opt/lampp/htdocs/LabustaCI/app/Controllers/ApiGuru.php(36): view('guru/index', Array)
#5 /opt/lampp/htdocs/LabustaCI/system/CodeIgniter.php(928): App\Controllers\ApiGuru->index()
#6 /opt/lampp/htdocs/LabustaCI/system/CodeIgniter.php(436): CodeIgniter\CodeIgniter->runController(Object(App\Controllers\ApiGuru))
#7 /opt/lampp/htdocs/LabustaCI/system/CodeIgniter.php(336): CodeIgniter\CodeIgniter->handleRequest(NULL, Object(Config\Cache), false)
#8 /opt/lampp/htdocs/LabustaCI/public/index.php(37): CodeIgniter\CodeIgniter->run()
#9 /opt/lampp/htdocs/LabustaCI/system/Commands/Server/rewrite.php(45): require_once('/opt/lampp/htdo...')
#10 {main}
CRITICAL - 2021-08-22 23:23:03 --> Call to a member function where() on array
#0 /opt/lampp/htdocs/LabustaCI/system/CodeIgniter.php(928): App\Controllers\ApiGuru->index()
#1 /opt/lampp/htdocs/LabustaCI/system/CodeIgniter.php(436): CodeIgniter\CodeIgniter->runController(Object(App\Controllers\ApiGuru))
#2 /opt/lampp/htdocs/LabustaCI/system/CodeIgniter.php(336): CodeIgniter\CodeIgniter->handleRequest(NULL, Object(Config\Cache), false)
#3 /opt/lampp/htdocs/LabustaCI/public/index.php(37): CodeIgniter\CodeIgniter->run()
#4 /opt/lampp/htdocs/LabustaCI/system/Commands/Server/rewrite.php(45): require_once('/opt/lampp/htdo...')
#5 {main}
CRITICAL - 2021-08-22 23:23:40 --> Call to a member function findAll() on array
#0 /opt/lampp/htdocs/LabustaCI/system/CodeIgniter.php(928): App\Controllers\ApiGuru->index()
#1 /opt/lampp/htdocs/LabustaCI/system/CodeIgniter.php(436): CodeIgniter\CodeIgniter->runController(Object(App\Controllers\ApiGuru))
#2 /opt/lampp/htdocs/LabustaCI/system/CodeIgniter.php(336): CodeIgniter\CodeIgniter->handleRequest(NULL, Object(Config\Cache), false)
#3 /opt/lampp/htdocs/LabustaCI/public/index.php(37): CodeIgniter\CodeIgniter->run()
#4 /opt/lampp/htdocs/LabustaCI/system/Commands/Server/rewrite.php(45): require_once('/opt/lampp/htdo...')
#5 {main}
CRITICAL - 2021-08-22 23:24:52 --> syntax error, unexpected '=>' (T_DOUBLE_ARROW), expecting ')'
#0 /opt/lampp/htdocs/LabustaCI/system/Router/Router.php(169): CodeIgniter\Router\Router->autoRoute('ApiGuru')
#1 /opt/lampp/htdocs/LabustaCI/system/CodeIgniter.php(809): CodeIgniter\Router\Router->handle('ApiGuru')
#2 /opt/lampp/htdocs/LabustaCI/system/CodeIgniter.php(389): CodeIgniter\CodeIgniter->tryToRouteIt(Object(CodeIgniter\Router\RouteCollection))
#3 /opt/lampp/htdocs/LabustaCI/system/CodeIgniter.php(336): CodeIgniter\CodeIgniter->handleRequest(NULL, Object(Config\Cache), false)
#4 /opt/lampp/htdocs/LabustaCI/public/index.php(37): CodeIgniter\CodeIgniter->run()
#5 /opt/lampp/htdocs/LabustaCI/system/Commands/Server/rewrite.php(45): require_once('/opt/lampp/htdo...')
#6 {main}
CRITICAL - 2021-08-22 23:25:52 --> Object of class CodeIgniter\Database\MySQLi\Builder could not be converted to string
#0 [internal function]: CodeIgniter\Debug\Exceptions->errorHandler(4096, 'Object of class...', '/opt/lampp/htdo...', 387, Array)
#1 /opt/lampp/htdocs/LabustaCI/system/Database/Query.php(387): strtr('SELECT *\nFROM `...', Array)
#2 /opt/lampp/htdocs/LabustaCI/system/Database/Query.php(355): CodeIgniter\Database\Query->matchNamedBinds('SELECT *\nFROM `...', Array)
#3 /opt/lampp/htdocs/LabustaCI/system/Database/Query.php(170): CodeIgniter\Database\Query->compileBinds()
#4 /opt/lampp/htdocs/LabustaCI/system/Database/BaseConnection.php(647): CodeIgniter\Database\Query->getQuery()
#5 /opt/lampp/htdocs/LabustaCI/system/Database/BaseBuilder.php(2049): CodeIgniter\Database\BaseConnection->query('SELECT *\nFROM `...', Array, false)
#6 /opt/lampp/htdocs/LabustaCI/system/Model.php(800): CodeIgniter\Database\BaseBuilder->getWhere(Array)
#7 /opt/lampp/htdocs/LabustaCI/app/Controllers/ApiGuru.php(33): CodeIgniter\Model->__call('getWhere', Array)
#8 /opt/lampp/htdocs/LabustaCI/system/CodeIgniter.php(928): App\Controllers\ApiGuru->index()
#9 /opt/lampp/htdocs/LabustaCI/system/CodeIgniter.php(436): CodeIgniter\CodeIgniter->runController(Object(App\Controllers\ApiGuru))
#10 /opt/lampp/htdocs/LabustaCI/system/CodeIgniter.php(336): CodeIgniter\CodeIgniter->handleRequest(NULL, Object(Config\Cache), false)
#11 /opt/lampp/htdocs/LabustaCI/public/index.php(37): CodeIgniter\CodeIgniter->run()
#12 /opt/lampp/htdocs/LabustaCI/system/Commands/Server/rewrite.php(45): require_once('/opt/lampp/htdo...')
#13 {main}
CRITICAL - 2021-08-22 23:27:42 --> Argument 2 passed to CodeIgniter\Database\BaseBuilder::getWhere() must be of the type int or null, object given, called in /opt/lampp/htdocs/LabustaCI/system/Model.php on line 800
#0 /opt/lampp/htdocs/LabustaCI/system/Model.php(800): CodeIgniter\Database\BaseBuilder->getWhere('id_guru', Object(CodeIgniter\Database\MySQLi\Builder))
#1 /opt/lampp/htdocs/LabustaCI/app/Controllers/ApiGuru.php(33): CodeIgniter\Model->__call('getWhere', Array)
#2 /opt/lampp/htdocs/LabustaCI/system/CodeIgniter.php(928): App\Controllers\ApiGuru->index()
#3 /opt/lampp/htdocs/LabustaCI/system/CodeIgniter.php(436): CodeIgniter\CodeIgniter->runController(Object(App\Controllers\ApiGuru))
#4 /opt/lampp/htdocs/LabustaCI/system/CodeIgniter.php(336): CodeIgniter\CodeIgniter->handleRequest(NULL, Object(Config\Cache), false)
#5 /opt/lampp/htdocs/LabustaCI/public/index.php(37): CodeIgniter\CodeIgniter->run()
#6 /opt/lampp/htdocs/LabustaCI/system/Commands/Server/rewrite.php(45): require_once('/opt/lampp/htdo...')
#7 {main}
CRITICAL - 2021-08-22 23:31:07 --> Undefined property: App\Controllers\ApiGuru::$input
#0 /opt/lampp/htdocs/LabustaCI/app/Controllers/ApiGuru.php(24): CodeIgniter\Debug\Exceptions->errorHandler(8, 'Undefined prope...', '/opt/lampp/htdo...', 24, Array)
#1 /opt/lampp/htdocs/LabustaCI/system/CodeIgniter.php(928): App\Controllers\ApiGuru->index()
#2 /opt/lampp/htdocs/LabustaCI/system/CodeIgniter.php(436): CodeIgniter\CodeIgniter->runController(Object(App\Controllers\ApiGuru))
#3 /opt/lampp/htdocs/LabustaCI/system/CodeIgniter.php(336): CodeIgniter\CodeIgniter->handleRequest(NULL, Object(Config\Cache), false)
#4 /opt/lampp/htdocs/LabustaCI/public/index.php(37): CodeIgniter\CodeIgniter->run()
#5 /opt/lampp/htdocs/LabustaCI/system/Commands/Server/rewrite.php(45): require_once('/opt/lampp/htdo...')
#6 {main}
CRITICAL - 2021-08-22 23:39:24 --> syntax error, unexpected 'return' (T_RETURN)
#0 /opt/lampp/htdocs/LabustaCI/system/Router/Router.php(169): CodeIgniter\Router\Router->autoRoute('ApiGuru')
#1 /opt/lampp/htdocs/LabustaCI/system/CodeIgniter.php(809): CodeIgniter\Router\Router->handle('ApiGuru')
#2 /opt/lampp/htdocs/LabustaCI/system/CodeIgniter.php(389): CodeIgniter\CodeIgniter->tryToRouteIt(Object(CodeIgniter\Router\RouteCollection))
#3 /opt/lampp/htdocs/LabustaCI/system/CodeIgniter.php(336): CodeIgniter\CodeIgniter->handleRequest(NULL, Object(Config\Cache), false)
#4 /opt/lampp/htdocs/LabustaCI/public/index.php(37): CodeIgniter\CodeIgniter->run()
#5 /opt/lampp/htdocs/LabustaCI/system/Commands/Server/rewrite.php(45): require_once('/opt/lampp/htdo...')
#6 {main}
