CRITICAL - 2021-08-16 23:39:25 --> Invalid file: adminLte/index.php
#0 /opt/lampp/htdocs/LabustaCI/system/View/View.php(213): CodeIgniter\Exceptions\FrameworkException::forInvalidFile('adminLte/index....')
#1 /opt/lampp/htdocs/LabustaCI/system/Common.php(1271): CodeIgniter\View\View->render('adminLte/index', Array, true)
#2 /opt/lampp/htdocs/LabustaCI/app/Controllers/Home.php(9): view('adminLte/index')
#3 /opt/lampp/htdocs/LabustaCI/system/CodeIgniter.php(928): App\Controllers\Home->index()
#4 /opt/lampp/htdocs/LabustaCI/system/CodeIgniter.php(436): CodeIgniter\CodeIgniter->runController(Object(App\Controllers\Home))
#5 /opt/lampp/htdocs/LabustaCI/system/CodeIgniter.php(336): CodeIgniter\CodeIgniter->handleRequest(NULL, Object(Config\Cache), false)
#6 /opt/lampp/htdocs/LabustaCI/public/index.php(37): CodeIgniter\CodeIgniter->run()
#7 /opt/lampp/htdocs/LabustaCI/system/Commands/Server/rewrite.php(45): require_once('/opt/lampp/htdo...')
#8 {main}
CRITICAL - 2021-08-16 23:39:47 --> Invalid file: Views/adminLte/index.php
#0 /opt/lampp/htdocs/LabustaCI/system/View/View.php(213): CodeIgniter\Exceptions\FrameworkException::forInvalidFile('Views/adminLte/...')
#1 /opt/lampp/htdocs/LabustaCI/system/Common.php(1271): CodeIgniter\View\View->render('Views/adminLte/...', Array, true)
#2 /opt/lampp/htdocs/LabustaCI/app/Controllers/Home.php(9): view('Views/adminLte/...')
#3 /opt/lampp/htdocs/LabustaCI/system/CodeIgniter.php(928): App\Controllers\Home->index()
#4 /opt/lampp/htdocs/LabustaCI/system/CodeIgniter.php(436): CodeIgniter\CodeIgniter->runController(Object(App\Controllers\Home))
#5 /opt/lampp/htdocs/LabustaCI/system/CodeIgniter.php(336): CodeIgniter\CodeIgniter->handleRequest(NULL, Object(Config\Cache), false)
#6 /opt/lampp/htdocs/LabustaCI/public/index.php(37): CodeIgniter\CodeIgniter->run()
#7 /opt/lampp/htdocs/LabustaCI/system/Commands/Server/rewrite.php(45): require_once('/opt/lampp/htdo...')
#8 {main}
CRITICAL - 2021-08-16 23:39:48 --> Invalid file: Views/adminLte/index.php
#0 /opt/lampp/htdocs/LabustaCI/system/View/View.php(213): CodeIgniter\Exceptions\FrameworkException::forInvalidFile('Views/adminLte/...')
#1 /opt/lampp/htdocs/LabustaCI/system/Common.php(1271): CodeIgniter\View\View->render('Views/adminLte/...', Array, true)
#2 /opt/lampp/htdocs/LabustaCI/app/Controllers/Home.php(9): view('Views/adminLte/...')
#3 /opt/lampp/htdocs/LabustaCI/system/CodeIgniter.php(928): App\Controllers\Home->index()
#4 /opt/lampp/htdocs/LabustaCI/system/CodeIgniter.php(436): CodeIgniter\CodeIgniter->runController(Object(App\Controllers\Home))
#5 /opt/lampp/htdocs/LabustaCI/system/CodeIgniter.php(336): CodeIgniter\CodeIgniter->handleRequest(NULL, Object(Config\Cache), false)
#6 /opt/lampp/htdocs/LabustaCI/public/index.php(37): CodeIgniter\CodeIgniter->run()
#7 /opt/lampp/htdocs/LabustaCI/system/Commands/Server/rewrite.php(45): require_once('/opt/lampp/htdo...')
#8 {main}
CRITICAL - 2021-08-16 23:39:49 --> Invalid file: Views/adminLte/index.php
#0 /opt/lampp/htdocs/LabustaCI/system/View/View.php(213): CodeIgniter\Exceptions\FrameworkException::forInvalidFile('Views/adminLte/...')
#1 /opt/lampp/htdocs/LabustaCI/system/Common.php(1271): CodeIgniter\View\View->render('Views/adminLte/...', Array, true)
#2 /opt/lampp/htdocs/LabustaCI/app/Controllers/Home.php(9): view('Views/adminLte/...')
#3 /opt/lampp/htdocs/LabustaCI/system/CodeIgniter.php(928): App\Controllers\Home->index()
#4 /opt/lampp/htdocs/LabustaCI/system/CodeIgniter.php(436): CodeIgniter\CodeIgniter->runController(Object(App\Controllers\Home))
#5 /opt/lampp/htdocs/LabustaCI/system/CodeIgniter.php(336): CodeIgniter\CodeIgniter->handleRequest(NULL, Object(Config\Cache), false)
#6 /opt/lampp/htdocs/LabustaCI/public/index.php(37): CodeIgniter\CodeIgniter->run()
#7 /opt/lampp/htdocs/LabustaCI/system/Commands/Server/rewrite.php(45): require_once('/opt/lampp/htdo...')
#8 {main}
CRITICAL - 2021-08-16 23:40:15 --> Invalid file: adminLte/index.php
#0 /opt/lampp/htdocs/LabustaCI/system/View/View.php(213): CodeIgniter\Exceptions\FrameworkException::forInvalidFile('adminLte/index....')
#1 /opt/lampp/htdocs/LabustaCI/system/Common.php(1271): CodeIgniter\View\View->render('adminLte/index', Array, true)
#2 /opt/lampp/htdocs/LabustaCI/app/Controllers/Home.php(9): view('adminLte/index')
#3 /opt/lampp/htdocs/LabustaCI/system/CodeIgniter.php(928): App\Controllers\Home->index()
#4 /opt/lampp/htdocs/LabustaCI/system/CodeIgniter.php(436): CodeIgniter\CodeIgniter->runController(Object(App\Controllers\Home))
#5 /opt/lampp/htdocs/LabustaCI/system/CodeIgniter.php(336): CodeIgniter\CodeIgniter->handleRequest(NULL, Object(Config\Cache), false)
#6 /opt/lampp/htdocs/LabustaCI/public/index.php(37): CodeIgniter\CodeIgniter->run()
#7 /opt/lampp/htdocs/LabustaCI/system/Commands/Server/rewrite.php(45): require_once('/opt/lampp/htdo...')
#8 {main}
CRITICAL - 2021-08-16 23:41:19 --> Invalid file: adminLte/index.php
#0 /opt/lampp/htdocs/LabustaCI/system/View/View.php(213): CodeIgniter\Exceptions\FrameworkException::forInvalidFile('adminLte/index....')
#1 /opt/lampp/htdocs/LabustaCI/system/Common.php(1271): CodeIgniter\View\View->render('adminLte/index', Array, true)
#2 /opt/lampp/htdocs/LabustaCI/app/Controllers/Home.php(9): view('adminLte/index')
#3 /opt/lampp/htdocs/LabustaCI/system/CodeIgniter.php(928): App\Controllers\Home->index()
#4 /opt/lampp/htdocs/LabustaCI/system/CodeIgniter.php(436): CodeIgniter\CodeIgniter->runController(Object(App\Controllers\Home))
#5 /opt/lampp/htdocs/LabustaCI/system/CodeIgniter.php(336): CodeIgniter\CodeIgniter->handleRequest(NULL, Object(Config\Cache), false)
#6 /opt/lampp/htdocs/LabustaCI/public/index.php(37): CodeIgniter\CodeIgniter->run()
#7 /opt/lampp/htdocs/LabustaCI/system/Commands/Server/rewrite.php(45): require_once('/opt/lampp/htdo...')
#8 {main}
CRITICAL - 2021-08-16 23:41:20 --> Invalid file: adminLte/index.php
#0 /opt/lampp/htdocs/LabustaCI/system/View/View.php(213): CodeIgniter\Exceptions\FrameworkException::forInvalidFile('adminLte/index....')
#1 /opt/lampp/htdocs/LabustaCI/system/Common.php(1271): CodeIgniter\View\View->render('adminLte/index', Array, true)
#2 /opt/lampp/htdocs/LabustaCI/app/Controllers/Home.php(9): view('adminLte/index')
#3 /opt/lampp/htdocs/LabustaCI/system/CodeIgniter.php(928): App\Controllers\Home->index()
#4 /opt/lampp/htdocs/LabustaCI/system/CodeIgniter.php(436): CodeIgniter\CodeIgniter->runController(Object(App\Controllers\Home))
#5 /opt/lampp/htdocs/LabustaCI/system/CodeIgniter.php(336): CodeIgniter\CodeIgniter->handleRequest(NULL, Object(Config\Cache), false)
#6 /opt/lampp/htdocs/LabustaCI/public/index.php(37): CodeIgniter\CodeIgniter->run()
#7 /opt/lampp/htdocs/LabustaCI/system/Commands/Server/rewrite.php(45): require_once('/opt/lampp/htdo...')
#8 {main}
CRITICAL - 2021-08-16 23:43:01 --> Invalid file: adminLte/index.php
#0 /opt/lampp/htdocs/LabustaCI/system/View/View.php(213): CodeIgniter\Exceptions\FrameworkException::forInvalidFile('adminLte/index....')
#1 /opt/lampp/htdocs/LabustaCI/system/Common.php(1271): CodeIgniter\View\View->render('adminLte/index', Array, true)
#2 /opt/lampp/htdocs/LabustaCI/app/Controllers/Home.php(9): view('adminLte/index')
#3 /opt/lampp/htdocs/LabustaCI/system/CodeIgniter.php(928): App\Controllers\Home->index()
#4 /opt/lampp/htdocs/LabustaCI/system/CodeIgniter.php(436): CodeIgniter\CodeIgniter->runController(Object(App\Controllers\Home))
#5 /opt/lampp/htdocs/LabustaCI/system/CodeIgniter.php(336): CodeIgniter\CodeIgniter->handleRequest(NULL, Object(Config\Cache), false)
#6 /opt/lampp/htdocs/LabustaCI/public/index.php(37): CodeIgniter\CodeIgniter->run()
#7 /opt/lampp/htdocs/LabustaCI/system/Commands/Server/rewrite.php(45): require_once('/opt/lampp/htdo...')
#8 {main}
CRITICAL - 2021-08-16 23:43:40 --> Invalid file: Views/adminLte/index.php
#0 /opt/lampp/htdocs/LabustaCI/system/View/View.php(213): CodeIgniter\Exceptions\FrameworkException::forInvalidFile('Views/adminLte/...')
#1 /opt/lampp/htdocs/LabustaCI/system/Common.php(1271): CodeIgniter\View\View->render('Views/adminLte/...', Array, true)
#2 /opt/lampp/htdocs/LabustaCI/app/Controllers/Home.php(9): view('Views/adminLte/...')
#3 /opt/lampp/htdocs/LabustaCI/system/CodeIgniter.php(928): App\Controllers\Home->index()
#4 /opt/lampp/htdocs/LabustaCI/system/CodeIgniter.php(436): CodeIgniter\CodeIgniter->runController(Object(App\Controllers\Home))
#5 /opt/lampp/htdocs/LabustaCI/system/CodeIgniter.php(336): CodeIgniter\CodeIgniter->handleRequest(NULL, Object(Config\Cache), false)
#6 /opt/lampp/htdocs/LabustaCI/public/index.php(37): CodeIgniter\CodeIgniter->run()
#7 /opt/lampp/htdocs/LabustaCI/system/Commands/Server/rewrite.php(45): require_once('/opt/lampp/htdo...')
#8 {main}
CRITICAL - 2021-08-16 23:43:46 --> Invalid file: Views/adminLte.php
#0 /opt/lampp/htdocs/LabustaCI/system/View/View.php(213): CodeIgniter\Exceptions\FrameworkException::forInvalidFile('Views/adminLte....')
#1 /opt/lampp/htdocs/LabustaCI/system/Common.php(1271): CodeIgniter\View\View->render('Views/adminLte', Array, true)
#2 /opt/lampp/htdocs/LabustaCI/app/Controllers/Home.php(9): view('Views/adminLte')
#3 /opt/lampp/htdocs/LabustaCI/system/CodeIgniter.php(928): App\Controllers\Home->index()
#4 /opt/lampp/htdocs/LabustaCI/system/CodeIgniter.php(436): CodeIgniter\CodeIgniter->runController(Object(App\Controllers\Home))
#5 /opt/lampp/htdocs/LabustaCI/system/CodeIgniter.php(336): CodeIgniter\CodeIgniter->handleRequest(NULL, Object(Config\Cache), false)
#6 /opt/lampp/htdocs/LabustaCI/public/index.php(37): CodeIgniter\CodeIgniter->run()
#7 /opt/lampp/htdocs/LabustaCI/system/Commands/Server/rewrite.php(45): require_once('/opt/lampp/htdo...')
#8 {main}
CRITICAL - 2021-08-16 23:44:27 --> Invalid file: Views/adminLte.php
#0 /opt/lampp/htdocs/LabustaCI/system/View/View.php(213): CodeIgniter\Exceptions\FrameworkException::forInvalidFile('Views/adminLte....')
#1 /opt/lampp/htdocs/LabustaCI/system/Common.php(1271): CodeIgniter\View\View->render('Views/adminLte', Array, true)
#2 /opt/lampp/htdocs/LabustaCI/app/Controllers/Home.php(9): view('Views/adminLte')
#3 /opt/lampp/htdocs/LabustaCI/system/CodeIgniter.php(928): App\Controllers\Home->index()
#4 /opt/lampp/htdocs/LabustaCI/system/CodeIgniter.php(436): CodeIgniter\CodeIgniter->runController(Object(App\Controllers\Home))
#5 /opt/lampp/htdocs/LabustaCI/system/CodeIgniter.php(336): CodeIgniter\CodeIgniter->handleRequest(NULL, Object(Config\Cache), false)
#6 /opt/lampp/htdocs/LabustaCI/public/index.php(37): CodeIgniter\CodeIgniter->run()
#7 /opt/lampp/htdocs/LabustaCI/system/Commands/Server/rewrite.php(45): require_once('/opt/lampp/htdo...')
#8 {main}
CRITICAL - 2021-08-16 23:44:29 --> Invalid file: Views/adminLte.php
#0 /opt/lampp/htdocs/LabustaCI/system/View/View.php(213): CodeIgniter\Exceptions\FrameworkException::forInvalidFile('Views/adminLte....')
#1 /opt/lampp/htdocs/LabustaCI/system/Common.php(1271): CodeIgniter\View\View->render('Views/adminLte', Array, true)
#2 /opt/lampp/htdocs/LabustaCI/app/Controllers/Home.php(9): view('Views/adminLte')
#3 /opt/lampp/htdocs/LabustaCI/system/CodeIgniter.php(928): App\Controllers\Home->index()
#4 /opt/lampp/htdocs/LabustaCI/system/CodeIgniter.php(436): CodeIgniter\CodeIgniter->runController(Object(App\Controllers\Home))
#5 /opt/lampp/htdocs/LabustaCI/system/CodeIgniter.php(336): CodeIgniter\CodeIgniter->handleRequest(NULL, Object(Config\Cache), false)
#6 /opt/lampp/htdocs/LabustaCI/public/index.php(37): CodeIgniter\CodeIgniter->run()
#7 /opt/lampp/htdocs/LabustaCI/system/Commands/Server/rewrite.php(45): require_once('/opt/lampp/htdo...')
#8 {main}
