CRITICAL - 2021-08-30 20:13:15 --> Undefined index: nama
#0 /opt/lampp/htdocs/LabustaCI/app/Views/adminLte/navbar.php(22): CodeIgniter\Debug\Exceptions->errorHandler(8, 'Undefined index...', '/opt/lampp/htdo...', 22, Array)
#1 /opt/lampp/htdocs/LabustaCI/system/View/View.php(230): include('/opt/lampp/htdo...')
#2 /opt/lampp/htdocs/LabustaCI/system/View/View.php(232): CodeIgniter\View\View->CodeIgniter\View\{closure}()
#3 /opt/lampp/htdocs/LabustaCI/system/View/View.php(487): CodeIgniter\View\View->render('adminLte/navbar', NULL, true)
#4 /opt/lampp/htdocs/LabustaCI/app/Views/admin/kelola_siswa.php(43): CodeIgniter\View\View->include('adminLte/navbar')
#5 /opt/lampp/htdocs/LabustaCI/system/View/View.php(230): include('/opt/lampp/htdo...')
#6 /opt/lampp/htdocs/LabustaCI/system/View/View.php(232): CodeIgniter\View\View->CodeIgniter\View\{closure}()
#7 /opt/lampp/htdocs/LabustaCI/system/Common.php(1271): CodeIgniter\View\View->render('admin/kelola_si...', Array, true)
#8 /opt/lampp/htdocs/LabustaCI/app/Controllers/Home.php(32): view('admin/kelola_si...', Array)
#9 /opt/lampp/htdocs/LabustaCI/system/CodeIgniter.php(928): App\Controllers\Home->kelola_siswa()
#10 /opt/lampp/htdocs/LabustaCI/system/CodeIgniter.php(436): CodeIgniter\CodeIgniter->runController(Object(App\Controllers\Home))
#11 /opt/lampp/htdocs/LabustaCI/system/CodeIgniter.php(336): CodeIgniter\CodeIgniter->handleRequest(NULL, Object(Config\Cache), false)
#12 /opt/lampp/htdocs/LabustaCI/public/index.php(37): CodeIgniter\CodeIgniter->run()
#13 /opt/lampp/htdocs/LabustaCI/system/Commands/Server/rewrite.php(45): require_once('/opt/lampp/htdo...')
#14 {main}
CRITICAL - 2021-08-30 20:14:14 --> Undefined index: nama
#0 /opt/lampp/htdocs/LabustaCI/app/Views/adminLte/navbar.php(22): CodeIgniter\Debug\Exceptions->errorHandler(8, 'Undefined index...', '/opt/lampp/htdo...', 22, Array)
#1 /opt/lampp/htdocs/LabustaCI/system/View/View.php(230): include('/opt/lampp/htdo...')
#2 /opt/lampp/htdocs/LabustaCI/system/View/View.php(232): CodeIgniter\View\View->CodeIgniter\View\{closure}()
#3 /opt/lampp/htdocs/LabustaCI/system/View/View.php(487): CodeIgniter\View\View->render('adminLte/navbar', NULL, true)
#4 /opt/lampp/htdocs/LabustaCI/app/Views/admin/kelola_siswa.php(43): CodeIgniter\View\View->include('adminLte/navbar')
#5 /opt/lampp/htdocs/LabustaCI/system/View/View.php(230): include('/opt/lampp/htdo...')
#6 /opt/lampp/htdocs/LabustaCI/system/View/View.php(232): CodeIgniter\View\View->CodeIgniter\View\{closure}()
#7 /opt/lampp/htdocs/LabustaCI/system/Common.php(1271): CodeIgniter\View\View->render('admin/kelola_si...', Array, true)
#8 /opt/lampp/htdocs/LabustaCI/app/Controllers/Home.php(32): view('admin/kelola_si...', Array)
#9 /opt/lampp/htdocs/LabustaCI/system/CodeIgniter.php(928): App\Controllers\Home->kelola_siswa()
#10 /opt/lampp/htdocs/LabustaCI/system/CodeIgniter.php(436): CodeIgniter\CodeIgniter->runController(Object(App\Controllers\Home))
#11 /opt/lampp/htdocs/LabustaCI/system/CodeIgniter.php(336): CodeIgniter\CodeIgniter->handleRequest(NULL, Object(Config\Cache), false)
#12 /opt/lampp/htdocs/LabustaCI/public/index.php(37): CodeIgniter\CodeIgniter->run()
#13 /opt/lampp/htdocs/LabustaCI/system/Commands/Server/rewrite.php(45): require_once('/opt/lampp/htdo...')
#14 {main}
CRITICAL - 2021-08-30 20:14:15 --> Undefined index: nama
#0 /opt/lampp/htdocs/LabustaCI/app/Views/adminLte/navbar.php(22): CodeIgniter\Debug\Exceptions->errorHandler(8, 'Undefined index...', '/opt/lampp/htdo...', 22, Array)
#1 /opt/lampp/htdocs/LabustaCI/system/View/View.php(230): include('/opt/lampp/htdo...')
#2 /opt/lampp/htdocs/LabustaCI/system/View/View.php(232): CodeIgniter\View\View->CodeIgniter\View\{closure}()
#3 /opt/lampp/htdocs/LabustaCI/system/View/View.php(487): CodeIgniter\View\View->render('adminLte/navbar', NULL, true)
#4 /opt/lampp/htdocs/LabustaCI/app/Views/admin/kelola_siswa.php(43): CodeIgniter\View\View->include('adminLte/navbar')
#5 /opt/lampp/htdocs/LabustaCI/system/View/View.php(230): include('/opt/lampp/htdo...')
#6 /opt/lampp/htdocs/LabustaCI/system/View/View.php(232): CodeIgniter\View\View->CodeIgniter\View\{closure}()
#7 /opt/lampp/htdocs/LabustaCI/system/Common.php(1271): CodeIgniter\View\View->render('admin/kelola_si...', Array, true)
#8 /opt/lampp/htdocs/LabustaCI/app/Controllers/Home.php(32): view('admin/kelola_si...', Array)
#9 /opt/lampp/htdocs/LabustaCI/system/CodeIgniter.php(928): App\Controllers\Home->kelola_siswa()
#10 /opt/lampp/htdocs/LabustaCI/system/CodeIgniter.php(436): CodeIgniter\CodeIgniter->runController(Object(App\Controllers\Home))
#11 /opt/lampp/htdocs/LabustaCI/system/CodeIgniter.php(336): CodeIgniter\CodeIgniter->handleRequest(NULL, Object(Config\Cache), false)
#12 /opt/lampp/htdocs/LabustaCI/public/index.php(37): CodeIgniter\CodeIgniter->run()
#13 /opt/lampp/htdocs/LabustaCI/system/Commands/Server/rewrite.php(45): require_once('/opt/lampp/htdo...')
#14 {main}
CRITICAL - 2021-08-30 20:14:57 --> Undefined index: nama
#0 /opt/lampp/htdocs/LabustaCI/app/Views/adminLte/navbar.php(22): CodeIgniter\Debug\Exceptions->errorHandler(8, 'Undefined index...', '/opt/lampp/htdo...', 22, Array)
#1 /opt/lampp/htdocs/LabustaCI/system/View/View.php(230): include('/opt/lampp/htdo...')
#2 /opt/lampp/htdocs/LabustaCI/system/View/View.php(232): CodeIgniter\View\View->CodeIgniter\View\{closure}()
#3 /opt/lampp/htdocs/LabustaCI/system/View/View.php(487): CodeIgniter\View\View->render('adminLte/navbar', NULL, true)
#4 /opt/lampp/htdocs/LabustaCI/app/Views/admin/kelola_siswa.php(43): CodeIgniter\View\View->include('adminLte/navbar')
#5 /opt/lampp/htdocs/LabustaCI/system/View/View.php(230): include('/opt/lampp/htdo...')
#6 /opt/lampp/htdocs/LabustaCI/system/View/View.php(232): CodeIgniter\View\View->CodeIgniter\View\{closure}()
#7 /opt/lampp/htdocs/LabustaCI/system/Common.php(1271): CodeIgniter\View\View->render('admin/kelola_si...', Array, true)
#8 /opt/lampp/htdocs/LabustaCI/app/Controllers/Home.php(32): view('admin/kelola_si...', Array)
#9 /opt/lampp/htdocs/LabustaCI/system/CodeIgniter.php(928): App\Controllers\Home->kelola_siswa()
#10 /opt/lampp/htdocs/LabustaCI/system/CodeIgniter.php(436): CodeIgniter\CodeIgniter->runController(Object(App\Controllers\Home))
#11 /opt/lampp/htdocs/LabustaCI/system/CodeIgniter.php(336): CodeIgniter\CodeIgniter->handleRequest(NULL, Object(Config\Cache), false)
#12 /opt/lampp/htdocs/LabustaCI/public/index.php(37): CodeIgniter\CodeIgniter->run()
#13 /opt/lampp/htdocs/LabustaCI/system/Commands/Server/rewrite.php(45): require_once('/opt/lampp/htdo...')
#14 {main}
CRITICAL - 2021-08-30 20:14:59 --> Undefined index: nama
#0 /opt/lampp/htdocs/LabustaCI/app/Views/adminLte/navbar.php(22): CodeIgniter\Debug\Exceptions->errorHandler(8, 'Undefined index...', '/opt/lampp/htdo...', 22, Array)
#1 /opt/lampp/htdocs/LabustaCI/system/View/View.php(230): include('/opt/lampp/htdo...')
#2 /opt/lampp/htdocs/LabustaCI/system/View/View.php(232): CodeIgniter\View\View->CodeIgniter\View\{closure}()
#3 /opt/lampp/htdocs/LabustaCI/system/View/View.php(487): CodeIgniter\View\View->render('adminLte/navbar', NULL, true)
#4 /opt/lampp/htdocs/LabustaCI/app/Views/admin/kelola_siswa.php(43): CodeIgniter\View\View->include('adminLte/navbar')
#5 /opt/lampp/htdocs/LabustaCI/system/View/View.php(230): include('/opt/lampp/htdo...')
#6 /opt/lampp/htdocs/LabustaCI/system/View/View.php(232): CodeIgniter\View\View->CodeIgniter\View\{closure}()
#7 /opt/lampp/htdocs/LabustaCI/system/Common.php(1271): CodeIgniter\View\View->render('admin/kelola_si...', Array, true)
#8 /opt/lampp/htdocs/LabustaCI/app/Controllers/Home.php(32): view('admin/kelola_si...', Array)
#9 /opt/lampp/htdocs/LabustaCI/system/CodeIgniter.php(928): App\Controllers\Home->kelola_siswa()
#10 /opt/lampp/htdocs/LabustaCI/system/CodeIgniter.php(436): CodeIgniter\CodeIgniter->runController(Object(App\Controllers\Home))
#11 /opt/lampp/htdocs/LabustaCI/system/CodeIgniter.php(336): CodeIgniter\CodeIgniter->handleRequest(NULL, Object(Config\Cache), false)
#12 /opt/lampp/htdocs/LabustaCI/public/index.php(37): CodeIgniter\CodeIgniter->run()
#13 /opt/lampp/htdocs/LabustaCI/system/Commands/Server/rewrite.php(45): require_once('/opt/lampp/htdo...')
#14 {main}
CRITICAL - 2021-08-30 20:15:18 --> Undefined index: nama
#0 /opt/lampp/htdocs/LabustaCI/app/Views/adminLte/navbar.php(22): CodeIgniter\Debug\Exceptions->errorHandler(8, 'Undefined index...', '/opt/lampp/htdo...', 22, Array)
#1 /opt/lampp/htdocs/LabustaCI/system/View/View.php(230): include('/opt/lampp/htdo...')
#2 /opt/lampp/htdocs/LabustaCI/system/View/View.php(232): CodeIgniter\View\View->CodeIgniter\View\{closure}()
#3 /opt/lampp/htdocs/LabustaCI/system/View/View.php(487): CodeIgniter\View\View->render('adminLte/navbar', NULL, true)
#4 /opt/lampp/htdocs/LabustaCI/app/Views/admin/kelola_siswa.php(43): CodeIgniter\View\View->include('adminLte/navbar')
#5 /opt/lampp/htdocs/LabustaCI/system/View/View.php(230): include('/opt/lampp/htdo...')
#6 /opt/lampp/htdocs/LabustaCI/system/View/View.php(232): CodeIgniter\View\View->CodeIgniter\View\{closure}()
#7 /opt/lampp/htdocs/LabustaCI/system/Common.php(1271): CodeIgniter\View\View->render('admin/kelola_si...', Array, true)
#8 /opt/lampp/htdocs/LabustaCI/app/Controllers/Home.php(32): view('admin/kelola_si...', Array)
#9 /opt/lampp/htdocs/LabustaCI/system/CodeIgniter.php(928): App\Controllers\Home->kelola_siswa()
#10 /opt/lampp/htdocs/LabustaCI/system/CodeIgniter.php(436): CodeIgniter\CodeIgniter->runController(Object(App\Controllers\Home))
#11 /opt/lampp/htdocs/LabustaCI/system/CodeIgniter.php(336): CodeIgniter\CodeIgniter->handleRequest(NULL, Object(Config\Cache), false)
#12 /opt/lampp/htdocs/LabustaCI/public/index.php(37): CodeIgniter\CodeIgniter->run()
#13 /opt/lampp/htdocs/LabustaCI/system/Commands/Server/rewrite.php(45): require_once('/opt/lampp/htdo...')
#14 {main}
CRITICAL - 2021-08-30 20:15:19 --> Undefined index: nama
#0 /opt/lampp/htdocs/LabustaCI/app/Views/adminLte/navbar.php(22): CodeIgniter\Debug\Exceptions->errorHandler(8, 'Undefined index...', '/opt/lampp/htdo...', 22, Array)
#1 /opt/lampp/htdocs/LabustaCI/system/View/View.php(230): include('/opt/lampp/htdo...')
#2 /opt/lampp/htdocs/LabustaCI/system/View/View.php(232): CodeIgniter\View\View->CodeIgniter\View\{closure}()
#3 /opt/lampp/htdocs/LabustaCI/system/View/View.php(487): CodeIgniter\View\View->render('adminLte/navbar', NULL, true)
#4 /opt/lampp/htdocs/LabustaCI/app/Views/admin/kelola_siswa.php(43): CodeIgniter\View\View->include('adminLte/navbar')
#5 /opt/lampp/htdocs/LabustaCI/system/View/View.php(230): include('/opt/lampp/htdo...')
#6 /opt/lampp/htdocs/LabustaCI/system/View/View.php(232): CodeIgniter\View\View->CodeIgniter\View\{closure}()
#7 /opt/lampp/htdocs/LabustaCI/system/Common.php(1271): CodeIgniter\View\View->render('admin/kelola_si...', Array, true)
#8 /opt/lampp/htdocs/LabustaCI/app/Controllers/Home.php(32): view('admin/kelola_si...', Array)
#9 /opt/lampp/htdocs/LabustaCI/system/CodeIgniter.php(928): App\Controllers\Home->kelola_siswa()
#10 /opt/lampp/htdocs/LabustaCI/system/CodeIgniter.php(436): CodeIgniter\CodeIgniter->runController(Object(App\Controllers\Home))
#11 /opt/lampp/htdocs/LabustaCI/system/CodeIgniter.php(336): CodeIgniter\CodeIgniter->handleRequest(NULL, Object(Config\Cache), false)
#12 /opt/lampp/htdocs/LabustaCI/public/index.php(37): CodeIgniter\CodeIgniter->run()
#13 /opt/lampp/htdocs/LabustaCI/system/Commands/Server/rewrite.php(45): require_once('/opt/lampp/htdo...')
#14 {main}
CRITICAL - 2021-08-30 20:15:20 --> Undefined index: nama
#0 /opt/lampp/htdocs/LabustaCI/app/Views/adminLte/navbar.php(22): CodeIgniter\Debug\Exceptions->errorHandler(8, 'Undefined index...', '/opt/lampp/htdo...', 22, Array)
#1 /opt/lampp/htdocs/LabustaCI/system/View/View.php(230): include('/opt/lampp/htdo...')
#2 /opt/lampp/htdocs/LabustaCI/system/View/View.php(232): CodeIgniter\View\View->CodeIgniter\View\{closure}()
#3 /opt/lampp/htdocs/LabustaCI/system/View/View.php(487): CodeIgniter\View\View->render('adminLte/navbar', NULL, true)
#4 /opt/lampp/htdocs/LabustaCI/app/Views/admin/kelola_siswa.php(43): CodeIgniter\View\View->include('adminLte/navbar')
#5 /opt/lampp/htdocs/LabustaCI/system/View/View.php(230): include('/opt/lampp/htdo...')
#6 /opt/lampp/htdocs/LabustaCI/system/View/View.php(232): CodeIgniter\View\View->CodeIgniter\View\{closure}()
#7 /opt/lampp/htdocs/LabustaCI/system/Common.php(1271): CodeIgniter\View\View->render('admin/kelola_si...', Array, true)
#8 /opt/lampp/htdocs/LabustaCI/app/Controllers/Home.php(32): view('admin/kelola_si...', Array)
#9 /opt/lampp/htdocs/LabustaCI/system/CodeIgniter.php(928): App\Controllers\Home->kelola_siswa()
#10 /opt/lampp/htdocs/LabustaCI/system/CodeIgniter.php(436): CodeIgniter\CodeIgniter->runController(Object(App\Controllers\Home))
#11 /opt/lampp/htdocs/LabustaCI/system/CodeIgniter.php(336): CodeIgniter\CodeIgniter->handleRequest(NULL, Object(Config\Cache), false)
#12 /opt/lampp/htdocs/LabustaCI/public/index.php(37): CodeIgniter\CodeIgniter->run()
#13 /opt/lampp/htdocs/LabustaCI/system/Commands/Server/rewrite.php(45): require_once('/opt/lampp/htdo...')
#14 {main}
CRITICAL - 2021-08-30 20:15:20 --> Undefined index: nama
#0 /opt/lampp/htdocs/LabustaCI/app/Views/adminLte/navbar.php(22): CodeIgniter\Debug\Exceptions->errorHandler(8, 'Undefined index...', '/opt/lampp/htdo...', 22, Array)
#1 /opt/lampp/htdocs/LabustaCI/system/View/View.php(230): include('/opt/lampp/htdo...')
#2 /opt/lampp/htdocs/LabustaCI/system/View/View.php(232): CodeIgniter\View\View->CodeIgniter\View\{closure}()
#3 /opt/lampp/htdocs/LabustaCI/system/View/View.php(487): CodeIgniter\View\View->render('adminLte/navbar', NULL, true)
#4 /opt/lampp/htdocs/LabustaCI/app/Views/admin/kelola_siswa.php(43): CodeIgniter\View\View->include('adminLte/navbar')
#5 /opt/lampp/htdocs/LabustaCI/system/View/View.php(230): include('/opt/lampp/htdo...')
#6 /opt/lampp/htdocs/LabustaCI/system/View/View.php(232): CodeIgniter\View\View->CodeIgniter\View\{closure}()
#7 /opt/lampp/htdocs/LabustaCI/system/Common.php(1271): CodeIgniter\View\View->render('admin/kelola_si...', Array, true)
#8 /opt/lampp/htdocs/LabustaCI/app/Controllers/Home.php(32): view('admin/kelola_si...', Array)
#9 /opt/lampp/htdocs/LabustaCI/system/CodeIgniter.php(928): App\Controllers\Home->kelola_siswa()
#10 /opt/lampp/htdocs/LabustaCI/system/CodeIgniter.php(436): CodeIgniter\CodeIgniter->runController(Object(App\Controllers\Home))
#11 /opt/lampp/htdocs/LabustaCI/system/CodeIgniter.php(336): CodeIgniter\CodeIgniter->handleRequest(NULL, Object(Config\Cache), false)
#12 /opt/lampp/htdocs/LabustaCI/public/index.php(37): CodeIgniter\CodeIgniter->run()
#13 /opt/lampp/htdocs/LabustaCI/system/Commands/Server/rewrite.php(45): require_once('/opt/lampp/htdo...')
#14 {main}
CRITICAL - 2021-08-30 20:15:21 --> Undefined index: nama
#0 /opt/lampp/htdocs/LabustaCI/app/Views/adminLte/navbar.php(22): CodeIgniter\Debug\Exceptions->errorHandler(8, 'Undefined index...', '/opt/lampp/htdo...', 22, Array)
#1 /opt/lampp/htdocs/LabustaCI/system/View/View.php(230): include('/opt/lampp/htdo...')
#2 /opt/lampp/htdocs/LabustaCI/system/View/View.php(232): CodeIgniter\View\View->CodeIgniter\View\{closure}()
#3 /opt/lampp/htdocs/LabustaCI/system/View/View.php(487): CodeIgniter\View\View->render('adminLte/navbar', NULL, true)
#4 /opt/lampp/htdocs/LabustaCI/app/Views/admin/kelola_siswa.php(43): CodeIgniter\View\View->include('adminLte/navbar')
#5 /opt/lampp/htdocs/LabustaCI/system/View/View.php(230): include('/opt/lampp/htdo...')
#6 /opt/lampp/htdocs/LabustaCI/system/View/View.php(232): CodeIgniter\View\View->CodeIgniter\View\{closure}()
#7 /opt/lampp/htdocs/LabustaCI/system/Common.php(1271): CodeIgniter\View\View->render('admin/kelola_si...', Array, true)
#8 /opt/lampp/htdocs/LabustaCI/app/Controllers/Home.php(32): view('admin/kelola_si...', Array)
#9 /opt/lampp/htdocs/LabustaCI/system/CodeIgniter.php(928): App\Controllers\Home->kelola_siswa()
#10 /opt/lampp/htdocs/LabustaCI/system/CodeIgniter.php(436): CodeIgniter\CodeIgniter->runController(Object(App\Controllers\Home))
#11 /opt/lampp/htdocs/LabustaCI/system/CodeIgniter.php(336): CodeIgniter\CodeIgniter->handleRequest(NULL, Object(Config\Cache), false)
#12 /opt/lampp/htdocs/LabustaCI/public/index.php(37): CodeIgniter\CodeIgniter->run()
#13 /opt/lampp/htdocs/LabustaCI/system/Commands/Server/rewrite.php(45): require_once('/opt/lampp/htdo...')
#14 {main}
CRITICAL - 2021-08-30 20:15:21 --> Undefined index: nama
#0 /opt/lampp/htdocs/LabustaCI/app/Views/adminLte/navbar.php(22): CodeIgniter\Debug\Exceptions->errorHandler(8, 'Undefined index...', '/opt/lampp/htdo...', 22, Array)
#1 /opt/lampp/htdocs/LabustaCI/system/View/View.php(230): include('/opt/lampp/htdo...')
#2 /opt/lampp/htdocs/LabustaCI/system/View/View.php(232): CodeIgniter\View\View->CodeIgniter\View\{closure}()
#3 /opt/lampp/htdocs/LabustaCI/system/View/View.php(487): CodeIgniter\View\View->render('adminLte/navbar', NULL, true)
#4 /opt/lampp/htdocs/LabustaCI/app/Views/admin/kelola_siswa.php(43): CodeIgniter\View\View->include('adminLte/navbar')
#5 /opt/lampp/htdocs/LabustaCI/system/View/View.php(230): include('/opt/lampp/htdo...')
#6 /opt/lampp/htdocs/LabustaCI/system/View/View.php(232): CodeIgniter\View\View->CodeIgniter\View\{closure}()
#7 /opt/lampp/htdocs/LabustaCI/system/Common.php(1271): CodeIgniter\View\View->render('admin/kelola_si...', Array, true)
#8 /opt/lampp/htdocs/LabustaCI/app/Controllers/Home.php(32): view('admin/kelola_si...', Array)
#9 /opt/lampp/htdocs/LabustaCI/system/CodeIgniter.php(928): App\Controllers\Home->kelola_siswa()
#10 /opt/lampp/htdocs/LabustaCI/system/CodeIgniter.php(436): CodeIgniter\CodeIgniter->runController(Object(App\Controllers\Home))
#11 /opt/lampp/htdocs/LabustaCI/system/CodeIgniter.php(336): CodeIgniter\CodeIgniter->handleRequest(NULL, Object(Config\Cache), false)
#12 /opt/lampp/htdocs/LabustaCI/public/index.php(37): CodeIgniter\CodeIgniter->run()
#13 /opt/lampp/htdocs/LabustaCI/system/Commands/Server/rewrite.php(45): require_once('/opt/lampp/htdo...')
#14 {main}
CRITICAL - 2021-08-30 20:15:22 --> Undefined index: nama
#0 /opt/lampp/htdocs/LabustaCI/app/Views/adminLte/navbar.php(22): CodeIgniter\Debug\Exceptions->errorHandler(8, 'Undefined index...', '/opt/lampp/htdo...', 22, Array)
#1 /opt/lampp/htdocs/LabustaCI/system/View/View.php(230): include('/opt/lampp/htdo...')
#2 /opt/lampp/htdocs/LabustaCI/system/View/View.php(232): CodeIgniter\View\View->CodeIgniter\View\{closure}()
#3 /opt/lampp/htdocs/LabustaCI/system/View/View.php(487): CodeIgniter\View\View->render('adminLte/navbar', NULL, true)
#4 /opt/lampp/htdocs/LabustaCI/app/Views/admin/kelola_siswa.php(43): CodeIgniter\View\View->include('adminLte/navbar')
#5 /opt/lampp/htdocs/LabustaCI/system/View/View.php(230): include('/opt/lampp/htdo...')
#6 /opt/lampp/htdocs/LabustaCI/system/View/View.php(232): CodeIgniter\View\View->CodeIgniter\View\{closure}()
#7 /opt/lampp/htdocs/LabustaCI/system/Common.php(1271): CodeIgniter\View\View->render('admin/kelola_si...', Array, true)
#8 /opt/lampp/htdocs/LabustaCI/app/Controllers/Home.php(32): view('admin/kelola_si...', Array)
#9 /opt/lampp/htdocs/LabustaCI/system/CodeIgniter.php(928): App\Controllers\Home->kelola_siswa()
#10 /opt/lampp/htdocs/LabustaCI/system/CodeIgniter.php(436): CodeIgniter\CodeIgniter->runController(Object(App\Controllers\Home))
#11 /opt/lampp/htdocs/LabustaCI/system/CodeIgniter.php(336): CodeIgniter\CodeIgniter->handleRequest(NULL, Object(Config\Cache), false)
#12 /opt/lampp/htdocs/LabustaCI/public/index.php(37): CodeIgniter\CodeIgniter->run()
#13 /opt/lampp/htdocs/LabustaCI/system/Commands/Server/rewrite.php(45): require_once('/opt/lampp/htdo...')
#14 {main}
CRITICAL - 2021-08-30 20:16:00 --> Undefined index: nama
#0 /opt/lampp/htdocs/LabustaCI/app/Views/adminLte/navbar.php(22): CodeIgniter\Debug\Exceptions->errorHandler(8, 'Undefined index...', '/opt/lampp/htdo...', 22, Array)
#1 /opt/lampp/htdocs/LabustaCI/system/View/View.php(230): include('/opt/lampp/htdo...')
#2 /opt/lampp/htdocs/LabustaCI/system/View/View.php(232): CodeIgniter\View\View->CodeIgniter\View\{closure}()
#3 /opt/lampp/htdocs/LabustaCI/system/View/View.php(487): CodeIgniter\View\View->render('adminLte/navbar', NULL, true)
#4 /opt/lampp/htdocs/LabustaCI/app/Views/admin/kelola_siswa.php(43): CodeIgniter\View\View->include('adminLte/navbar')
#5 /opt/lampp/htdocs/LabustaCI/system/View/View.php(230): include('/opt/lampp/htdo...')
#6 /opt/lampp/htdocs/LabustaCI/system/View/View.php(232): CodeIgniter\View\View->CodeIgniter\View\{closure}()
#7 /opt/lampp/htdocs/LabustaCI/system/Common.php(1271): CodeIgniter\View\View->render('admin/kelola_si...', Array, true)
#8 /opt/lampp/htdocs/LabustaCI/app/Controllers/Home.php(32): view('admin/kelola_si...', Array)
#9 /opt/lampp/htdocs/LabustaCI/system/CodeIgniter.php(928): App\Controllers\Home->kelola_siswa()
#10 /opt/lampp/htdocs/LabustaCI/system/CodeIgniter.php(436): CodeIgniter\CodeIgniter->runController(Object(App\Controllers\Home))
#11 /opt/lampp/htdocs/LabustaCI/system/CodeIgniter.php(336): CodeIgniter\CodeIgniter->handleRequest(NULL, Object(Config\Cache), false)
#12 /opt/lampp/htdocs/LabustaCI/public/index.php(37): CodeIgniter\CodeIgniter->run()
#13 /opt/lampp/htdocs/LabustaCI/system/Commands/Server/rewrite.php(45): require_once('/opt/lampp/htdo...')
#14 {main}
CRITICAL - 2021-08-30 20:16:36 --> Undefined variable: session
#0 /opt/lampp/htdocs/LabustaCI/app/Views/adminLte/navbar.php(22): CodeIgniter\Debug\Exceptions->errorHandler(8, 'Undefined varia...', '/opt/lampp/htdo...', 22, Array)
#1 /opt/lampp/htdocs/LabustaCI/system/View/View.php(230): include('/opt/lampp/htdo...')
#2 /opt/lampp/htdocs/LabustaCI/system/View/View.php(232): CodeIgniter\View\View->CodeIgniter\View\{closure}()
#3 /opt/lampp/htdocs/LabustaCI/system/View/View.php(487): CodeIgniter\View\View->render('adminLte/navbar', NULL, true)
#4 /opt/lampp/htdocs/LabustaCI/app/Views/admin/kelola_siswa.php(43): CodeIgniter\View\View->include('adminLte/navbar')
#5 /opt/lampp/htdocs/LabustaCI/system/View/View.php(230): include('/opt/lampp/htdo...')
#6 /opt/lampp/htdocs/LabustaCI/system/View/View.php(232): CodeIgniter\View\View->CodeIgniter\View\{closure}()
#7 /opt/lampp/htdocs/LabustaCI/system/Common.php(1271): CodeIgniter\View\View->render('admin/kelola_si...', Array, true)
#8 /opt/lampp/htdocs/LabustaCI/app/Controllers/Home.php(32): view('admin/kelola_si...', Array)
#9 /opt/lampp/htdocs/LabustaCI/system/CodeIgniter.php(928): App\Controllers\Home->kelola_siswa()
#10 /opt/lampp/htdocs/LabustaCI/system/CodeIgniter.php(436): CodeIgniter\CodeIgniter->runController(Object(App\Controllers\Home))
#11 /opt/lampp/htdocs/LabustaCI/system/CodeIgniter.php(336): CodeIgniter\CodeIgniter->handleRequest(NULL, Object(Config\Cache), false)
#12 /opt/lampp/htdocs/LabustaCI/public/index.php(37): CodeIgniter\CodeIgniter->run()
#13 /opt/lampp/htdocs/LabustaCI/system/Commands/Server/rewrite.php(45): require_once('/opt/lampp/htdo...')
#14 {main}
CRITICAL - 2021-08-30 20:16:37 --> Undefined variable: session
#0 /opt/lampp/htdocs/LabustaCI/app/Views/adminLte/navbar.php(22): CodeIgniter\Debug\Exceptions->errorHandler(8, 'Undefined varia...', '/opt/lampp/htdo...', 22, Array)
#1 /opt/lampp/htdocs/LabustaCI/system/View/View.php(230): include('/opt/lampp/htdo...')
#2 /opt/lampp/htdocs/LabustaCI/system/View/View.php(232): CodeIgniter\View\View->CodeIgniter\View\{closure}()
#3 /opt/lampp/htdocs/LabustaCI/system/View/View.php(487): CodeIgniter\View\View->render('adminLte/navbar', NULL, true)
#4 /opt/lampp/htdocs/LabustaCI/app/Views/admin/kelola_siswa.php(43): CodeIgniter\View\View->include('adminLte/navbar')
#5 /opt/lampp/htdocs/LabustaCI/system/View/View.php(230): include('/opt/lampp/htdo...')
#6 /opt/lampp/htdocs/LabustaCI/system/View/View.php(232): CodeIgniter\View\View->CodeIgniter\View\{closure}()
#7 /opt/lampp/htdocs/LabustaCI/system/Common.php(1271): CodeIgniter\View\View->render('admin/kelola_si...', Array, true)
#8 /opt/lampp/htdocs/LabustaCI/app/Controllers/Home.php(32): view('admin/kelola_si...', Array)
#9 /opt/lampp/htdocs/LabustaCI/system/CodeIgniter.php(928): App\Controllers\Home->kelola_siswa()
#10 /opt/lampp/htdocs/LabustaCI/system/CodeIgniter.php(436): CodeIgniter\CodeIgniter->runController(Object(App\Controllers\Home))
#11 /opt/lampp/htdocs/LabustaCI/system/CodeIgniter.php(336): CodeIgniter\CodeIgniter->handleRequest(NULL, Object(Config\Cache), false)
#12 /opt/lampp/htdocs/LabustaCI/public/index.php(37): CodeIgniter\CodeIgniter->run()
#13 /opt/lampp/htdocs/LabustaCI/system/Commands/Server/rewrite.php(45): require_once('/opt/lampp/htdo...')
#14 {main}
CRITICAL - 2021-08-30 20:17:17 --> Undefined index: nama
#0 /opt/lampp/htdocs/LabustaCI/app/Views/adminLte/navbar.php(30): CodeIgniter\Debug\Exceptions->errorHandler(8, 'Undefined index...', '/opt/lampp/htdo...', 30, Array)
#1 /opt/lampp/htdocs/LabustaCI/system/View/View.php(230): include('/opt/lampp/htdo...')
#2 /opt/lampp/htdocs/LabustaCI/system/View/View.php(232): CodeIgniter\View\View->CodeIgniter\View\{closure}()
#3 /opt/lampp/htdocs/LabustaCI/system/View/View.php(487): CodeIgniter\View\View->render('adminLte/navbar', NULL, true)
#4 /opt/lampp/htdocs/LabustaCI/app/Views/admin/kelola_siswa.php(43): CodeIgniter\View\View->include('adminLte/navbar')
#5 /opt/lampp/htdocs/LabustaCI/system/View/View.php(230): include('/opt/lampp/htdo...')
#6 /opt/lampp/htdocs/LabustaCI/system/View/View.php(232): CodeIgniter\View\View->CodeIgniter\View\{closure}()
#7 /opt/lampp/htdocs/LabustaCI/system/Common.php(1271): CodeIgniter\View\View->render('admin/kelola_si...', Array, true)
#8 /opt/lampp/htdocs/LabustaCI/app/Controllers/Home.php(32): view('admin/kelola_si...', Array)
#9 /opt/lampp/htdocs/LabustaCI/system/CodeIgniter.php(928): App\Controllers\Home->kelola_siswa()
#10 /opt/lampp/htdocs/LabustaCI/system/CodeIgniter.php(436): CodeIgniter\CodeIgniter->runController(Object(App\Controllers\Home))
#11 /opt/lampp/htdocs/LabustaCI/system/CodeIgniter.php(336): CodeIgniter\CodeIgniter->handleRequest(NULL, Object(Config\Cache), false)
#12 /opt/lampp/htdocs/LabustaCI/public/index.php(37): CodeIgniter\CodeIgniter->run()
#13 /opt/lampp/htdocs/LabustaCI/system/Commands/Server/rewrite.php(45): require_once('/opt/lampp/htdo...')
#14 {main}
CRITICAL - 2021-08-30 20:36:15 --> Undefined variable: _SESSION
#0 /opt/lampp/htdocs/LabustaCI/app/Views/adminLte/navbar.php(22): CodeIgniter\Debug\Exceptions->errorHandler(8, 'Undefined varia...', '/opt/lampp/htdo...', 22, Array)
#1 /opt/lampp/htdocs/LabustaCI/system/View/View.php(230): include('/opt/lampp/htdo...')
#2 /opt/lampp/htdocs/LabustaCI/system/View/View.php(232): CodeIgniter\View\View->CodeIgniter\View\{closure}()
#3 /opt/lampp/htdocs/LabustaCI/system/View/View.php(487): CodeIgniter\View\View->render('adminLte/navbar', NULL, true)
#4 /opt/lampp/htdocs/LabustaCI/app/Views/admin/edit_siswa.php(46): CodeIgniter\View\View->include('adminLte/navbar')
#5 /opt/lampp/htdocs/LabustaCI/system/View/View.php(230): include('/opt/lampp/htdo...')
#6 /opt/lampp/htdocs/LabustaCI/system/View/View.php(232): CodeIgniter\View\View->CodeIgniter\View\{closure}()
#7 /opt/lampp/htdocs/LabustaCI/system/Common.php(1271): CodeIgniter\View\View->render('admin/edit_sisw...', Array, true)
#8 /opt/lampp/htdocs/LabustaCI/app/Controllers/Home.php(83): view('admin/edit_sisw...', Array)
#9 /opt/lampp/htdocs/LabustaCI/system/CodeIgniter.php(928): App\Controllers\Home->edit('1755201195')
#10 /opt/lampp/htdocs/LabustaCI/system/CodeIgniter.php(436): CodeIgniter\CodeIgniter->runController(Object(App\Controllers\Home))
#11 /opt/lampp/htdocs/LabustaCI/system/CodeIgniter.php(336): CodeIgniter\CodeIgniter->handleRequest(NULL, Object(Config\Cache), false)
#12 /opt/lampp/htdocs/LabustaCI/public/index.php(37): CodeIgniter\CodeIgniter->run()
#13 /opt/lampp/htdocs/LabustaCI/system/Commands/Server/rewrite.php(45): require_once('/opt/lampp/htdo...')
#14 {main}
CRITICAL - 2021-08-30 20:36:22 --> Undefined variable: _SESSION
#0 /opt/lampp/htdocs/LabustaCI/app/Views/adminLte/navbar.php(22): CodeIgniter\Debug\Exceptions->errorHandler(8, 'Undefined varia...', '/opt/lampp/htdo...', 22, Array)
#1 /opt/lampp/htdocs/LabustaCI/system/View/View.php(230): include('/opt/lampp/htdo...')
#2 /opt/lampp/htdocs/LabustaCI/system/View/View.php(232): CodeIgniter\View\View->CodeIgniter\View\{closure}()
#3 /opt/lampp/htdocs/LabustaCI/system/View/View.php(487): CodeIgniter\View\View->render('adminLte/navbar', NULL, true)
#4 /opt/lampp/htdocs/LabustaCI/app/Views/admin/edit_siswa.php(46): CodeIgniter\View\View->include('adminLte/navbar')
#5 /opt/lampp/htdocs/LabustaCI/system/View/View.php(230): include('/opt/lampp/htdo...')
#6 /opt/lampp/htdocs/LabustaCI/system/View/View.php(232): CodeIgniter\View\View->CodeIgniter\View\{closure}()
#7 /opt/lampp/htdocs/LabustaCI/system/Common.php(1271): CodeIgniter\View\View->render('admin/edit_sisw...', Array, true)
#8 /opt/lampp/htdocs/LabustaCI/app/Controllers/Home.php(83): view('admin/edit_sisw...', Array)
#9 /opt/lampp/htdocs/LabustaCI/system/CodeIgniter.php(928): App\Controllers\Home->edit('1755201195')
#10 /opt/lampp/htdocs/LabustaCI/system/CodeIgniter.php(436): CodeIgniter\CodeIgniter->runController(Object(App\Controllers\Home))
#11 /opt/lampp/htdocs/LabustaCI/system/CodeIgniter.php(336): CodeIgniter\CodeIgniter->handleRequest(NULL, Object(Config\Cache), false)
#12 /opt/lampp/htdocs/LabustaCI/public/index.php(37): CodeIgniter\CodeIgniter->run()
#13 /opt/lampp/htdocs/LabustaCI/system/Commands/Server/rewrite.php(45): require_once('/opt/lampp/htdo...')
#14 {main}
CRITICAL - 2021-08-30 23:02:24 --> Undefined variable: _SESSION
#0 C:\Users\adi winarno\Documents\skripsi\LabustaDashCI\app\Views\adminLte\navbar.php(22): CodeIgniter\Debug\Exceptions->errorHandler(8, 'Undefined varia...', 'C:\\Users\\adi wi...', 22, Array)
#1 C:\Users\adi winarno\Documents\skripsi\LabustaDashCI\system\View\View.php(230): include('C:\\Users\\adi wi...')
#2 C:\Users\adi winarno\Documents\skripsi\LabustaDashCI\system\View\View.php(232): CodeIgniter\View\View->CodeIgniter\View\{closure}()
#3 C:\Users\adi winarno\Documents\skripsi\LabustaDashCI\system\Common.php(1271): CodeIgniter\View\View->render('adminLte/navbar...', Array, true)
#4 C:\Users\adi winarno\Documents\skripsi\LabustaDashCI\app\Views\adminLte\wraper.php(3): view('adminLte/navbar...')
#5 C:\Users\adi winarno\Documents\skripsi\LabustaDashCI\system\View\View.php(230): include('C:\\Users\\adi wi...')
#6 C:\Users\adi winarno\Documents\skripsi\LabustaDashCI\system\View\View.php(232): CodeIgniter\View\View->CodeIgniter\View\{closure}()
#7 C:\Users\adi winarno\Documents\skripsi\LabustaDashCI\system\Common.php(1271): CodeIgniter\View\View->render('adminLte/wraper', Array, true)
#8 C:\Users\adi winarno\Documents\skripsi\LabustaDashCI\app\Controllers\Home.php(19): view('adminLte/wraper', Array)
#9 C:\Users\adi winarno\Documents\skripsi\LabustaDashCI\system\CodeIgniter.php(928): App\Controllers\Home->index()
#10 C:\Users\adi winarno\Documents\skripsi\LabustaDashCI\system\CodeIgniter.php(436): CodeIgniter\CodeIgniter->runController(Object(App\Controllers\Home))
#11 C:\Users\adi winarno\Documents\skripsi\LabustaDashCI\system\CodeIgniter.php(336): CodeIgniter\CodeIgniter->handleRequest(NULL, Object(Config\Cache), false)
#12 C:\Users\adi winarno\Documents\skripsi\LabustaDashCI\public\index.php(37): CodeIgniter\CodeIgniter->run()
#13 C:\Users\adi winarno\Documents\skripsi\LabustaDashCI\system\Commands\Server\rewrite.php(45): require_once('C:\\Users\\adi wi...')
#14 {main}
CRITICAL - 2021-08-30 23:02:58 --> Undefined variable: _SESSION
#0 C:\Users\adi winarno\Documents\skripsi\LabustaDashCI\app\Views\adminLte\navbar.php(22): CodeIgniter\Debug\Exceptions->errorHandler(8, 'Undefined varia...', 'C:\\Users\\adi wi...', 22, Array)
#1 C:\Users\adi winarno\Documents\skripsi\LabustaDashCI\system\View\View.php(230): include('C:\\Users\\adi wi...')
#2 C:\Users\adi winarno\Documents\skripsi\LabustaDashCI\system\View\View.php(232): CodeIgniter\View\View->CodeIgniter\View\{closure}()
#3 C:\Users\adi winarno\Documents\skripsi\LabustaDashCI\system\View\View.php(487): CodeIgniter\View\View->render('adminLte/navbar', NULL, true)
#4 C:\Users\adi winarno\Documents\skripsi\LabustaDashCI\app\Views\admin\edit_siswa.php(46): CodeIgniter\View\View->include('adminLte/navbar')
#5 C:\Users\adi winarno\Documents\skripsi\LabustaDashCI\system\View\View.php(230): include('C:\\Users\\adi wi...')
#6 C:\Users\adi winarno\Documents\skripsi\LabustaDashCI\system\View\View.php(232): CodeIgniter\View\View->CodeIgniter\View\{closure}()
#7 C:\Users\adi winarno\Documents\skripsi\LabustaDashCI\system\Common.php(1271): CodeIgniter\View\View->render('admin/edit_sisw...', Array, true)
#8 C:\Users\adi winarno\Documents\skripsi\LabustaDashCI\app\Controllers\Home.php(83): view('admin/edit_sisw...', Array)
#9 C:\Users\adi winarno\Documents\skripsi\LabustaDashCI\system\CodeIgniter.php(928): App\Controllers\Home->edit('1755201195')
#10 C:\Users\adi winarno\Documents\skripsi\LabustaDashCI\system\CodeIgniter.php(436): CodeIgniter\CodeIgniter->runController(Object(App\Controllers\Home))
#11 C:\Users\adi winarno\Documents\skripsi\LabustaDashCI\system\CodeIgniter.php(336): CodeIgniter\CodeIgniter->handleRequest(NULL, Object(Config\Cache), false)
#12 C:\Users\adi winarno\Documents\skripsi\LabustaDashCI\public\index.php(37): CodeIgniter\CodeIgniter->run()
#13 C:\Users\adi winarno\Documents\skripsi\LabustaDashCI\system\Commands\Server\rewrite.php(45): require_once('C:\\Users\\adi wi...')
#14 {main}
CRITICAL - 2021-08-30 23:04:20 --> Argument 2 passed to CodeIgniter\Database\BaseBuilder::insert() must be of the type bool or null, array given, called in C:\Users\adi winarno\Documents\skripsi\LabustaDashCI\app\Controllers\Home.php on line 70
#0 C:\Users\adi winarno\Documents\skripsi\LabustaDashCI\app\Controllers\Home.php(70): CodeIgniter\Database\BaseBuilder->insert(Array, Array)
#1 C:\Users\adi winarno\Documents\skripsi\LabustaDashCI\system\CodeIgniter.php(928): App\Controllers\Home->store()
#2 C:\Users\adi winarno\Documents\skripsi\LabustaDashCI\system\CodeIgniter.php(436): CodeIgniter\CodeIgniter->runController(Object(App\Controllers\Home))
#3 C:\Users\adi winarno\Documents\skripsi\LabustaDashCI\system\CodeIgniter.php(336): CodeIgniter\CodeIgniter->handleRequest(NULL, Object(Config\Cache), false)
#4 C:\Users\adi winarno\Documents\skripsi\LabustaDashCI\public\index.php(37): CodeIgniter\CodeIgniter->run()
#5 C:\Users\adi winarno\Documents\skripsi\LabustaDashCI\system\Commands\Server\rewrite.php(45): require_once('C:\\Users\\adi wi...')
#6 {main}
ERROR - 2021-08-30 23:06:09 --> Cannot add or update a child row: a foreign key constraint fails (`db_labusta`.`students`, CONSTRAINT `students_ibfk_1` FOREIGN KEY (`Id_Jurusan`) REFERENCES `jurusans` (`id`))
CRITICAL - 2021-08-30 23:06:09 --> Cannot add or update a child row: a foreign key constraint fails (`db_labusta`.`students`, CONSTRAINT `students_ibfk_1` FOREIGN KEY (`Id_Jurusan`) REFERENCES `jurusans` (`id`))
#0 C:\Users\adi winarno\Documents\skripsi\LabustaDashCI\system\Database\MySQLi\Connection.php(329): mysqli->query('INSERT INTO `st...')
#1 C:\Users\adi winarno\Documents\skripsi\LabustaDashCI\system\Database\BaseConnection.php(732): CodeIgniter\Database\MySQLi\Connection->execute('INSERT INTO `st...')
#2 C:\Users\adi winarno\Documents\skripsi\LabustaDashCI\system\Database\BaseConnection.php(647): CodeIgniter\Database\BaseConnection->simpleQuery('INSERT INTO `st...')
#3 C:\Users\adi winarno\Documents\skripsi\LabustaDashCI\system\Database\BaseBuilder.php(2277): CodeIgniter\Database\BaseConnection->query('INSERT INTO `st...', Array, false)
#4 C:\Users\adi winarno\Documents\skripsi\LabustaDashCI\app\Controllers\Home.php(60): CodeIgniter\Database\BaseBuilder->insert(Array)
#5 C:\Users\adi winarno\Documents\skripsi\LabustaDashCI\system\CodeIgniter.php(928): App\Controllers\Home->store()
#6 C:\Users\adi winarno\Documents\skripsi\LabustaDashCI\system\CodeIgniter.php(436): CodeIgniter\CodeIgniter->runController(Object(App\Controllers\Home))
#7 C:\Users\adi winarno\Documents\skripsi\LabustaDashCI\system\CodeIgniter.php(336): CodeIgniter\CodeIgniter->handleRequest(NULL, Object(Config\Cache), false)
#8 C:\Users\adi winarno\Documents\skripsi\LabustaDashCI\public\index.php(37): CodeIgniter\CodeIgniter->run()
#9 C:\Users\adi winarno\Documents\skripsi\LabustaDashCI\system\Commands\Server\rewrite.php(45): require_once('C:\\Users\\adi wi...')
#10 {main}
CRITICAL - 2021-08-30 23:06:51 --> Undefined property: stdClass::$Id_Kelas
#0 C:\Users\adi winarno\Documents\skripsi\LabustaDashCI\app\Views\admin\tambah_siswa.php(91): CodeIgniter\Debug\Exceptions->errorHandler(8, 'Undefined prope...', 'C:\\Users\\adi wi...', 91, Array)
#1 C:\Users\adi winarno\Documents\skripsi\LabustaDashCI\system\View\View.php(230): include('C:\\Users\\adi wi...')
#2 C:\Users\adi winarno\Documents\skripsi\LabustaDashCI\system\View\View.php(232): CodeIgniter\View\View->CodeIgniter\View\{closure}()
#3 C:\Users\adi winarno\Documents\skripsi\LabustaDashCI\system\Common.php(1271): CodeIgniter\View\View->render('admin/tambah_si...', Array, true)
#4 C:\Users\adi winarno\Documents\skripsi\LabustaDashCI\app\Controllers\Home.php(43): view('admin/tambah_si...', Array)
#5 C:\Users\adi winarno\Documents\skripsi\LabustaDashCI\system\CodeIgniter.php(928): App\Controllers\Home->create()
#6 C:\Users\adi winarno\Documents\skripsi\LabustaDashCI\system\CodeIgniter.php(436): CodeIgniter\CodeIgniter->runController(Object(App\Controllers\Home))
#7 C:\Users\adi winarno\Documents\skripsi\LabustaDashCI\system\CodeIgniter.php(336): CodeIgniter\CodeIgniter->handleRequest(NULL, Object(Config\Cache), false)
#8 C:\Users\adi winarno\Documents\skripsi\LabustaDashCI\public\index.php(37): CodeIgniter\CodeIgniter->run()
#9 C:\Users\adi winarno\Documents\skripsi\LabustaDashCI\system\Commands\Server\rewrite.php(45): require_once('C:\\Users\\adi wi...')
#10 {main}
CRITICAL - 2021-08-30 23:09:08 --> Undefined variable: _SESSION
#0 C:\Users\adi winarno\Documents\skripsi\LabustaDashCI\app\Views\adminLte\navbar.php(22): CodeIgniter\Debug\Exceptions->errorHandler(8, 'Undefined varia...', 'C:\\Users\\adi wi...', 22, Array)
#1 C:\Users\adi winarno\Documents\skripsi\LabustaDashCI\system\View\View.php(230): include('C:\\Users\\adi wi...')
#2 C:\Users\adi winarno\Documents\skripsi\LabustaDashCI\system\View\View.php(232): CodeIgniter\View\View->CodeIgniter\View\{closure}()
#3 C:\Users\adi winarno\Documents\skripsi\LabustaDashCI\system\View\View.php(487): CodeIgniter\View\View->render('adminLte/navbar', NULL, true)
#4 C:\Users\adi winarno\Documents\skripsi\LabustaDashCI\app\Views\admin\edit_siswa.php(46): CodeIgniter\View\View->include('adminLte/navbar')
#5 C:\Users\adi winarno\Documents\skripsi\LabustaDashCI\system\View\View.php(230): include('C:\\Users\\adi wi...')
#6 C:\Users\adi winarno\Documents\skripsi\LabustaDashCI\system\View\View.php(232): CodeIgniter\View\View->CodeIgniter\View\{closure}()
#7 C:\Users\adi winarno\Documents\skripsi\LabustaDashCI\system\Common.php(1271): CodeIgniter\View\View->render('admin/edit_sisw...', Array, true)
#8 C:\Users\adi winarno\Documents\skripsi\LabustaDashCI\app\Controllers\Home.php(73): view('admin/edit_sisw...', Array)
#9 C:\Users\adi winarno\Documents\skripsi\LabustaDashCI\system\CodeIgniter.php(928): App\Controllers\Home->edit('1755201195')
#10 C:\Users\adi winarno\Documents\skripsi\LabustaDashCI\system\CodeIgniter.php(436): CodeIgniter\CodeIgniter->runController(Object(App\Controllers\Home))
#11 C:\Users\adi winarno\Documents\skripsi\LabustaDashCI\system\CodeIgniter.php(336): CodeIgniter\CodeIgniter->handleRequest(NULL, Object(Config\Cache), false)
#12 C:\Users\adi winarno\Documents\skripsi\LabustaDashCI\public\index.php(37): CodeIgniter\CodeIgniter->run()
#13 C:\Users\adi winarno\Documents\skripsi\LabustaDashCI\system\Commands\Server\rewrite.php(45): require_once('C:\\Users\\adi wi...')
#14 {main}
CRITICAL - 2021-08-30 23:11:08 --> Class 'App\Controllers\KelasModel' not found
#0 C:\Users\adi winarno\Documents\skripsi\LabustaDashCI\system\CodeIgniter.php(928): App\Controllers\Materi->new()
#1 C:\Users\adi winarno\Documents\skripsi\LabustaDashCI\system\CodeIgniter.php(436): CodeIgniter\CodeIgniter->runController(Object(App\Controllers\Materi))
#2 C:\Users\adi winarno\Documents\skripsi\LabustaDashCI\system\CodeIgniter.php(336): CodeIgniter\CodeIgniter->handleRequest(NULL, Object(Config\Cache), false)
#3 C:\Users\adi winarno\Documents\skripsi\LabustaDashCI\public\index.php(37): CodeIgniter\CodeIgniter->run()
#4 C:\Users\adi winarno\Documents\skripsi\LabustaDashCI\system\Commands\Server\rewrite.php(45): require_once('C:\\Users\\adi wi...')
#5 {main}
CRITICAL - 2021-08-30 23:11:32 --> Undefined variable: kelasid
#0 C:\Users\adi winarno\Documents\skripsi\LabustaDashCI\app\Views\materi\tambah.php(83): CodeIgniter\Debug\Exceptions->errorHandler(8, 'Undefined varia...', 'C:\\Users\\adi wi...', 83, Array)
#1 C:\Users\adi winarno\Documents\skripsi\LabustaDashCI\system\View\View.php(230): include('C:\\Users\\adi wi...')
#2 C:\Users\adi winarno\Documents\skripsi\LabustaDashCI\system\View\View.php(232): CodeIgniter\View\View->CodeIgniter\View\{closure}()
#3 C:\Users\adi winarno\Documents\skripsi\LabustaDashCI\system\Common.php(1271): CodeIgniter\View\View->render('materi/tambah', Array, true)
#4 C:\Users\adi winarno\Documents\skripsi\LabustaDashCI\app\Controllers\Materi.php(46): view('materi/tambah')
#5 C:\Users\adi winarno\Documents\skripsi\LabustaDashCI\system\CodeIgniter.php(928): App\Controllers\Materi->new()
#6 C:\Users\adi winarno\Documents\skripsi\LabustaDashCI\system\CodeIgniter.php(436): CodeIgniter\CodeIgniter->runController(Object(App\Controllers\Materi))
#7 C:\Users\adi winarno\Documents\skripsi\LabustaDashCI\system\CodeIgniter.php(336): CodeIgniter\CodeIgniter->handleRequest(NULL, Object(Config\Cache), false)
#8 C:\Users\adi winarno\Documents\skripsi\LabustaDashCI\public\index.php(37): CodeIgniter\CodeIgniter->run()
#9 C:\Users\adi winarno\Documents\skripsi\LabustaDashCI\system\Commands\Server\rewrite.php(45): require_once('C:\\Users\\adi wi...')
#10 {main}
ERROR - 2021-08-30 23:12:37 --> Cannot add or update a child row: a foreign key constraint fails (`db_labusta`.`materis`, CONSTRAINT `materis_ibfk_1` FOREIGN KEY (`id_kelas`) REFERENCES `kelas` (`id`))
CRITICAL - 2021-08-30 23:12:37 --> Cannot add or update a child row: a foreign key constraint fails (`db_labusta`.`materis`, CONSTRAINT `materis_ibfk_1` FOREIGN KEY (`id_kelas`) REFERENCES `kelas` (`id`))
#0 C:\Users\adi winarno\Documents\skripsi\LabustaDashCI\system\Database\MySQLi\Connection.php(329): mysqli->query('INSERT INTO `ma...')
#1 C:\Users\adi winarno\Documents\skripsi\LabustaDashCI\system\Database\BaseConnection.php(732): CodeIgniter\Database\MySQLi\Connection->execute('INSERT INTO `ma...')
#2 C:\Users\adi winarno\Documents\skripsi\LabustaDashCI\system\Database\BaseConnection.php(647): CodeIgniter\Database\BaseConnection->simpleQuery('INSERT INTO `ma...')
#3 C:\Users\adi winarno\Documents\skripsi\LabustaDashCI\system\Database\BaseBuilder.php(2277): CodeIgniter\Database\BaseConnection->query('INSERT INTO `ma...', Array, false)
#4 C:\Users\adi winarno\Documents\skripsi\LabustaDashCI\system\Model.php(259): CodeIgniter\Database\BaseBuilder->insert()
#5 C:\Users\adi winarno\Documents\skripsi\LabustaDashCI\system\BaseModel.php(774): CodeIgniter\Model->doInsert(Array)
#6 C:\Users\adi winarno\Documents\skripsi\LabustaDashCI\system\Model.php(686): CodeIgniter\BaseModel->insert(Array, true)
#7 C:\Users\adi winarno\Documents\skripsi\LabustaDashCI\app\Controllers\Materi.php(59): CodeIgniter\Model->insert(Array)
#8 C:\Users\adi winarno\Documents\skripsi\LabustaDashCI\system\CodeIgniter.php(928): App\Controllers\Materi->create()
#9 C:\Users\adi winarno\Documents\skripsi\LabustaDashCI\system\CodeIgniter.php(436): CodeIgniter\CodeIgniter->runController(Object(App\Controllers\Materi))
#10 C:\Users\adi winarno\Documents\skripsi\LabustaDashCI\system\CodeIgniter.php(336): CodeIgniter\CodeIgniter->handleRequest(NULL, Object(Config\Cache), false)
#11 C:\Users\adi winarno\Documents\skripsi\LabustaDashCI\public\index.php(37): CodeIgniter\CodeIgniter->run()
#12 C:\Users\adi winarno\Documents\skripsi\LabustaDashCI\system\Commands\Server\rewrite.php(45): require_once('C:\\Users\\adi wi...')
#13 {main}
CRITICAL - 2021-08-30 23:36:00 --> Call to a member function where() on null
#0 C:\Users\adi winarno\Documents\skripsi\LabustaDashCI\system\CodeIgniter.php(928): App\Controllers\Materi->edit('1')
#1 C:\Users\adi winarno\Documents\skripsi\LabustaDashCI\system\CodeIgniter.php(436): CodeIgniter\CodeIgniter->runController(Object(App\Controllers\Materi))
#2 C:\Users\adi winarno\Documents\skripsi\LabustaDashCI\system\CodeIgniter.php(336): CodeIgniter\CodeIgniter->handleRequest(NULL, Object(Config\Cache), false)
#3 C:\Users\adi winarno\Documents\skripsi\LabustaDashCI\public\index.php(37): CodeIgniter\CodeIgniter->run()
#4 C:\Users\adi winarno\Documents\skripsi\LabustaDashCI\system\Commands\Server\rewrite.php(45): require_once('C:\\Users\\adi wi...')
#5 {main}
CRITICAL - 2021-08-30 23:38:24 --> Call to a member function where() on null
#0 C:\Users\adi winarno\Documents\skripsi\LabustaDashCI\system\CodeIgniter.php(928): App\Controllers\Materi->edit('1')
#1 C:\Users\adi winarno\Documents\skripsi\LabustaDashCI\system\CodeIgniter.php(436): CodeIgniter\CodeIgniter->runController(Object(App\Controllers\Materi))
#2 C:\Users\adi winarno\Documents\skripsi\LabustaDashCI\system\CodeIgniter.php(336): CodeIgniter\CodeIgniter->handleRequest(NULL, Object(Config\Cache), false)
#3 C:\Users\adi winarno\Documents\skripsi\LabustaDashCI\public\index.php(37): CodeIgniter\CodeIgniter->run()
#4 C:\Users\adi winarno\Documents\skripsi\LabustaDashCI\system\Commands\Server\rewrite.php(45): require_once('C:\\Users\\adi wi...')
#5 {main}
CRITICAL - 2021-08-30 23:38:37 --> Undefined variable: kelasid
#0 C:\Users\adi winarno\Documents\skripsi\LabustaDashCI\app\Views\materi\edit.php(84): CodeIgniter\Debug\Exceptions->errorHandler(8, 'Undefined varia...', 'C:\\Users\\adi wi...', 84, Array)
#1 C:\Users\adi winarno\Documents\skripsi\LabustaDashCI\system\View\View.php(230): include('C:\\Users\\adi wi...')
#2 C:\Users\adi winarno\Documents\skripsi\LabustaDashCI\system\View\View.php(232): CodeIgniter\View\View->CodeIgniter\View\{closure}()
#3 C:\Users\adi winarno\Documents\skripsi\LabustaDashCI\system\Common.php(1271): CodeIgniter\View\View->render('Materi/edit', Array, true)
#4 C:\Users\adi winarno\Documents\skripsi\LabustaDashCI\app\Controllers\Materi.php(83): view('Materi/edit', Array)
#5 C:\Users\adi winarno\Documents\skripsi\LabustaDashCI\system\CodeIgniter.php(928): App\Controllers\Materi->edit('1')
#6 C:\Users\adi winarno\Documents\skripsi\LabustaDashCI\system\CodeIgniter.php(436): CodeIgniter\CodeIgniter->runController(Object(App\Controllers\Materi))
#7 C:\Users\adi winarno\Documents\skripsi\LabustaDashCI\system\CodeIgniter.php(336): CodeIgniter\CodeIgniter->handleRequest(NULL, Object(Config\Cache), false)
#8 C:\Users\adi winarno\Documents\skripsi\LabustaDashCI\public\index.php(37): CodeIgniter\CodeIgniter->run()
#9 C:\Users\adi winarno\Documents\skripsi\LabustaDashCI\system\Commands\Server\rewrite.php(45): require_once('C:\\Users\\adi wi...')
#10 {main}
CRITICAL - 2021-08-30 23:39:07 --> Undefined variable: kelasid
#0 C:\Users\adi winarno\Documents\skripsi\LabustaDashCI\app\Views\materi\edit.php(84): CodeIgniter\Debug\Exceptions->errorHandler(8, 'Undefined varia...', 'C:\\Users\\adi wi...', 84, Array)
#1 C:\Users\adi winarno\Documents\skripsi\LabustaDashCI\system\View\View.php(230): include('C:\\Users\\adi wi...')
#2 C:\Users\adi winarno\Documents\skripsi\LabustaDashCI\system\View\View.php(232): CodeIgniter\View\View->CodeIgniter\View\{closure}()
#3 C:\Users\adi winarno\Documents\skripsi\LabustaDashCI\system\Common.php(1271): CodeIgniter\View\View->render('materi/edit', Array, true)
#4 C:\Users\adi winarno\Documents\skripsi\LabustaDashCI\app\Controllers\Materi.php(83): view('materi/edit', Array)
#5 C:\Users\adi winarno\Documents\skripsi\LabustaDashCI\system\CodeIgniter.php(928): App\Controllers\Materi->edit('1')
#6 C:\Users\adi winarno\Documents\skripsi\LabustaDashCI\system\CodeIgniter.php(436): CodeIgniter\CodeIgniter->runController(Object(App\Controllers\Materi))
#7 C:\Users\adi winarno\Documents\skripsi\LabustaDashCI\system\CodeIgniter.php(336): CodeIgniter\CodeIgniter->handleRequest(NULL, Object(Config\Cache), false)
#8 C:\Users\adi winarno\Documents\skripsi\LabustaDashCI\public\index.php(37): CodeIgniter\CodeIgniter->run()
#9 C:\Users\adi winarno\Documents\skripsi\LabustaDashCI\system\Commands\Server\rewrite.php(45): require_once('C:\\Users\\adi wi...')
#10 {main}
CRITICAL - 2021-08-30 23:40:48 --> Undefined variable: kelas
#0 C:\Users\adi winarno\Documents\skripsi\LabustaDashCI\app\Controllers\Materi.php(83): CodeIgniter\Debug\Exceptions->errorHandler(8, 'Undefined varia...', 'C:\\Users\\adi wi...', 83, Array)
#1 C:\Users\adi winarno\Documents\skripsi\LabustaDashCI\system\CodeIgniter.php(928): App\Controllers\Materi->edit('1')
#2 C:\Users\adi winarno\Documents\skripsi\LabustaDashCI\system\CodeIgniter.php(436): CodeIgniter\CodeIgniter->runController(Object(App\Controllers\Materi))
#3 C:\Users\adi winarno\Documents\skripsi\LabustaDashCI\system\CodeIgniter.php(336): CodeIgniter\CodeIgniter->handleRequest(NULL, Object(Config\Cache), false)
#4 C:\Users\adi winarno\Documents\skripsi\LabustaDashCI\public\index.php(37): CodeIgniter\CodeIgniter->run()
#5 C:\Users\adi winarno\Documents\skripsi\LabustaDashCI\system\Commands\Server\rewrite.php(45): require_once('C:\\Users\\adi wi...')
#6 {main}
CRITICAL - 2021-08-30 23:41:00 --> Undefined variable: kelas
#0 C:\Users\adi winarno\Documents\skripsi\LabustaDashCI\app\Controllers\Materi.php(83): CodeIgniter\Debug\Exceptions->errorHandler(8, 'Undefined varia...', 'C:\\Users\\adi wi...', 83, Array)
#1 C:\Users\adi winarno\Documents\skripsi\LabustaDashCI\system\CodeIgniter.php(928): App\Controllers\Materi->edit('1')
#2 C:\Users\adi winarno\Documents\skripsi\LabustaDashCI\system\CodeIgniter.php(436): CodeIgniter\CodeIgniter->runController(Object(App\Controllers\Materi))
#3 C:\Users\adi winarno\Documents\skripsi\LabustaDashCI\system\CodeIgniter.php(336): CodeIgniter\CodeIgniter->handleRequest(NULL, Object(Config\Cache), false)
#4 C:\Users\adi winarno\Documents\skripsi\LabustaDashCI\public\index.php(37): CodeIgniter\CodeIgniter->run()
#5 C:\Users\adi winarno\Documents\skripsi\LabustaDashCI\system\Commands\Server\rewrite.php(45): require_once('C:\\Users\\adi wi...')
#6 {main}
CRITICAL - 2021-08-30 23:41:01 --> Undefined variable: kelas
#0 C:\Users\adi winarno\Documents\skripsi\LabustaDashCI\app\Controllers\Materi.php(83): CodeIgniter\Debug\Exceptions->errorHandler(8, 'Undefined varia...', 'C:\\Users\\adi wi...', 83, Array)
#1 C:\Users\adi winarno\Documents\skripsi\LabustaDashCI\system\CodeIgniter.php(928): App\Controllers\Materi->edit('1')
#2 C:\Users\adi winarno\Documents\skripsi\LabustaDashCI\system\CodeIgniter.php(436): CodeIgniter\CodeIgniter->runController(Object(App\Controllers\Materi))
#3 C:\Users\adi winarno\Documents\skripsi\LabustaDashCI\system\CodeIgniter.php(336): CodeIgniter\CodeIgniter->handleRequest(NULL, Object(Config\Cache), false)
#4 C:\Users\adi winarno\Documents\skripsi\LabustaDashCI\public\index.php(37): CodeIgniter\CodeIgniter->run()
#5 C:\Users\adi winarno\Documents\skripsi\LabustaDashCI\system\Commands\Server\rewrite.php(45): require_once('C:\\Users\\adi wi...')
#6 {main}
CRITICAL - 2021-08-30 23:41:01 --> Undefined variable: kelas
#0 C:\Users\adi winarno\Documents\skripsi\LabustaDashCI\app\Controllers\Materi.php(83): CodeIgniter\Debug\Exceptions->errorHandler(8, 'Undefined varia...', 'C:\\Users\\adi wi...', 83, Array)
#1 C:\Users\adi winarno\Documents\skripsi\LabustaDashCI\system\CodeIgniter.php(928): App\Controllers\Materi->edit('1')
#2 C:\Users\adi winarno\Documents\skripsi\LabustaDashCI\system\CodeIgniter.php(436): CodeIgniter\CodeIgniter->runController(Object(App\Controllers\Materi))
#3 C:\Users\adi winarno\Documents\skripsi\LabustaDashCI\system\CodeIgniter.php(336): CodeIgniter\CodeIgniter->handleRequest(NULL, Object(Config\Cache), false)
#4 C:\Users\adi winarno\Documents\skripsi\LabustaDashCI\public\index.php(37): CodeIgniter\CodeIgniter->run()
#5 C:\Users\adi winarno\Documents\skripsi\LabustaDashCI\system\Commands\Server\rewrite.php(45): require_once('C:\\Users\\adi wi...')
#6 {main}
CRITICAL - 2021-08-30 23:41:02 --> Undefined variable: kelas
#0 C:\Users\adi winarno\Documents\skripsi\LabustaDashCI\app\Controllers\Materi.php(83): CodeIgniter\Debug\Exceptions->errorHandler(8, 'Undefined varia...', 'C:\\Users\\adi wi...', 83, Array)
#1 C:\Users\adi winarno\Documents\skripsi\LabustaDashCI\system\CodeIgniter.php(928): App\Controllers\Materi->edit('1')
#2 C:\Users\adi winarno\Documents\skripsi\LabustaDashCI\system\CodeIgniter.php(436): CodeIgniter\CodeIgniter->runController(Object(App\Controllers\Materi))
#3 C:\Users\adi winarno\Documents\skripsi\LabustaDashCI\system\CodeIgniter.php(336): CodeIgniter\CodeIgniter->handleRequest(NULL, Object(Config\Cache), false)
#4 C:\Users\adi winarno\Documents\skripsi\LabustaDashCI\public\index.php(37): CodeIgniter\CodeIgniter->run()
#5 C:\Users\adi winarno\Documents\skripsi\LabustaDashCI\system\Commands\Server\rewrite.php(45): require_once('C:\\Users\\adi wi...')
#6 {main}
CRITICAL - 2021-08-30 23:41:02 --> Undefined variable: kelas
#0 C:\Users\adi winarno\Documents\skripsi\LabustaDashCI\app\Controllers\Materi.php(83): CodeIgniter\Debug\Exceptions->errorHandler(8, 'Undefined varia...', 'C:\\Users\\adi wi...', 83, Array)
#1 C:\Users\adi winarno\Documents\skripsi\LabustaDashCI\system\CodeIgniter.php(928): App\Controllers\Materi->edit('1')
#2 C:\Users\adi winarno\Documents\skripsi\LabustaDashCI\system\CodeIgniter.php(436): CodeIgniter\CodeIgniter->runController(Object(App\Controllers\Materi))
#3 C:\Users\adi winarno\Documents\skripsi\LabustaDashCI\system\CodeIgniter.php(336): CodeIgniter\CodeIgniter->handleRequest(NULL, Object(Config\Cache), false)
#4 C:\Users\adi winarno\Documents\skripsi\LabustaDashCI\public\index.php(37): CodeIgniter\CodeIgniter->run()
#5 C:\Users\adi winarno\Documents\skripsi\LabustaDashCI\system\Commands\Server\rewrite.php(45): require_once('C:\\Users\\adi wi...')
#6 {main}
CRITICAL - 2021-08-30 23:41:03 --> Undefined variable: kelas
#0 C:\Users\adi winarno\Documents\skripsi\LabustaDashCI\app\Controllers\Materi.php(83): CodeIgniter\Debug\Exceptions->errorHandler(8, 'Undefined varia...', 'C:\\Users\\adi wi...', 83, Array)
#1 C:\Users\adi winarno\Documents\skripsi\LabustaDashCI\system\CodeIgniter.php(928): App\Controllers\Materi->edit('1')
#2 C:\Users\adi winarno\Documents\skripsi\LabustaDashCI\system\CodeIgniter.php(436): CodeIgniter\CodeIgniter->runController(Object(App\Controllers\Materi))
#3 C:\Users\adi winarno\Documents\skripsi\LabustaDashCI\system\CodeIgniter.php(336): CodeIgniter\CodeIgniter->handleRequest(NULL, Object(Config\Cache), false)
#4 C:\Users\adi winarno\Documents\skripsi\LabustaDashCI\public\index.php(37): CodeIgniter\CodeIgniter->run()
#5 C:\Users\adi winarno\Documents\skripsi\LabustaDashCI\system\Commands\Server\rewrite.php(45): require_once('C:\\Users\\adi wi...')
#6 {main}
CRITICAL - 2021-08-30 23:41:03 --> Undefined variable: kelas
#0 C:\Users\adi winarno\Documents\skripsi\LabustaDashCI\app\Controllers\Materi.php(83): CodeIgniter\Debug\Exceptions->errorHandler(8, 'Undefined varia...', 'C:\\Users\\adi wi...', 83, Array)
#1 C:\Users\adi winarno\Documents\skripsi\LabustaDashCI\system\CodeIgniter.php(928): App\Controllers\Materi->edit('1')
#2 C:\Users\adi winarno\Documents\skripsi\LabustaDashCI\system\CodeIgniter.php(436): CodeIgniter\CodeIgniter->runController(Object(App\Controllers\Materi))
#3 C:\Users\adi winarno\Documents\skripsi\LabustaDashCI\system\CodeIgniter.php(336): CodeIgniter\CodeIgniter->handleRequest(NULL, Object(Config\Cache), false)
#4 C:\Users\adi winarno\Documents\skripsi\LabustaDashCI\public\index.php(37): CodeIgniter\CodeIgniter->run()
#5 C:\Users\adi winarno\Documents\skripsi\LabustaDashCI\system\Commands\Server\rewrite.php(45): require_once('C:\\Users\\adi wi...')
#6 {main}
CRITICAL - 2021-08-30 23:43:54 --> Trying to get property 'id' of non-object
#0 C:\Users\adi winarno\Documents\skripsi\LabustaDashCI\app\Views\materi\edit.php(85): CodeIgniter\Debug\Exceptions->errorHandler(8, 'Trying to get p...', 'C:\\Users\\adi wi...', 85, Array)
#1 C:\Users\adi winarno\Documents\skripsi\LabustaDashCI\system\View\View.php(230): include('C:\\Users\\adi wi...')
#2 C:\Users\adi winarno\Documents\skripsi\LabustaDashCI\system\View\View.php(232): CodeIgniter\View\View->CodeIgniter\View\{closure}()
#3 C:\Users\adi winarno\Documents\skripsi\LabustaDashCI\system\Common.php(1271): CodeIgniter\View\View->render('materi/edit', Array, true)
#4 C:\Users\adi winarno\Documents\skripsi\LabustaDashCI\app\Controllers\Materi.php(84): view('materi/edit', Array)
#5 C:\Users\adi winarno\Documents\skripsi\LabustaDashCI\system\CodeIgniter.php(928): App\Controllers\Materi->edit('1')
#6 C:\Users\adi winarno\Documents\skripsi\LabustaDashCI\system\CodeIgniter.php(436): CodeIgniter\CodeIgniter->runController(Object(App\Controllers\Materi))
#7 C:\Users\adi winarno\Documents\skripsi\LabustaDashCI\system\CodeIgniter.php(336): CodeIgniter\CodeIgniter->handleRequest(NULL, Object(Config\Cache), false)
#8 C:\Users\adi winarno\Documents\skripsi\LabustaDashCI\public\index.php(37): CodeIgniter\CodeIgniter->run()
#9 C:\Users\adi winarno\Documents\skripsi\LabustaDashCI\system\Commands\Server\rewrite.php(45): require_once('C:\\Users\\adi wi...')
#10 {main}
CRITICAL - 2021-08-30 23:44:53 --> Trying to get property 'Id_Kelas' of non-object
#0 C:\Users\adi winarno\Documents\skripsi\LabustaDashCI\app\Views\materi\edit.php(85): CodeIgniter\Debug\Exceptions->errorHandler(8, 'Trying to get p...', 'C:\\Users\\adi wi...', 85, Array)
#1 C:\Users\adi winarno\Documents\skripsi\LabustaDashCI\system\View\View.php(230): include('C:\\Users\\adi wi...')
#2 C:\Users\adi winarno\Documents\skripsi\LabustaDashCI\system\View\View.php(232): CodeIgniter\View\View->CodeIgniter\View\{closure}()
#3 C:\Users\adi winarno\Documents\skripsi\LabustaDashCI\system\Common.php(1271): CodeIgniter\View\View->render('materi/edit', Array, true)
#4 C:\Users\adi winarno\Documents\skripsi\LabustaDashCI\app\Controllers\Materi.php(84): view('materi/edit', Array)
#5 C:\Users\adi winarno\Documents\skripsi\LabustaDashCI\system\CodeIgniter.php(928): App\Controllers\Materi->edit('1')
#6 C:\Users\adi winarno\Documents\skripsi\LabustaDashCI\system\CodeIgniter.php(436): CodeIgniter\CodeIgniter->runController(Object(App\Controllers\Materi))
#7 C:\Users\adi winarno\Documents\skripsi\LabustaDashCI\system\CodeIgniter.php(336): CodeIgniter\CodeIgniter->handleRequest(NULL, Object(Config\Cache), false)
#8 C:\Users\adi winarno\Documents\skripsi\LabustaDashCI\public\index.php(37): CodeIgniter\CodeIgniter->run()
#9 C:\Users\adi winarno\Documents\skripsi\LabustaDashCI\system\Commands\Server\rewrite.php(45): require_once('C:\\Users\\adi wi...')
#10 {main}
CRITICAL - 2021-08-30 23:45:01 --> Trying to get property 'kelas' of non-object
#0 C:\Users\adi winarno\Documents\skripsi\LabustaDashCI\app\Views\materi\edit.php(85): CodeIgniter\Debug\Exceptions->errorHandler(8, 'Trying to get p...', 'C:\\Users\\adi wi...', 85, Array)
#1 C:\Users\adi winarno\Documents\skripsi\LabustaDashCI\system\View\View.php(230): include('C:\\Users\\adi wi...')
#2 C:\Users\adi winarno\Documents\skripsi\LabustaDashCI\system\View\View.php(232): CodeIgniter\View\View->CodeIgniter\View\{closure}()
#3 C:\Users\adi winarno\Documents\skripsi\LabustaDashCI\system\Common.php(1271): CodeIgniter\View\View->render('materi/edit', Array, true)
#4 C:\Users\adi winarno\Documents\skripsi\LabustaDashCI\app\Controllers\Materi.php(84): view('materi/edit', Array)
#5 C:\Users\adi winarno\Documents\skripsi\LabustaDashCI\system\CodeIgniter.php(928): App\Controllers\Materi->edit('1')
#6 C:\Users\adi winarno\Documents\skripsi\LabustaDashCI\system\CodeIgniter.php(436): CodeIgniter\CodeIgniter->runController(Object(App\Controllers\Materi))
#7 C:\Users\adi winarno\Documents\skripsi\LabustaDashCI\system\CodeIgniter.php(336): CodeIgniter\CodeIgniter->handleRequest(NULL, Object(Config\Cache), false)
#8 C:\Users\adi winarno\Documents\skripsi\LabustaDashCI\public\index.php(37): CodeIgniter\CodeIgniter->run()
#9 C:\Users\adi winarno\Documents\skripsi\LabustaDashCI\system\Commands\Server\rewrite.php(45): require_once('C:\\Users\\adi wi...')
#10 {main}
CRITICAL - 2021-08-30 23:45:02 --> Trying to get property 'kelas' of non-object
#0 C:\Users\adi winarno\Documents\skripsi\LabustaDashCI\app\Views\materi\edit.php(85): CodeIgniter\Debug\Exceptions->errorHandler(8, 'Trying to get p...', 'C:\\Users\\adi wi...', 85, Array)
#1 C:\Users\adi winarno\Documents\skripsi\LabustaDashCI\system\View\View.php(230): include('C:\\Users\\adi wi...')
#2 C:\Users\adi winarno\Documents\skripsi\LabustaDashCI\system\View\View.php(232): CodeIgniter\View\View->CodeIgniter\View\{closure}()
#3 C:\Users\adi winarno\Documents\skripsi\LabustaDashCI\system\Common.php(1271): CodeIgniter\View\View->render('materi/edit', Array, true)
#4 C:\Users\adi winarno\Documents\skripsi\LabustaDashCI\app\Controllers\Materi.php(84): view('materi/edit', Array)
#5 C:\Users\adi winarno\Documents\skripsi\LabustaDashCI\system\CodeIgniter.php(928): App\Controllers\Materi->edit('1')
#6 C:\Users\adi winarno\Documents\skripsi\LabustaDashCI\system\CodeIgniter.php(436): CodeIgniter\CodeIgniter->runController(Object(App\Controllers\Materi))
#7 C:\Users\adi winarno\Documents\skripsi\LabustaDashCI\system\CodeIgniter.php(336): CodeIgniter\CodeIgniter->handleRequest(NULL, Object(Config\Cache), false)
#8 C:\Users\adi winarno\Documents\skripsi\LabustaDashCI\public\index.php(37): CodeIgniter\CodeIgniter->run()
#9 C:\Users\adi winarno\Documents\skripsi\LabustaDashCI\system\Commands\Server\rewrite.php(45): require_once('C:\\Users\\adi wi...')
#10 {main}
CRITICAL - 2021-08-30 23:45:11 --> Trying to get property 'id' of non-object
#0 C:\Users\adi winarno\Documents\skripsi\LabustaDashCI\app\Views\materi\edit.php(85): CodeIgniter\Debug\Exceptions->errorHandler(8, 'Trying to get p...', 'C:\\Users\\adi wi...', 85, Array)
#1 C:\Users\adi winarno\Documents\skripsi\LabustaDashCI\system\View\View.php(230): include('C:\\Users\\adi wi...')
#2 C:\Users\adi winarno\Documents\skripsi\LabustaDashCI\system\View\View.php(232): CodeIgniter\View\View->CodeIgniter\View\{closure}()
#3 C:\Users\adi winarno\Documents\skripsi\LabustaDashCI\system\Common.php(1271): CodeIgniter\View\View->render('materi/edit', Array, true)
#4 C:\Users\adi winarno\Documents\skripsi\LabustaDashCI\app\Controllers\Materi.php(84): view('materi/edit', Array)
#5 C:\Users\adi winarno\Documents\skripsi\LabustaDashCI\system\CodeIgniter.php(928): App\Controllers\Materi->edit('1')
#6 C:\Users\adi winarno\Documents\skripsi\LabustaDashCI\system\CodeIgniter.php(436): CodeIgniter\CodeIgniter->runController(Object(App\Controllers\Materi))
#7 C:\Users\adi winarno\Documents\skripsi\LabustaDashCI\system\CodeIgniter.php(336): CodeIgniter\CodeIgniter->handleRequest(NULL, Object(Config\Cache), false)
#8 C:\Users\adi winarno\Documents\skripsi\LabustaDashCI\public\index.php(37): CodeIgniter\CodeIgniter->run()
#9 C:\Users\adi winarno\Documents\skripsi\LabustaDashCI\system\Commands\Server\rewrite.php(45): require_once('C:\\Users\\adi wi...')
#10 {main}
CRITICAL - 2021-08-30 23:45:33 --> Trying to get property 'id' of non-object
#0 C:\Users\adi winarno\Documents\skripsi\LabustaDashCI\app\Views\materi\edit.php(85): CodeIgniter\Debug\Exceptions->errorHandler(8, 'Trying to get p...', 'C:\\Users\\adi wi...', 85, Array)
#1 C:\Users\adi winarno\Documents\skripsi\LabustaDashCI\system\View\View.php(230): include('C:\\Users\\adi wi...')
#2 C:\Users\adi winarno\Documents\skripsi\LabustaDashCI\system\View\View.php(232): CodeIgniter\View\View->CodeIgniter\View\{closure}()
#3 C:\Users\adi winarno\Documents\skripsi\LabustaDashCI\system\Common.php(1271): CodeIgniter\View\View->render('materi/edit', Array, true)
#4 C:\Users\adi winarno\Documents\skripsi\LabustaDashCI\app\Controllers\Materi.php(84): view('materi/edit', Array)
#5 C:\Users\adi winarno\Documents\skripsi\LabustaDashCI\system\CodeIgniter.php(928): App\Controllers\Materi->edit('1')
#6 C:\Users\adi winarno\Documents\skripsi\LabustaDashCI\system\CodeIgniter.php(436): CodeIgniter\CodeIgniter->runController(Object(App\Controllers\Materi))
#7 C:\Users\adi winarno\Documents\skripsi\LabustaDashCI\system\CodeIgniter.php(336): CodeIgniter\CodeIgniter->handleRequest(NULL, Object(Config\Cache), false)
#8 C:\Users\adi winarno\Documents\skripsi\LabustaDashCI\public\index.php(37): CodeIgniter\CodeIgniter->run()
#9 C:\Users\adi winarno\Documents\skripsi\LabustaDashCI\system\Commands\Server\rewrite.php(45): require_once('C:\\Users\\adi wi...')
#10 {main}
CRITICAL - 2021-08-30 23:45:34 --> Trying to get property 'id' of non-object
#0 C:\Users\adi winarno\Documents\skripsi\LabustaDashCI\app\Views\materi\edit.php(85): CodeIgniter\Debug\Exceptions->errorHandler(8, 'Trying to get p...', 'C:\\Users\\adi wi...', 85, Array)
#1 C:\Users\adi winarno\Documents\skripsi\LabustaDashCI\system\View\View.php(230): include('C:\\Users\\adi wi...')
#2 C:\Users\adi winarno\Documents\skripsi\LabustaDashCI\system\View\View.php(232): CodeIgniter\View\View->CodeIgniter\View\{closure}()
#3 C:\Users\adi winarno\Documents\skripsi\LabustaDashCI\system\Common.php(1271): CodeIgniter\View\View->render('materi/edit', Array, true)
#4 C:\Users\adi winarno\Documents\skripsi\LabustaDashCI\app\Controllers\Materi.php(84): view('materi/edit', Array)
#5 C:\Users\adi winarno\Documents\skripsi\LabustaDashCI\system\CodeIgniter.php(928): App\Controllers\Materi->edit('1')
#6 C:\Users\adi winarno\Documents\skripsi\LabustaDashCI\system\CodeIgniter.php(436): CodeIgniter\CodeIgniter->runController(Object(App\Controllers\Materi))
#7 C:\Users\adi winarno\Documents\skripsi\LabustaDashCI\system\CodeIgniter.php(336): CodeIgniter\CodeIgniter->handleRequest(NULL, Object(Config\Cache), false)
#8 C:\Users\adi winarno\Documents\skripsi\LabustaDashCI\public\index.php(37): CodeIgniter\CodeIgniter->run()
#9 C:\Users\adi winarno\Documents\skripsi\LabustaDashCI\system\Commands\Server\rewrite.php(45): require_once('C:\\Users\\adi wi...')
#10 {main}
CRITICAL - 2021-08-30 23:45:40 --> Trying to get property 'id' of non-object
#0 C:\Users\adi winarno\Documents\skripsi\LabustaDashCI\app\Views\materi\edit.php(85): CodeIgniter\Debug\Exceptions->errorHandler(8, 'Trying to get p...', 'C:\\Users\\adi wi...', 85, Array)
#1 C:\Users\adi winarno\Documents\skripsi\LabustaDashCI\system\View\View.php(230): include('C:\\Users\\adi wi...')
#2 C:\Users\adi winarno\Documents\skripsi\LabustaDashCI\system\View\View.php(232): CodeIgniter\View\View->CodeIgniter\View\{closure}()
#3 C:\Users\adi winarno\Documents\skripsi\LabustaDashCI\system\Common.php(1271): CodeIgniter\View\View->render('materi/edit', Array, true)
#4 C:\Users\adi winarno\Documents\skripsi\LabustaDashCI\app\Controllers\Materi.php(84): view('materi/edit', Array)
#5 C:\Users\adi winarno\Documents\skripsi\LabustaDashCI\system\CodeIgniter.php(928): App\Controllers\Materi->edit('1')
#6 C:\Users\adi winarno\Documents\skripsi\LabustaDashCI\system\CodeIgniter.php(436): CodeIgniter\CodeIgniter->runController(Object(App\Controllers\Materi))
#7 C:\Users\adi winarno\Documents\skripsi\LabustaDashCI\system\CodeIgniter.php(336): CodeIgniter\CodeIgniter->handleRequest(NULL, Object(Config\Cache), false)
#8 C:\Users\adi winarno\Documents\skripsi\LabustaDashCI\public\index.php(37): CodeIgniter\CodeIgniter->run()
#9 C:\Users\adi winarno\Documents\skripsi\LabustaDashCI\system\Commands\Server\rewrite.php(45): require_once('C:\\Users\\adi wi...')
#10 {main}
CRITICAL - 2021-08-30 23:46:42 --> Undefined variable: kelas
#0 C:\Users\adi winarno\Documents\skripsi\LabustaDashCI\app\Views\materi\edit.php(84): CodeIgniter\Debug\Exceptions->errorHandler(8, 'Undefined varia...', 'C:\\Users\\adi wi...', 84, Array)
#1 C:\Users\adi winarno\Documents\skripsi\LabustaDashCI\system\View\View.php(230): include('C:\\Users\\adi wi...')
#2 C:\Users\adi winarno\Documents\skripsi\LabustaDashCI\system\View\View.php(232): CodeIgniter\View\View->CodeIgniter\View\{closure}()
#3 C:\Users\adi winarno\Documents\skripsi\LabustaDashCI\system\Common.php(1271): CodeIgniter\View\View->render('materi/edit', Array, true)
#4 C:\Users\adi winarno\Documents\skripsi\LabustaDashCI\app\Controllers\Materi.php(85): view('materi/edit', Array)
#5 C:\Users\adi winarno\Documents\skripsi\LabustaDashCI\system\CodeIgniter.php(928): App\Controllers\Materi->edit('1')
#6 C:\Users\adi winarno\Documents\skripsi\LabustaDashCI\system\CodeIgniter.php(436): CodeIgniter\CodeIgniter->runController(Object(App\Controllers\Materi))
#7 C:\Users\adi winarno\Documents\skripsi\LabustaDashCI\system\CodeIgniter.php(336): CodeIgniter\CodeIgniter->handleRequest(NULL, Object(Config\Cache), false)
#8 C:\Users\adi winarno\Documents\skripsi\LabustaDashCI\public\index.php(37): CodeIgniter\CodeIgniter->run()
#9 C:\Users\adi winarno\Documents\skripsi\LabustaDashCI\system\Commands\Server\rewrite.php(45): require_once('C:\\Users\\adi wi...')
#10 {main}
CRITICAL - 2021-08-30 23:46:43 --> Undefined variable: kelas
#0 C:\Users\adi winarno\Documents\skripsi\LabustaDashCI\app\Views\materi\edit.php(84): CodeIgniter\Debug\Exceptions->errorHandler(8, 'Undefined varia...', 'C:\\Users\\adi wi...', 84, Array)
#1 C:\Users\adi winarno\Documents\skripsi\LabustaDashCI\system\View\View.php(230): include('C:\\Users\\adi wi...')
#2 C:\Users\adi winarno\Documents\skripsi\LabustaDashCI\system\View\View.php(232): CodeIgniter\View\View->CodeIgniter\View\{closure}()
#3 C:\Users\adi winarno\Documents\skripsi\LabustaDashCI\system\Common.php(1271): CodeIgniter\View\View->render('materi/edit', Array, true)
#4 C:\Users\adi winarno\Documents\skripsi\LabustaDashCI\app\Controllers\Materi.php(85): view('materi/edit', Array)
#5 C:\Users\adi winarno\Documents\skripsi\LabustaDashCI\system\CodeIgniter.php(928): App\Controllers\Materi->edit('1')
#6 C:\Users\adi winarno\Documents\skripsi\LabustaDashCI\system\CodeIgniter.php(436): CodeIgniter\CodeIgniter->runController(Object(App\Controllers\Materi))
#7 C:\Users\adi winarno\Documents\skripsi\LabustaDashCI\system\CodeIgniter.php(336): CodeIgniter\CodeIgniter->handleRequest(NULL, Object(Config\Cache), false)
#8 C:\Users\adi winarno\Documents\skripsi\LabustaDashCI\public\index.php(37): CodeIgniter\CodeIgniter->run()
#9 C:\Users\adi winarno\Documents\skripsi\LabustaDashCI\system\Commands\Server\rewrite.php(45): require_once('C:\\Users\\adi wi...')
#10 {main}
CRITICAL - 2021-08-30 23:47:13 --> Undefined variable: kelas
#0 C:\Users\adi winarno\Documents\skripsi\LabustaDashCI\app\Views\materi\edit.php(84): CodeIgniter\Debug\Exceptions->errorHandler(8, 'Undefined varia...', 'C:\\Users\\adi wi...', 84, Array)
#1 C:\Users\adi winarno\Documents\skripsi\LabustaDashCI\system\View\View.php(230): include('C:\\Users\\adi wi...')
#2 C:\Users\adi winarno\Documents\skripsi\LabustaDashCI\system\View\View.php(232): CodeIgniter\View\View->CodeIgniter\View\{closure}()
#3 C:\Users\adi winarno\Documents\skripsi\LabustaDashCI\system\Common.php(1271): CodeIgniter\View\View->render('materi/edit', Array, true)
#4 C:\Users\adi winarno\Documents\skripsi\LabustaDashCI\app\Controllers\Materi.php(85): view('materi/edit', Array)
#5 C:\Users\adi winarno\Documents\skripsi\LabustaDashCI\system\CodeIgniter.php(928): App\Controllers\Materi->edit('1')
#6 C:\Users\adi winarno\Documents\skripsi\LabustaDashCI\system\CodeIgniter.php(436): CodeIgniter\CodeIgniter->runController(Object(App\Controllers\Materi))
#7 C:\Users\adi winarno\Documents\skripsi\LabustaDashCI\system\CodeIgniter.php(336): CodeIgniter\CodeIgniter->handleRequest(NULL, Object(Config\Cache), false)
#8 C:\Users\adi winarno\Documents\skripsi\LabustaDashCI\public\index.php(37): CodeIgniter\CodeIgniter->run()
#9 C:\Users\adi winarno\Documents\skripsi\LabustaDashCI\system\Commands\Server\rewrite.php(45): require_once('C:\\Users\\adi wi...')
#10 {main}
CRITICAL - 2021-08-30 23:47:14 --> Undefined variable: kelas
#0 C:\Users\adi winarno\Documents\skripsi\LabustaDashCI\app\Views\materi\edit.php(84): CodeIgniter\Debug\Exceptions->errorHandler(8, 'Undefined varia...', 'C:\\Users\\adi wi...', 84, Array)
#1 C:\Users\adi winarno\Documents\skripsi\LabustaDashCI\system\View\View.php(230): include('C:\\Users\\adi wi...')
#2 C:\Users\adi winarno\Documents\skripsi\LabustaDashCI\system\View\View.php(232): CodeIgniter\View\View->CodeIgniter\View\{closure}()
#3 C:\Users\adi winarno\Documents\skripsi\LabustaDashCI\system\Common.php(1271): CodeIgniter\View\View->render('materi/edit', Array, true)
#4 C:\Users\adi winarno\Documents\skripsi\LabustaDashCI\app\Controllers\Materi.php(85): view('materi/edit', Array)
#5 C:\Users\adi winarno\Documents\skripsi\LabustaDashCI\system\CodeIgniter.php(928): App\Controllers\Materi->edit('1')
#6 C:\Users\adi winarno\Documents\skripsi\LabustaDashCI\system\CodeIgniter.php(436): CodeIgniter\CodeIgniter->runController(Object(App\Controllers\Materi))
#7 C:\Users\adi winarno\Documents\skripsi\LabustaDashCI\system\CodeIgniter.php(336): CodeIgniter\CodeIgniter->handleRequest(NULL, Object(Config\Cache), false)
#8 C:\Users\adi winarno\Documents\skripsi\LabustaDashCI\public\index.php(37): CodeIgniter\CodeIgniter->run()
#9 C:\Users\adi winarno\Documents\skripsi\LabustaDashCI\system\Commands\Server\rewrite.php(45): require_once('C:\\Users\\adi wi...')
#10 {main}
CRITICAL - 2021-08-30 23:47:14 --> Undefined variable: kelas
#0 C:\Users\adi winarno\Documents\skripsi\LabustaDashCI\app\Views\materi\edit.php(84): CodeIgniter\Debug\Exceptions->errorHandler(8, 'Undefined varia...', 'C:\\Users\\adi wi...', 84, Array)
#1 C:\Users\adi winarno\Documents\skripsi\LabustaDashCI\system\View\View.php(230): include('C:\\Users\\adi wi...')
#2 C:\Users\adi winarno\Documents\skripsi\LabustaDashCI\system\View\View.php(232): CodeIgniter\View\View->CodeIgniter\View\{closure}()
#3 C:\Users\adi winarno\Documents\skripsi\LabustaDashCI\system\Common.php(1271): CodeIgniter\View\View->render('materi/edit', Array, true)
#4 C:\Users\adi winarno\Documents\skripsi\LabustaDashCI\app\Controllers\Materi.php(85): view('materi/edit', Array)
#5 C:\Users\adi winarno\Documents\skripsi\LabustaDashCI\system\CodeIgniter.php(928): App\Controllers\Materi->edit('1')
#6 C:\Users\adi winarno\Documents\skripsi\LabustaDashCI\system\CodeIgniter.php(436): CodeIgniter\CodeIgniter->runController(Object(App\Controllers\Materi))
#7 C:\Users\adi winarno\Documents\skripsi\LabustaDashCI\system\CodeIgniter.php(336): CodeIgniter\CodeIgniter->handleRequest(NULL, Object(Config\Cache), false)
#8 C:\Users\adi winarno\Documents\skripsi\LabustaDashCI\public\index.php(37): CodeIgniter\CodeIgniter->run()
#9 C:\Users\adi winarno\Documents\skripsi\LabustaDashCI\system\Commands\Server\rewrite.php(45): require_once('C:\\Users\\adi wi...')
#10 {main}
CRITICAL - 2021-08-30 23:47:15 --> Undefined variable: kelas
#0 C:\Users\adi winarno\Documents\skripsi\LabustaDashCI\app\Views\materi\edit.php(84): CodeIgniter\Debug\Exceptions->errorHandler(8, 'Undefined varia...', 'C:\\Users\\adi wi...', 84, Array)
#1 C:\Users\adi winarno\Documents\skripsi\LabustaDashCI\system\View\View.php(230): include('C:\\Users\\adi wi...')
#2 C:\Users\adi winarno\Documents\skripsi\LabustaDashCI\system\View\View.php(232): CodeIgniter\View\View->CodeIgniter\View\{closure}()
#3 C:\Users\adi winarno\Documents\skripsi\LabustaDashCI\system\Common.php(1271): CodeIgniter\View\View->render('materi/edit', Array, true)
#4 C:\Users\adi winarno\Documents\skripsi\LabustaDashCI\app\Controllers\Materi.php(85): view('materi/edit', Array)
#5 C:\Users\adi winarno\Documents\skripsi\LabustaDashCI\system\CodeIgniter.php(928): App\Controllers\Materi->edit('1')
#6 C:\Users\adi winarno\Documents\skripsi\LabustaDashCI\system\CodeIgniter.php(436): CodeIgniter\CodeIgniter->runController(Object(App\Controllers\Materi))
#7 C:\Users\adi winarno\Documents\skripsi\LabustaDashCI\system\CodeIgniter.php(336): CodeIgniter\CodeIgniter->handleRequest(NULL, Object(Config\Cache), false)
#8 C:\Users\adi winarno\Documents\skripsi\LabustaDashCI\public\index.php(37): CodeIgniter\CodeIgniter->run()
#9 C:\Users\adi winarno\Documents\skripsi\LabustaDashCI\system\Commands\Server\rewrite.php(45): require_once('C:\\Users\\adi wi...')
#10 {main}
CRITICAL - 2021-08-30 23:47:15 --> Undefined variable: kelas
#0 C:\Users\adi winarno\Documents\skripsi\LabustaDashCI\app\Views\materi\edit.php(84): CodeIgniter\Debug\Exceptions->errorHandler(8, 'Undefined varia...', 'C:\\Users\\adi wi...', 84, Array)
#1 C:\Users\adi winarno\Documents\skripsi\LabustaDashCI\system\View\View.php(230): include('C:\\Users\\adi wi...')
#2 C:\Users\adi winarno\Documents\skripsi\LabustaDashCI\system\View\View.php(232): CodeIgniter\View\View->CodeIgniter\View\{closure}()
#3 C:\Users\adi winarno\Documents\skripsi\LabustaDashCI\system\Common.php(1271): CodeIgniter\View\View->render('materi/edit', Array, true)
#4 C:\Users\adi winarno\Documents\skripsi\LabustaDashCI\app\Controllers\Materi.php(85): view('materi/edit', Array)
#5 C:\Users\adi winarno\Documents\skripsi\LabustaDashCI\system\CodeIgniter.php(928): App\Controllers\Materi->edit('1')
#6 C:\Users\adi winarno\Documents\skripsi\LabustaDashCI\system\CodeIgniter.php(436): CodeIgniter\CodeIgniter->runController(Object(App\Controllers\Materi))
#7 C:\Users\adi winarno\Documents\skripsi\LabustaDashCI\system\CodeIgniter.php(336): CodeIgniter\CodeIgniter->handleRequest(NULL, Object(Config\Cache), false)
#8 C:\Users\adi winarno\Documents\skripsi\LabustaDashCI\public\index.php(37): CodeIgniter\CodeIgniter->run()
#9 C:\Users\adi winarno\Documents\skripsi\LabustaDashCI\system\Commands\Server\rewrite.php(45): require_once('C:\\Users\\adi wi...')
#10 {main}
CRITICAL - 2021-08-30 23:47:16 --> Undefined variable: kelas
#0 C:\Users\adi winarno\Documents\skripsi\LabustaDashCI\app\Views\materi\edit.php(84): CodeIgniter\Debug\Exceptions->errorHandler(8, 'Undefined varia...', 'C:\\Users\\adi wi...', 84, Array)
#1 C:\Users\adi winarno\Documents\skripsi\LabustaDashCI\system\View\View.php(230): include('C:\\Users\\adi wi...')
#2 C:\Users\adi winarno\Documents\skripsi\LabustaDashCI\system\View\View.php(232): CodeIgniter\View\View->CodeIgniter\View\{closure}()
#3 C:\Users\adi winarno\Documents\skripsi\LabustaDashCI\system\Common.php(1271): CodeIgniter\View\View->render('materi/edit', Array, true)
#4 C:\Users\adi winarno\Documents\skripsi\LabustaDashCI\app\Controllers\Materi.php(85): view('materi/edit', Array)
#5 C:\Users\adi winarno\Documents\skripsi\LabustaDashCI\system\CodeIgniter.php(928): App\Controllers\Materi->edit('1')
#6 C:\Users\adi winarno\Documents\skripsi\LabustaDashCI\system\CodeIgniter.php(436): CodeIgniter\CodeIgniter->runController(Object(App\Controllers\Materi))
#7 C:\Users\adi winarno\Documents\skripsi\LabustaDashCI\system\CodeIgniter.php(336): CodeIgniter\CodeIgniter->handleRequest(NULL, Object(Config\Cache), false)
#8 C:\Users\adi winarno\Documents\skripsi\LabustaDashCI\public\index.php(37): CodeIgniter\CodeIgniter->run()
#9 C:\Users\adi winarno\Documents\skripsi\LabustaDashCI\system\Commands\Server\rewrite.php(45): require_once('C:\\Users\\adi wi...')
#10 {main}
CRITICAL - 2021-08-30 23:47:16 --> Undefined variable: kelas
#0 C:\Users\adi winarno\Documents\skripsi\LabustaDashCI\app\Views\materi\edit.php(84): CodeIgniter\Debug\Exceptions->errorHandler(8, 'Undefined varia...', 'C:\\Users\\adi wi...', 84, Array)
#1 C:\Users\adi winarno\Documents\skripsi\LabustaDashCI\system\View\View.php(230): include('C:\\Users\\adi wi...')
#2 C:\Users\adi winarno\Documents\skripsi\LabustaDashCI\system\View\View.php(232): CodeIgniter\View\View->CodeIgniter\View\{closure}()
#3 C:\Users\adi winarno\Documents\skripsi\LabustaDashCI\system\Common.php(1271): CodeIgniter\View\View->render('materi/edit', Array, true)
#4 C:\Users\adi winarno\Documents\skripsi\LabustaDashCI\app\Controllers\Materi.php(85): view('materi/edit', Array)
#5 C:\Users\adi winarno\Documents\skripsi\LabustaDashCI\system\CodeIgniter.php(928): App\Controllers\Materi->edit('1')
#6 C:\Users\adi winarno\Documents\skripsi\LabustaDashCI\system\CodeIgniter.php(436): CodeIgniter\CodeIgniter->runController(Object(App\Controllers\Materi))
#7 C:\Users\adi winarno\Documents\skripsi\LabustaDashCI\system\CodeIgniter.php(336): CodeIgniter\CodeIgniter->handleRequest(NULL, Object(Config\Cache), false)
#8 C:\Users\adi winarno\Documents\skripsi\LabustaDashCI\public\index.php(37): CodeIgniter\CodeIgniter->run()
#9 C:\Users\adi winarno\Documents\skripsi\LabustaDashCI\system\Commands\Server\rewrite.php(45): require_once('C:\\Users\\adi wi...')
#10 {main}
CRITICAL - 2021-08-30 23:47:16 --> Undefined variable: kelas
#0 C:\Users\adi winarno\Documents\skripsi\LabustaDashCI\app\Views\materi\edit.php(84): CodeIgniter\Debug\Exceptions->errorHandler(8, 'Undefined varia...', 'C:\\Users\\adi wi...', 84, Array)
#1 C:\Users\adi winarno\Documents\skripsi\LabustaDashCI\system\View\View.php(230): include('C:\\Users\\adi wi...')
#2 C:\Users\adi winarno\Documents\skripsi\LabustaDashCI\system\View\View.php(232): CodeIgniter\View\View->CodeIgniter\View\{closure}()
#3 C:\Users\adi winarno\Documents\skripsi\LabustaDashCI\system\Common.php(1271): CodeIgniter\View\View->render('materi/edit', Array, true)
#4 C:\Users\adi winarno\Documents\skripsi\LabustaDashCI\app\Controllers\Materi.php(85): view('materi/edit', Array)
#5 C:\Users\adi winarno\Documents\skripsi\LabustaDashCI\system\CodeIgniter.php(928): App\Controllers\Materi->edit('1')
#6 C:\Users\adi winarno\Documents\skripsi\LabustaDashCI\system\CodeIgniter.php(436): CodeIgniter\CodeIgniter->runController(Object(App\Controllers\Materi))
#7 C:\Users\adi winarno\Documents\skripsi\LabustaDashCI\system\CodeIgniter.php(336): CodeIgniter\CodeIgniter->handleRequest(NULL, Object(Config\Cache), false)
#8 C:\Users\adi winarno\Documents\skripsi\LabustaDashCI\public\index.php(37): CodeIgniter\CodeIgniter->run()
#9 C:\Users\adi winarno\Documents\skripsi\LabustaDashCI\system\Commands\Server\rewrite.php(45): require_once('C:\\Users\\adi wi...')
#10 {main}
CRITICAL - 2021-08-30 23:47:17 --> Undefined variable: kelas
#0 C:\Users\adi winarno\Documents\skripsi\LabustaDashCI\app\Views\materi\edit.php(84): CodeIgniter\Debug\Exceptions->errorHandler(8, 'Undefined varia...', 'C:\\Users\\adi wi...', 84, Array)
#1 C:\Users\adi winarno\Documents\skripsi\LabustaDashCI\system\View\View.php(230): include('C:\\Users\\adi wi...')
#2 C:\Users\adi winarno\Documents\skripsi\LabustaDashCI\system\View\View.php(232): CodeIgniter\View\View->CodeIgniter\View\{closure}()
#3 C:\Users\adi winarno\Documents\skripsi\LabustaDashCI\system\Common.php(1271): CodeIgniter\View\View->render('materi/edit', Array, true)
#4 C:\Users\adi winarno\Documents\skripsi\LabustaDashCI\app\Controllers\Materi.php(85): view('materi/edit', Array)
#5 C:\Users\adi winarno\Documents\skripsi\LabustaDashCI\system\CodeIgniter.php(928): App\Controllers\Materi->edit('1')
#6 C:\Users\adi winarno\Documents\skripsi\LabustaDashCI\system\CodeIgniter.php(436): CodeIgniter\CodeIgniter->runController(Object(App\Controllers\Materi))
#7 C:\Users\adi winarno\Documents\skripsi\LabustaDashCI\system\CodeIgniter.php(336): CodeIgniter\CodeIgniter->handleRequest(NULL, Object(Config\Cache), false)
#8 C:\Users\adi winarno\Documents\skripsi\LabustaDashCI\public\index.php(37): CodeIgniter\CodeIgniter->run()
#9 C:\Users\adi winarno\Documents\skripsi\LabustaDashCI\system\Commands\Server\rewrite.php(45): require_once('C:\\Users\\adi wi...')
#10 {main}
CRITICAL - 2021-08-30 23:47:27 --> Undefined property: stdClass::$Id_Kelas
#0 C:\Users\adi winarno\Documents\skripsi\LabustaDashCI\app\Views\materi\edit.php(85): CodeIgniter\Debug\Exceptions->errorHandler(8, 'Undefined prope...', 'C:\\Users\\adi wi...', 85, Array)
#1 C:\Users\adi winarno\Documents\skripsi\LabustaDashCI\system\View\View.php(230): include('C:\\Users\\adi wi...')
#2 C:\Users\adi winarno\Documents\skripsi\LabustaDashCI\system\View\View.php(232): CodeIgniter\View\View->CodeIgniter\View\{closure}()
#3 C:\Users\adi winarno\Documents\skripsi\LabustaDashCI\system\Common.php(1271): CodeIgniter\View\View->render('materi/edit', Array, true)
#4 C:\Users\adi winarno\Documents\skripsi\LabustaDashCI\app\Controllers\Materi.php(85): view('materi/edit', Array)
#5 C:\Users\adi winarno\Documents\skripsi\LabustaDashCI\system\CodeIgniter.php(928): App\Controllers\Materi->edit('1')
#6 C:\Users\adi winarno\Documents\skripsi\LabustaDashCI\system\CodeIgniter.php(436): CodeIgniter\CodeIgniter->runController(Object(App\Controllers\Materi))
#7 C:\Users\adi winarno\Documents\skripsi\LabustaDashCI\system\CodeIgniter.php(336): CodeIgniter\CodeIgniter->handleRequest(NULL, Object(Config\Cache), false)
#8 C:\Users\adi winarno\Documents\skripsi\LabustaDashCI\public\index.php(37): CodeIgniter\CodeIgniter->run()
#9 C:\Users\adi winarno\Documents\skripsi\LabustaDashCI\system\Commands\Server\rewrite.php(45): require_once('C:\\Users\\adi wi...')
#10 {main}
CRITICAL - 2021-08-30 23:47:28 --> Undefined property: stdClass::$Id_Kelas
#0 C:\Users\adi winarno\Documents\skripsi\LabustaDashCI\app\Views\materi\edit.php(85): CodeIgniter\Debug\Exceptions->errorHandler(8, 'Undefined prope...', 'C:\\Users\\adi wi...', 85, Array)
#1 C:\Users\adi winarno\Documents\skripsi\LabustaDashCI\system\View\View.php(230): include('C:\\Users\\adi wi...')
#2 C:\Users\adi winarno\Documents\skripsi\LabustaDashCI\system\View\View.php(232): CodeIgniter\View\View->CodeIgniter\View\{closure}()
#3 C:\Users\adi winarno\Documents\skripsi\LabustaDashCI\system\Common.php(1271): CodeIgniter\View\View->render('materi/edit', Array, true)
#4 C:\Users\adi winarno\Documents\skripsi\LabustaDashCI\app\Controllers\Materi.php(85): view('materi/edit', Array)
#5 C:\Users\adi winarno\Documents\skripsi\LabustaDashCI\system\CodeIgniter.php(928): App\Controllers\Materi->edit('1')
#6 C:\Users\adi winarno\Documents\skripsi\LabustaDashCI\system\CodeIgniter.php(436): CodeIgniter\CodeIgniter->runController(Object(App\Controllers\Materi))
#7 C:\Users\adi winarno\Documents\skripsi\LabustaDashCI\system\CodeIgniter.php(336): CodeIgniter\CodeIgniter->handleRequest(NULL, Object(Config\Cache), false)
#8 C:\Users\adi winarno\Documents\skripsi\LabustaDashCI\public\index.php(37): CodeIgniter\CodeIgniter->run()
#9 C:\Users\adi winarno\Documents\skripsi\LabustaDashCI\system\Commands\Server\rewrite.php(45): require_once('C:\\Users\\adi wi...')
#10 {main}
CRITICAL - 2021-08-30 23:51:02 --> Undefined variable: kelasid
#0 C:\Users\adi winarno\Documents\skripsi\LabustaDashCI\app\Views\materi\edit.php(84): CodeIgniter\Debug\Exceptions->errorHandler(8, 'Undefined varia...', 'C:\\Users\\adi wi...', 84, Array)
#1 C:\Users\adi winarno\Documents\skripsi\LabustaDashCI\system\View\View.php(230): include('C:\\Users\\adi wi...')
#2 C:\Users\adi winarno\Documents\skripsi\LabustaDashCI\system\View\View.php(232): CodeIgniter\View\View->CodeIgniter\View\{closure}()
#3 C:\Users\adi winarno\Documents\skripsi\LabustaDashCI\system\Common.php(1271): CodeIgniter\View\View->render('materi/edit', Array, true)
#4 C:\Users\adi winarno\Documents\skripsi\LabustaDashCI\app\Controllers\Materi.php(86): view('materi/edit', Array)
#5 C:\Users\adi winarno\Documents\skripsi\LabustaDashCI\system\CodeIgniter.php(928): App\Controllers\Materi->edit('1')
#6 C:\Users\adi winarno\Documents\skripsi\LabustaDashCI\system\CodeIgniter.php(436): CodeIgniter\CodeIgniter->runController(Object(App\Controllers\Materi))
#7 C:\Users\adi winarno\Documents\skripsi\LabustaDashCI\system\CodeIgniter.php(336): CodeIgniter\CodeIgniter->handleRequest(NULL, Object(Config\Cache), false)
#8 C:\Users\adi winarno\Documents\skripsi\LabustaDashCI\public\index.php(37): CodeIgniter\CodeIgniter->run()
#9 C:\Users\adi winarno\Documents\skripsi\LabustaDashCI\system\Commands\Server\rewrite.php(45): require_once('C:\\Users\\adi wi...')
#10 {main}
CRITICAL - 2021-08-30 23:51:16 --> Trying to get property 'id' of non-object
#0 C:\Users\adi winarno\Documents\skripsi\LabustaDashCI\app\Views\materi\edit.php(85): CodeIgniter\Debug\Exceptions->errorHandler(8, 'Trying to get p...', 'C:\\Users\\adi wi...', 85, Array)
#1 C:\Users\adi winarno\Documents\skripsi\LabustaDashCI\system\View\View.php(230): include('C:\\Users\\adi wi...')
#2 C:\Users\adi winarno\Documents\skripsi\LabustaDashCI\system\View\View.php(232): CodeIgniter\View\View->CodeIgniter\View\{closure}()
#3 C:\Users\adi winarno\Documents\skripsi\LabustaDashCI\system\Common.php(1271): CodeIgniter\View\View->render('materi/edit', Array, true)
#4 C:\Users\adi winarno\Documents\skripsi\LabustaDashCI\app\Controllers\Materi.php(86): view('materi/edit', Array)
#5 C:\Users\adi winarno\Documents\skripsi\LabustaDashCI\system\CodeIgniter.php(928): App\Controllers\Materi->edit('1')
#6 C:\Users\adi winarno\Documents\skripsi\LabustaDashCI\system\CodeIgniter.php(436): CodeIgniter\CodeIgniter->runController(Object(App\Controllers\Materi))
#7 C:\Users\adi winarno\Documents\skripsi\LabustaDashCI\system\CodeIgniter.php(336): CodeIgniter\CodeIgniter->handleRequest(NULL, Object(Config\Cache), false)
#8 C:\Users\adi winarno\Documents\skripsi\LabustaDashCI\public\index.php(37): CodeIgniter\CodeIgniter->run()
#9 C:\Users\adi winarno\Documents\skripsi\LabustaDashCI\system\Commands\Server\rewrite.php(45): require_once('C:\\Users\\adi wi...')
#10 {main}
CRITICAL - 2021-08-30 23:51:27 --> Trying to get property 'Id_Kelas' of non-object
#0 C:\Users\adi winarno\Documents\skripsi\LabustaDashCI\app\Views\materi\edit.php(85): CodeIgniter\Debug\Exceptions->errorHandler(8, 'Trying to get p...', 'C:\\Users\\adi wi...', 85, Array)
#1 C:\Users\adi winarno\Documents\skripsi\LabustaDashCI\system\View\View.php(230): include('C:\\Users\\adi wi...')
#2 C:\Users\adi winarno\Documents\skripsi\LabustaDashCI\system\View\View.php(232): CodeIgniter\View\View->CodeIgniter\View\{closure}()
#3 C:\Users\adi winarno\Documents\skripsi\LabustaDashCI\system\Common.php(1271): CodeIgniter\View\View->render('materi/edit', Array, true)
#4 C:\Users\adi winarno\Documents\skripsi\LabustaDashCI\app\Controllers\Materi.php(86): view('materi/edit', Array)
#5 C:\Users\adi winarno\Documents\skripsi\LabustaDashCI\system\CodeIgniter.php(928): App\Controllers\Materi->edit('1')
#6 C:\Users\adi winarno\Documents\skripsi\LabustaDashCI\system\CodeIgniter.php(436): CodeIgniter\CodeIgniter->runController(Object(App\Controllers\Materi))
#7 C:\Users\adi winarno\Documents\skripsi\LabustaDashCI\system\CodeIgniter.php(336): CodeIgniter\CodeIgniter->handleRequest(NULL, Object(Config\Cache), false)
#8 C:\Users\adi winarno\Documents\skripsi\LabustaDashCI\public\index.php(37): CodeIgniter\CodeIgniter->run()
#9 C:\Users\adi winarno\Documents\skripsi\LabustaDashCI\system\Commands\Server\rewrite.php(45): require_once('C:\\Users\\adi wi...')
#10 {main}
CRITICAL - 2021-08-30 23:51:34 --> Trying to get property 'kelas' of non-object
#0 C:\Users\adi winarno\Documents\skripsi\LabustaDashCI\app\Views\materi\edit.php(85): CodeIgniter\Debug\Exceptions->errorHandler(8, 'Trying to get p...', 'C:\\Users\\adi wi...', 85, Array)
#1 C:\Users\adi winarno\Documents\skripsi\LabustaDashCI\system\View\View.php(230): include('C:\\Users\\adi wi...')
#2 C:\Users\adi winarno\Documents\skripsi\LabustaDashCI\system\View\View.php(232): CodeIgniter\View\View->CodeIgniter\View\{closure}()
#3 C:\Users\adi winarno\Documents\skripsi\LabustaDashCI\system\Common.php(1271): CodeIgniter\View\View->render('materi/edit', Array, true)
#4 C:\Users\adi winarno\Documents\skripsi\LabustaDashCI\app\Controllers\Materi.php(86): view('materi/edit', Array)
#5 C:\Users\adi winarno\Documents\skripsi\LabustaDashCI\system\CodeIgniter.php(928): App\Controllers\Materi->edit('1')
#6 C:\Users\adi winarno\Documents\skripsi\LabustaDashCI\system\CodeIgniter.php(436): CodeIgniter\CodeIgniter->runController(Object(App\Controllers\Materi))
#7 C:\Users\adi winarno\Documents\skripsi\LabustaDashCI\system\CodeIgniter.php(336): CodeIgniter\CodeIgniter->handleRequest(NULL, Object(Config\Cache), false)
#8 C:\Users\adi winarno\Documents\skripsi\LabustaDashCI\public\index.php(37): CodeIgniter\CodeIgniter->run()
#9 C:\Users\adi winarno\Documents\skripsi\LabustaDashCI\system\Commands\Server\rewrite.php(45): require_once('C:\\Users\\adi wi...')
#10 {main}
CRITICAL - 2021-08-30 23:54:52 --> Invalid file: materis/edit.php
#0 C:\Users\adi winarno\Documents\skripsi\LabustaDashCI\system\View\View.php(213): CodeIgniter\Exceptions\FrameworkException::forInvalidFile('materis/edit.ph...')
#1 C:\Users\adi winarno\Documents\skripsi\LabustaDashCI\system\Common.php(1271): CodeIgniter\View\View->render('materis/edit', Array, true)
#2 C:\Users\adi winarno\Documents\skripsi\LabustaDashCI\app\Controllers\Materi.php(87): view('materis/edit', Array)
#3 C:\Users\adi winarno\Documents\skripsi\LabustaDashCI\system\CodeIgniter.php(928): App\Controllers\Materi->edit('1')
#4 C:\Users\adi winarno\Documents\skripsi\LabustaDashCI\system\CodeIgniter.php(436): CodeIgniter\CodeIgniter->runController(Object(App\Controllers\Materi))
#5 C:\Users\adi winarno\Documents\skripsi\LabustaDashCI\system\CodeIgniter.php(336): CodeIgniter\CodeIgniter->handleRequest(NULL, Object(Config\Cache), false)
#6 C:\Users\adi winarno\Documents\skripsi\LabustaDashCI\public\index.php(37): CodeIgniter\CodeIgniter->run()
#7 C:\Users\adi winarno\Documents\skripsi\LabustaDashCI\system\Commands\Server\rewrite.php(45): require_once('C:\\Users\\adi wi...')
#8 {main}
CRITICAL - 2021-08-30 23:57:52 --> Undefined variable: _SESSION
#0 C:\Users\adi winarno\Documents\skripsi\LabustaDashCI\app\Views\adminLte\navbar.php(22): CodeIgniter\Debug\Exceptions->errorHandler(8, 'Undefined varia...', 'C:\\Users\\adi wi...', 22, Array)
#1 C:\Users\adi winarno\Documents\skripsi\LabustaDashCI\system\View\View.php(230): include('C:\\Users\\adi wi...')
#2 C:\Users\adi winarno\Documents\skripsi\LabustaDashCI\system\View\View.php(232): CodeIgniter\View\View->CodeIgniter\View\{closure}()
#3 C:\Users\adi winarno\Documents\skripsi\LabustaDashCI\system\Common.php(1271): CodeIgniter\View\View->render('adminLte/navbar...', Array, true)
#4 C:\Users\adi winarno\Documents\skripsi\LabustaDashCI\app\Views\adminLte\wraper.php(3): view('adminLte/navbar...')
#5 C:\Users\adi winarno\Documents\skripsi\LabustaDashCI\system\View\View.php(230): include('C:\\Users\\adi wi...')
#6 C:\Users\adi winarno\Documents\skripsi\LabustaDashCI\system\View\View.php(232): CodeIgniter\View\View->CodeIgniter\View\{closure}()
#7 C:\Users\adi winarno\Documents\skripsi\LabustaDashCI\system\Common.php(1271): CodeIgniter\View\View->render('adminLte/wraper', Array, true)
#8 C:\Users\adi winarno\Documents\skripsi\LabustaDashCI\app\Controllers\Home.php(19): view('adminLte/wraper', Array)
#9 C:\Users\adi winarno\Documents\skripsi\LabustaDashCI\system\CodeIgniter.php(928): App\Controllers\Home->index()
#10 C:\Users\adi winarno\Documents\skripsi\LabustaDashCI\system\CodeIgniter.php(436): CodeIgniter\CodeIgniter->runController(Object(App\Controllers\Home))
#11 C:\Users\adi winarno\Documents\skripsi\LabustaDashCI\system\CodeIgniter.php(336): CodeIgniter\CodeIgniter->handleRequest(NULL, Object(Config\Cache), false)
#12 C:\Users\adi winarno\Documents\skripsi\LabustaDashCI\public\index.php(37): CodeIgniter\CodeIgniter->run()
#13 C:\Users\adi winarno\Documents\skripsi\LabustaDashCI\system\Commands\Server\rewrite.php(45): require_once('C:\\Users\\adi wi...')
#14 {main}
CRITICAL - 2021-08-30 23:58:59 --> Invalid file: Materis/index.php
#0 C:\Users\adi winarno\Documents\skripsi\LabustaDashCI\system\View\View.php(213): CodeIgniter\Exceptions\FrameworkException::forInvalidFile('Materis/index.p...')
#1 C:\Users\adi winarno\Documents\skripsi\LabustaDashCI\system\Common.php(1271): CodeIgniter\View\View->render('Materis/index', Array, true)
#2 C:\Users\adi winarno\Documents\skripsi\LabustaDashCI\app\Controllers\Materi.php(22): view('Materis/index', Array)
#3 C:\Users\adi winarno\Documents\skripsi\LabustaDashCI\system\CodeIgniter.php(928): App\Controllers\Materi->index()
#4 C:\Users\adi winarno\Documents\skripsi\LabustaDashCI\system\CodeIgniter.php(436): CodeIgniter\CodeIgniter->runController(Object(App\Controllers\Materi))
#5 C:\Users\adi winarno\Documents\skripsi\LabustaDashCI\system\CodeIgniter.php(336): CodeIgniter\CodeIgniter->handleRequest(NULL, Object(Config\Cache), false)
#6 C:\Users\adi winarno\Documents\skripsi\LabustaDashCI\public\index.php(37): CodeIgniter\CodeIgniter->run()
#7 C:\Users\adi winarno\Documents\skripsi\LabustaDashCI\system\Commands\Server\rewrite.php(45): require_once('C:\\Users\\adi wi...')
#8 {main}
