CRITICAL - 2021-08-21 04:56:52 --> Allowed fields must be specified for model: App\Models\GuruModel
#0 /opt/lampp/htdocs/LabustaCI/system/BaseModel.php(1205): CodeIgniter\Database\Exceptions\DataException::forInvalidAllowedFields('App\\Models\\Guru...')
#1 /opt/lampp/htdocs/LabustaCI/system/BaseModel.php(745): CodeIgniter\BaseModel->doProtectFields(Array)
#2 /opt/lampp/htdocs/LabustaCI/system/Model.php(686): CodeIgniter\BaseModel->insert(Array, true)
#3 /opt/lampp/htdocs/LabustaCI/app/Controllers/Guru.php(54): CodeIgniter\Model->insert(Array)
#4 /opt/lampp/htdocs/LabustaCI/system/CodeIgniter.php(928): App\Controllers\Guru->create()
#5 /opt/lampp/htdocs/LabustaCI/system/CodeIgniter.php(436): CodeIgniter\CodeIgniter->runController(Object(App\Controllers\Guru))
#6 /opt/lampp/htdocs/LabustaCI/system/CodeIgniter.php(336): CodeIgniter\CodeIgniter->handleRequest(NULL, Object(Config\Cache), false)
#7 /opt/lampp/htdocs/LabustaCI/public/index.php(37): CodeIgniter\CodeIgniter->run()
#8 /opt/lampp/htdocs/LabustaCI/system/Commands/Server/rewrite.php(45): require_once('/opt/lampp/htdo...')
#9 {main}
CRITICAL - 2021-08-21 04:59:09 --> There is no data to insert.
#0 /opt/lampp/htdocs/LabustaCI/system/BaseModel.php(751): CodeIgniter\Database\Exceptions\DataException::forEmptyDataset('insert')
#1 /opt/lampp/htdocs/LabustaCI/system/Model.php(686): CodeIgniter\BaseModel->insert(Array, true)
#2 /opt/lampp/htdocs/LabustaCI/app/Controllers/Guru.php(54): CodeIgniter\Model->insert(Array)
#3 /opt/lampp/htdocs/LabustaCI/system/CodeIgniter.php(928): App\Controllers\Guru->create()
#4 /opt/lampp/htdocs/LabustaCI/system/CodeIgniter.php(436): CodeIgniter\CodeIgniter->runController(Object(App\Controllers\Guru))
#5 /opt/lampp/htdocs/LabustaCI/system/CodeIgniter.php(336): CodeIgniter\CodeIgniter->handleRequest(NULL, Object(Config\Cache), false)
#6 /opt/lampp/htdocs/LabustaCI/public/index.php(37): CodeIgniter\CodeIgniter->run()
#7 /opt/lampp/htdocs/LabustaCI/system/Commands/Server/rewrite.php(45): require_once('/opt/lampp/htdo...')
#8 {main}
CRITICAL - 2021-08-21 04:59:11 --> There is no data to insert.
#0 /opt/lampp/htdocs/LabustaCI/system/BaseModel.php(751): CodeIgniter\Database\Exceptions\DataException::forEmptyDataset('insert')
#1 /opt/lampp/htdocs/LabustaCI/system/Model.php(686): CodeIgniter\BaseModel->insert(Array, true)
#2 /opt/lampp/htdocs/LabustaCI/app/Controllers/Guru.php(54): CodeIgniter\Model->insert(Array)
#3 /opt/lampp/htdocs/LabustaCI/system/CodeIgniter.php(928): App\Controllers\Guru->create()
#4 /opt/lampp/htdocs/LabustaCI/system/CodeIgniter.php(436): CodeIgniter\CodeIgniter->runController(Object(App\Controllers\Guru))
#5 /opt/lampp/htdocs/LabustaCI/system/CodeIgniter.php(336): CodeIgniter\CodeIgniter->handleRequest(NULL, Object(Config\Cache), false)
#6 /opt/lampp/htdocs/LabustaCI/public/index.php(37): CodeIgniter\CodeIgniter->run()
#7 /opt/lampp/htdocs/LabustaCI/system/Commands/Server/rewrite.php(45): require_once('/opt/lampp/htdo...')
#8 {main}
CRITICAL - 2021-08-21 05:00:14 --> There is no data to insert.
#0 /opt/lampp/htdocs/LabustaCI/system/BaseModel.php(751): CodeIgniter\Database\Exceptions\DataException::forEmptyDataset('insert')
#1 /opt/lampp/htdocs/LabustaCI/system/Model.php(686): CodeIgniter\BaseModel->insert(Array, true)
#2 /opt/lampp/htdocs/LabustaCI/app/Controllers/Guru.php(54): CodeIgniter\Model->insert(Array)
#3 /opt/lampp/htdocs/LabustaCI/system/CodeIgniter.php(928): App\Controllers\Guru->create()
#4 /opt/lampp/htdocs/LabustaCI/system/CodeIgniter.php(436): CodeIgniter\CodeIgniter->runController(Object(App\Controllers\Guru))
#5 /opt/lampp/htdocs/LabustaCI/system/CodeIgniter.php(336): CodeIgniter\CodeIgniter->handleRequest(NULL, Object(Config\Cache), false)
#6 /opt/lampp/htdocs/LabustaCI/public/index.php(37): CodeIgniter\CodeIgniter->run()
#7 /opt/lampp/htdocs/LabustaCI/system/Commands/Server/rewrite.php(45): require_once('/opt/lampp/htdo...')
#8 {main}
CRITICAL - 2021-08-21 05:02:11 --> There is no data to insert.
#0 /opt/lampp/htdocs/LabustaCI/system/BaseModel.php(1668): CodeIgniter\Database\Exceptions\DataException::forEmptyDataset('insert')
#1 /opt/lampp/htdocs/LabustaCI/system/BaseModel.php(735): CodeIgniter\BaseModel->transformDataToArray(Array, 'insert')
#2 /opt/lampp/htdocs/LabustaCI/system/Model.php(686): CodeIgniter\BaseModel->insert(Array, true)
#3 /opt/lampp/htdocs/LabustaCI/app/Controllers/Guru.php(54): CodeIgniter\Model->insert(Array)
#4 /opt/lampp/htdocs/LabustaCI/system/CodeIgniter.php(928): App\Controllers\Guru->create()
#5 /opt/lampp/htdocs/LabustaCI/system/CodeIgniter.php(436): CodeIgniter\CodeIgniter->runController(Object(App\Controllers\Guru))
#6 /opt/lampp/htdocs/LabustaCI/system/CodeIgniter.php(336): CodeIgniter\CodeIgniter->handleRequest(NULL, Object(Config\Cache), false)
#7 /opt/lampp/htdocs/LabustaCI/public/index.php(37): CodeIgniter\CodeIgniter->run()
#8 /opt/lampp/htdocs/LabustaCI/system/Commands/Server/rewrite.php(45): require_once('/opt/lampp/htdo...')
#9 {main}
CRITICAL - 2021-08-21 05:02:13 --> There is no data to insert.
#0 /opt/lampp/htdocs/LabustaCI/system/BaseModel.php(1668): CodeIgniter\Database\Exceptions\DataException::forEmptyDataset('insert')
#1 /opt/lampp/htdocs/LabustaCI/system/BaseModel.php(735): CodeIgniter\BaseModel->transformDataToArray(Array, 'insert')
#2 /opt/lampp/htdocs/LabustaCI/system/Model.php(686): CodeIgniter\BaseModel->insert(Array, true)
#3 /opt/lampp/htdocs/LabustaCI/app/Controllers/Guru.php(54): CodeIgniter\Model->insert(Array)
#4 /opt/lampp/htdocs/LabustaCI/system/CodeIgniter.php(928): App\Controllers\Guru->create()
#5 /opt/lampp/htdocs/LabustaCI/system/CodeIgniter.php(436): CodeIgniter\CodeIgniter->runController(Object(App\Controllers\Guru))
#6 /opt/lampp/htdocs/LabustaCI/system/CodeIgniter.php(336): CodeIgniter\CodeIgniter->handleRequest(NULL, Object(Config\Cache), false)
#7 /opt/lampp/htdocs/LabustaCI/public/index.php(37): CodeIgniter\CodeIgniter->run()
#8 /opt/lampp/htdocs/LabustaCI/system/Commands/Server/rewrite.php(45): require_once('/opt/lampp/htdo...')
#9 {main}
CRITICAL - 2021-08-21 05:06:47 --> Undefined variable: admin
#0 /opt/lampp/htdocs/LabustaCI/app/Views/materi/edit.php(73): CodeIgniter\Debug\Exceptions->errorHandler(8, 'Undefined varia...', '/opt/lampp/htdo...', 73, Array)
#1 /opt/lampp/htdocs/LabustaCI/system/View/View.php(230): include('/opt/lampp/htdo...')
#2 /opt/lampp/htdocs/LabustaCI/system/View/View.php(232): CodeIgniter\View\View->CodeIgniter\View\{closure}()
#3 /opt/lampp/htdocs/LabustaCI/system/Common.php(1271): CodeIgniter\View\View->render('materi/edit', Array, true)
#4 /opt/lampp/htdocs/LabustaCI/app/Controllers/Materi.php(70): view('materi/edit')
#5 /opt/lampp/htdocs/LabustaCI/system/CodeIgniter.php(928): App\Controllers\Materi->edit('1')
#6 /opt/lampp/htdocs/LabustaCI/system/CodeIgniter.php(436): CodeIgniter\CodeIgniter->runController(Object(App\Controllers\Materi))
#7 /opt/lampp/htdocs/LabustaCI/system/CodeIgniter.php(336): CodeIgniter\CodeIgniter->handleRequest(NULL, Object(Config\Cache), false)
#8 /opt/lampp/htdocs/LabustaCI/public/index.php(37): CodeIgniter\CodeIgniter->run()
#9 /opt/lampp/htdocs/LabustaCI/system/Commands/Server/rewrite.php(45): require_once('/opt/lampp/htdo...')
#10 {main}
CRITICAL - 2021-08-21 05:14:07 --> Undefined variable: materi
#0 /opt/lampp/htdocs/LabustaCI/app/Views/materi/edit.php(73): CodeIgniter\Debug\Exceptions->errorHandler(8, 'Undefined varia...', '/opt/lampp/htdo...', 73, Array)
#1 /opt/lampp/htdocs/LabustaCI/system/View/View.php(230): include('/opt/lampp/htdo...')
#2 /opt/lampp/htdocs/LabustaCI/system/View/View.php(232): CodeIgniter\View\View->CodeIgniter\View\{closure}()
#3 /opt/lampp/htdocs/LabustaCI/system/Common.php(1271): CodeIgniter\View\View->render('materi/edit', Array, true)
#4 /opt/lampp/htdocs/LabustaCI/app/Controllers/Materi.php(70): view('materi/edit')
#5 /opt/lampp/htdocs/LabustaCI/system/CodeIgniter.php(928): App\Controllers\Materi->edit('1')
#6 /opt/lampp/htdocs/LabustaCI/system/CodeIgniter.php(436): CodeIgniter\CodeIgniter->runController(Object(App\Controllers\Materi))
#7 /opt/lampp/htdocs/LabustaCI/system/CodeIgniter.php(336): CodeIgniter\CodeIgniter->handleRequest(NULL, Object(Config\Cache), false)
#8 /opt/lampp/htdocs/LabustaCI/public/index.php(37): CodeIgniter\CodeIgniter->run()
#9 /opt/lampp/htdocs/LabustaCI/system/Commands/Server/rewrite.php(45): require_once('/opt/lampp/htdo...')
#10 {main}
CRITICAL - 2021-08-21 05:39:09 --> Undefined property: stdClass::$id_guru
#0 /opt/lampp/htdocs/LabustaCI/app/Views/materi/edit.php(73): CodeIgniter\Debug\Exceptions->errorHandler(8, 'Undefined prope...', '/opt/lampp/htdo...', 73, Array)
#1 /opt/lampp/htdocs/LabustaCI/system/View/View.php(230): include('/opt/lampp/htdo...')
#2 /opt/lampp/htdocs/LabustaCI/system/View/View.php(232): CodeIgniter\View\View->CodeIgniter\View\{closure}()
#3 /opt/lampp/htdocs/LabustaCI/system/Common.php(1271): CodeIgniter\View\View->render('materi/edit', Array, true)
#4 /opt/lampp/htdocs/LabustaCI/app/Controllers/Materi.php(74): view('materi/edit', Array)
#5 /opt/lampp/htdocs/LabustaCI/system/CodeIgniter.php(928): App\Controllers\Materi->edit('1')
#6 /opt/lampp/htdocs/LabustaCI/system/CodeIgniter.php(436): CodeIgniter\CodeIgniter->runController(Object(App\Controllers\Materi))
#7 /opt/lampp/htdocs/LabustaCI/system/CodeIgniter.php(336): CodeIgniter\CodeIgniter->handleRequest(NULL, Object(Config\Cache), false)
#8 /opt/lampp/htdocs/LabustaCI/public/index.php(37): CodeIgniter\CodeIgniter->run()
#9 /opt/lampp/htdocs/LabustaCI/system/Commands/Server/rewrite.php(45): require_once('/opt/lampp/htdo...')
#10 {main}
