CRITICAL - 2021-09-01 05:57:52 --> You must set the database table to be used with your query.
#0 C:\Users\adi winarno\Documents\skripsi\LabustaDashCI\system\Model.php(602): CodeIgniter\Database\BaseConnection->table(NULL)
#1 C:\Users\adi winarno\Documents\skripsi\LabustaDashCI\system\Model.php(798): CodeIgniter\Model->builder()
#2 C:\Users\adi winarno\Documents\skripsi\LabustaDashCI\app\Controllers\Home.php(23): CodeIgniter\Model->__call('select', Array)
#3 C:\Users\adi winarno\Documents\skripsi\LabustaDashCI\system\CodeIgniter.php(928): App\Controllers\Home->index()
#4 C:\Users\adi winarno\Documents\skripsi\LabustaDashCI\system\CodeIgniter.php(436): CodeIgniter\CodeIgniter->runController(Object(App\Controllers\Home))
#5 C:\Users\adi winarno\Documents\skripsi\LabustaDashCI\system\CodeIgniter.php(336): CodeIgniter\CodeIgniter->handleRequest(NULL, Object(Config\Cache), false)
#6 C:\Users\adi winarno\Documents\skripsi\LabustaDashCI\public\index.php(37): CodeIgniter\CodeIgniter->run()
#7 C:\Users\adi winarno\Documents\skripsi\LabustaDashCI\system\Commands\Server\rewrite.php(45): require_once('C:\\Users\\adi wi...')
#8 {main}
CRITICAL - 2021-09-01 05:58:04 --> You must set the database table to be used with your query.
#0 C:\Users\adi winarno\Documents\skripsi\LabustaDashCI\system\Model.php(602): CodeIgniter\Database\BaseConnection->table(NULL)
#1 C:\Users\adi winarno\Documents\skripsi\LabustaDashCI\system\Model.php(798): CodeIgniter\Model->builder()
#2 C:\Users\adi winarno\Documents\skripsi\LabustaDashCI\app\Controllers\Home.php(23): CodeIgniter\Model->__call('select', Array)
#3 C:\Users\adi winarno\Documents\skripsi\LabustaDashCI\system\CodeIgniter.php(928): App\Controllers\Home->index()
#4 C:\Users\adi winarno\Documents\skripsi\LabustaDashCI\system\CodeIgniter.php(436): CodeIgniter\CodeIgniter->runController(Object(App\Controllers\Home))
#5 C:\Users\adi winarno\Documents\skripsi\LabustaDashCI\system\CodeIgniter.php(336): CodeIgniter\CodeIgniter->handleRequest(NULL, Object(Config\Cache), false)
#6 C:\Users\adi winarno\Documents\skripsi\LabustaDashCI\public\index.php(37): CodeIgniter\CodeIgniter->run()
#7 C:\Users\adi winarno\Documents\skripsi\LabustaDashCI\system\Commands\Server\rewrite.php(45): require_once('C:\\Users\\adi wi...')
#8 {main}
CRITICAL - 2021-09-01 05:59:45 --> Call to a member function select() on array
#0 C:\Users\adi winarno\Documents\skripsi\LabustaDashCI\system\CodeIgniter.php(928): App\Controllers\Home->index()
#1 C:\Users\adi winarno\Documents\skripsi\LabustaDashCI\system\CodeIgniter.php(436): CodeIgniter\CodeIgniter->runController(Object(App\Controllers\Home))
#2 C:\Users\adi winarno\Documents\skripsi\LabustaDashCI\system\CodeIgniter.php(336): CodeIgniter\CodeIgniter->handleRequest(NULL, Object(Config\Cache), false)
#3 C:\Users\adi winarno\Documents\skripsi\LabustaDashCI\public\index.php(37): CodeIgniter\CodeIgniter->run()
#4 C:\Users\adi winarno\Documents\skripsi\LabustaDashCI\system\Commands\Server\rewrite.php(45): require_once('C:\\Users\\adi wi...')
#5 {main}
CRITICAL - 2021-09-01 06:00:35 --> Call to a member function select() on array
#0 C:\Users\adi winarno\Documents\skripsi\LabustaDashCI\system\CodeIgniter.php(928): App\Controllers\Home->index()
#1 C:\Users\adi winarno\Documents\skripsi\LabustaDashCI\system\CodeIgniter.php(436): CodeIgniter\CodeIgniter->runController(Object(App\Controllers\Home))
#2 C:\Users\adi winarno\Documents\skripsi\LabustaDashCI\system\CodeIgniter.php(336): CodeIgniter\CodeIgniter->handleRequest(NULL, Object(Config\Cache), false)
#3 C:\Users\adi winarno\Documents\skripsi\LabustaDashCI\public\index.php(37): CodeIgniter\CodeIgniter->run()
#4 C:\Users\adi winarno\Documents\skripsi\LabustaDashCI\system\Commands\Server\rewrite.php(45): require_once('C:\\Users\\adi wi...')
#5 {main}
CRITICAL - 2021-09-01 06:00:36 --> Call to a member function select() on array
#0 C:\Users\adi winarno\Documents\skripsi\LabustaDashCI\system\CodeIgniter.php(928): App\Controllers\Home->index()
#1 C:\Users\adi winarno\Documents\skripsi\LabustaDashCI\system\CodeIgniter.php(436): CodeIgniter\CodeIgniter->runController(Object(App\Controllers\Home))
#2 C:\Users\adi winarno\Documents\skripsi\LabustaDashCI\system\CodeIgniter.php(336): CodeIgniter\CodeIgniter->handleRequest(NULL, Object(Config\Cache), false)
#3 C:\Users\adi winarno\Documents\skripsi\LabustaDashCI\public\index.php(37): CodeIgniter\CodeIgniter->run()
#4 C:\Users\adi winarno\Documents\skripsi\LabustaDashCI\system\Commands\Server\rewrite.php(45): require_once('C:\\Users\\adi wi...')
#5 {main}
CRITICAL - 2021-09-01 06:00:45 --> You must set the database table to be used with your query.
#0 C:\Users\adi winarno\Documents\skripsi\LabustaDashCI\system\Model.php(602): CodeIgniter\Database\BaseConnection->table(NULL)
#1 C:\Users\adi winarno\Documents\skripsi\LabustaDashCI\system\Model.php(798): CodeIgniter\Model->builder()
#2 C:\Users\adi winarno\Documents\skripsi\LabustaDashCI\app\Controllers\Home.php(25): CodeIgniter\Model->__call('select', Array)
#3 C:\Users\adi winarno\Documents\skripsi\LabustaDashCI\system\CodeIgniter.php(928): App\Controllers\Home->index()
#4 C:\Users\adi winarno\Documents\skripsi\LabustaDashCI\system\CodeIgniter.php(436): CodeIgniter\CodeIgniter->runController(Object(App\Controllers\Home))
#5 C:\Users\adi winarno\Documents\skripsi\LabustaDashCI\system\CodeIgniter.php(336): CodeIgniter\CodeIgniter->handleRequest(NULL, Object(Config\Cache), false)
#6 C:\Users\adi winarno\Documents\skripsi\LabustaDashCI\public\index.php(37): CodeIgniter\CodeIgniter->run()
#7 C:\Users\adi winarno\Documents\skripsi\LabustaDashCI\system\Commands\Server\rewrite.php(45): require_once('C:\\Users\\adi wi...')
#8 {main}
CRITICAL - 2021-09-01 06:01:41 --> Cannot use object of type mysqli as array
#0 C:\Users\adi winarno\Documents\skripsi\LabustaDashCI\system\View\View.php(230): include()
#1 C:\Users\adi winarno\Documents\skripsi\LabustaDashCI\system\View\View.php(232): CodeIgniter\View\View->CodeIgniter\View\{closure}()
#2 C:\Users\adi winarno\Documents\skripsi\LabustaDashCI\system\View\View.php(487): CodeIgniter\View\View->render('adminLte/chart', NULL, true)
#3 C:\Users\adi winarno\Documents\skripsi\LabustaDashCI\app\Views\adminLte\content.php(79): CodeIgniter\View\View->include('adminLte/chart')
#4 C:\Users\adi winarno\Documents\skripsi\LabustaDashCI\system\View\View.php(230): include('C:\\Users\\adi wi...')
#5 C:\Users\adi winarno\Documents\skripsi\LabustaDashCI\system\View\View.php(232): CodeIgniter\View\View->CodeIgniter\View\{closure}()
#6 C:\Users\adi winarno\Documents\skripsi\LabustaDashCI\system\Common.php(1271): CodeIgniter\View\View->render('adminLte/conten...', Array, true)
#7 C:\Users\adi winarno\Documents\skripsi\LabustaDashCI\app\Views\adminLte\wraper.php(5): view('adminLte/conten...')
#8 C:\Users\adi winarno\Documents\skripsi\LabustaDashCI\system\View\View.php(230): include('C:\\Users\\adi wi...')
#9 C:\Users\adi winarno\Documents\skripsi\LabustaDashCI\system\View\View.php(232): CodeIgniter\View\View->CodeIgniter\View\{closure}()
#10 C:\Users\adi winarno\Documents\skripsi\LabustaDashCI\system\Common.php(1271): CodeIgniter\View\View->render('adminLte/wraper', Array, true)
#11 C:\Users\adi winarno\Documents\skripsi\LabustaDashCI\app\Controllers\Home.php(40): view('adminLte/wraper', Array)
#12 C:\Users\adi winarno\Documents\skripsi\LabustaDashCI\system\CodeIgniter.php(928): App\Controllers\Home->index()
#13 C:\Users\adi winarno\Documents\skripsi\LabustaDashCI\system\CodeIgniter.php(436): CodeIgniter\CodeIgniter->runController(Object(App\Controllers\Home))
#14 C:\Users\adi winarno\Documents\skripsi\LabustaDashCI\system\CodeIgniter.php(336): CodeIgniter\CodeIgniter->handleRequest(NULL, Object(Config\Cache), false)
#15 C:\Users\adi winarno\Documents\skripsi\LabustaDashCI\public\index.php(37): CodeIgniter\CodeIgniter->run()
#16 C:\Users\adi winarno\Documents\skripsi\LabustaDashCI\system\Commands\Server\rewrite.php(45): require_once('C:\\Users\\adi wi...')
#17 {main}
CRITICAL - 2021-09-01 06:08:14 --> Cannot use object of type stdClass as array
#0 C:\Users\adi winarno\Documents\skripsi\LabustaDashCI\system\View\View.php(230): include()
#1 C:\Users\adi winarno\Documents\skripsi\LabustaDashCI\system\View\View.php(232): CodeIgniter\View\View->CodeIgniter\View\{closure}()
#2 C:\Users\adi winarno\Documents\skripsi\LabustaDashCI\system\View\View.php(487): CodeIgniter\View\View->render('adminLte/chart', NULL, true)
#3 C:\Users\adi winarno\Documents\skripsi\LabustaDashCI\app\Views\adminLte\content.php(79): CodeIgniter\View\View->include('adminLte/chart')
#4 C:\Users\adi winarno\Documents\skripsi\LabustaDashCI\system\View\View.php(230): include('C:\\Users\\adi wi...')
#5 C:\Users\adi winarno\Documents\skripsi\LabustaDashCI\system\View\View.php(232): CodeIgniter\View\View->CodeIgniter\View\{closure}()
#6 C:\Users\adi winarno\Documents\skripsi\LabustaDashCI\system\Common.php(1271): CodeIgniter\View\View->render('adminLte/conten...', Array, true)
#7 C:\Users\adi winarno\Documents\skripsi\LabustaDashCI\app\Views\adminLte\wraper.php(5): view('adminLte/conten...')
#8 C:\Users\adi winarno\Documents\skripsi\LabustaDashCI\system\View\View.php(230): include('C:\\Users\\adi wi...')
#9 C:\Users\adi winarno\Documents\skripsi\LabustaDashCI\system\View\View.php(232): CodeIgniter\View\View->CodeIgniter\View\{closure}()
#10 C:\Users\adi winarno\Documents\skripsi\LabustaDashCI\system\Common.php(1271): CodeIgniter\View\View->render('adminLte/wraper', Array, true)
#11 C:\Users\adi winarno\Documents\skripsi\LabustaDashCI\app\Controllers\Home.php(40): view('adminLte/wraper', Array)
#12 C:\Users\adi winarno\Documents\skripsi\LabustaDashCI\system\CodeIgniter.php(928): App\Controllers\Home->index()
#13 C:\Users\adi winarno\Documents\skripsi\LabustaDashCI\system\CodeIgniter.php(436): CodeIgniter\CodeIgniter->runController(Object(App\Controllers\Home))
#14 C:\Users\adi winarno\Documents\skripsi\LabustaDashCI\system\CodeIgniter.php(336): CodeIgniter\CodeIgniter->handleRequest(NULL, Object(Config\Cache), false)
#15 C:\Users\adi winarno\Documents\skripsi\LabustaDashCI\public\index.php(37): CodeIgniter\CodeIgniter->run()
#16 C:\Users\adi winarno\Documents\skripsi\LabustaDashCI\system\Commands\Server\rewrite.php(45): require_once('C:\\Users\\adi wi...')
#17 {main}
