CRITICAL - 2021-08-18 22:41:07 --> Undefined variable: id
#0 /opt/lampp/htdocs/LabustaCI/app/Views/admin/edit_siswa.php(76): CodeIgniter\Debug\Exceptions->errorHandler(8, 'Undefined varia...', '/opt/lampp/htdo...', 76, Array)
#1 /opt/lampp/htdocs/LabustaCI/system/View/View.php(230): include('/opt/lampp/htdo...')
#2 /opt/lampp/htdocs/LabustaCI/system/View/View.php(232): CodeIgniter\View\View->CodeIgniter\View\{closure}()
#3 /opt/lampp/htdocs/LabustaCI/system/Common.php(1271): CodeIgniter\View\View->render('admin/edit_sisw...', Array, true)
#4 /opt/lampp/htdocs/LabustaCI/app/Controllers/Home.php(48): view('admin/edit_sisw...', Array)
#5 /opt/lampp/htdocs/LabustaCI/system/CodeIgniter.php(928): App\Controllers\Home->edit('1755201190')
#6 /opt/lampp/htdocs/LabustaCI/system/CodeIgniter.php(436): CodeIgniter\CodeIgniter->runController(Object(App\Controllers\Home))
#7 /opt/lampp/htdocs/LabustaCI/system/CodeIgniter.php(336): CodeIgniter\CodeIgniter->handleRequest(NULL, Object(Config\Cache), false)
#8 /opt/lampp/htdocs/LabustaCI/public/index.php(37): CodeIgniter\CodeIgniter->run()
#9 /opt/lampp/htdocs/LabustaCI/system/Commands/Server/rewrite.php(45): require_once('/opt/lampp/htdo...')
#10 {main}
CRITICAL - 2021-08-18 23:05:28 --> Undefined variable: unset
#0 /opt/lampp/htdocs/LabustaCI/app/Controllers/Home.php(60): CodeIgniter\Debug\Exceptions->errorHandler(8, 'Undefined varia...', '/opt/lampp/htdo...', 60, Array)
#1 /opt/lampp/htdocs/LabustaCI/system/CodeIgniter.php(928): App\Controllers\Home->update('1755201190')
#2 /opt/lampp/htdocs/LabustaCI/system/CodeIgniter.php(436): CodeIgniter\CodeIgniter->runController(Object(App\Controllers\Home))
#3 /opt/lampp/htdocs/LabustaCI/system/CodeIgniter.php(336): CodeIgniter\CodeIgniter->handleRequest(NULL, Object(Config\Cache), false)
#4 /opt/lampp/htdocs/LabustaCI/public/index.php(37): CodeIgniter\CodeIgniter->run()
#5 /opt/lampp/htdocs/LabustaCI/system/Commands/Server/rewrite.php(45): require_once('/opt/lampp/htdo...')
#6 {main}
ERROR - 2021-08-18 23:05:47 --> Unknown column '_method' in 'field list'
CRITICAL - 2021-08-18 23:05:47 --> Unknown column '_method' in 'field list'
#0 /opt/lampp/htdocs/LabustaCI/system/Database/MySQLi/Connection.php(329): mysqli->query('UPDATE `student...')
#1 /opt/lampp/htdocs/LabustaCI/system/Database/BaseConnection.php(732): CodeIgniter\Database\MySQLi\Connection->execute('UPDATE `student...')
#2 /opt/lampp/htdocs/LabustaCI/system/Database/BaseConnection.php(647): CodeIgniter\Database\BaseConnection->simpleQuery('UPDATE `student...')
#3 /opt/lampp/htdocs/LabustaCI/system/Database/BaseBuilder.php(2482): CodeIgniter\Database\BaseConnection->query('UPDATE `student...', Array, false)
#4 /opt/lampp/htdocs/LabustaCI/app/Controllers/Home.php(62): CodeIgniter\Database\BaseBuilder->update(Array)
#5 /opt/lampp/htdocs/LabustaCI/system/CodeIgniter.php(928): App\Controllers\Home->update('1755201190')
#6 /opt/lampp/htdocs/LabustaCI/system/CodeIgniter.php(436): CodeIgniter\CodeIgniter->runController(Object(App\Controllers\Home))
#7 /opt/lampp/htdocs/LabustaCI/system/CodeIgniter.php(336): CodeIgniter\CodeIgniter->handleRequest(NULL, Object(Config\Cache), false)
#8 /opt/lampp/htdocs/LabustaCI/public/index.php(37): CodeIgniter\CodeIgniter->run()
#9 /opt/lampp/htdocs/LabustaCI/system/Commands/Server/rewrite.php(45): require_once('/opt/lampp/htdo...')
#10 {main}
CRITICAL - 2021-08-18 23:30:42 --> Too few arguments to function App\Controllers\Home::destroy(), 0 passed in /opt/lampp/htdocs/LabustaCI/system/CodeIgniter.php on line 928 and exactly 1 expected
#0 /opt/lampp/htdocs/LabustaCI/system/CodeIgniter.php(928): App\Controllers\Home->destroy()
#1 /opt/lampp/htdocs/LabustaCI/system/CodeIgniter.php(436): CodeIgniter\CodeIgniter->runController(Object(App\Controllers\Home))
#2 /opt/lampp/htdocs/LabustaCI/system/CodeIgniter.php(336): CodeIgniter\CodeIgniter->handleRequest(NULL, Object(Config\Cache), false)
#3 /opt/lampp/htdocs/LabustaCI/public/index.php(37): CodeIgniter\CodeIgniter->run()
#4 /opt/lampp/htdocs/LabustaCI/system/Commands/Server/rewrite.php(45): require_once('/opt/lampp/htdo...')
#5 {main}
