ERROR - 2021-09-03 05:50:24 --> Unknown column 'updated_at' in 'field list'
CRITICAL - 2021-09-03 05:50:24 --> Unknown column 'updated_at' in 'field list'
#0 C:\Users\adi winarno\Documents\skripsi\LabustaDashCI\system\Database\MySQLi\Connection.php(329): mysqli->query('INSERT INTO `ch...')
#1 C:\Users\adi winarno\Documents\skripsi\LabustaDashCI\system\Database\BaseConnection.php(732): CodeIgniter\Database\MySQLi\Connection->execute('INSERT INTO `ch...')
#2 C:\Users\adi winarno\Documents\skripsi\LabustaDashCI\system\Database\BaseConnection.php(647): CodeIgniter\Database\BaseConnection->simpleQuery('INSERT INTO `ch...')
#3 C:\Users\adi winarno\Documents\skripsi\LabustaDashCI\system\Database\BaseBuilder.php(2277): CodeIgniter\Database\BaseConnection->query('INSERT INTO `ch...', Array, false)
#4 C:\Users\adi winarno\Documents\skripsi\LabustaDashCI\system\Model.php(259): CodeIgniter\Database\BaseBuilder->insert()
#5 C:\Users\adi winarno\Documents\skripsi\LabustaDashCI\system\BaseModel.php(774): CodeIgniter\Model->doInsert(Array)
#6 C:\Users\adi winarno\Documents\skripsi\LabustaDashCI\system\Model.php(686): CodeIgniter\BaseModel->insert(Array, true)
#7 C:\Users\adi winarno\Documents\skripsi\LabustaDashCI\app\Controllers\ApiChat.php(41): CodeIgniter\Model->insert(Array)
#8 C:\Users\adi winarno\Documents\skripsi\LabustaDashCI\system\CodeIgniter.php(928): App\Controllers\ApiChat->tambahpesan()
#9 C:\Users\adi winarno\Documents\skripsi\LabustaDashCI\system\CodeIgniter.php(436): CodeIgniter\CodeIgniter->runController(Object(App\Controllers\ApiChat))
#10 C:\Users\adi winarno\Documents\skripsi\LabustaDashCI\system\CodeIgniter.php(336): CodeIgniter\CodeIgniter->handleRequest(NULL, Object(Config\Cache), false)
#11 C:\Users\adi winarno\Documents\skripsi\LabustaDashCI\public\index.php(37): CodeIgniter\CodeIgniter->run()
#12 C:\Users\adi winarno\Documents\skripsi\LabustaDashCI\system\Commands\Server\rewrite.php(45): require_once('C:\\Users\\adi wi...')
#13 {main}
ERROR - 2021-09-03 05:51:07 --> Unknown column 'updated_at' in 'field list'
CRITICAL - 2021-09-03 05:51:07 --> Unknown column 'updated_at' in 'field list'
#0 C:\Users\adi winarno\Documents\skripsi\LabustaDashCI\system\Database\MySQLi\Connection.php(329): mysqli->query('INSERT INTO `ch...')
#1 C:\Users\adi winarno\Documents\skripsi\LabustaDashCI\system\Database\BaseConnection.php(732): CodeIgniter\Database\MySQLi\Connection->execute('INSERT INTO `ch...')
#2 C:\Users\adi winarno\Documents\skripsi\LabustaDashCI\system\Database\BaseConnection.php(647): CodeIgniter\Database\BaseConnection->simpleQuery('INSERT INTO `ch...')
#3 C:\Users\adi winarno\Documents\skripsi\LabustaDashCI\system\Database\BaseBuilder.php(2277): CodeIgniter\Database\BaseConnection->query('INSERT INTO `ch...', Array, false)
#4 C:\Users\adi winarno\Documents\skripsi\LabustaDashCI\system\Model.php(259): CodeIgniter\Database\BaseBuilder->insert()
#5 C:\Users\adi winarno\Documents\skripsi\LabustaDashCI\system\BaseModel.php(774): CodeIgniter\Model->doInsert(Array)
#6 C:\Users\adi winarno\Documents\skripsi\LabustaDashCI\system\Model.php(686): CodeIgniter\BaseModel->insert(Array, true)
#7 C:\Users\adi winarno\Documents\skripsi\LabustaDashCI\app\Controllers\ApiChat.php(40): CodeIgniter\Model->insert(Array)
#8 C:\Users\adi winarno\Documents\skripsi\LabustaDashCI\system\CodeIgniter.php(928): App\Controllers\ApiChat->tambahpesan()
#9 C:\Users\adi winarno\Documents\skripsi\LabustaDashCI\system\CodeIgniter.php(436): CodeIgniter\CodeIgniter->runController(Object(App\Controllers\ApiChat))
#10 C:\Users\adi winarno\Documents\skripsi\LabustaDashCI\system\CodeIgniter.php(336): CodeIgniter\CodeIgniter->handleRequest(NULL, Object(Config\Cache), false)
#11 C:\Users\adi winarno\Documents\skripsi\LabustaDashCI\public\index.php(37): CodeIgniter\CodeIgniter->run()
#12 C:\Users\adi winarno\Documents\skripsi\LabustaDashCI\system\Commands\Server\rewrite.php(45): require_once('C:\\Users\\adi wi...')
#13 {main}
ERROR - 2021-09-03 05:51:58 --> Unknown column 'updated_at' in 'field list'
CRITICAL - 2021-09-03 05:51:58 --> Unknown column 'updated_at' in 'field list'
#0 C:\Users\adi winarno\Documents\skripsi\LabustaDashCI\system\Database\MySQLi\Connection.php(329): mysqli->query('INSERT INTO `ch...')
#1 C:\Users\adi winarno\Documents\skripsi\LabustaDashCI\system\Database\BaseConnection.php(732): CodeIgniter\Database\MySQLi\Connection->execute('INSERT INTO `ch...')
#2 C:\Users\adi winarno\Documents\skripsi\LabustaDashCI\system\Database\BaseConnection.php(647): CodeIgniter\Database\BaseConnection->simpleQuery('INSERT INTO `ch...')
#3 C:\Users\adi winarno\Documents\skripsi\LabustaDashCI\system\Database\BaseBuilder.php(2277): CodeIgniter\Database\BaseConnection->query('INSERT INTO `ch...', Array, false)
#4 C:\Users\adi winarno\Documents\skripsi\LabustaDashCI\system\Model.php(259): CodeIgniter\Database\BaseBuilder->insert()
#5 C:\Users\adi winarno\Documents\skripsi\LabustaDashCI\system\BaseModel.php(774): CodeIgniter\Model->doInsert(Array)
#6 C:\Users\adi winarno\Documents\skripsi\LabustaDashCI\system\Model.php(686): CodeIgniter\BaseModel->insert(Array, true)
#7 C:\Users\adi winarno\Documents\skripsi\LabustaDashCI\app\Controllers\ApiChat.php(40): CodeIgniter\Model->insert(Array)
#8 C:\Users\adi winarno\Documents\skripsi\LabustaDashCI\system\CodeIgniter.php(928): App\Controllers\ApiChat->tambahpesan()
#9 C:\Users\adi winarno\Documents\skripsi\LabustaDashCI\system\CodeIgniter.php(436): CodeIgniter\CodeIgniter->runController(Object(App\Controllers\ApiChat))
#10 C:\Users\adi winarno\Documents\skripsi\LabustaDashCI\system\CodeIgniter.php(336): CodeIgniter\CodeIgniter->handleRequest(NULL, Object(Config\Cache), false)
#11 C:\Users\adi winarno\Documents\skripsi\LabustaDashCI\public\index.php(37): CodeIgniter\CodeIgniter->run()
#12 C:\Users\adi winarno\Documents\skripsi\LabustaDashCI\system\Commands\Server\rewrite.php(45): require_once('C:\\Users\\adi wi...')
#13 {main}
ERROR - 2021-09-03 05:53:33 --> Unknown column 'updated_at' in 'field list'
CRITICAL - 2021-09-03 05:53:33 --> Unknown column 'updated_at' in 'field list'
#0 C:\Users\adi winarno\Documents\skripsi\LabustaDashCI\system\Database\MySQLi\Connection.php(329): mysqli->query('INSERT INTO `ch...')
#1 C:\Users\adi winarno\Documents\skripsi\LabustaDashCI\system\Database\BaseConnection.php(732): CodeIgniter\Database\MySQLi\Connection->execute('INSERT INTO `ch...')
#2 C:\Users\adi winarno\Documents\skripsi\LabustaDashCI\system\Database\BaseConnection.php(647): CodeIgniter\Database\BaseConnection->simpleQuery('INSERT INTO `ch...')
#3 C:\Users\adi winarno\Documents\skripsi\LabustaDashCI\system\Database\BaseBuilder.php(2277): CodeIgniter\Database\BaseConnection->query('INSERT INTO `ch...', Array, false)
#4 C:\Users\adi winarno\Documents\skripsi\LabustaDashCI\system\Model.php(259): CodeIgniter\Database\BaseBuilder->insert()
#5 C:\Users\adi winarno\Documents\skripsi\LabustaDashCI\system\BaseModel.php(774): CodeIgniter\Model->doInsert(Array)
#6 C:\Users\adi winarno\Documents\skripsi\LabustaDashCI\system\Model.php(686): CodeIgniter\BaseModel->insert(Array, true)
#7 C:\Users\adi winarno\Documents\skripsi\LabustaDashCI\app\Controllers\ApiChat.php(40): CodeIgniter\Model->insert(Array)
#8 C:\Users\adi winarno\Documents\skripsi\LabustaDashCI\system\CodeIgniter.php(928): App\Controllers\ApiChat->tambahpesan()
#9 C:\Users\adi winarno\Documents\skripsi\LabustaDashCI\system\CodeIgniter.php(436): CodeIgniter\CodeIgniter->runController(Object(App\Controllers\ApiChat))
#10 C:\Users\adi winarno\Documents\skripsi\LabustaDashCI\system\CodeIgniter.php(336): CodeIgniter\CodeIgniter->handleRequest(NULL, Object(Config\Cache), false)
#11 C:\Users\adi winarno\Documents\skripsi\LabustaDashCI\public\index.php(37): CodeIgniter\CodeIgniter->run()
#12 C:\Users\adi winarno\Documents\skripsi\LabustaDashCI\system\Commands\Server\rewrite.php(45): require_once('C:\\Users\\adi wi...')
#13 {main}
ERROR - 2021-09-03 05:53:49 --> Unknown column 'updated_at' in 'field list'
CRITICAL - 2021-09-03 05:53:49 --> Unknown column 'updated_at' in 'field list'
#0 C:\Users\adi winarno\Documents\skripsi\LabustaDashCI\system\Database\MySQLi\Connection.php(329): mysqli->query('INSERT INTO `ch...')
#1 C:\Users\adi winarno\Documents\skripsi\LabustaDashCI\system\Database\BaseConnection.php(732): CodeIgniter\Database\MySQLi\Connection->execute('INSERT INTO `ch...')
#2 C:\Users\adi winarno\Documents\skripsi\LabustaDashCI\system\Database\BaseConnection.php(647): CodeIgniter\Database\BaseConnection->simpleQuery('INSERT INTO `ch...')
#3 C:\Users\adi winarno\Documents\skripsi\LabustaDashCI\system\Database\BaseBuilder.php(2277): CodeIgniter\Database\BaseConnection->query('INSERT INTO `ch...', Array, false)
#4 C:\Users\adi winarno\Documents\skripsi\LabustaDashCI\system\Model.php(259): CodeIgniter\Database\BaseBuilder->insert()
#5 C:\Users\adi winarno\Documents\skripsi\LabustaDashCI\system\BaseModel.php(774): CodeIgniter\Model->doInsert(Array)
#6 C:\Users\adi winarno\Documents\skripsi\LabustaDashCI\system\Model.php(686): CodeIgniter\BaseModel->insert(Array, true)
#7 C:\Users\adi winarno\Documents\skripsi\LabustaDashCI\app\Controllers\ApiChat.php(40): CodeIgniter\Model->insert(Array)
#8 C:\Users\adi winarno\Documents\skripsi\LabustaDashCI\system\CodeIgniter.php(928): App\Controllers\ApiChat->tambahpesan()
#9 C:\Users\adi winarno\Documents\skripsi\LabustaDashCI\system\CodeIgniter.php(436): CodeIgniter\CodeIgniter->runController(Object(App\Controllers\ApiChat))
#10 C:\Users\adi winarno\Documents\skripsi\LabustaDashCI\system\CodeIgniter.php(336): CodeIgniter\CodeIgniter->handleRequest(NULL, Object(Config\Cache), false)
#11 C:\Users\adi winarno\Documents\skripsi\LabustaDashCI\public\index.php(37): CodeIgniter\CodeIgniter->run()
#12 C:\Users\adi winarno\Documents\skripsi\LabustaDashCI\system\Commands\Server\rewrite.php(45): require_once('C:\\Users\\adi wi...')
#13 {main}
CRITICAL - 2021-09-03 05:54:41 --> Undefined variable: params
#0 C:\Users\adi winarno\Documents\skripsi\LabustaDashCI\app\Controllers\ApiChat.php(36): CodeIgniter\Debug\Exceptions->errorHandler(8, 'Undefined varia...', 'C:\\Users\\adi wi...', 36, Array)
#1 C:\Users\adi winarno\Documents\skripsi\LabustaDashCI\system\CodeIgniter.php(928): App\Controllers\ApiChat->tambahpesan()
#2 C:\Users\adi winarno\Documents\skripsi\LabustaDashCI\system\CodeIgniter.php(436): CodeIgniter\CodeIgniter->runController(Object(App\Controllers\ApiChat))
#3 C:\Users\adi winarno\Documents\skripsi\LabustaDashCI\system\CodeIgniter.php(336): CodeIgniter\CodeIgniter->handleRequest(NULL, Object(Config\Cache), false)
#4 C:\Users\adi winarno\Documents\skripsi\LabustaDashCI\public\index.php(37): CodeIgniter\CodeIgniter->run()
#5 C:\Users\adi winarno\Documents\skripsi\LabustaDashCI\system\Commands\Server\rewrite.php(45): require_once('C:\\Users\\adi wi...')
#6 {main}
ERROR - 2021-09-03 05:54:51 --> Unknown column 'updated_at' in 'field list'
CRITICAL - 2021-09-03 05:54:51 --> Unknown column 'updated_at' in 'field list'
#0 C:\Users\adi winarno\Documents\skripsi\LabustaDashCI\system\Database\MySQLi\Connection.php(329): mysqli->query('INSERT INTO `ch...')
#1 C:\Users\adi winarno\Documents\skripsi\LabustaDashCI\system\Database\BaseConnection.php(732): CodeIgniter\Database\MySQLi\Connection->execute('INSERT INTO `ch...')
#2 C:\Users\adi winarno\Documents\skripsi\LabustaDashCI\system\Database\BaseConnection.php(647): CodeIgniter\Database\BaseConnection->simpleQuery('INSERT INTO `ch...')
#3 C:\Users\adi winarno\Documents\skripsi\LabustaDashCI\system\Database\BaseBuilder.php(2277): CodeIgniter\Database\BaseConnection->query('INSERT INTO `ch...', Array, false)
#4 C:\Users\adi winarno\Documents\skripsi\LabustaDashCI\system\Model.php(259): CodeIgniter\Database\BaseBuilder->insert()
#5 C:\Users\adi winarno\Documents\skripsi\LabustaDashCI\system\BaseModel.php(774): CodeIgniter\Model->doInsert(Array)
#6 C:\Users\adi winarno\Documents\skripsi\LabustaDashCI\system\Model.php(686): CodeIgniter\BaseModel->insert(Array, true)
#7 C:\Users\adi winarno\Documents\skripsi\LabustaDashCI\app\Controllers\ApiChat.php(40): CodeIgniter\Model->insert(Array)
#8 C:\Users\adi winarno\Documents\skripsi\LabustaDashCI\system\CodeIgniter.php(928): App\Controllers\ApiChat->tambahpesan()
#9 C:\Users\adi winarno\Documents\skripsi\LabustaDashCI\system\CodeIgniter.php(436): CodeIgniter\CodeIgniter->runController(Object(App\Controllers\ApiChat))
#10 C:\Users\adi winarno\Documents\skripsi\LabustaDashCI\system\CodeIgniter.php(336): CodeIgniter\CodeIgniter->handleRequest(NULL, Object(Config\Cache), false)
#11 C:\Users\adi winarno\Documents\skripsi\LabustaDashCI\public\index.php(37): CodeIgniter\CodeIgniter->run()
#12 C:\Users\adi winarno\Documents\skripsi\LabustaDashCI\system\Commands\Server\rewrite.php(45): require_once('C:\\Users\\adi wi...')
#13 {main}
ERROR - 2021-09-03 05:55:16 --> Unknown column 'updated_at' in 'field list'
CRITICAL - 2021-09-03 05:55:16 --> Unknown column 'updated_at' in 'field list'
#0 C:\Users\adi winarno\Documents\skripsi\LabustaDashCI\system\Database\MySQLi\Connection.php(329): mysqli->query('INSERT INTO `ch...')
#1 C:\Users\adi winarno\Documents\skripsi\LabustaDashCI\system\Database\BaseConnection.php(732): CodeIgniter\Database\MySQLi\Connection->execute('INSERT INTO `ch...')
#2 C:\Users\adi winarno\Documents\skripsi\LabustaDashCI\system\Database\BaseConnection.php(647): CodeIgniter\Database\BaseConnection->simpleQuery('INSERT INTO `ch...')
#3 C:\Users\adi winarno\Documents\skripsi\LabustaDashCI\system\Database\BaseBuilder.php(2277): CodeIgniter\Database\BaseConnection->query('INSERT INTO `ch...', Array, false)
#4 C:\Users\adi winarno\Documents\skripsi\LabustaDashCI\system\Model.php(259): CodeIgniter\Database\BaseBuilder->insert()
#5 C:\Users\adi winarno\Documents\skripsi\LabustaDashCI\system\BaseModel.php(774): CodeIgniter\Model->doInsert(Array)
#6 C:\Users\adi winarno\Documents\skripsi\LabustaDashCI\system\Model.php(686): CodeIgniter\BaseModel->insert(Array, true)
#7 C:\Users\adi winarno\Documents\skripsi\LabustaDashCI\app\Controllers\ApiChat.php(40): CodeIgniter\Model->insert(Array)
#8 C:\Users\adi winarno\Documents\skripsi\LabustaDashCI\system\CodeIgniter.php(928): App\Controllers\ApiChat->tambahpesan()
#9 C:\Users\adi winarno\Documents\skripsi\LabustaDashCI\system\CodeIgniter.php(436): CodeIgniter\CodeIgniter->runController(Object(App\Controllers\ApiChat))
#10 C:\Users\adi winarno\Documents\skripsi\LabustaDashCI\system\CodeIgniter.php(336): CodeIgniter\CodeIgniter->handleRequest(NULL, Object(Config\Cache), false)
#11 C:\Users\adi winarno\Documents\skripsi\LabustaDashCI\public\index.php(37): CodeIgniter\CodeIgniter->run()
#12 C:\Users\adi winarno\Documents\skripsi\LabustaDashCI\system\Commands\Server\rewrite.php(45): require_once('C:\\Users\\adi wi...')
#13 {main}
ERROR - 2021-09-03 05:55:19 --> Unknown column 'updated_at' in 'field list'
CRITICAL - 2021-09-03 05:55:19 --> Unknown column 'updated_at' in 'field list'
#0 C:\Users\adi winarno\Documents\skripsi\LabustaDashCI\system\Database\MySQLi\Connection.php(329): mysqli->query('INSERT INTO `ch...')
#1 C:\Users\adi winarno\Documents\skripsi\LabustaDashCI\system\Database\BaseConnection.php(732): CodeIgniter\Database\MySQLi\Connection->execute('INSERT INTO `ch...')
#2 C:\Users\adi winarno\Documents\skripsi\LabustaDashCI\system\Database\BaseConnection.php(647): CodeIgniter\Database\BaseConnection->simpleQuery('INSERT INTO `ch...')
#3 C:\Users\adi winarno\Documents\skripsi\LabustaDashCI\system\Database\BaseBuilder.php(2277): CodeIgniter\Database\BaseConnection->query('INSERT INTO `ch...', Array, false)
#4 C:\Users\adi winarno\Documents\skripsi\LabustaDashCI\system\Model.php(259): CodeIgniter\Database\BaseBuilder->insert()
#5 C:\Users\adi winarno\Documents\skripsi\LabustaDashCI\system\BaseModel.php(774): CodeIgniter\Model->doInsert(Array)
#6 C:\Users\adi winarno\Documents\skripsi\LabustaDashCI\system\Model.php(686): CodeIgniter\BaseModel->insert(Array, true)
#7 C:\Users\adi winarno\Documents\skripsi\LabustaDashCI\app\Controllers\ApiChat.php(40): CodeIgniter\Model->insert(Array)
#8 C:\Users\adi winarno\Documents\skripsi\LabustaDashCI\system\CodeIgniter.php(928): App\Controllers\ApiChat->tambahpesan()
#9 C:\Users\adi winarno\Documents\skripsi\LabustaDashCI\system\CodeIgniter.php(436): CodeIgniter\CodeIgniter->runController(Object(App\Controllers\ApiChat))
#10 C:\Users\adi winarno\Documents\skripsi\LabustaDashCI\system\CodeIgniter.php(336): CodeIgniter\CodeIgniter->handleRequest(NULL, Object(Config\Cache), false)
#11 C:\Users\adi winarno\Documents\skripsi\LabustaDashCI\public\index.php(37): CodeIgniter\CodeIgniter->run()
#12 C:\Users\adi winarno\Documents\skripsi\LabustaDashCI\system\Commands\Server\rewrite.php(45): require_once('C:\\Users\\adi wi...')
#13 {main}
ERROR - 2021-09-03 05:55:20 --> Unknown column 'updated_at' in 'field list'
CRITICAL - 2021-09-03 05:55:20 --> Unknown column 'updated_at' in 'field list'
#0 C:\Users\adi winarno\Documents\skripsi\LabustaDashCI\system\Database\MySQLi\Connection.php(329): mysqli->query('INSERT INTO `ch...')
#1 C:\Users\adi winarno\Documents\skripsi\LabustaDashCI\system\Database\BaseConnection.php(732): CodeIgniter\Database\MySQLi\Connection->execute('INSERT INTO `ch...')
#2 C:\Users\adi winarno\Documents\skripsi\LabustaDashCI\system\Database\BaseConnection.php(647): CodeIgniter\Database\BaseConnection->simpleQuery('INSERT INTO `ch...')
#3 C:\Users\adi winarno\Documents\skripsi\LabustaDashCI\system\Database\BaseBuilder.php(2277): CodeIgniter\Database\BaseConnection->query('INSERT INTO `ch...', Array, false)
#4 C:\Users\adi winarno\Documents\skripsi\LabustaDashCI\system\Model.php(259): CodeIgniter\Database\BaseBuilder->insert()
#5 C:\Users\adi winarno\Documents\skripsi\LabustaDashCI\system\BaseModel.php(774): CodeIgniter\Model->doInsert(Array)
#6 C:\Users\adi winarno\Documents\skripsi\LabustaDashCI\system\Model.php(686): CodeIgniter\BaseModel->insert(Array, true)
#7 C:\Users\adi winarno\Documents\skripsi\LabustaDashCI\app\Controllers\ApiChat.php(40): CodeIgniter\Model->insert(Array)
#8 C:\Users\adi winarno\Documents\skripsi\LabustaDashCI\system\CodeIgniter.php(928): App\Controllers\ApiChat->tambahpesan()
#9 C:\Users\adi winarno\Documents\skripsi\LabustaDashCI\system\CodeIgniter.php(436): CodeIgniter\CodeIgniter->runController(Object(App\Controllers\ApiChat))
#10 C:\Users\adi winarno\Documents\skripsi\LabustaDashCI\system\CodeIgniter.php(336): CodeIgniter\CodeIgniter->handleRequest(NULL, Object(Config\Cache), false)
#11 C:\Users\adi winarno\Documents\skripsi\LabustaDashCI\public\index.php(37): CodeIgniter\CodeIgniter->run()
#12 C:\Users\adi winarno\Documents\skripsi\LabustaDashCI\system\Commands\Server\rewrite.php(45): require_once('C:\\Users\\adi wi...')
#13 {main}
CRITICAL - 2021-09-03 05:55:59 --> Undefined property: App\Controllers\ApiChat::$db
#0 C:\Users\adi winarno\Documents\skripsi\LabustaDashCI\app\Controllers\ApiChat.php(40): CodeIgniter\Debug\Exceptions->errorHandler(8, 'Undefined prope...', 'C:\\Users\\adi wi...', 40, Array)
#1 C:\Users\adi winarno\Documents\skripsi\LabustaDashCI\system\CodeIgniter.php(928): App\Controllers\ApiChat->tambahpesan()
#2 C:\Users\adi winarno\Documents\skripsi\LabustaDashCI\system\CodeIgniter.php(436): CodeIgniter\CodeIgniter->runController(Object(App\Controllers\ApiChat))
#3 C:\Users\adi winarno\Documents\skripsi\LabustaDashCI\system\CodeIgniter.php(336): CodeIgniter\CodeIgniter->handleRequest(NULL, Object(Config\Cache), false)
#4 C:\Users\adi winarno\Documents\skripsi\LabustaDashCI\public\index.php(37): CodeIgniter\CodeIgniter->run()
#5 C:\Users\adi winarno\Documents\skripsi\LabustaDashCI\system\Commands\Server\rewrite.php(45): require_once('C:\\Users\\adi wi...')
#6 {main}
CRITICAL - 2021-09-03 05:56:03 --> Undefined property: App\Controllers\ApiChat::$db
#0 C:\Users\adi winarno\Documents\skripsi\LabustaDashCI\app\Controllers\ApiChat.php(40): CodeIgniter\Debug\Exceptions->errorHandler(8, 'Undefined prope...', 'C:\\Users\\adi wi...', 40, Array)
#1 C:\Users\adi winarno\Documents\skripsi\LabustaDashCI\system\CodeIgniter.php(928): App\Controllers\ApiChat->tambahpesan()
#2 C:\Users\adi winarno\Documents\skripsi\LabustaDashCI\system\CodeIgniter.php(436): CodeIgniter\CodeIgniter->runController(Object(App\Controllers\ApiChat))
#3 C:\Users\adi winarno\Documents\skripsi\LabustaDashCI\system\CodeIgniter.php(336): CodeIgniter\CodeIgniter->handleRequest(NULL, Object(Config\Cache), false)
#4 C:\Users\adi winarno\Documents\skripsi\LabustaDashCI\public\index.php(37): CodeIgniter\CodeIgniter->run()
#5 C:\Users\adi winarno\Documents\skripsi\LabustaDashCI\system\Commands\Server\rewrite.php(45): require_once('C:\\Users\\adi wi...')
#6 {main}
CRITICAL - 2021-09-03 05:56:25 --> Undefined property: App\Controllers\ApiChat::$db
#0 C:\Users\adi winarno\Documents\skripsi\LabustaDashCI\app\Controllers\ApiChat.php(41): CodeIgniter\Debug\Exceptions->errorHandler(8, 'Undefined prope...', 'C:\\Users\\adi wi...', 41, Array)
#1 C:\Users\adi winarno\Documents\skripsi\LabustaDashCI\system\CodeIgniter.php(928): App\Controllers\ApiChat->tambahpesan()
#2 C:\Users\adi winarno\Documents\skripsi\LabustaDashCI\system\CodeIgniter.php(436): CodeIgniter\CodeIgniter->runController(Object(App\Controllers\ApiChat))
#3 C:\Users\adi winarno\Documents\skripsi\LabustaDashCI\system\CodeIgniter.php(336): CodeIgniter\CodeIgniter->handleRequest(NULL, Object(Config\Cache), false)
#4 C:\Users\adi winarno\Documents\skripsi\LabustaDashCI\public\index.php(37): CodeIgniter\CodeIgniter->run()
#5 C:\Users\adi winarno\Documents\skripsi\LabustaDashCI\system\Commands\Server\rewrite.php(45): require_once('C:\\Users\\adi wi...')
#6 {main}
CRITICAL - 2021-09-03 05:56:27 --> Undefined property: App\Controllers\ApiChat::$db
#0 C:\Users\adi winarno\Documents\skripsi\LabustaDashCI\app\Controllers\ApiChat.php(41): CodeIgniter\Debug\Exceptions->errorHandler(8, 'Undefined prope...', 'C:\\Users\\adi wi...', 41, Array)
#1 C:\Users\adi winarno\Documents\skripsi\LabustaDashCI\system\CodeIgniter.php(928): App\Controllers\ApiChat->tambahpesan()
#2 C:\Users\adi winarno\Documents\skripsi\LabustaDashCI\system\CodeIgniter.php(436): CodeIgniter\CodeIgniter->runController(Object(App\Controllers\ApiChat))
#3 C:\Users\adi winarno\Documents\skripsi\LabustaDashCI\system\CodeIgniter.php(336): CodeIgniter\CodeIgniter->handleRequest(NULL, Object(Config\Cache), false)
#4 C:\Users\adi winarno\Documents\skripsi\LabustaDashCI\public\index.php(37): CodeIgniter\CodeIgniter->run()
#5 C:\Users\adi winarno\Documents\skripsi\LabustaDashCI\system\Commands\Server\rewrite.php(45): require_once('C:\\Users\\adi wi...')
#6 {main}
CRITICAL - 2021-09-03 05:56:55 --> Undefined property: App\Controllers\ApiChat::$db
#0 C:\Users\adi winarno\Documents\skripsi\LabustaDashCI\app\Controllers\ApiChat.php(41): CodeIgniter\Debug\Exceptions->errorHandler(8, 'Undefined prope...', 'C:\\Users\\adi wi...', 41, Array)
#1 C:\Users\adi winarno\Documents\skripsi\LabustaDashCI\system\CodeIgniter.php(928): App\Controllers\ApiChat->tambahpesan()
#2 C:\Users\adi winarno\Documents\skripsi\LabustaDashCI\system\CodeIgniter.php(436): CodeIgniter\CodeIgniter->runController(Object(App\Controllers\ApiChat))
#3 C:\Users\adi winarno\Documents\skripsi\LabustaDashCI\system\CodeIgniter.php(336): CodeIgniter\CodeIgniter->handleRequest(NULL, Object(Config\Cache), false)
#4 C:\Users\adi winarno\Documents\skripsi\LabustaDashCI\public\index.php(37): CodeIgniter\CodeIgniter->run()
#5 C:\Users\adi winarno\Documents\skripsi\LabustaDashCI\system\Commands\Server\rewrite.php(45): require_once('C:\\Users\\adi wi...')
#6 {main}
ERROR - 2021-09-03 05:57:18 --> Unknown column 'updated_at' in 'field list'
CRITICAL - 2021-09-03 05:57:18 --> Unknown column 'updated_at' in 'field list'
#0 C:\Users\adi winarno\Documents\skripsi\LabustaDashCI\system\Database\MySQLi\Connection.php(329): mysqli->query('INSERT INTO `ch...')
#1 C:\Users\adi winarno\Documents\skripsi\LabustaDashCI\system\Database\BaseConnection.php(732): CodeIgniter\Database\MySQLi\Connection->execute('INSERT INTO `ch...')
#2 C:\Users\adi winarno\Documents\skripsi\LabustaDashCI\system\Database\BaseConnection.php(647): CodeIgniter\Database\BaseConnection->simpleQuery('INSERT INTO `ch...')
#3 C:\Users\adi winarno\Documents\skripsi\LabustaDashCI\system\Database\BaseBuilder.php(2277): CodeIgniter\Database\BaseConnection->query('INSERT INTO `ch...', Array, false)
#4 C:\Users\adi winarno\Documents\skripsi\LabustaDashCI\system\Model.php(259): CodeIgniter\Database\BaseBuilder->insert()
#5 C:\Users\adi winarno\Documents\skripsi\LabustaDashCI\system\BaseModel.php(774): CodeIgniter\Model->doInsert(Array)
#6 C:\Users\adi winarno\Documents\skripsi\LabustaDashCI\system\Model.php(686): CodeIgniter\BaseModel->insert(Array, true)
#7 C:\Users\adi winarno\Documents\skripsi\LabustaDashCI\app\Controllers\ApiChat.php(41): CodeIgniter\Model->insert(Array)
#8 C:\Users\adi winarno\Documents\skripsi\LabustaDashCI\system\CodeIgniter.php(928): App\Controllers\ApiChat->tambahpesan()
#9 C:\Users\adi winarno\Documents\skripsi\LabustaDashCI\system\CodeIgniter.php(436): CodeIgniter\CodeIgniter->runController(Object(App\Controllers\ApiChat))
#10 C:\Users\adi winarno\Documents\skripsi\LabustaDashCI\system\CodeIgniter.php(336): CodeIgniter\CodeIgniter->handleRequest(NULL, Object(Config\Cache), false)
#11 C:\Users\adi winarno\Documents\skripsi\LabustaDashCI\public\index.php(37): CodeIgniter\CodeIgniter->run()
#12 C:\Users\adi winarno\Documents\skripsi\LabustaDashCI\system\Commands\Server\rewrite.php(45): require_once('C:\\Users\\adi wi...')
#13 {main}
CRITICAL - 2021-09-03 06:02:26 --> Argument 1 passed to CodeIgniter\Database\BaseBuilder::get() must be of the type int or null, array given, called in C:\Users\adi winarno\Documents\skripsi\LabustaDashCI\system\Model.php on line 800
#0 C:\Users\adi winarno\Documents\skripsi\LabustaDashCI\system\Model.php(800): CodeIgniter\Database\BaseBuilder->get(Array)
#1 C:\Users\adi winarno\Documents\skripsi\LabustaDashCI\app\Controllers\ApiChat.php(41): CodeIgniter\Model->__call('get', Array)
#2 C:\Users\adi winarno\Documents\skripsi\LabustaDashCI\system\CodeIgniter.php(928): App\Controllers\ApiChat->tambahpesan()
#3 C:\Users\adi winarno\Documents\skripsi\LabustaDashCI\system\CodeIgniter.php(436): CodeIgniter\CodeIgniter->runController(Object(App\Controllers\ApiChat))
#4 C:\Users\adi winarno\Documents\skripsi\LabustaDashCI\system\CodeIgniter.php(336): CodeIgniter\CodeIgniter->handleRequest(NULL, Object(Config\Cache), false)
#5 C:\Users\adi winarno\Documents\skripsi\LabustaDashCI\public\index.php(37): CodeIgniter\CodeIgniter->run()
#6 C:\Users\adi winarno\Documents\skripsi\LabustaDashCI\system\Commands\Server\rewrite.php(45): require_once('C:\\Users\\adi wi...')
#7 {main}
CRITICAL - 2021-09-03 06:03:36 --> Argument 2 passed to CodeIgniter\RESTful\ResourceController::respond() must be of the type int or null, array given, called in C:\Users\adi winarno\Documents\skripsi\LabustaDashCI\app\Controllers\ApiChat.php on line 42
#0 C:\Users\adi winarno\Documents\skripsi\LabustaDashCI\app\Controllers\ApiChat.php(42): CodeIgniter\RESTful\ResourceController->respond(Array, Array, 200)
#1 C:\Users\adi winarno\Documents\skripsi\LabustaDashCI\system\CodeIgniter.php(928): App\Controllers\ApiChat->tambahpesan()
#2 C:\Users\adi winarno\Documents\skripsi\LabustaDashCI\system\CodeIgniter.php(436): CodeIgniter\CodeIgniter->runController(Object(App\Controllers\ApiChat))
#3 C:\Users\adi winarno\Documents\skripsi\LabustaDashCI\system\CodeIgniter.php(336): CodeIgniter\CodeIgniter->handleRequest(NULL, Object(Config\Cache), false)
#4 C:\Users\adi winarno\Documents\skripsi\LabustaDashCI\public\index.php(37): CodeIgniter\CodeIgniter->run()
#5 C:\Users\adi winarno\Documents\skripsi\LabustaDashCI\system\Commands\Server\rewrite.php(45): require_once('C:\\Users\\adi wi...')
#6 {main}
