CRITICAL - 2021-08-17 01:26:01 --> Invalid file: template/pages/charts/chartjs.html
#0 /opt/lampp/htdocs/LabustaCI/system/View/View.php(213): CodeIgniter\Exceptions\FrameworkException::forInvalidFile('template/pages/...')
#1 /opt/lampp/htdocs/LabustaCI/system/View/View.php(246): CodeIgniter\View\View->render('template/pages/...', Array, true)
#2 /opt/lampp/htdocs/LabustaCI/system/Common.php(1271): CodeIgniter\View\View->render('adminLte/index', Array, true)
#3 /opt/lampp/htdocs/LabustaCI/app/Controllers/Home.php(9): view('adminLte/index')
#4 /opt/lampp/htdocs/LabustaCI/system/CodeIgniter.php(928): App\Controllers\Home->index()
#5 /opt/lampp/htdocs/LabustaCI/system/CodeIgniter.php(436): CodeIgniter\CodeIgniter->runController(Object(App\Controllers\Home))
#6 /opt/lampp/htdocs/LabustaCI/system/CodeIgniter.php(336): CodeIgniter\CodeIgniter->handleRequest(NULL, Object(Config\Cache), false)
#7 /opt/lampp/htdocs/LabustaCI/public/index.php(37): CodeIgniter\CodeIgniter->run()
#8 {main}
CRITICAL - 2021-08-17 01:26:34 --> Invalid file: <?= base_url()?>/template/pages/charts/chartjs.html
#0 /opt/lampp/htdocs/LabustaCI/system/View/View.php(213): CodeIgniter\Exceptions\FrameworkException::forInvalidFile('<?= base_url()?...')
#1 /opt/lampp/htdocs/LabustaCI/system/View/View.php(246): CodeIgniter\View\View->render('<?= base_url()?...', Array, true)
#2 /opt/lampp/htdocs/LabustaCI/system/Common.php(1271): CodeIgniter\View\View->render('adminLte/index', Array, true)
#3 /opt/lampp/htdocs/LabustaCI/app/Controllers/Home.php(9): view('adminLte/index')
#4 /opt/lampp/htdocs/LabustaCI/system/CodeIgniter.php(928): App\Controllers\Home->index()
#5 /opt/lampp/htdocs/LabustaCI/system/CodeIgniter.php(436): CodeIgniter\CodeIgniter->runController(Object(App\Controllers\Home))
#6 /opt/lampp/htdocs/LabustaCI/system/CodeIgniter.php(336): CodeIgniter\CodeIgniter->handleRequest(NULL, Object(Config\Cache), false)
#7 /opt/lampp/htdocs/LabustaCI/public/index.php(37): CodeIgniter\CodeIgniter->run()
#8 {main}
CRITICAL - 2021-08-17 01:27:33 --> Invalid file: chartjs.html
#0 /opt/lampp/htdocs/LabustaCI/system/View/View.php(213): CodeIgniter\Exceptions\FrameworkException::forInvalidFile('chartjs.html')
#1 /opt/lampp/htdocs/LabustaCI/system/View/View.php(246): CodeIgniter\View\View->render('chartjs.html', Array, true)
#2 /opt/lampp/htdocs/LabustaCI/system/Common.php(1271): CodeIgniter\View\View->render('adminLte/index', Array, true)
#3 /opt/lampp/htdocs/LabustaCI/app/Controllers/Home.php(9): view('adminLte/index')
#4 /opt/lampp/htdocs/LabustaCI/system/CodeIgniter.php(928): App\Controllers\Home->index()
#5 /opt/lampp/htdocs/LabustaCI/system/CodeIgniter.php(436): CodeIgniter\CodeIgniter->runController(Object(App\Controllers\Home))
#6 /opt/lampp/htdocs/LabustaCI/system/CodeIgniter.php(336): CodeIgniter\CodeIgniter->handleRequest(NULL, Object(Config\Cache), false)
#7 /opt/lampp/htdocs/LabustaCI/public/index.php(37): CodeIgniter\CodeIgniter->run()
#8 {main}
CRITICAL - 2021-08-17 01:28:38 --> Invalid file: chartjs.php
#0 /opt/lampp/htdocs/LabustaCI/system/View/View.php(213): CodeIgniter\Exceptions\FrameworkException::forInvalidFile('chartjs.php')
#1 /opt/lampp/htdocs/LabustaCI/system/View/View.php(246): CodeIgniter\View\View->render('chartjs', Array, true)
#2 /opt/lampp/htdocs/LabustaCI/system/Common.php(1271): CodeIgniter\View\View->render('adminLte/index', Array, true)
#3 /opt/lampp/htdocs/LabustaCI/app/Controllers/Home.php(9): view('adminLte/index')
#4 /opt/lampp/htdocs/LabustaCI/system/CodeIgniter.php(928): App\Controllers\Home->index()
#5 /opt/lampp/htdocs/LabustaCI/system/CodeIgniter.php(436): CodeIgniter\CodeIgniter->runController(Object(App\Controllers\Home))
#6 /opt/lampp/htdocs/LabustaCI/system/CodeIgniter.php(336): CodeIgniter\CodeIgniter->handleRequest(NULL, Object(Config\Cache), false)
#7 /opt/lampp/htdocs/LabustaCI/public/index.php(37): CodeIgniter\CodeIgniter->run()
#8 {main}
CRITICAL - 2021-08-17 01:28:39 --> Invalid file: chartjs.php
#0 /opt/lampp/htdocs/LabustaCI/system/View/View.php(213): CodeIgniter\Exceptions\FrameworkException::forInvalidFile('chartjs.php')
#1 /opt/lampp/htdocs/LabustaCI/system/View/View.php(246): CodeIgniter\View\View->render('chartjs', Array, true)
#2 /opt/lampp/htdocs/LabustaCI/system/Common.php(1271): CodeIgniter\View\View->render('adminLte/index', Array, true)
#3 /opt/lampp/htdocs/LabustaCI/app/Controllers/Home.php(9): view('adminLte/index')
#4 /opt/lampp/htdocs/LabustaCI/system/CodeIgniter.php(928): App\Controllers\Home->index()
#5 /opt/lampp/htdocs/LabustaCI/system/CodeIgniter.php(436): CodeIgniter\CodeIgniter->runController(Object(App\Controllers\Home))
#6 /opt/lampp/htdocs/LabustaCI/system/CodeIgniter.php(336): CodeIgniter\CodeIgniter->handleRequest(NULL, Object(Config\Cache), false)
#7 /opt/lampp/htdocs/LabustaCI/public/index.php(37): CodeIgniter\CodeIgniter->run()
#8 {main}
CRITICAL - 2021-08-17 01:37:07 --> Invalid file: pages/charts.php
#0 /opt/lampp/htdocs/LabustaCI/system/View/View.php(213): CodeIgniter\Exceptions\FrameworkException::forInvalidFile('pages/charts.ph...')
#1 /opt/lampp/htdocs/LabustaCI/system/View/View.php(246): CodeIgniter\View\View->render('pages/charts', Array, true)
#2 /opt/lampp/htdocs/LabustaCI/system/Common.php(1271): CodeIgniter\View\View->render('adminLte/index', Array, true)
#3 /opt/lampp/htdocs/LabustaCI/app/Controllers/Home.php(9): view('adminLte/index')
#4 /opt/lampp/htdocs/LabustaCI/system/CodeIgniter.php(928): App\Controllers\Home->index()
#5 /opt/lampp/htdocs/LabustaCI/system/CodeIgniter.php(436): CodeIgniter\CodeIgniter->runController(Object(App\Controllers\Home))
#6 /opt/lampp/htdocs/LabustaCI/system/CodeIgniter.php(336): CodeIgniter\CodeIgniter->handleRequest(NULL, Object(Config\Cache), false)
#7 /opt/lampp/htdocs/LabustaCI/public/index.php(37): CodeIgniter\CodeIgniter->run()
#8 {main}
CRITICAL - 2021-08-17 01:37:19 --> Invalid file: pages/charts.php
#0 /opt/lampp/htdocs/LabustaCI/system/View/View.php(213): CodeIgniter\Exceptions\FrameworkException::forInvalidFile('pages/charts.ph...')
#1 /opt/lampp/htdocs/LabustaCI/system/View/View.php(246): CodeIgniter\View\View->render('pages/charts', Array, true)
#2 /opt/lampp/htdocs/LabustaCI/system/Common.php(1271): CodeIgniter\View\View->render('adminLte/index', Array, true)
#3 /opt/lampp/htdocs/LabustaCI/app/Controllers/Home.php(9): view('adminLte/index')
#4 /opt/lampp/htdocs/LabustaCI/system/CodeIgniter.php(928): App\Controllers\Home->index()
#5 /opt/lampp/htdocs/LabustaCI/system/CodeIgniter.php(436): CodeIgniter\CodeIgniter->runController(Object(App\Controllers\Home))
#6 /opt/lampp/htdocs/LabustaCI/system/CodeIgniter.php(336): CodeIgniter\CodeIgniter->handleRequest(NULL, Object(Config\Cache), false)
#7 /opt/lampp/htdocs/LabustaCI/public/index.php(37): CodeIgniter\CodeIgniter->run()
#8 {main}
CRITICAL - 2021-08-17 01:49:27 --> Undefined property: CodeIgniter\View\View::$extend
#0 /opt/lampp/htdocs/LabustaCI/app/Views/adminLte/index.php(235): CodeIgniter\Debug\Exceptions->errorHandler(8, 'Undefined prope...', '/opt/lampp/htdo...', 235, Array)
#1 /opt/lampp/htdocs/LabustaCI/system/View/View.php(230): include('/opt/lampp/htdo...')
#2 /opt/lampp/htdocs/LabustaCI/system/View/View.php(232): CodeIgniter\View\View->CodeIgniter\View\{closure}()
#3 /opt/lampp/htdocs/LabustaCI/system/Common.php(1271): CodeIgniter\View\View->render('adminLte/index', Array, true)
#4 /opt/lampp/htdocs/LabustaCI/app/Controllers/Home.php(9): view('adminLte/index')
#5 /opt/lampp/htdocs/LabustaCI/system/CodeIgniter.php(928): App\Controllers\Home->index()
#6 /opt/lampp/htdocs/LabustaCI/system/CodeIgniter.php(436): CodeIgniter\CodeIgniter->runController(Object(App\Controllers\Home))
#7 /opt/lampp/htdocs/LabustaCI/system/CodeIgniter.php(336): CodeIgniter\CodeIgniter->handleRequest(NULL, Object(Config\Cache), false)
#8 /opt/lampp/htdocs/LabustaCI/public/index.php(37): CodeIgniter\CodeIgniter->run()
#9 {main}
CRITICAL - 2021-08-17 01:49:35 --> Undefined property: CodeIgniter\View\View::$load
#0 /opt/lampp/htdocs/LabustaCI/app/Views/adminLte/index.php(235): CodeIgniter\Debug\Exceptions->errorHandler(8, 'Undefined prope...', '/opt/lampp/htdo...', 235, Array)
#1 /opt/lampp/htdocs/LabustaCI/system/View/View.php(230): include('/opt/lampp/htdo...')
#2 /opt/lampp/htdocs/LabustaCI/system/View/View.php(232): CodeIgniter\View\View->CodeIgniter\View\{closure}()
#3 /opt/lampp/htdocs/LabustaCI/system/Common.php(1271): CodeIgniter\View\View->render('adminLte/index', Array, true)
#4 /opt/lampp/htdocs/LabustaCI/app/Controllers/Home.php(9): view('adminLte/index')
#5 /opt/lampp/htdocs/LabustaCI/system/CodeIgniter.php(928): App\Controllers\Home->index()
#6 /opt/lampp/htdocs/LabustaCI/system/CodeIgniter.php(436): CodeIgniter\CodeIgniter->runController(Object(App\Controllers\Home))
#7 /opt/lampp/htdocs/LabustaCI/system/CodeIgniter.php(336): CodeIgniter\CodeIgniter->handleRequest(NULL, Object(Config\Cache), false)
#8 /opt/lampp/htdocs/LabustaCI/public/index.php(37): CodeIgniter\CodeIgniter->run()
#9 {main}
CRITICAL - 2021-08-17 01:51:36 --> Invalid file: template/pages/charts/chartjs.html
#0 /opt/lampp/htdocs/LabustaCI/system/View/View.php(213): CodeIgniter\Exceptions\FrameworkException::forInvalidFile('template/pages/...')
#1 /opt/lampp/htdocs/LabustaCI/system/View/View.php(246): CodeIgniter\View\View->render('template/pages/...', Array, true)
#2 /opt/lampp/htdocs/LabustaCI/system/Common.php(1271): CodeIgniter\View\View->render('adminLte/index', Array, true)
#3 /opt/lampp/htdocs/LabustaCI/app/Controllers/Home.php(9): view('adminLte/index')
#4 /opt/lampp/htdocs/LabustaCI/system/CodeIgniter.php(928): App\Controllers\Home->index()
#5 /opt/lampp/htdocs/LabustaCI/system/CodeIgniter.php(436): CodeIgniter\CodeIgniter->runController(Object(App\Controllers\Home))
#6 /opt/lampp/htdocs/LabustaCI/system/CodeIgniter.php(336): CodeIgniter\CodeIgniter->handleRequest(NULL, Object(Config\Cache), false)
#7 /opt/lampp/htdocs/LabustaCI/public/index.php(37): CodeIgniter\CodeIgniter->run()
#8 {main}
CRITICAL - 2021-08-17 01:53:15 --> Invalid file: <?= base_url() ?>/template/pages/charts/chartjs.html
#0 /opt/lampp/htdocs/LabustaCI/system/View/View.php(213): CodeIgniter\Exceptions\FrameworkException::forInvalidFile('<?= base_url() ...')
#1 /opt/lampp/htdocs/LabustaCI/system/View/View.php(246): CodeIgniter\View\View->render('<?= base_url() ...', Array, true)
#2 /opt/lampp/htdocs/LabustaCI/system/Common.php(1271): CodeIgniter\View\View->render('adminLte/index', Array, true)
#3 /opt/lampp/htdocs/LabustaCI/app/Controllers/Home.php(9): view('adminLte/index')
#4 /opt/lampp/htdocs/LabustaCI/system/CodeIgniter.php(928): App\Controllers\Home->index()
#5 /opt/lampp/htdocs/LabustaCI/system/CodeIgniter.php(436): CodeIgniter\CodeIgniter->runController(Object(App\Controllers\Home))
#6 /opt/lampp/htdocs/LabustaCI/system/CodeIgniter.php(336): CodeIgniter\CodeIgniter->handleRequest(NULL, Object(Config\Cache), false)
#7 /opt/lampp/htdocs/LabustaCI/public/index.php(37): CodeIgniter\CodeIgniter->run()
#8 {main}
CRITICAL - 2021-08-17 01:53:53 --> Invalid file: chartjs.php
#0 /opt/lampp/htdocs/LabustaCI/system/View/View.php(213): CodeIgniter\Exceptions\FrameworkException::forInvalidFile('chartjs.php')
#1 /opt/lampp/htdocs/LabustaCI/system/View/View.php(487): CodeIgniter\View\View->render('chartjs', NULL, true)
#2 /opt/lampp/htdocs/LabustaCI/app/Views/adminLte/index.php(235): CodeIgniter\View\View->include('chartjs')
#3 /opt/lampp/htdocs/LabustaCI/system/View/View.php(230): include('/opt/lampp/htdo...')
#4 /opt/lampp/htdocs/LabustaCI/system/View/View.php(232): CodeIgniter\View\View->CodeIgniter\View\{closure}()
#5 /opt/lampp/htdocs/LabustaCI/system/Common.php(1271): CodeIgniter\View\View->render('adminLte/index', Array, true)
#6 /opt/lampp/htdocs/LabustaCI/app/Controllers/Home.php(9): view('adminLte/index')
#7 /opt/lampp/htdocs/LabustaCI/system/CodeIgniter.php(928): App\Controllers\Home->index()
#8 /opt/lampp/htdocs/LabustaCI/system/CodeIgniter.php(436): CodeIgniter\CodeIgniter->runController(Object(App\Controllers\Home))
#9 /opt/lampp/htdocs/LabustaCI/system/CodeIgniter.php(336): CodeIgniter\CodeIgniter->handleRequest(NULL, Object(Config\Cache), false)
#10 /opt/lampp/htdocs/LabustaCI/public/index.php(37): CodeIgniter\CodeIgniter->run()
#11 {main}
CRITICAL - 2021-08-17 01:53:58 --> Invalid file: chartjs.html
#0 /opt/lampp/htdocs/LabustaCI/system/View/View.php(213): CodeIgniter\Exceptions\FrameworkException::forInvalidFile('chartjs.html')
#1 /opt/lampp/htdocs/LabustaCI/system/View/View.php(487): CodeIgniter\View\View->render('chartjs.html', NULL, true)
#2 /opt/lampp/htdocs/LabustaCI/app/Views/adminLte/index.php(235): CodeIgniter\View\View->include('chartjs.html')
#3 /opt/lampp/htdocs/LabustaCI/system/View/View.php(230): include('/opt/lampp/htdo...')
#4 /opt/lampp/htdocs/LabustaCI/system/View/View.php(232): CodeIgniter\View\View->CodeIgniter\View\{closure}()
#5 /opt/lampp/htdocs/LabustaCI/system/Common.php(1271): CodeIgniter\View\View->render('adminLte/index', Array, true)
#6 /opt/lampp/htdocs/LabustaCI/app/Controllers/Home.php(9): view('adminLte/index')
#7 /opt/lampp/htdocs/LabustaCI/system/CodeIgniter.php(928): App\Controllers\Home->index()
#8 /opt/lampp/htdocs/LabustaCI/system/CodeIgniter.php(436): CodeIgniter\CodeIgniter->runController(Object(App\Controllers\Home))
#9 /opt/lampp/htdocs/LabustaCI/system/CodeIgniter.php(336): CodeIgniter\CodeIgniter->handleRequest(NULL, Object(Config\Cache), false)
#10 /opt/lampp/htdocs/LabustaCI/public/index.php(37): CodeIgniter\CodeIgniter->run()
#11 {main}
CRITICAL - 2021-08-17 01:55:21 --> Invalid file: template\pages\charts\chartjs.html
#0 /opt/lampp/htdocs/LabustaCI/system/View/View.php(213): CodeIgniter\Exceptions\FrameworkException::forInvalidFile('template\\pages\\...')
#1 /opt/lampp/htdocs/LabustaCI/system/View/View.php(487): CodeIgniter\View\View->render('template\\pages\\...', NULL, true)
#2 /opt/lampp/htdocs/LabustaCI/app/Views/adminLte/index.php(235): CodeIgniter\View\View->include('template\\pages\\...')
#3 /opt/lampp/htdocs/LabustaCI/system/View/View.php(230): include('/opt/lampp/htdo...')
#4 /opt/lampp/htdocs/LabustaCI/system/View/View.php(232): CodeIgniter\View\View->CodeIgniter\View\{closure}()
#5 /opt/lampp/htdocs/LabustaCI/system/Common.php(1271): CodeIgniter\View\View->render('adminLte/index', Array, true)
#6 /opt/lampp/htdocs/LabustaCI/app/Controllers/Home.php(9): view('adminLte/index')
#7 /opt/lampp/htdocs/LabustaCI/system/CodeIgniter.php(928): App\Controllers\Home->index()
#8 /opt/lampp/htdocs/LabustaCI/system/CodeIgniter.php(436): CodeIgniter\CodeIgniter->runController(Object(App\Controllers\Home))
#9 /opt/lampp/htdocs/LabustaCI/system/CodeIgniter.php(336): CodeIgniter\CodeIgniter->handleRequest(NULL, Object(Config\Cache), false)
#10 /opt/lampp/htdocs/LabustaCI/public/index.php(37): CodeIgniter\CodeIgniter->run()
#11 {main}
CRITICAL - 2021-08-17 01:56:00 --> Invalid file: template\pages\charts.php
#0 /opt/lampp/htdocs/LabustaCI/system/View/View.php(213): CodeIgniter\Exceptions\FrameworkException::forInvalidFile('template\\pages\\...')
#1 /opt/lampp/htdocs/LabustaCI/system/View/View.php(487): CodeIgniter\View\View->render('template\\pages\\...', NULL, true)
#2 /opt/lampp/htdocs/LabustaCI/app/Views/adminLte/index.php(235): CodeIgniter\View\View->include('template\\pages\\...')
#3 /opt/lampp/htdocs/LabustaCI/system/View/View.php(230): include('/opt/lampp/htdo...')
#4 /opt/lampp/htdocs/LabustaCI/system/View/View.php(232): CodeIgniter\View\View->CodeIgniter\View\{closure}()
#5 /opt/lampp/htdocs/LabustaCI/system/Common.php(1271): CodeIgniter\View\View->render('adminLte/index', Array, true)
#6 /opt/lampp/htdocs/LabustaCI/app/Controllers/Home.php(9): view('adminLte/index')
#7 /opt/lampp/htdocs/LabustaCI/system/CodeIgniter.php(928): App\Controllers\Home->index()
#8 /opt/lampp/htdocs/LabustaCI/system/CodeIgniter.php(436): CodeIgniter\CodeIgniter->runController(Object(App\Controllers\Home))
#9 /opt/lampp/htdocs/LabustaCI/system/CodeIgniter.php(336): CodeIgniter\CodeIgniter->handleRequest(NULL, Object(Config\Cache), false)
#10 /opt/lampp/htdocs/LabustaCI/public/index.php(37): CodeIgniter\CodeIgniter->run()
#11 {main}
CRITICAL - 2021-08-17 01:56:12 --> Invalid file: template\pages\chartsjs.html
#0 /opt/lampp/htdocs/LabustaCI/system/View/View.php(213): CodeIgniter\Exceptions\FrameworkException::forInvalidFile('template\\pages\\...')
#1 /opt/lampp/htdocs/LabustaCI/system/View/View.php(487): CodeIgniter\View\View->render('template\\pages\\...', NULL, true)
#2 /opt/lampp/htdocs/LabustaCI/app/Views/adminLte/index.php(235): CodeIgniter\View\View->include('template\\pages\\...')
#3 /opt/lampp/htdocs/LabustaCI/system/View/View.php(230): include('/opt/lampp/htdo...')
#4 /opt/lampp/htdocs/LabustaCI/system/View/View.php(232): CodeIgniter\View\View->CodeIgniter\View\{closure}()
#5 /opt/lampp/htdocs/LabustaCI/system/Common.php(1271): CodeIgniter\View\View->render('adminLte/index', Array, true)
#6 /opt/lampp/htdocs/LabustaCI/app/Controllers/Home.php(9): view('adminLte/index')
#7 /opt/lampp/htdocs/LabustaCI/system/CodeIgniter.php(928): App\Controllers\Home->index()
#8 /opt/lampp/htdocs/LabustaCI/system/CodeIgniter.php(436): CodeIgniter\CodeIgniter->runController(Object(App\Controllers\Home))
#9 /opt/lampp/htdocs/LabustaCI/system/CodeIgniter.php(336): CodeIgniter\CodeIgniter->handleRequest(NULL, Object(Config\Cache), false)
#10 /opt/lampp/htdocs/LabustaCI/public/index.php(37): CodeIgniter\CodeIgniter->run()
#11 {main}
CRITICAL - 2021-08-17 02:00:20 --> syntax error, unexpected '}', expecting ';'
#0 /opt/lampp/htdocs/LabustaCI/system/Autoloader/Autoloader.php(273): CodeIgniter\Autoloader\Autoloader->includeFile('/opt/lampp/htdo...')
#1 /opt/lampp/htdocs/LabustaCI/system/Autoloader/Autoloader.php(247): CodeIgniter\Autoloader\Autoloader->loadInNamespace('App\\Controllers...')
#2 [internal function]: CodeIgniter\Autoloader\Autoloader->loadClass('App\\Controllers...')
#3 [internal function]: spl_autoload_call('App\\Controllers...')
#4 /opt/lampp/htdocs/LabustaCI/system/CodeIgniter.php(885): class_exists('\\App\\Controller...', true)
#5 /opt/lampp/htdocs/LabustaCI/system/CodeIgniter.php(421): CodeIgniter\CodeIgniter->startController()
#6 /opt/lampp/htdocs/LabustaCI/system/CodeIgniter.php(336): CodeIgniter\CodeIgniter->handleRequest(NULL, Object(Config\Cache), false)
#7 /opt/lampp/htdocs/LabustaCI/public/index.php(37): CodeIgniter\CodeIgniter->run()
#8 /opt/lampp/htdocs/LabustaCI/system/Commands/Server/rewrite.php(45): require_once('/opt/lampp/htdo...')
#9 {main}
CRITICAL - 2021-08-17 02:13:53 --> syntax error, unexpected 'return' (T_RETURN), expecting ',' or ';'
#0 /opt/lampp/htdocs/LabustaCI/system/Autoloader/Autoloader.php(273): CodeIgniter\Autoloader\Autoloader->includeFile('/opt/lampp/htdo...')
#1 /opt/lampp/htdocs/LabustaCI/system/Autoloader/Autoloader.php(247): CodeIgniter\Autoloader\Autoloader->loadInNamespace('App\\Controllers...')
#2 [internal function]: CodeIgniter\Autoloader\Autoloader->loadClass('App\\Controllers...')
#3 [internal function]: spl_autoload_call('App\\Controllers...')
#4 /opt/lampp/htdocs/LabustaCI/system/CodeIgniter.php(885): class_exists('\\App\\Controller...', true)
#5 /opt/lampp/htdocs/LabustaCI/system/CodeIgniter.php(421): CodeIgniter\CodeIgniter->startController()
#6 /opt/lampp/htdocs/LabustaCI/system/CodeIgniter.php(336): CodeIgniter\CodeIgniter->handleRequest(NULL, Object(Config\Cache), false)
#7 /opt/lampp/htdocs/LabustaCI/public/index.php(37): CodeIgniter\CodeIgniter->run()
#8 /opt/lampp/htdocs/LabustaCI/system/Commands/Server/rewrite.php(45): require_once('/opt/lampp/htdo...')
#9 {main}
CRITICAL - 2021-08-17 02:29:44 --> syntax error, unexpected 'echo' (T_ECHO), expecting ',' or ';'
#0 /opt/lampp/htdocs/LabustaCI/system/View/View.php(232): CodeIgniter\View\View->CodeIgniter\View\{closure}()
#1 /opt/lampp/htdocs/LabustaCI/system/Common.php(1271): CodeIgniter\View\View->render('adminLte/wraper', Array, true)
#2 /opt/lampp/htdocs/LabustaCI/app/Controllers/Home.php(14): view('adminLte/wraper', Array)
#3 /opt/lampp/htdocs/LabustaCI/system/CodeIgniter.php(928): App\Controllers\Home->index()
#4 /opt/lampp/htdocs/LabustaCI/system/CodeIgniter.php(436): CodeIgniter\CodeIgniter->runController(Object(App\Controllers\Home))
#5 /opt/lampp/htdocs/LabustaCI/system/CodeIgniter.php(336): CodeIgniter\CodeIgniter->handleRequest(NULL, Object(Config\Cache), false)
#6 /opt/lampp/htdocs/LabustaCI/public/index.php(37): CodeIgniter\CodeIgniter->run()
#7 /opt/lampp/htdocs/LabustaCI/system/Commands/Server/rewrite.php(45): require_once('/opt/lampp/htdo...')
#8 {main}
CRITICAL - 2021-08-17 09:14:20 --> syntax error, unexpected 'if' (T_IF)
#0 /opt/lampp/htdocs/LabustaCI/system/CodeIgniter.php(389): CodeIgniter\CodeIgniter->tryToRouteIt(NULL)
#1 /opt/lampp/htdocs/LabustaCI/system/CodeIgniter.php(336): CodeIgniter\CodeIgniter->handleRequest(NULL, Object(Config\Cache), false)
#2 /opt/lampp/htdocs/LabustaCI/public/index.php(37): CodeIgniter\CodeIgniter->run()
#3 /opt/lampp/htdocs/LabustaCI/system/Commands/Server/rewrite.php(45): require_once('/opt/lampp/htdo...')
#4 {main}
CRITICAL - 2021-08-17 09:16:40 --> Invalid file: sidebar.php
#0 /opt/lampp/htdocs/LabustaCI/system/View/View.php(213): CodeIgniter\Exceptions\FrameworkException::forInvalidFile('sidebar.php')
#1 /opt/lampp/htdocs/LabustaCI/system/View/View.php(246): CodeIgniter\View\View->render('sidebar', Array, true)
#2 /opt/lampp/htdocs/LabustaCI/system/Common.php(1271): CodeIgniter\View\View->render('admin/kelola_si...', Array, true)
#3 /opt/lampp/htdocs/LabustaCI/app/Controllers/Home.php(19): view('admin/kelola_si...')
#4 /opt/lampp/htdocs/LabustaCI/system/CodeIgniter.php(928): App\Controllers\Home->kelola_siswa()
#5 /opt/lampp/htdocs/LabustaCI/system/CodeIgniter.php(436): CodeIgniter\CodeIgniter->runController(Object(App\Controllers\Home))
#6 /opt/lampp/htdocs/LabustaCI/system/CodeIgniter.php(336): CodeIgniter\CodeIgniter->handleRequest(NULL, Object(Config\Cache), false)
#7 /opt/lampp/htdocs/LabustaCI/public/index.php(37): CodeIgniter\CodeIgniter->run()
#8 /opt/lampp/htdocs/LabustaCI/system/Commands/Server/rewrite.php(45): require_once('/opt/lampp/htdo...')
#9 {main}
CRITICAL - 2021-08-17 09:32:04 --> syntax error, unexpected '<', expecting end of file
#0 /opt/lampp/htdocs/LabustaCI/system/View/View.php(232): CodeIgniter\View\View->CodeIgniter\View\{closure}()
#1 /opt/lampp/htdocs/LabustaCI/system/Common.php(1271): CodeIgniter\View\View->render('admin/kelola_si...', Array, true)
#2 /opt/lampp/htdocs/LabustaCI/app/Controllers/Home.php(19): view('admin/kelola_si...')
#3 /opt/lampp/htdocs/LabustaCI/system/CodeIgniter.php(928): App\Controllers\Home->kelola_siswa()
#4 /opt/lampp/htdocs/LabustaCI/system/CodeIgniter.php(436): CodeIgniter\CodeIgniter->runController(Object(App\Controllers\Home))
#5 /opt/lampp/htdocs/LabustaCI/system/CodeIgniter.php(336): CodeIgniter\CodeIgniter->handleRequest(NULL, Object(Config\Cache), false)
#6 /opt/lampp/htdocs/LabustaCI/public/index.php(37): CodeIgniter\CodeIgniter->run()
#7 /opt/lampp/htdocs/LabustaCI/system/Commands/Server/rewrite.php(45): require_once('/opt/lampp/htdo...')
#8 {main}
CRITICAL - 2021-08-17 09:38:00 --> Invalid file: head.php
#0 /opt/lampp/htdocs/LabustaCI/system/View/View.php(213): CodeIgniter\Exceptions\FrameworkException::forInvalidFile('head.php')
#1 /opt/lampp/htdocs/LabustaCI/system/View/View.php(487): CodeIgniter\View\View->render('head', NULL, true)
#2 /opt/lampp/htdocs/LabustaCI/app/Views/admin/kelola_siswa.php(44): CodeIgniter\View\View->include('head')
#3 /opt/lampp/htdocs/LabustaCI/system/View/View.php(230): include('/opt/lampp/htdo...')
#4 /opt/lampp/htdocs/LabustaCI/system/View/View.php(232): CodeIgniter\View\View->CodeIgniter\View\{closure}()
#5 /opt/lampp/htdocs/LabustaCI/system/Common.php(1271): CodeIgniter\View\View->render('admin/kelola_si...', Array, true)
#6 /opt/lampp/htdocs/LabustaCI/app/Controllers/Home.php(19): view('admin/kelola_si...')
#7 /opt/lampp/htdocs/LabustaCI/system/CodeIgniter.php(928): App\Controllers\Home->kelola_siswa()
#8 /opt/lampp/htdocs/LabustaCI/system/CodeIgniter.php(436): CodeIgniter\CodeIgniter->runController(Object(App\Controllers\Home))
#9 /opt/lampp/htdocs/LabustaCI/system/CodeIgniter.php(336): CodeIgniter\CodeIgniter->handleRequest(NULL, Object(Config\Cache), false)
#10 /opt/lampp/htdocs/LabustaCI/public/index.php(37): CodeIgniter\CodeIgniter->run()
#11 /opt/lampp/htdocs/LabustaCI/system/Commands/Server/rewrite.php(45): require_once('/opt/lampp/htdo...')
#12 {main}
ERROR - 2021-08-17 11:07:56 --> Error connecting to the database: No such file or directory
CRITICAL - 2021-08-17 11:07:56 --> Unable to connect to the database.
Main connection [MySQLi]: No such file or directory
#0 /opt/lampp/htdocs/LabustaCI/system/Database/BaseConnection.php(625): CodeIgniter\Database\BaseConnection->initialize()
#1 /opt/lampp/htdocs/LabustaCI/system/Database/BaseBuilder.php(1881): CodeIgniter\Database\BaseConnection->query('SELECT *\nFROM `...', Array, false)
#2 /opt/lampp/htdocs/LabustaCI/app/Controllers/Home.php(21): CodeIgniter\Database\BaseBuilder->get()
#3 /opt/lampp/htdocs/LabustaCI/system/CodeIgniter.php(928): App\Controllers\Home->kelola_siswa()
#4 /opt/lampp/htdocs/LabustaCI/system/CodeIgniter.php(436): CodeIgniter\CodeIgniter->runController(Object(App\Controllers\Home))
#5 /opt/lampp/htdocs/LabustaCI/system/CodeIgniter.php(336): CodeIgniter\CodeIgniter->handleRequest(NULL, Object(Config\Cache), false)
#6 /opt/lampp/htdocs/LabustaCI/public/index.php(37): CodeIgniter\CodeIgniter->run()
#7 /opt/lampp/htdocs/LabustaCI/system/Commands/Server/rewrite.php(45): require_once('/opt/lampp/htdo...')
#8 {main}
ERROR - 2021-08-17 11:08:37 --> Error connecting to the database: No such file or directory
CRITICAL - 2021-08-17 11:08:37 --> Unable to connect to the database.
Main connection [MySQLi]: No such file or directory
#0 /opt/lampp/htdocs/LabustaCI/system/Database/BaseConnection.php(625): CodeIgniter\Database\BaseConnection->initialize()
#1 /opt/lampp/htdocs/LabustaCI/system/Database/BaseBuilder.php(1881): CodeIgniter\Database\BaseConnection->query('SELECT *\nFROM `...', Array, false)
#2 /opt/lampp/htdocs/LabustaCI/app/Controllers/Home.php(21): CodeIgniter\Database\BaseBuilder->get()
#3 /opt/lampp/htdocs/LabustaCI/system/CodeIgniter.php(928): App\Controllers\Home->kelola_siswa()
#4 /opt/lampp/htdocs/LabustaCI/system/CodeIgniter.php(436): CodeIgniter\CodeIgniter->runController(Object(App\Controllers\Home))
#5 /opt/lampp/htdocs/LabustaCI/system/CodeIgniter.php(336): CodeIgniter\CodeIgniter->handleRequest(NULL, Object(Config\Cache), false)
#6 /opt/lampp/htdocs/LabustaCI/public/index.php(37): CodeIgniter\CodeIgniter->run()
#7 /opt/lampp/htdocs/LabustaCI/system/Commands/Server/rewrite.php(45): require_once('/opt/lampp/htdo...')
#8 {main}
ERROR - 2021-08-17 11:08:41 --> Error connecting to the database: No such file or directory
CRITICAL - 2021-08-17 11:08:41 --> Unable to connect to the database.
Main connection [MySQLi]: No such file or directory
#0 /opt/lampp/htdocs/LabustaCI/system/Database/BaseConnection.php(625): CodeIgniter\Database\BaseConnection->initialize()
#1 /opt/lampp/htdocs/LabustaCI/system/Database/BaseBuilder.php(1881): CodeIgniter\Database\BaseConnection->query('SELECT *\nFROM `...', Array, false)
#2 /opt/lampp/htdocs/LabustaCI/app/Controllers/Home.php(21): CodeIgniter\Database\BaseBuilder->get()
#3 /opt/lampp/htdocs/LabustaCI/system/CodeIgniter.php(928): App\Controllers\Home->kelola_siswa()
#4 /opt/lampp/htdocs/LabustaCI/system/CodeIgniter.php(436): CodeIgniter\CodeIgniter->runController(Object(App\Controllers\Home))
#5 /opt/lampp/htdocs/LabustaCI/system/CodeIgniter.php(336): CodeIgniter\CodeIgniter->handleRequest(NULL, Object(Config\Cache), false)
#6 /opt/lampp/htdocs/LabustaCI/public/index.php(37): CodeIgniter\CodeIgniter->run()
#7 /opt/lampp/htdocs/LabustaCI/system/Commands/Server/rewrite.php(45): require_once('/opt/lampp/htdo...')
#8 {main}
ERROR - 2021-08-17 11:08:43 --> Error connecting to the database: No such file or directory
CRITICAL - 2021-08-17 11:08:43 --> Unable to connect to the database.
Main connection [MySQLi]: No such file or directory
#0 /opt/lampp/htdocs/LabustaCI/system/Database/BaseConnection.php(625): CodeIgniter\Database\BaseConnection->initialize()
#1 /opt/lampp/htdocs/LabustaCI/system/Database/BaseBuilder.php(1881): CodeIgniter\Database\BaseConnection->query('SELECT *\nFROM `...', Array, false)
#2 /opt/lampp/htdocs/LabustaCI/app/Controllers/Home.php(21): CodeIgniter\Database\BaseBuilder->get()
#3 /opt/lampp/htdocs/LabustaCI/system/CodeIgniter.php(928): App\Controllers\Home->kelola_siswa()
#4 /opt/lampp/htdocs/LabustaCI/system/CodeIgniter.php(436): CodeIgniter\CodeIgniter->runController(Object(App\Controllers\Home))
#5 /opt/lampp/htdocs/LabustaCI/system/CodeIgniter.php(336): CodeIgniter\CodeIgniter->handleRequest(NULL, Object(Config\Cache), false)
#6 /opt/lampp/htdocs/LabustaCI/public/index.php(37): CodeIgniter\CodeIgniter->run()
#7 /opt/lampp/htdocs/LabustaCI/system/Commands/Server/rewrite.php(45): require_once('/opt/lampp/htdo...')
#8 {main}
CRITICAL - 2021-08-17 11:10:27 --> Undefined variable: db
#0 /opt/lampp/htdocs/LabustaCI/app/Controllers/BaseController.php(57): CodeIgniter\Debug\Exceptions->errorHandler(8, 'Undefined varia...', '/opt/lampp/htdo...', 57, Array)
#1 /opt/lampp/htdocs/LabustaCI/system/CodeIgniter.php(901): App\Controllers\BaseController->initController(Object(CodeIgniter\HTTP\IncomingRequest), Object(CodeIgniter\HTTP\Response), Object(CodeIgniter\Log\Logger))
#2 /opt/lampp/htdocs/LabustaCI/system/CodeIgniter.php(426): CodeIgniter\CodeIgniter->createController()
#3 /opt/lampp/htdocs/LabustaCI/system/CodeIgniter.php(336): CodeIgniter\CodeIgniter->handleRequest(NULL, Object(Config\Cache), false)
#4 /opt/lampp/htdocs/LabustaCI/public/index.php(37): CodeIgniter\CodeIgniter->run()
#5 /opt/lampp/htdocs/LabustaCI/system/Commands/Server/rewrite.php(45): require_once('/opt/lampp/htdo...')
#6 {main}
CRITICAL - 2021-08-17 11:10:29 --> Undefined variable: db
#0 /opt/lampp/htdocs/LabustaCI/app/Controllers/BaseController.php(57): CodeIgniter\Debug\Exceptions->errorHandler(8, 'Undefined varia...', '/opt/lampp/htdo...', 57, Array)
#1 /opt/lampp/htdocs/LabustaCI/system/CodeIgniter.php(901): App\Controllers\BaseController->initController(Object(CodeIgniter\HTTP\IncomingRequest), Object(CodeIgniter\HTTP\Response), Object(CodeIgniter\Log\Logger))
#2 /opt/lampp/htdocs/LabustaCI/system/CodeIgniter.php(426): CodeIgniter\CodeIgniter->createController()
#3 /opt/lampp/htdocs/LabustaCI/system/CodeIgniter.php(336): CodeIgniter\CodeIgniter->handleRequest(NULL, Object(Config\Cache), false)
#4 /opt/lampp/htdocs/LabustaCI/public/index.php(37): CodeIgniter\CodeIgniter->run()
#5 /opt/lampp/htdocs/LabustaCI/system/Commands/Server/rewrite.php(45): require_once('/opt/lampp/htdo...')
#6 {main}
CRITICAL - 2021-08-17 11:10:43 --> Undefined variable: db
#0 /opt/lampp/htdocs/LabustaCI/app/Controllers/BaseController.php(58): CodeIgniter\Debug\Exceptions->errorHandler(8, 'Undefined varia...', '/opt/lampp/htdo...', 58, Array)
#1 /opt/lampp/htdocs/LabustaCI/system/CodeIgniter.php(901): App\Controllers\BaseController->initController(Object(CodeIgniter\HTTP\IncomingRequest), Object(CodeIgniter\HTTP\Response), Object(CodeIgniter\Log\Logger))
#2 /opt/lampp/htdocs/LabustaCI/system/CodeIgniter.php(426): CodeIgniter\CodeIgniter->createController()
#3 /opt/lampp/htdocs/LabustaCI/system/CodeIgniter.php(336): CodeIgniter\CodeIgniter->handleRequest(NULL, Object(Config\Cache), false)
#4 /opt/lampp/htdocs/LabustaCI/public/index.php(37): CodeIgniter\CodeIgniter->run()
#5 /opt/lampp/htdocs/LabustaCI/system/Commands/Server/rewrite.php(45): require_once('/opt/lampp/htdo...')
#6 {main}
CRITICAL - 2021-08-17 11:10:44 --> Undefined variable: db
#0 /opt/lampp/htdocs/LabustaCI/app/Controllers/BaseController.php(58): CodeIgniter\Debug\Exceptions->errorHandler(8, 'Undefined varia...', '/opt/lampp/htdo...', 58, Array)
#1 /opt/lampp/htdocs/LabustaCI/system/CodeIgniter.php(901): App\Controllers\BaseController->initController(Object(CodeIgniter\HTTP\IncomingRequest), Object(CodeIgniter\HTTP\Response), Object(CodeIgniter\Log\Logger))
#2 /opt/lampp/htdocs/LabustaCI/system/CodeIgniter.php(426): CodeIgniter\CodeIgniter->createController()
#3 /opt/lampp/htdocs/LabustaCI/system/CodeIgniter.php(336): CodeIgniter\CodeIgniter->handleRequest(NULL, Object(Config\Cache), false)
#4 /opt/lampp/htdocs/LabustaCI/public/index.php(37): CodeIgniter\CodeIgniter->run()
#5 /opt/lampp/htdocs/LabustaCI/system/Commands/Server/rewrite.php(45): require_once('/opt/lampp/htdo...')
#6 {main}
CRITICAL - 2021-08-17 11:14:23 --> Undefined variable: db
#0 /opt/lampp/htdocs/LabustaCI/app/Controllers/BaseController.php(58): CodeIgniter\Debug\Exceptions->errorHandler(8, 'Undefined varia...', '/opt/lampp/htdo...', 58, Array)
#1 /opt/lampp/htdocs/LabustaCI/system/CodeIgniter.php(901): App\Controllers\BaseController->initController(Object(CodeIgniter\HTTP\IncomingRequest), Object(CodeIgniter\HTTP\Response), Object(CodeIgniter\Log\Logger))
#2 /opt/lampp/htdocs/LabustaCI/system/CodeIgniter.php(426): CodeIgniter\CodeIgniter->createController()
#3 /opt/lampp/htdocs/LabustaCI/system/CodeIgniter.php(336): CodeIgniter\CodeIgniter->handleRequest(NULL, Object(Config\Cache), false)
#4 /opt/lampp/htdocs/LabustaCI/public/index.php(37): CodeIgniter\CodeIgniter->run()
#5 /opt/lampp/htdocs/LabustaCI/system/Commands/Server/rewrite.php(45): require_once('/opt/lampp/htdo...')
#6 {main}
CRITICAL - 2021-08-17 11:14:26 --> Undefined variable: db
#0 /opt/lampp/htdocs/LabustaCI/app/Controllers/BaseController.php(58): CodeIgniter\Debug\Exceptions->errorHandler(8, 'Undefined varia...', '/opt/lampp/htdo...', 58, Array)
#1 /opt/lampp/htdocs/LabustaCI/system/CodeIgniter.php(901): App\Controllers\BaseController->initController(Object(CodeIgniter\HTTP\IncomingRequest), Object(CodeIgniter\HTTP\Response), Object(CodeIgniter\Log\Logger))
#2 /opt/lampp/htdocs/LabustaCI/system/CodeIgniter.php(426): CodeIgniter\CodeIgniter->createController()
#3 /opt/lampp/htdocs/LabustaCI/system/CodeIgniter.php(336): CodeIgniter\CodeIgniter->handleRequest(NULL, Object(Config\Cache), false)
#4 /opt/lampp/htdocs/LabustaCI/public/index.php(37): CodeIgniter\CodeIgniter->run()
#5 /opt/lampp/htdocs/LabustaCI/system/Commands/Server/rewrite.php(45): require_once('/opt/lampp/htdo...')
#6 {main}
CRITICAL - 2021-08-17 11:14:43 --> Undefined variable: db
#0 /opt/lampp/htdocs/LabustaCI/app/Controllers/Home.php(19): CodeIgniter\Debug\Exceptions->errorHandler(8, 'Undefined varia...', '/opt/lampp/htdo...', 19, Array)
#1 /opt/lampp/htdocs/LabustaCI/system/CodeIgniter.php(928): App\Controllers\Home->kelola_siswa()
#2 /opt/lampp/htdocs/LabustaCI/system/CodeIgniter.php(436): CodeIgniter\CodeIgniter->runController(Object(App\Controllers\Home))
#3 /opt/lampp/htdocs/LabustaCI/system/CodeIgniter.php(336): CodeIgniter\CodeIgniter->handleRequest(NULL, Object(Config\Cache), false)
#4 /opt/lampp/htdocs/LabustaCI/public/index.php(37): CodeIgniter\CodeIgniter->run()
#5 /opt/lampp/htdocs/LabustaCI/system/Commands/Server/rewrite.php(45): require_once('/opt/lampp/htdo...')
#6 {main}
CRITICAL - 2021-08-17 11:15:32 --> Undefined variable: db
#0 /opt/lampp/htdocs/LabustaCI/app/Controllers/Home.php(19): CodeIgniter\Debug\Exceptions->errorHandler(8, 'Undefined varia...', '/opt/lampp/htdo...', 19, Array)
#1 /opt/lampp/htdocs/LabustaCI/system/CodeIgniter.php(928): App\Controllers\Home->kelola_siswa()
#2 /opt/lampp/htdocs/LabustaCI/system/CodeIgniter.php(436): CodeIgniter\CodeIgniter->runController(Object(App\Controllers\Home))
#3 /opt/lampp/htdocs/LabustaCI/system/CodeIgniter.php(336): CodeIgniter\CodeIgniter->handleRequest(NULL, Object(Config\Cache), false)
#4 /opt/lampp/htdocs/LabustaCI/public/index.php(37): CodeIgniter\CodeIgniter->run()
#5 /opt/lampp/htdocs/LabustaCI/system/Commands/Server/rewrite.php(45): require_once('/opt/lampp/htdo...')
#6 {main}
CRITICAL - 2021-08-17 11:15:34 --> Undefined variable: db
#0 /opt/lampp/htdocs/LabustaCI/app/Controllers/Home.php(19): CodeIgniter\Debug\Exceptions->errorHandler(8, 'Undefined varia...', '/opt/lampp/htdo...', 19, Array)
#1 /opt/lampp/htdocs/LabustaCI/system/CodeIgniter.php(928): App\Controllers\Home->kelola_siswa()
#2 /opt/lampp/htdocs/LabustaCI/system/CodeIgniter.php(436): CodeIgniter\CodeIgniter->runController(Object(App\Controllers\Home))
#3 /opt/lampp/htdocs/LabustaCI/system/CodeIgniter.php(336): CodeIgniter\CodeIgniter->handleRequest(NULL, Object(Config\Cache), false)
#4 /opt/lampp/htdocs/LabustaCI/public/index.php(37): CodeIgniter\CodeIgniter->run()
#5 /opt/lampp/htdocs/LabustaCI/system/Commands/Server/rewrite.php(45): require_once('/opt/lampp/htdo...')
#6 {main}
CRITICAL - 2021-08-17 11:15:48 --> Undefined variable: db
#0 /opt/lampp/htdocs/LabustaCI/app/Controllers/Home.php(20): CodeIgniter\Debug\Exceptions->errorHandler(8, 'Undefined varia...', '/opt/lampp/htdo...', 20, Array)
#1 /opt/lampp/htdocs/LabustaCI/system/CodeIgniter.php(928): App\Controllers\Home->kelola_siswa()
#2 /opt/lampp/htdocs/LabustaCI/system/CodeIgniter.php(436): CodeIgniter\CodeIgniter->runController(Object(App\Controllers\Home))
#3 /opt/lampp/htdocs/LabustaCI/system/CodeIgniter.php(336): CodeIgniter\CodeIgniter->handleRequest(NULL, Object(Config\Cache), false)
#4 /opt/lampp/htdocs/LabustaCI/public/index.php(37): CodeIgniter\CodeIgniter->run()
#5 /opt/lampp/htdocs/LabustaCI/system/Commands/Server/rewrite.php(45): require_once('/opt/lampp/htdo...')
#6 {main}
ERROR - 2021-08-17 11:16:03 --> Error connecting to the database: No such file or directory
CRITICAL - 2021-08-17 11:16:03 --> Unable to connect to the database.
Main connection [MySQLi]: No such file or directory
#0 /opt/lampp/htdocs/LabustaCI/system/Database/BaseConnection.php(625): CodeIgniter\Database\BaseConnection->initialize()
#1 /opt/lampp/htdocs/LabustaCI/system/Database/BaseBuilder.php(1881): CodeIgniter\Database\BaseConnection->query('SELECT *\nFROM `...', Array, false)
#2 /opt/lampp/htdocs/LabustaCI/app/Controllers/Home.php(22): CodeIgniter\Database\BaseBuilder->get()
#3 /opt/lampp/htdocs/LabustaCI/system/CodeIgniter.php(928): App\Controllers\Home->kelola_siswa()
#4 /opt/lampp/htdocs/LabustaCI/system/CodeIgniter.php(436): CodeIgniter\CodeIgniter->runController(Object(App\Controllers\Home))
#5 /opt/lampp/htdocs/LabustaCI/system/CodeIgniter.php(336): CodeIgniter\CodeIgniter->handleRequest(NULL, Object(Config\Cache), false)
#6 /opt/lampp/htdocs/LabustaCI/public/index.php(37): CodeIgniter\CodeIgniter->run()
#7 /opt/lampp/htdocs/LabustaCI/system/Commands/Server/rewrite.php(45): require_once('/opt/lampp/htdo...')
#8 {main}
ERROR - 2021-08-17 11:16:35 --> Error connecting to the database: No such file or directory
CRITICAL - 2021-08-17 11:16:35 --> Unable to connect to the database.
Main connection [MySQLi]: No such file or directory
#0 /opt/lampp/htdocs/LabustaCI/system/Database/BaseConnection.php(625): CodeIgniter\Database\BaseConnection->initialize()
#1 /opt/lampp/htdocs/LabustaCI/system/Database/BaseBuilder.php(1881): CodeIgniter\Database\BaseConnection->query('SELECT *\nFROM `...', Array, false)
#2 /opt/lampp/htdocs/LabustaCI/app/Controllers/Home.php(22): CodeIgniter\Database\BaseBuilder->get()
#3 /opt/lampp/htdocs/LabustaCI/system/CodeIgniter.php(928): App\Controllers\Home->kelola_siswa()
#4 /opt/lampp/htdocs/LabustaCI/system/CodeIgniter.php(436): CodeIgniter\CodeIgniter->runController(Object(App\Controllers\Home))
#5 /opt/lampp/htdocs/LabustaCI/system/CodeIgniter.php(336): CodeIgniter\CodeIgniter->handleRequest(NULL, Object(Config\Cache), false)
#6 /opt/lampp/htdocs/LabustaCI/public/index.php(37): CodeIgniter\CodeIgniter->run()
#7 /opt/lampp/htdocs/LabustaCI/system/Commands/Server/rewrite.php(45): require_once('/opt/lampp/htdo...')
#8 {main}
ERROR - 2021-08-17 11:16:37 --> Error connecting to the database: No such file or directory
CRITICAL - 2021-08-17 11:16:37 --> Unable to connect to the database.
Main connection [MySQLi]: No such file or directory
#0 /opt/lampp/htdocs/LabustaCI/system/Database/BaseConnection.php(625): CodeIgniter\Database\BaseConnection->initialize()
#1 /opt/lampp/htdocs/LabustaCI/system/Database/BaseBuilder.php(1881): CodeIgniter\Database\BaseConnection->query('SELECT *\nFROM `...', Array, false)
#2 /opt/lampp/htdocs/LabustaCI/app/Controllers/Home.php(22): CodeIgniter\Database\BaseBuilder->get()
#3 /opt/lampp/htdocs/LabustaCI/system/CodeIgniter.php(928): App\Controllers\Home->kelola_siswa()
#4 /opt/lampp/htdocs/LabustaCI/system/CodeIgniter.php(436): CodeIgniter\CodeIgniter->runController(Object(App\Controllers\Home))
#5 /opt/lampp/htdocs/LabustaCI/system/CodeIgniter.php(336): CodeIgniter\CodeIgniter->handleRequest(NULL, Object(Config\Cache), false)
#6 /opt/lampp/htdocs/LabustaCI/public/index.php(37): CodeIgniter\CodeIgniter->run()
#7 /opt/lampp/htdocs/LabustaCI/system/Commands/Server/rewrite.php(45): require_once('/opt/lampp/htdo...')
#8 {main}
ERROR - 2021-08-17 11:16:43 --> Error connecting to the database: No such file or directory
CRITICAL - 2021-08-17 11:16:43 --> Unable to connect to the database.
Main connection [MySQLi]: No such file or directory
#0 /opt/lampp/htdocs/LabustaCI/system/Database/BaseConnection.php(625): CodeIgniter\Database\BaseConnection->initialize()
#1 /opt/lampp/htdocs/LabustaCI/system/Database/BaseBuilder.php(1881): CodeIgniter\Database\BaseConnection->query('SELECT *\nFROM `...', Array, false)
#2 /opt/lampp/htdocs/LabustaCI/app/Controllers/Home.php(22): CodeIgniter\Database\BaseBuilder->get()
#3 /opt/lampp/htdocs/LabustaCI/system/CodeIgniter.php(928): App\Controllers\Home->kelola_siswa()
#4 /opt/lampp/htdocs/LabustaCI/system/CodeIgniter.php(436): CodeIgniter\CodeIgniter->runController(Object(App\Controllers\Home))
#5 /opt/lampp/htdocs/LabustaCI/system/CodeIgniter.php(336): CodeIgniter\CodeIgniter->handleRequest(NULL, Object(Config\Cache), false)
#6 /opt/lampp/htdocs/LabustaCI/public/index.php(37): CodeIgniter\CodeIgniter->run()
#7 /opt/lampp/htdocs/LabustaCI/system/Commands/Server/rewrite.php(45): require_once('/opt/lampp/htdo...')
#8 {main}
ERROR - 2021-08-17 11:17:00 --> Error connecting to the database: No such file or directory
CRITICAL - 2021-08-17 11:17:00 --> Unable to connect to the database.
Main connection [MySQLi]: No such file or directory
#0 /opt/lampp/htdocs/LabustaCI/system/Database/BaseConnection.php(625): CodeIgniter\Database\BaseConnection->initialize()
#1 /opt/lampp/htdocs/LabustaCI/system/Database/BaseBuilder.php(1881): CodeIgniter\Database\BaseConnection->query('SELECT *\nFROM `...', Array, false)
#2 /opt/lampp/htdocs/LabustaCI/app/Controllers/Home.php(22): CodeIgniter\Database\BaseBuilder->get()
#3 /opt/lampp/htdocs/LabustaCI/system/CodeIgniter.php(928): App\Controllers\Home->kelola_siswa()
#4 /opt/lampp/htdocs/LabustaCI/system/CodeIgniter.php(436): CodeIgniter\CodeIgniter->runController(Object(App\Controllers\Home))
#5 /opt/lampp/htdocs/LabustaCI/system/CodeIgniter.php(336): CodeIgniter\CodeIgniter->handleRequest(NULL, Object(Config\Cache), false)
#6 /opt/lampp/htdocs/LabustaCI/public/index.php(37): CodeIgniter\CodeIgniter->run()
#7 /opt/lampp/htdocs/LabustaCI/system/Commands/Server/rewrite.php(45): require_once('/opt/lampp/htdo...')
#8 {main}
ERROR - 2021-08-17 11:17:07 --> Error connecting to the database: No such file or directory
CRITICAL - 2021-08-17 11:17:07 --> Unable to connect to the database.
Main connection [MySQLi]: No such file or directory
#0 /opt/lampp/htdocs/LabustaCI/system/Database/BaseConnection.php(625): CodeIgniter\Database\BaseConnection->initialize()
#1 /opt/lampp/htdocs/LabustaCI/system/Database/BaseBuilder.php(1881): CodeIgniter\Database\BaseConnection->query('SELECT *\nFROM `...', Array, false)
#2 /opt/lampp/htdocs/LabustaCI/app/Controllers/Home.php(22): CodeIgniter\Database\BaseBuilder->get()
#3 /opt/lampp/htdocs/LabustaCI/system/CodeIgniter.php(928): App\Controllers\Home->kelola_siswa()
#4 /opt/lampp/htdocs/LabustaCI/system/CodeIgniter.php(436): CodeIgniter\CodeIgniter->runController(Object(App\Controllers\Home))
#5 /opt/lampp/htdocs/LabustaCI/system/CodeIgniter.php(336): CodeIgniter\CodeIgniter->handleRequest(NULL, Object(Config\Cache), false)
#6 /opt/lampp/htdocs/LabustaCI/public/index.php(37): CodeIgniter\CodeIgniter->run()
#7 /opt/lampp/htdocs/LabustaCI/system/Commands/Server/rewrite.php(45): require_once('/opt/lampp/htdo...')
#8 {main}
ERROR - 2021-08-17 11:17:53 --> Error connecting to the database: No such file or directory
CRITICAL - 2021-08-17 11:17:53 --> Unable to connect to the database.
Main connection [MySQLi]: No such file or directory
#0 /opt/lampp/htdocs/LabustaCI/system/Database/BaseConnection.php(625): CodeIgniter\Database\BaseConnection->initialize()
#1 /opt/lampp/htdocs/LabustaCI/system/Database/BaseBuilder.php(1881): CodeIgniter\Database\BaseConnection->query('SELECT *\nFROM `...', Array, false)
#2 /opt/lampp/htdocs/LabustaCI/app/Controllers/Home.php(22): CodeIgniter\Database\BaseBuilder->get()
#3 /opt/lampp/htdocs/LabustaCI/system/CodeIgniter.php(928): App\Controllers\Home->kelola_siswa()
#4 /opt/lampp/htdocs/LabustaCI/system/CodeIgniter.php(436): CodeIgniter\CodeIgniter->runController(Object(App\Controllers\Home))
#5 /opt/lampp/htdocs/LabustaCI/system/CodeIgniter.php(336): CodeIgniter\CodeIgniter->handleRequest(NULL, Object(Config\Cache), false)
#6 /opt/lampp/htdocs/LabustaCI/public/index.php(37): CodeIgniter\CodeIgniter->run()
#7 /opt/lampp/htdocs/LabustaCI/system/Commands/Server/rewrite.php(45): require_once('/opt/lampp/htdo...')
#8 {main}
ERROR - 2021-08-17 11:17:59 --> Error connecting to the database: No such file or directory
CRITICAL - 2021-08-17 11:17:59 --> Unable to connect to the database.
Main connection [MySQLi]: No such file or directory
#0 /opt/lampp/htdocs/LabustaCI/system/Database/BaseConnection.php(625): CodeIgniter\Database\BaseConnection->initialize()
#1 /opt/lampp/htdocs/LabustaCI/system/Database/BaseBuilder.php(1881): CodeIgniter\Database\BaseConnection->query('SELECT *\nFROM `...', Array, false)
#2 /opt/lampp/htdocs/LabustaCI/app/Controllers/Home.php(22): CodeIgniter\Database\BaseBuilder->get()
#3 /opt/lampp/htdocs/LabustaCI/system/CodeIgniter.php(928): App\Controllers\Home->kelola_siswa()
#4 /opt/lampp/htdocs/LabustaCI/system/CodeIgniter.php(436): CodeIgniter\CodeIgniter->runController(Object(App\Controllers\Home))
#5 /opt/lampp/htdocs/LabustaCI/system/CodeIgniter.php(336): CodeIgniter\CodeIgniter->handleRequest(NULL, Object(Config\Cache), false)
#6 /opt/lampp/htdocs/LabustaCI/public/index.php(37): CodeIgniter\CodeIgniter->run()
#7 /opt/lampp/htdocs/LabustaCI/system/Commands/Server/rewrite.php(45): require_once('/opt/lampp/htdo...')
#8 {main}
ERROR - 2021-08-17 11:19:18 --> Error connecting to the database: No such file or directory
CRITICAL - 2021-08-17 11:19:18 --> Unable to connect to the database.
Main connection [MySQLi]: No such file or directory
#0 /opt/lampp/htdocs/LabustaCI/system/Database/BaseConnection.php(625): CodeIgniter\Database\BaseConnection->initialize()
#1 /opt/lampp/htdocs/LabustaCI/system/Database/BaseBuilder.php(1881): CodeIgniter\Database\BaseConnection->query('SELECT *\nFROM `...', Array, false)
#2 /opt/lampp/htdocs/LabustaCI/app/Controllers/Home.php(22): CodeIgniter\Database\BaseBuilder->get()
#3 /opt/lampp/htdocs/LabustaCI/system/CodeIgniter.php(928): App\Controllers\Home->kelola_siswa()
#4 /opt/lampp/htdocs/LabustaCI/system/CodeIgniter.php(436): CodeIgniter\CodeIgniter->runController(Object(App\Controllers\Home))
#5 /opt/lampp/htdocs/LabustaCI/system/CodeIgniter.php(336): CodeIgniter\CodeIgniter->handleRequest(NULL, Object(Config\Cache), false)
#6 /opt/lampp/htdocs/LabustaCI/public/index.php(37): CodeIgniter\CodeIgniter->run()
#7 /opt/lampp/htdocs/LabustaCI/system/Commands/Server/rewrite.php(45): require_once('/opt/lampp/htdo...')
#8 {main}
ERROR - 2021-08-17 11:19:22 --> Error connecting to the database: No such file or directory
CRITICAL - 2021-08-17 11:19:22 --> Unable to connect to the database.
Main connection [MySQLi]: No such file or directory
#0 /opt/lampp/htdocs/LabustaCI/system/Database/BaseConnection.php(625): CodeIgniter\Database\BaseConnection->initialize()
#1 /opt/lampp/htdocs/LabustaCI/system/Database/BaseBuilder.php(1881): CodeIgniter\Database\BaseConnection->query('SELECT *\nFROM `...', Array, false)
#2 /opt/lampp/htdocs/LabustaCI/app/Controllers/Home.php(22): CodeIgniter\Database\BaseBuilder->get()
#3 /opt/lampp/htdocs/LabustaCI/system/CodeIgniter.php(928): App\Controllers\Home->kelola_siswa()
#4 /opt/lampp/htdocs/LabustaCI/system/CodeIgniter.php(436): CodeIgniter\CodeIgniter->runController(Object(App\Controllers\Home))
#5 /opt/lampp/htdocs/LabustaCI/system/CodeIgniter.php(336): CodeIgniter\CodeIgniter->handleRequest(NULL, Object(Config\Cache), false)
#6 /opt/lampp/htdocs/LabustaCI/public/index.php(37): CodeIgniter\CodeIgniter->run()
#7 /opt/lampp/htdocs/LabustaCI/system/Commands/Server/rewrite.php(45): require_once('/opt/lampp/htdo...')
#8 {main}
ERROR - 2021-08-17 11:20:40 --> Error connecting to the database: No such file or directory
CRITICAL - 2021-08-17 11:20:40 --> Unable to connect to the database.
Main connection [MySQLi]: No such file or directory
#0 /opt/lampp/htdocs/LabustaCI/system/Database/BaseConnection.php(625): CodeIgniter\Database\BaseConnection->initialize()
#1 /opt/lampp/htdocs/LabustaCI/system/Database/BaseBuilder.php(1881): CodeIgniter\Database\BaseConnection->query('SELECT *\nFROM `...', Array, false)
#2 /opt/lampp/htdocs/LabustaCI/app/Controllers/Home.php(22): CodeIgniter\Database\BaseBuilder->get()
#3 /opt/lampp/htdocs/LabustaCI/system/CodeIgniter.php(928): App\Controllers\Home->kelola_siswa()
#4 /opt/lampp/htdocs/LabustaCI/system/CodeIgniter.php(436): CodeIgniter\CodeIgniter->runController(Object(App\Controllers\Home))
#5 /opt/lampp/htdocs/LabustaCI/system/CodeIgniter.php(336): CodeIgniter\CodeIgniter->handleRequest(NULL, Object(Config\Cache), false)
#6 /opt/lampp/htdocs/LabustaCI/public/index.php(37): CodeIgniter\CodeIgniter->run()
#7 /opt/lampp/htdocs/LabustaCI/system/Commands/Server/rewrite.php(45): require_once('/opt/lampp/htdo...')
#8 {main}
ERROR - 2021-08-17 11:20:45 --> Error connecting to the database: No such file or directory
CRITICAL - 2021-08-17 11:20:45 --> Unable to connect to the database.
Main connection [MySQLi]: No such file or directory
#0 /opt/lampp/htdocs/LabustaCI/system/Database/BaseConnection.php(625): CodeIgniter\Database\BaseConnection->initialize()
#1 /opt/lampp/htdocs/LabustaCI/system/Database/BaseBuilder.php(1881): CodeIgniter\Database\BaseConnection->query('SELECT *\nFROM `...', Array, false)
#2 /opt/lampp/htdocs/LabustaCI/app/Controllers/Home.php(22): CodeIgniter\Database\BaseBuilder->get()
#3 /opt/lampp/htdocs/LabustaCI/system/CodeIgniter.php(928): App\Controllers\Home->kelola_siswa()
#4 /opt/lampp/htdocs/LabustaCI/system/CodeIgniter.php(436): CodeIgniter\CodeIgniter->runController(Object(App\Controllers\Home))
#5 /opt/lampp/htdocs/LabustaCI/system/CodeIgniter.php(336): CodeIgniter\CodeIgniter->handleRequest(NULL, Object(Config\Cache), false)
#6 /opt/lampp/htdocs/LabustaCI/public/index.php(37): CodeIgniter\CodeIgniter->run()
#7 /opt/lampp/htdocs/LabustaCI/system/Commands/Server/rewrite.php(45): require_once('/opt/lampp/htdo...')
#8 {main}
ERROR - 2021-08-17 11:20:47 --> Error connecting to the database: No such file or directory
CRITICAL - 2021-08-17 11:20:47 --> Unable to connect to the database.
Main connection [MySQLi]: No such file or directory
#0 /opt/lampp/htdocs/LabustaCI/system/Database/BaseConnection.php(625): CodeIgniter\Database\BaseConnection->initialize()
#1 /opt/lampp/htdocs/LabustaCI/system/Database/BaseBuilder.php(1881): CodeIgniter\Database\BaseConnection->query('SELECT *\nFROM `...', Array, false)
#2 /opt/lampp/htdocs/LabustaCI/app/Controllers/Home.php(22): CodeIgniter\Database\BaseBuilder->get()
#3 /opt/lampp/htdocs/LabustaCI/system/CodeIgniter.php(928): App\Controllers\Home->kelola_siswa()
#4 /opt/lampp/htdocs/LabustaCI/system/CodeIgniter.php(436): CodeIgniter\CodeIgniter->runController(Object(App\Controllers\Home))
#5 /opt/lampp/htdocs/LabustaCI/system/CodeIgniter.php(336): CodeIgniter\CodeIgniter->handleRequest(NULL, Object(Config\Cache), false)
#6 /opt/lampp/htdocs/LabustaCI/public/index.php(37): CodeIgniter\CodeIgniter->run()
#7 /opt/lampp/htdocs/LabustaCI/system/Commands/Server/rewrite.php(45): require_once('/opt/lampp/htdo...')
#8 {main}
ERROR - 2021-08-17 11:21:23 --> Error connecting to the database: Connection refused
CRITICAL - 2021-08-17 11:21:23 --> Unable to connect to the database.
Main connection [MySQLi]: Connection refused
#0 /opt/lampp/htdocs/LabustaCI/system/Database/BaseConnection.php(625): CodeIgniter\Database\BaseConnection->initialize()
#1 /opt/lampp/htdocs/LabustaCI/system/Database/BaseBuilder.php(1881): CodeIgniter\Database\BaseConnection->query('SELECT *\nFROM `...', Array, false)
#2 /opt/lampp/htdocs/LabustaCI/app/Controllers/Home.php(22): CodeIgniter\Database\BaseBuilder->get()
#3 /opt/lampp/htdocs/LabustaCI/system/CodeIgniter.php(928): App\Controllers\Home->kelola_siswa()
#4 /opt/lampp/htdocs/LabustaCI/system/CodeIgniter.php(436): CodeIgniter\CodeIgniter->runController(Object(App\Controllers\Home))
#5 /opt/lampp/htdocs/LabustaCI/system/CodeIgniter.php(336): CodeIgniter\CodeIgniter->handleRequest(NULL, Object(Config\Cache), false)
#6 /opt/lampp/htdocs/LabustaCI/public/index.php(37): CodeIgniter\CodeIgniter->run()
#7 /opt/lampp/htdocs/LabustaCI/system/Commands/Server/rewrite.php(45): require_once('/opt/lampp/htdo...')
#8 {main}
ERROR - 2021-08-17 11:21:25 --> Error connecting to the database: Connection refused
CRITICAL - 2021-08-17 11:21:25 --> Unable to connect to the database.
Main connection [MySQLi]: Connection refused
#0 /opt/lampp/htdocs/LabustaCI/system/Database/BaseConnection.php(625): CodeIgniter\Database\BaseConnection->initialize()
#1 /opt/lampp/htdocs/LabustaCI/system/Database/BaseBuilder.php(1881): CodeIgniter\Database\BaseConnection->query('SELECT *\nFROM `...', Array, false)
#2 /opt/lampp/htdocs/LabustaCI/app/Controllers/Home.php(22): CodeIgniter\Database\BaseBuilder->get()
#3 /opt/lampp/htdocs/LabustaCI/system/CodeIgniter.php(928): App\Controllers\Home->kelola_siswa()
#4 /opt/lampp/htdocs/LabustaCI/system/CodeIgniter.php(436): CodeIgniter\CodeIgniter->runController(Object(App\Controllers\Home))
#5 /opt/lampp/htdocs/LabustaCI/system/CodeIgniter.php(336): CodeIgniter\CodeIgniter->handleRequest(NULL, Object(Config\Cache), false)
#6 /opt/lampp/htdocs/LabustaCI/public/index.php(37): CodeIgniter\CodeIgniter->run()
#7 /opt/lampp/htdocs/LabustaCI/system/Commands/Server/rewrite.php(45): require_once('/opt/lampp/htdo...')
#8 {main}
ERROR - 2021-08-17 11:21:26 --> Error connecting to the database: Connection refused
CRITICAL - 2021-08-17 11:21:26 --> Unable to connect to the database.
Main connection [MySQLi]: Connection refused
#0 /opt/lampp/htdocs/LabustaCI/system/Database/BaseConnection.php(625): CodeIgniter\Database\BaseConnection->initialize()
#1 /opt/lampp/htdocs/LabustaCI/system/Database/BaseBuilder.php(1881): CodeIgniter\Database\BaseConnection->query('SELECT *\nFROM `...', Array, false)
#2 /opt/lampp/htdocs/LabustaCI/app/Controllers/Home.php(22): CodeIgniter\Database\BaseBuilder->get()
#3 /opt/lampp/htdocs/LabustaCI/system/CodeIgniter.php(928): App\Controllers\Home->kelola_siswa()
#4 /opt/lampp/htdocs/LabustaCI/system/CodeIgniter.php(436): CodeIgniter\CodeIgniter->runController(Object(App\Controllers\Home))
#5 /opt/lampp/htdocs/LabustaCI/system/CodeIgniter.php(336): CodeIgniter\CodeIgniter->handleRequest(NULL, Object(Config\Cache), false)
#6 /opt/lampp/htdocs/LabustaCI/public/index.php(37): CodeIgniter\CodeIgniter->run()
#7 /opt/lampp/htdocs/LabustaCI/system/Commands/Server/rewrite.php(45): require_once('/opt/lampp/htdo...')
#8 {main}
ERROR - 2021-08-17 11:23:54 --> Error connecting to the database: Connection refused
CRITICAL - 2021-08-17 11:23:54 --> Unable to connect to the database.
Main connection [MySQLi]: Connection refused
#0 /opt/lampp/htdocs/LabustaCI/system/Database/BaseConnection.php(625): CodeIgniter\Database\BaseConnection->initialize()
#1 /opt/lampp/htdocs/LabustaCI/system/Database/BaseBuilder.php(1881): CodeIgniter\Database\BaseConnection->query('SELECT *\nFROM `...', Array, false)
#2 /opt/lampp/htdocs/LabustaCI/app/Controllers/Home.php(22): CodeIgniter\Database\BaseBuilder->get()
#3 /opt/lampp/htdocs/LabustaCI/system/CodeIgniter.php(928): App\Controllers\Home->kelola_siswa()
#4 /opt/lampp/htdocs/LabustaCI/system/CodeIgniter.php(436): CodeIgniter\CodeIgniter->runController(Object(App\Controllers\Home))
#5 /opt/lampp/htdocs/LabustaCI/system/CodeIgniter.php(336): CodeIgniter\CodeIgniter->handleRequest(NULL, Object(Config\Cache), false)
#6 /opt/lampp/htdocs/LabustaCI/public/index.php(37): CodeIgniter\CodeIgniter->run()
#7 /opt/lampp/htdocs/LabustaCI/system/Commands/Server/rewrite.php(45): require_once('/opt/lampp/htdo...')
#8 {main}
ERROR - 2021-08-17 11:24:08 --> Error connecting to the database: No such file or directory
CRITICAL - 2021-08-17 11:24:08 --> Unable to connect to the database.
Main connection [MySQLi]: No such file or directory
#0 /opt/lampp/htdocs/LabustaCI/system/Database/BaseConnection.php(625): CodeIgniter\Database\BaseConnection->initialize()
#1 /opt/lampp/htdocs/LabustaCI/system/Database/BaseBuilder.php(1881): CodeIgniter\Database\BaseConnection->query('SELECT *\nFROM `...', Array, false)
#2 /opt/lampp/htdocs/LabustaCI/app/Controllers/Home.php(22): CodeIgniter\Database\BaseBuilder->get()
#3 /opt/lampp/htdocs/LabustaCI/system/CodeIgniter.php(928): App\Controllers\Home->kelola_siswa()
#4 /opt/lampp/htdocs/LabustaCI/system/CodeIgniter.php(436): CodeIgniter\CodeIgniter->runController(Object(App\Controllers\Home))
#5 /opt/lampp/htdocs/LabustaCI/system/CodeIgniter.php(336): CodeIgniter\CodeIgniter->handleRequest(NULL, Object(Config\Cache), false)
#6 /opt/lampp/htdocs/LabustaCI/public/index.php(37): CodeIgniter\CodeIgniter->run()
#7 /opt/lampp/htdocs/LabustaCI/system/Commands/Server/rewrite.php(45): require_once('/opt/lampp/htdo...')
#8 {main}
ERROR - 2021-08-17 11:24:11 --> Error connecting to the database: No such file or directory
CRITICAL - 2021-08-17 11:24:11 --> Unable to connect to the database.
Main connection [MySQLi]: No such file or directory
#0 /opt/lampp/htdocs/LabustaCI/system/Database/BaseConnection.php(625): CodeIgniter\Database\BaseConnection->initialize()
#1 /opt/lampp/htdocs/LabustaCI/system/Database/BaseBuilder.php(1881): CodeIgniter\Database\BaseConnection->query('SELECT *\nFROM `...', Array, false)
#2 /opt/lampp/htdocs/LabustaCI/app/Controllers/Home.php(22): CodeIgniter\Database\BaseBuilder->get()
#3 /opt/lampp/htdocs/LabustaCI/system/CodeIgniter.php(928): App\Controllers\Home->kelola_siswa()
#4 /opt/lampp/htdocs/LabustaCI/system/CodeIgniter.php(436): CodeIgniter\CodeIgniter->runController(Object(App\Controllers\Home))
#5 /opt/lampp/htdocs/LabustaCI/system/CodeIgniter.php(336): CodeIgniter\CodeIgniter->handleRequest(NULL, Object(Config\Cache), false)
#6 /opt/lampp/htdocs/LabustaCI/public/index.php(37): CodeIgniter\CodeIgniter->run()
#7 /opt/lampp/htdocs/LabustaCI/system/Commands/Server/rewrite.php(45): require_once('/opt/lampp/htdo...')
#8 {main}
ERROR - 2021-08-17 11:24:25 --> Error connecting to the database: Access denied for user ''@'****' to database 'db_labusta'
CRITICAL - 2021-08-17 11:24:25 --> Unable to connect to the database.
Main connection [MySQLi]: Access denied for user ''@'****' to database 'db_labusta'
#0 /opt/lampp/htdocs/LabustaCI/system/Database/BaseConnection.php(625): CodeIgniter\Database\BaseConnection->initialize()
#1 /opt/lampp/htdocs/LabustaCI/system/Database/BaseBuilder.php(1881): CodeIgniter\Database\BaseConnection->query('SELECT *\nFROM `...', Array, false)
#2 /opt/lampp/htdocs/LabustaCI/app/Controllers/Home.php(22): CodeIgniter\Database\BaseBuilder->get()
#3 /opt/lampp/htdocs/LabustaCI/system/CodeIgniter.php(928): App\Controllers\Home->kelola_siswa()
#4 /opt/lampp/htdocs/LabustaCI/system/CodeIgniter.php(436): CodeIgniter\CodeIgniter->runController(Object(App\Controllers\Home))
#5 /opt/lampp/htdocs/LabustaCI/system/CodeIgniter.php(336): CodeIgniter\CodeIgniter->handleRequest(NULL, Object(Config\Cache), false)
#6 /opt/lampp/htdocs/LabustaCI/public/index.php(37): CodeIgniter\CodeIgniter->run()
#7 /opt/lampp/htdocs/LabustaCI/system/Commands/Server/rewrite.php(45): require_once('/opt/lampp/htdo...')
#8 {main}
ERROR - 2021-08-17 11:25:10 --> Error connecting to the database: No such file or directory
CRITICAL - 2021-08-17 11:25:10 --> Unable to connect to the database.
Main connection [MySQLi]: No such file or directory
#0 /opt/lampp/htdocs/LabustaCI/system/Database/BaseConnection.php(625): CodeIgniter\Database\BaseConnection->initialize()
#1 /opt/lampp/htdocs/LabustaCI/system/Database/BaseBuilder.php(1881): CodeIgniter\Database\BaseConnection->query('SELECT *\nFROM `...', Array, false)
#2 /opt/lampp/htdocs/LabustaCI/app/Controllers/Home.php(22): CodeIgniter\Database\BaseBuilder->get()
#3 /opt/lampp/htdocs/LabustaCI/system/CodeIgniter.php(928): App\Controllers\Home->kelola_siswa()
#4 /opt/lampp/htdocs/LabustaCI/system/CodeIgniter.php(436): CodeIgniter\CodeIgniter->runController(Object(App\Controllers\Home))
#5 /opt/lampp/htdocs/LabustaCI/system/CodeIgniter.php(336): CodeIgniter\CodeIgniter->handleRequest(NULL, Object(Config\Cache), false)
#6 /opt/lampp/htdocs/LabustaCI/public/index.php(37): CodeIgniter\CodeIgniter->run()
#7 /opt/lampp/htdocs/LabustaCI/system/Commands/Server/rewrite.php(45): require_once('/opt/lampp/htdo...')
#8 {main}
ERROR - 2021-08-17 11:25:16 --> Error connecting to the database: No such file or directory
CRITICAL - 2021-08-17 11:25:16 --> Unable to connect to the database.
Main connection [MySQLi]: No such file or directory
#0 /opt/lampp/htdocs/LabustaCI/system/Database/BaseConnection.php(625): CodeIgniter\Database\BaseConnection->initialize()
#1 /opt/lampp/htdocs/LabustaCI/system/Database/BaseBuilder.php(1881): CodeIgniter\Database\BaseConnection->query('SELECT *\nFROM `...', Array, false)
#2 /opt/lampp/htdocs/LabustaCI/app/Controllers/Home.php(22): CodeIgniter\Database\BaseBuilder->get()
#3 /opt/lampp/htdocs/LabustaCI/system/CodeIgniter.php(928): App\Controllers\Home->kelola_siswa()
#4 /opt/lampp/htdocs/LabustaCI/system/CodeIgniter.php(436): CodeIgniter\CodeIgniter->runController(Object(App\Controllers\Home))
#5 /opt/lampp/htdocs/LabustaCI/system/CodeIgniter.php(336): CodeIgniter\CodeIgniter->handleRequest(NULL, Object(Config\Cache), false)
#6 /opt/lampp/htdocs/LabustaCI/public/index.php(37): CodeIgniter\CodeIgniter->run()
#7 /opt/lampp/htdocs/LabustaCI/system/Commands/Server/rewrite.php(45): require_once('/opt/lampp/htdo...')
#8 {main}
ERROR - 2021-08-17 11:25:37 --> Error connecting to the database: No such file or directory
CRITICAL - 2021-08-17 11:25:37 --> Unable to connect to the database.
Main connection [MySQLi]: No such file or directory
#0 /opt/lampp/htdocs/LabustaCI/system/Database/BaseConnection.php(625): CodeIgniter\Database\BaseConnection->initialize()
#1 /opt/lampp/htdocs/LabustaCI/system/Database/BaseBuilder.php(1881): CodeIgniter\Database\BaseConnection->query('SELECT *\nFROM `...', Array, false)
#2 /opt/lampp/htdocs/LabustaCI/app/Controllers/Home.php(22): CodeIgniter\Database\BaseBuilder->get()
#3 /opt/lampp/htdocs/LabustaCI/system/CodeIgniter.php(928): App\Controllers\Home->kelola_siswa()
#4 /opt/lampp/htdocs/LabustaCI/system/CodeIgniter.php(436): CodeIgniter\CodeIgniter->runController(Object(App\Controllers\Home))
#5 /opt/lampp/htdocs/LabustaCI/system/CodeIgniter.php(336): CodeIgniter\CodeIgniter->handleRequest(NULL, Object(Config\Cache), false)
#6 /opt/lampp/htdocs/LabustaCI/public/index.php(37): CodeIgniter\CodeIgniter->run()
#7 /opt/lampp/htdocs/LabustaCI/system/Commands/Server/rewrite.php(45): require_once('/opt/lampp/htdo...')
#8 {main}
ERROR - 2021-08-17 11:25:40 --> Error connecting to the database: No such file or directory
CRITICAL - 2021-08-17 11:25:40 --> Unable to connect to the database.
Main connection [MySQLi]: No such file or directory
#0 /opt/lampp/htdocs/LabustaCI/system/Database/BaseConnection.php(625): CodeIgniter\Database\BaseConnection->initialize()
#1 /opt/lampp/htdocs/LabustaCI/system/Database/BaseBuilder.php(1881): CodeIgniter\Database\BaseConnection->query('SELECT *\nFROM `...', Array, false)
#2 /opt/lampp/htdocs/LabustaCI/app/Controllers/Home.php(22): CodeIgniter\Database\BaseBuilder->get()
#3 /opt/lampp/htdocs/LabustaCI/system/CodeIgniter.php(928): App\Controllers\Home->kelola_siswa()
#4 /opt/lampp/htdocs/LabustaCI/system/CodeIgniter.php(436): CodeIgniter\CodeIgniter->runController(Object(App\Controllers\Home))
#5 /opt/lampp/htdocs/LabustaCI/system/CodeIgniter.php(336): CodeIgniter\CodeIgniter->handleRequest(NULL, Object(Config\Cache), false)
#6 /opt/lampp/htdocs/LabustaCI/public/index.php(37): CodeIgniter\CodeIgniter->run()
#7 /opt/lampp/htdocs/LabustaCI/system/Commands/Server/rewrite.php(45): require_once('/opt/lampp/htdo...')
#8 {main}
CRITICAL - 2021-08-17 11:28:19 --> Undefined property: stdClass::$Kelas
#0 /opt/lampp/htdocs/LabustaCI/app/Views/admin/kelola_siswa.php(100): CodeIgniter\Debug\Exceptions->errorHandler(8, 'Undefined prope...', '/opt/lampp/htdo...', 100, Array)
#1 /opt/lampp/htdocs/LabustaCI/system/View/View.php(230): include('/opt/lampp/htdo...')
#2 /opt/lampp/htdocs/LabustaCI/system/View/View.php(232): CodeIgniter\View\View->CodeIgniter\View\{closure}()
#3 /opt/lampp/htdocs/LabustaCI/system/Common.php(1271): CodeIgniter\View\View->render('admin/kelola_si...', Array, true)
#4 /opt/lampp/htdocs/LabustaCI/app/Controllers/Home.php(24): view('admin/kelola_si...', Array)
#5 /opt/lampp/htdocs/LabustaCI/system/CodeIgniter.php(928): App\Controllers\Home->kelola_siswa()
#6 /opt/lampp/htdocs/LabustaCI/system/CodeIgniter.php(436): CodeIgniter\CodeIgniter->runController(Object(App\Controllers\Home))
#7 /opt/lampp/htdocs/LabustaCI/system/CodeIgniter.php(336): CodeIgniter\CodeIgniter->handleRequest(NULL, Object(Config\Cache), false)
#8 /opt/lampp/htdocs/LabustaCI/public/index.php(37): CodeIgniter\CodeIgniter->run()
#9 /opt/lampp/htdocs/LabustaCI/system/Commands/Server/rewrite.php(45): require_once('/opt/lampp/htdo...')
#10 {main}
CRITICAL - 2021-08-17 11:28:32 --> Undefined property: stdClass::$id_kelas
#0 /opt/lampp/htdocs/LabustaCI/app/Views/admin/kelola_siswa.php(100): CodeIgniter\Debug\Exceptions->errorHandler(8, 'Undefined prope...', '/opt/lampp/htdo...', 100, Array)
#1 /opt/lampp/htdocs/LabustaCI/system/View/View.php(230): include('/opt/lampp/htdo...')
#2 /opt/lampp/htdocs/LabustaCI/system/View/View.php(232): CodeIgniter\View\View->CodeIgniter\View\{closure}()
#3 /opt/lampp/htdocs/LabustaCI/system/Common.php(1271): CodeIgniter\View\View->render('admin/kelola_si...', Array, true)
#4 /opt/lampp/htdocs/LabustaCI/app/Controllers/Home.php(24): view('admin/kelola_si...', Array)
#5 /opt/lampp/htdocs/LabustaCI/system/CodeIgniter.php(928): App\Controllers\Home->kelola_siswa()
#6 /opt/lampp/htdocs/LabustaCI/system/CodeIgniter.php(436): CodeIgniter\CodeIgniter->runController(Object(App\Controllers\Home))
#7 /opt/lampp/htdocs/LabustaCI/system/CodeIgniter.php(336): CodeIgniter\CodeIgniter->handleRequest(NULL, Object(Config\Cache), false)
#8 /opt/lampp/htdocs/LabustaCI/public/index.php(37): CodeIgniter\CodeIgniter->run()
#9 /opt/lampp/htdocs/LabustaCI/system/Commands/Server/rewrite.php(45): require_once('/opt/lampp/htdo...')
#10 {main}
CRITICAL - 2021-08-17 11:28:47 --> Undefined property: stdClass::$Id_kelas
#0 /opt/lampp/htdocs/LabustaCI/app/Views/admin/kelola_siswa.php(100): CodeIgniter\Debug\Exceptions->errorHandler(8, 'Undefined prope...', '/opt/lampp/htdo...', 100, Array)
#1 /opt/lampp/htdocs/LabustaCI/system/View/View.php(230): include('/opt/lampp/htdo...')
#2 /opt/lampp/htdocs/LabustaCI/system/View/View.php(232): CodeIgniter\View\View->CodeIgniter\View\{closure}()
#3 /opt/lampp/htdocs/LabustaCI/system/Common.php(1271): CodeIgniter\View\View->render('admin/kelola_si...', Array, true)
#4 /opt/lampp/htdocs/LabustaCI/app/Controllers/Home.php(24): view('admin/kelola_si...', Array)
#5 /opt/lampp/htdocs/LabustaCI/system/CodeIgniter.php(928): App\Controllers\Home->kelola_siswa()
#6 /opt/lampp/htdocs/LabustaCI/system/CodeIgniter.php(436): CodeIgniter\CodeIgniter->runController(Object(App\Controllers\Home))
#7 /opt/lampp/htdocs/LabustaCI/system/CodeIgniter.php(336): CodeIgniter\CodeIgniter->handleRequest(NULL, Object(Config\Cache), false)
#8 /opt/lampp/htdocs/LabustaCI/public/index.php(37): CodeIgniter\CodeIgniter->run()
#9 /opt/lampp/htdocs/LabustaCI/system/Commands/Server/rewrite.php(45): require_once('/opt/lampp/htdo...')
#10 {main}
CRITICAL - 2021-08-17 11:28:49 --> Undefined property: stdClass::$Id_kelas
#0 /opt/lampp/htdocs/LabustaCI/app/Views/admin/kelola_siswa.php(100): CodeIgniter\Debug\Exceptions->errorHandler(8, 'Undefined prope...', '/opt/lampp/htdo...', 100, Array)
#1 /opt/lampp/htdocs/LabustaCI/system/View/View.php(230): include('/opt/lampp/htdo...')
#2 /opt/lampp/htdocs/LabustaCI/system/View/View.php(232): CodeIgniter\View\View->CodeIgniter\View\{closure}()
#3 /opt/lampp/htdocs/LabustaCI/system/Common.php(1271): CodeIgniter\View\View->render('admin/kelola_si...', Array, true)
#4 /opt/lampp/htdocs/LabustaCI/app/Controllers/Home.php(24): view('admin/kelola_si...', Array)
#5 /opt/lampp/htdocs/LabustaCI/system/CodeIgniter.php(928): App\Controllers\Home->kelola_siswa()
#6 /opt/lampp/htdocs/LabustaCI/system/CodeIgniter.php(436): CodeIgniter\CodeIgniter->runController(Object(App\Controllers\Home))
#7 /opt/lampp/htdocs/LabustaCI/system/CodeIgniter.php(336): CodeIgniter\CodeIgniter->handleRequest(NULL, Object(Config\Cache), false)
#8 /opt/lampp/htdocs/LabustaCI/public/index.php(37): CodeIgniter\CodeIgniter->run()
#9 /opt/lampp/htdocs/LabustaCI/system/Commands/Server/rewrite.php(45): require_once('/opt/lampp/htdo...')
#10 {main}
CRITICAL - 2021-08-17 11:28:49 --> Undefined property: stdClass::$Id_kelas
#0 /opt/lampp/htdocs/LabustaCI/app/Views/admin/kelola_siswa.php(100): CodeIgniter\Debug\Exceptions->errorHandler(8, 'Undefined prope...', '/opt/lampp/htdo...', 100, Array)
#1 /opt/lampp/htdocs/LabustaCI/system/View/View.php(230): include('/opt/lampp/htdo...')
#2 /opt/lampp/htdocs/LabustaCI/system/View/View.php(232): CodeIgniter\View\View->CodeIgniter\View\{closure}()
#3 /opt/lampp/htdocs/LabustaCI/system/Common.php(1271): CodeIgniter\View\View->render('admin/kelola_si...', Array, true)
#4 /opt/lampp/htdocs/LabustaCI/app/Controllers/Home.php(24): view('admin/kelola_si...', Array)
#5 /opt/lampp/htdocs/LabustaCI/system/CodeIgniter.php(928): App\Controllers\Home->kelola_siswa()
#6 /opt/lampp/htdocs/LabustaCI/system/CodeIgniter.php(436): CodeIgniter\CodeIgniter->runController(Object(App\Controllers\Home))
#7 /opt/lampp/htdocs/LabustaCI/system/CodeIgniter.php(336): CodeIgniter\CodeIgniter->handleRequest(NULL, Object(Config\Cache), false)
#8 /opt/lampp/htdocs/LabustaCI/public/index.php(37): CodeIgniter\CodeIgniter->run()
#9 /opt/lampp/htdocs/LabustaCI/system/Commands/Server/rewrite.php(45): require_once('/opt/lampp/htdo...')
#10 {main}
CRITICAL - 2021-08-17 11:29:42 --> Undefined property: stdClass::$Id_Jeniskelamin
#0 /opt/lampp/htdocs/LabustaCI/app/Views/admin/kelola_siswa.php(102): CodeIgniter\Debug\Exceptions->errorHandler(8, 'Undefined prope...', '/opt/lampp/htdo...', 102, Array)
#1 /opt/lampp/htdocs/LabustaCI/system/View/View.php(230): include('/opt/lampp/htdo...')
#2 /opt/lampp/htdocs/LabustaCI/system/View/View.php(232): CodeIgniter\View\View->CodeIgniter\View\{closure}()
#3 /opt/lampp/htdocs/LabustaCI/system/Common.php(1271): CodeIgniter\View\View->render('admin/kelola_si...', Array, true)
#4 /opt/lampp/htdocs/LabustaCI/app/Controllers/Home.php(24): view('admin/kelola_si...', Array)
#5 /opt/lampp/htdocs/LabustaCI/system/CodeIgniter.php(928): App\Controllers\Home->kelola_siswa()
#6 /opt/lampp/htdocs/LabustaCI/system/CodeIgniter.php(436): CodeIgniter\CodeIgniter->runController(Object(App\Controllers\Home))
#7 /opt/lampp/htdocs/LabustaCI/system/CodeIgniter.php(336): CodeIgniter\CodeIgniter->handleRequest(NULL, Object(Config\Cache), false)
#8 /opt/lampp/htdocs/LabustaCI/public/index.php(37): CodeIgniter\CodeIgniter->run()
#9 /opt/lampp/htdocs/LabustaCI/system/Commands/Server/rewrite.php(45): require_once('/opt/lampp/htdo...')
#10 {main}
CRITICAL - 2021-08-17 11:29:52 --> Undefined property: stdClass::$Id_jeniskelamin
#0 /opt/lampp/htdocs/LabustaCI/app/Views/admin/kelola_siswa.php(102): CodeIgniter\Debug\Exceptions->errorHandler(8, 'Undefined prope...', '/opt/lampp/htdo...', 102, Array)
#1 /opt/lampp/htdocs/LabustaCI/system/View/View.php(230): include('/opt/lampp/htdo...')
#2 /opt/lampp/htdocs/LabustaCI/system/View/View.php(232): CodeIgniter\View\View->CodeIgniter\View\{closure}()
#3 /opt/lampp/htdocs/LabustaCI/system/Common.php(1271): CodeIgniter\View\View->render('admin/kelola_si...', Array, true)
#4 /opt/lampp/htdocs/LabustaCI/app/Controllers/Home.php(24): view('admin/kelola_si...', Array)
#5 /opt/lampp/htdocs/LabustaCI/system/CodeIgniter.php(928): App\Controllers\Home->kelola_siswa()
#6 /opt/lampp/htdocs/LabustaCI/system/CodeIgniter.php(436): CodeIgniter\CodeIgniter->runController(Object(App\Controllers\Home))
#7 /opt/lampp/htdocs/LabustaCI/system/CodeIgniter.php(336): CodeIgniter\CodeIgniter->handleRequest(NULL, Object(Config\Cache), false)
#8 /opt/lampp/htdocs/LabustaCI/public/index.php(37): CodeIgniter\CodeIgniter->run()
#9 /opt/lampp/htdocs/LabustaCI/system/Commands/Server/rewrite.php(45): require_once('/opt/lampp/htdo...')
#10 {main}
CRITICAL - 2021-08-17 13:46:29 --> Undefined variable: query
#0 /opt/lampp/htdocs/LabustaCI/app/Views/admin/tambah_siswa.php(85): CodeIgniter\Debug\Exceptions->errorHandler(8, 'Undefined varia...', '/opt/lampp/htdo...', 85, Array)
#1 /opt/lampp/htdocs/LabustaCI/system/View/View.php(230): include('/opt/lampp/htdo...')
#2 /opt/lampp/htdocs/LabustaCI/system/View/View.php(232): CodeIgniter\View\View->CodeIgniter\View\{closure}()
#3 /opt/lampp/htdocs/LabustaCI/system/Common.php(1271): CodeIgniter\View\View->render('admin/tambah_si...', Array, true)
#4 /opt/lampp/htdocs/LabustaCI/app/Controllers/Home.php(29): view('admin/tambah_si...')
#5 /opt/lampp/htdocs/LabustaCI/system/CodeIgniter.php(928): App\Controllers\Home->create()
#6 /opt/lampp/htdocs/LabustaCI/system/CodeIgniter.php(436): CodeIgniter\CodeIgniter->runController(Object(App\Controllers\Home))
#7 /opt/lampp/htdocs/LabustaCI/system/CodeIgniter.php(336): CodeIgniter\CodeIgniter->handleRequest(NULL, Object(Config\Cache), false)
#8 /opt/lampp/htdocs/LabustaCI/public/index.php(37): CodeIgniter\CodeIgniter->run()
#9 /opt/lampp/htdocs/LabustaCI/system/Commands/Server/rewrite.php(45): require_once('/opt/lampp/htdo...')
#10 {main}
CRITICAL - 2021-08-17 14:09:52 --> syntax error, unexpected 'tambah_siswa' (T_STRING), expecting ')'
#0 /opt/lampp/htdocs/LabustaCI/system/Autoloader/Autoloader.php(273): CodeIgniter\Autoloader\Autoloader->includeFile('/opt/lampp/htdo...')
#1 /opt/lampp/htdocs/LabustaCI/system/Autoloader/Autoloader.php(247): CodeIgniter\Autoloader\Autoloader->loadInNamespace('App\\Controllers...')
#2 [internal function]: CodeIgniter\Autoloader\Autoloader->loadClass('App\\Controllers...')
#3 [internal function]: spl_autoload_call('App\\Controllers...')
#4 /opt/lampp/htdocs/LabustaCI/system/CodeIgniter.php(885): class_exists('\\App\\Controller...', true)
#5 /opt/lampp/htdocs/LabustaCI/system/CodeIgniter.php(421): CodeIgniter\CodeIgniter->startController()
#6 /opt/lampp/htdocs/LabustaCI/system/CodeIgniter.php(336): CodeIgniter\CodeIgniter->handleRequest(NULL, Object(Config\Cache), false)
#7 /opt/lampp/htdocs/LabustaCI/public/index.php(37): CodeIgniter\CodeIgniter->run()
#8 /opt/lampp/htdocs/LabustaCI/system/Commands/Server/rewrite.php(45): require_once('/opt/lampp/htdo...')
#9 {main}
CRITICAL - 2021-08-17 14:10:18 --> syntax error, unexpected 'tambah_siswa' (T_STRING), expecting ')'
#0 /opt/lampp/htdocs/LabustaCI/system/Autoloader/Autoloader.php(273): CodeIgniter\Autoloader\Autoloader->includeFile('/opt/lampp/htdo...')
#1 /opt/lampp/htdocs/LabustaCI/system/Autoloader/Autoloader.php(247): CodeIgniter\Autoloader\Autoloader->loadInNamespace('App\\Controllers...')
#2 [internal function]: CodeIgniter\Autoloader\Autoloader->loadClass('App\\Controllers...')
#3 [internal function]: spl_autoload_call('App\\Controllers...')
#4 /opt/lampp/htdocs/LabustaCI/system/CodeIgniter.php(885): class_exists('\\App\\Controller...', true)
#5 /opt/lampp/htdocs/LabustaCI/system/CodeIgniter.php(421): CodeIgniter\CodeIgniter->startController()
#6 /opt/lampp/htdocs/LabustaCI/system/CodeIgniter.php(336): CodeIgniter\CodeIgniter->handleRequest(NULL, Object(Config\Cache), false)
#7 /opt/lampp/htdocs/LabustaCI/public/index.php(37): CodeIgniter\CodeIgniter->run()
#8 /opt/lampp/htdocs/LabustaCI/system/Commands/Server/rewrite.php(45): require_once('/opt/lampp/htdo...')
#9 {main}
CRITICAL - 2021-08-17 14:10:40 --> syntax error, unexpected 'tambah_siswa' (T_STRING), expecting ')'
#0 /opt/lampp/htdocs/LabustaCI/system/Autoloader/Autoloader.php(273): CodeIgniter\Autoloader\Autoloader->includeFile('/opt/lampp/htdo...')
#1 /opt/lampp/htdocs/LabustaCI/system/Autoloader/Autoloader.php(247): CodeIgniter\Autoloader\Autoloader->loadInNamespace('App\\Controllers...')
#2 [internal function]: CodeIgniter\Autoloader\Autoloader->loadClass('App\\Controllers...')
#3 [internal function]: spl_autoload_call('App\\Controllers...')
#4 /opt/lampp/htdocs/LabustaCI/system/CodeIgniter.php(885): class_exists('\\App\\Controller...', true)
#5 /opt/lampp/htdocs/LabustaCI/system/CodeIgniter.php(421): CodeIgniter\CodeIgniter->startController()
#6 /opt/lampp/htdocs/LabustaCI/system/CodeIgniter.php(336): CodeIgniter\CodeIgniter->handleRequest(NULL, Object(Config\Cache), false)
#7 /opt/lampp/htdocs/LabustaCI/public/index.php(37): CodeIgniter\CodeIgniter->run()
#8 /opt/lampp/htdocs/LabustaCI/system/Commands/Server/rewrite.php(45): require_once('/opt/lampp/htdo...')
#9 {main}
CRITICAL - 2021-08-17 14:11:20 --> syntax error, unexpected 'tambah_siswa' (T_STRING), expecting ')'
#0 /opt/lampp/htdocs/LabustaCI/system/Autoloader/Autoloader.php(273): CodeIgniter\Autoloader\Autoloader->includeFile('/opt/lampp/htdo...')
#1 /opt/lampp/htdocs/LabustaCI/system/Autoloader/Autoloader.php(247): CodeIgniter\Autoloader\Autoloader->loadInNamespace('App\\Controllers...')
#2 [internal function]: CodeIgniter\Autoloader\Autoloader->loadClass('App\\Controllers...')
#3 [internal function]: spl_autoload_call('App\\Controllers...')
#4 /opt/lampp/htdocs/LabustaCI/system/CodeIgniter.php(885): class_exists('\\App\\Controller...', true)
#5 /opt/lampp/htdocs/LabustaCI/system/CodeIgniter.php(421): CodeIgniter\CodeIgniter->startController()
#6 /opt/lampp/htdocs/LabustaCI/system/CodeIgniter.php(336): CodeIgniter\CodeIgniter->handleRequest(NULL, Object(Config\Cache), false)
#7 /opt/lampp/htdocs/LabustaCI/public/index.php(37): CodeIgniter\CodeIgniter->run()
#8 /opt/lampp/htdocs/LabustaCI/system/Commands/Server/rewrite.php(45): require_once('/opt/lampp/htdo...')
#9 {main}
CRITICAL - 2021-08-17 14:11:30 --> syntax error, unexpected ''));' (T_ENCAPSED_AND_WHITESPACE), expecting ')'
#0 /opt/lampp/htdocs/LabustaCI/system/Autoloader/Autoloader.php(273): CodeIgniter\Autoloader\Autoloader->includeFile('/opt/lampp/htdo...')
#1 /opt/lampp/htdocs/LabustaCI/system/Autoloader/Autoloader.php(247): CodeIgniter\Autoloader\Autoloader->loadInNamespace('App\\Controllers...')
#2 [internal function]: CodeIgniter\Autoloader\Autoloader->loadClass('App\\Controllers...')
#3 [internal function]: spl_autoload_call('App\\Controllers...')
#4 /opt/lampp/htdocs/LabustaCI/system/CodeIgniter.php(885): class_exists('\\App\\Controller...', true)
#5 /opt/lampp/htdocs/LabustaCI/system/CodeIgniter.php(421): CodeIgniter\CodeIgniter->startController()
#6 /opt/lampp/htdocs/LabustaCI/system/CodeIgniter.php(336): CodeIgniter\CodeIgniter->handleRequest(NULL, Object(Config\Cache), false)
#7 /opt/lampp/htdocs/LabustaCI/public/index.php(37): CodeIgniter\CodeIgniter->run()
#8 /opt/lampp/htdocs/LabustaCI/system/Commands/Server/rewrite.php(45): require_once('/opt/lampp/htdo...')
#9 {main}
CRITICAL - 2021-08-17 14:12:00 --> syntax error, unexpected 'tambah_siswa' (T_STRING), expecting ')'
#0 /opt/lampp/htdocs/LabustaCI/system/Autoloader/Autoloader.php(273): CodeIgniter\Autoloader\Autoloader->includeFile('/opt/lampp/htdo...')
#1 /opt/lampp/htdocs/LabustaCI/system/Autoloader/Autoloader.php(247): CodeIgniter\Autoloader\Autoloader->loadInNamespace('App\\Controllers...')
#2 [internal function]: CodeIgniter\Autoloader\Autoloader->loadClass('App\\Controllers...')
#3 [internal function]: spl_autoload_call('App\\Controllers...')
#4 /opt/lampp/htdocs/LabustaCI/system/CodeIgniter.php(885): class_exists('\\App\\Controller...', true)
#5 /opt/lampp/htdocs/LabustaCI/system/CodeIgniter.php(421): CodeIgniter\CodeIgniter->startController()
#6 /opt/lampp/htdocs/LabustaCI/system/CodeIgniter.php(336): CodeIgniter\CodeIgniter->handleRequest(NULL, Object(Config\Cache), false)
#7 /opt/lampp/htdocs/LabustaCI/public/index.php(37): CodeIgniter\CodeIgniter->run()
#8 /opt/lampp/htdocs/LabustaCI/system/Commands/Server/rewrite.php(45): require_once('/opt/lampp/htdo...')
#9 {main}
CRITICAL - 2021-08-17 14:13:22 --> syntax error, unexpected '}', expecting ';'
#0 /opt/lampp/htdocs/LabustaCI/system/Autoloader/Autoloader.php(273): CodeIgniter\Autoloader\Autoloader->includeFile('/opt/lampp/htdo...')
#1 /opt/lampp/htdocs/LabustaCI/system/Autoloader/Autoloader.php(247): CodeIgniter\Autoloader\Autoloader->loadInNamespace('App\\Controllers...')
#2 [internal function]: CodeIgniter\Autoloader\Autoloader->loadClass('App\\Controllers...')
#3 [internal function]: spl_autoload_call('App\\Controllers...')
#4 /opt/lampp/htdocs/LabustaCI/system/CodeIgniter.php(885): class_exists('\\App\\Controller...', true)
#5 /opt/lampp/htdocs/LabustaCI/system/CodeIgniter.php(421): CodeIgniter\CodeIgniter->startController()
#6 /opt/lampp/htdocs/LabustaCI/system/CodeIgniter.php(336): CodeIgniter\CodeIgniter->handleRequest(NULL, Object(Config\Cache), false)
#7 /opt/lampp/htdocs/LabustaCI/public/index.php(37): CodeIgniter\CodeIgniter->run()
#8 /opt/lampp/htdocs/LabustaCI/system/Commands/Server/rewrite.php(45): require_once('/opt/lampp/htdo...')
#9 {main}
CRITICAL - 2021-08-17 14:29:42 --> Undefined property: App\Controllers\Home::$db
#0 /opt/lampp/htdocs/LabustaCI/app/Controllers/Home.php(34): CodeIgniter\Debug\Exceptions->errorHandler(8, 'Undefined prope...', '/opt/lampp/htdo...', 34, Array)
#1 /opt/lampp/htdocs/LabustaCI/system/CodeIgniter.php(928): App\Controllers\Home->store()
#2 /opt/lampp/htdocs/LabustaCI/system/CodeIgniter.php(436): CodeIgniter\CodeIgniter->runController(Object(App\Controllers\Home))
#3 /opt/lampp/htdocs/LabustaCI/system/CodeIgniter.php(336): CodeIgniter\CodeIgniter->handleRequest(NULL, Object(Config\Cache), false)
#4 /opt/lampp/htdocs/LabustaCI/public/index.php(37): CodeIgniter\CodeIgniter->run()
#5 /opt/lampp/htdocs/LabustaCI/system/Commands/Server/rewrite.php(45): require_once('/opt/lampp/htdo...')
#6 {main}
CRITICAL - 2021-08-17 14:30:03 --> Undefined property: App\Controllers\Home::$db
#0 /opt/lampp/htdocs/LabustaCI/app/Controllers/Home.php(35): CodeIgniter\Debug\Exceptions->errorHandler(8, 'Undefined prope...', '/opt/lampp/htdo...', 35, Array)
#1 /opt/lampp/htdocs/LabustaCI/system/CodeIgniter.php(928): App\Controllers\Home->store()
#2 /opt/lampp/htdocs/LabustaCI/system/CodeIgniter.php(436): CodeIgniter\CodeIgniter->runController(Object(App\Controllers\Home))
#3 /opt/lampp/htdocs/LabustaCI/system/CodeIgniter.php(336): CodeIgniter\CodeIgniter->handleRequest(NULL, Object(Config\Cache), false)
#4 /opt/lampp/htdocs/LabustaCI/public/index.php(37): CodeIgniter\CodeIgniter->run()
#5 /opt/lampp/htdocs/LabustaCI/system/Commands/Server/rewrite.php(45): require_once('/opt/lampp/htdo...')
#6 {main}
CRITICAL - 2021-08-17 14:30:15 --> Undefined property: App\Controllers\Home::$db
#0 /opt/lampp/htdocs/LabustaCI/app/Controllers/Home.php(35): CodeIgniter\Debug\Exceptions->errorHandler(8, 'Undefined prope...', '/opt/lampp/htdo...', 35, Array)
#1 /opt/lampp/htdocs/LabustaCI/system/CodeIgniter.php(928): App\Controllers\Home->store()
#2 /opt/lampp/htdocs/LabustaCI/system/CodeIgniter.php(436): CodeIgniter\CodeIgniter->runController(Object(App\Controllers\Home))
#3 /opt/lampp/htdocs/LabustaCI/system/CodeIgniter.php(336): CodeIgniter\CodeIgniter->handleRequest(NULL, Object(Config\Cache), false)
#4 /opt/lampp/htdocs/LabustaCI/public/index.php(37): CodeIgniter\CodeIgniter->run()
#5 /opt/lampp/htdocs/LabustaCI/system/Commands/Server/rewrite.php(45): require_once('/opt/lampp/htdo...')
#6 {main}
CRITICAL - 2021-08-17 14:31:12 --> Undefined property: App\Controllers\Home::$db
#0 /opt/lampp/htdocs/LabustaCI/app/Controllers/Home.php(35): CodeIgniter\Debug\Exceptions->errorHandler(8, 'Undefined prope...', '/opt/lampp/htdo...', 35, Array)
#1 /opt/lampp/htdocs/LabustaCI/system/CodeIgniter.php(928): App\Controllers\Home->store()
#2 /opt/lampp/htdocs/LabustaCI/system/CodeIgniter.php(436): CodeIgniter\CodeIgniter->runController(Object(App\Controllers\Home))
#3 /opt/lampp/htdocs/LabustaCI/system/CodeIgniter.php(336): CodeIgniter\CodeIgniter->handleRequest(NULL, Object(Config\Cache), false)
#4 /opt/lampp/htdocs/LabustaCI/public/index.php(37): CodeIgniter\CodeIgniter->run()
#5 /opt/lampp/htdocs/LabustaCI/system/Commands/Server/rewrite.php(45): require_once('/opt/lampp/htdo...')
#6 {main}
CRITICAL - 2021-08-17 14:31:27 --> Undefined property: App\Controllers\Home::$db
#0 /opt/lampp/htdocs/LabustaCI/app/Controllers/Home.php(35): CodeIgniter\Debug\Exceptions->errorHandler(8, 'Undefined prope...', '/opt/lampp/htdo...', 35, Array)
#1 /opt/lampp/htdocs/LabustaCI/system/CodeIgniter.php(928): App\Controllers\Home->store()
#2 /opt/lampp/htdocs/LabustaCI/system/CodeIgniter.php(436): CodeIgniter\CodeIgniter->runController(Object(App\Controllers\Home))
#3 /opt/lampp/htdocs/LabustaCI/system/CodeIgniter.php(336): CodeIgniter\CodeIgniter->handleRequest(NULL, Object(Config\Cache), false)
#4 /opt/lampp/htdocs/LabustaCI/public/index.php(37): CodeIgniter\CodeIgniter->run()
#5 /opt/lampp/htdocs/LabustaCI/system/Commands/Server/rewrite.php(45): require_once('/opt/lampp/htdo...')
#6 {main}
CRITICAL - 2021-08-17 14:32:28 --> Undefined property: App\Controllers\Home::$db
#0 /opt/lampp/htdocs/LabustaCI/app/Controllers/Home.php(35): CodeIgniter\Debug\Exceptions->errorHandler(8, 'Undefined prope...', '/opt/lampp/htdo...', 35, Array)
#1 /opt/lampp/htdocs/LabustaCI/system/CodeIgniter.php(928): App\Controllers\Home->store()
#2 /opt/lampp/htdocs/LabustaCI/system/CodeIgniter.php(436): CodeIgniter\CodeIgniter->runController(Object(App\Controllers\Home))
#3 /opt/lampp/htdocs/LabustaCI/system/CodeIgniter.php(336): CodeIgniter\CodeIgniter->handleRequest(NULL, Object(Config\Cache), false)
#4 /opt/lampp/htdocs/LabustaCI/public/index.php(37): CodeIgniter\CodeIgniter->run()
#5 /opt/lampp/htdocs/LabustaCI/system/Commands/Server/rewrite.php(45): require_once('/opt/lampp/htdo...')
#6 {main}
CRITICAL - 2021-08-17 14:32:57 --> Undefined property: App\Controllers\Home::$db
#0 /opt/lampp/htdocs/LabustaCI/app/Controllers/Home.php(35): CodeIgniter\Debug\Exceptions->errorHandler(8, 'Undefined prope...', '/opt/lampp/htdo...', 35, Array)
#1 /opt/lampp/htdocs/LabustaCI/system/CodeIgniter.php(928): App\Controllers\Home->store()
#2 /opt/lampp/htdocs/LabustaCI/system/CodeIgniter.php(436): CodeIgniter\CodeIgniter->runController(Object(App\Controllers\Home))
#3 /opt/lampp/htdocs/LabustaCI/system/CodeIgniter.php(336): CodeIgniter\CodeIgniter->handleRequest(NULL, Object(Config\Cache), false)
#4 /opt/lampp/htdocs/LabustaCI/public/index.php(37): CodeIgniter\CodeIgniter->run()
#5 /opt/lampp/htdocs/LabustaCI/system/Commands/Server/rewrite.php(45): require_once('/opt/lampp/htdo...')
#6 {main}
CRITICAL - 2021-08-17 14:33:57 --> Undefined variable: db
#0 /opt/lampp/htdocs/LabustaCI/app/Controllers/BaseController.php(57): CodeIgniter\Debug\Exceptions->errorHandler(8, 'Undefined varia...', '/opt/lampp/htdo...', 57, Array)
#1 /opt/lampp/htdocs/LabustaCI/system/CodeIgniter.php(901): App\Controllers\BaseController->initController(Object(CodeIgniter\HTTP\IncomingRequest), Object(CodeIgniter\HTTP\Response), Object(CodeIgniter\Log\Logger))
#2 /opt/lampp/htdocs/LabustaCI/system/CodeIgniter.php(426): CodeIgniter\CodeIgniter->createController()
#3 /opt/lampp/htdocs/LabustaCI/system/CodeIgniter.php(336): CodeIgniter\CodeIgniter->handleRequest(NULL, Object(Config\Cache), false)
#4 /opt/lampp/htdocs/LabustaCI/public/index.php(37): CodeIgniter\CodeIgniter->run()
#5 /opt/lampp/htdocs/LabustaCI/system/Commands/Server/rewrite.php(45): require_once('/opt/lampp/htdo...')
#6 {main}
CRITICAL - 2021-08-17 14:33:59 --> Undefined variable: db
#0 /opt/lampp/htdocs/LabustaCI/app/Controllers/BaseController.php(57): CodeIgniter\Debug\Exceptions->errorHandler(8, 'Undefined varia...', '/opt/lampp/htdo...', 57, Array)
#1 /opt/lampp/htdocs/LabustaCI/system/CodeIgniter.php(901): App\Controllers\BaseController->initController(Object(CodeIgniter\HTTP\IncomingRequest), Object(CodeIgniter\HTTP\Response), Object(CodeIgniter\Log\Logger))
#2 /opt/lampp/htdocs/LabustaCI/system/CodeIgniter.php(426): CodeIgniter\CodeIgniter->createController()
#3 /opt/lampp/htdocs/LabustaCI/system/CodeIgniter.php(336): CodeIgniter\CodeIgniter->handleRequest(NULL, Object(Config\Cache), false)
#4 /opt/lampp/htdocs/LabustaCI/public/index.php(37): CodeIgniter\CodeIgniter->run()
#5 /opt/lampp/htdocs/LabustaCI/system/Commands/Server/rewrite.php(45): require_once('/opt/lampp/htdo...')
#6 {main}
CRITICAL - 2021-08-17 14:34:02 --> Undefined variable: db
#0 /opt/lampp/htdocs/LabustaCI/app/Controllers/BaseController.php(57): CodeIgniter\Debug\Exceptions->errorHandler(8, 'Undefined varia...', '/opt/lampp/htdo...', 57, Array)
#1 /opt/lampp/htdocs/LabustaCI/system/CodeIgniter.php(901): App\Controllers\BaseController->initController(Object(CodeIgniter\HTTP\IncomingRequest), Object(CodeIgniter\HTTP\Response), Object(CodeIgniter\Log\Logger))
#2 /opt/lampp/htdocs/LabustaCI/system/CodeIgniter.php(426): CodeIgniter\CodeIgniter->createController()
#3 /opt/lampp/htdocs/LabustaCI/system/CodeIgniter.php(336): CodeIgniter\CodeIgniter->handleRequest(NULL, Object(Config\Cache), false)
#4 /opt/lampp/htdocs/LabustaCI/public/index.php(37): CodeIgniter\CodeIgniter->run()
#5 /opt/lampp/htdocs/LabustaCI/system/Commands/Server/rewrite.php(45): require_once('/opt/lampp/htdo...')
#6 {main}
CRITICAL - 2021-08-17 14:34:10 --> Undefined variable: db
#0 /opt/lampp/htdocs/LabustaCI/app/Controllers/BaseController.php(57): CodeIgniter\Debug\Exceptions->errorHandler(8, 'Undefined varia...', '/opt/lampp/htdo...', 57, Array)
#1 /opt/lampp/htdocs/LabustaCI/system/CodeIgniter.php(901): App\Controllers\BaseController->initController(Object(CodeIgniter\HTTP\IncomingRequest), Object(CodeIgniter\HTTP\Response), Object(CodeIgniter\Log\Logger))
#2 /opt/lampp/htdocs/LabustaCI/system/CodeIgniter.php(426): CodeIgniter\CodeIgniter->createController()
#3 /opt/lampp/htdocs/LabustaCI/system/CodeIgniter.php(336): CodeIgniter\CodeIgniter->handleRequest(NULL, Object(Config\Cache), false)
#4 /opt/lampp/htdocs/LabustaCI/public/index.php(37): CodeIgniter\CodeIgniter->run()
#5 /opt/lampp/htdocs/LabustaCI/system/Commands/Server/rewrite.php(45): require_once('/opt/lampp/htdo...')
#6 {main}
CRITICAL - 2021-08-17 14:34:36 --> Argument 1 passed to CodeIgniter\Database\BaseBuilder::insert() must be of the type array or null, string given, called in /opt/lampp/htdocs/LabustaCI/app/Controllers/Home.php on line 35
#0 /opt/lampp/htdocs/LabustaCI/app/Controllers/Home.php(35): CodeIgniter\Database\BaseBuilder->insert('data')
#1 /opt/lampp/htdocs/LabustaCI/system/CodeIgniter.php(928): App\Controllers\Home->store()
#2 /opt/lampp/htdocs/LabustaCI/system/CodeIgniter.php(436): CodeIgniter\CodeIgniter->runController(Object(App\Controllers\Home))
#3 /opt/lampp/htdocs/LabustaCI/system/CodeIgniter.php(336): CodeIgniter\CodeIgniter->handleRequest(NULL, Object(Config\Cache), false)
#4 /opt/lampp/htdocs/LabustaCI/public/index.php(37): CodeIgniter\CodeIgniter->run()
#5 /opt/lampp/htdocs/LabustaCI/system/Commands/Server/rewrite.php(45): require_once('/opt/lampp/htdo...')
#6 {main}
CRITICAL - 2021-08-17 14:35:57 --> Argument 1 passed to CodeIgniter\Database\BaseBuilder::insert() must be of the type array or null, string given, called in /opt/lampp/htdocs/LabustaCI/app/Controllers/Home.php on line 35
#0 /opt/lampp/htdocs/LabustaCI/app/Controllers/Home.php(35): CodeIgniter\Database\BaseBuilder->insert('data')
#1 /opt/lampp/htdocs/LabustaCI/system/CodeIgniter.php(928): App\Controllers\Home->store()
#2 /opt/lampp/htdocs/LabustaCI/system/CodeIgniter.php(436): CodeIgniter\CodeIgniter->runController(Object(App\Controllers\Home))
#3 /opt/lampp/htdocs/LabustaCI/system/CodeIgniter.php(336): CodeIgniter\CodeIgniter->handleRequest(NULL, Object(Config\Cache), false)
#4 /opt/lampp/htdocs/LabustaCI/public/index.php(37): CodeIgniter\CodeIgniter->run()
#5 /opt/lampp/htdocs/LabustaCI/system/Commands/Server/rewrite.php(45): require_once('/opt/lampp/htdo...')
#6 {main}
CRITICAL - 2021-08-17 14:44:36 --> Call to undefined method CodeIgniter\Session\Session::getFlasdata()
#0 /opt/lampp/htdocs/LabustaCI/system/View/View.php(230): include()
#1 /opt/lampp/htdocs/LabustaCI/system/View/View.php(232): CodeIgniter\View\View->CodeIgniter\View\{closure}()
#2 /opt/lampp/htdocs/LabustaCI/system/Common.php(1271): CodeIgniter\View\View->render('admin/kelola_si...', Array, true)
#3 /opt/lampp/htdocs/LabustaCI/app/Controllers/Home.php(24): view('admin/kelola_si...', Array)
#4 /opt/lampp/htdocs/LabustaCI/system/CodeIgniter.php(928): App\Controllers\Home->kelola_siswa()
#5 /opt/lampp/htdocs/LabustaCI/system/CodeIgniter.php(436): CodeIgniter\CodeIgniter->runController(Object(App\Controllers\Home))
#6 /opt/lampp/htdocs/LabustaCI/system/CodeIgniter.php(336): CodeIgniter\CodeIgniter->handleRequest(NULL, Object(Config\Cache), false)
#7 /opt/lampp/htdocs/LabustaCI/public/index.php(37): CodeIgniter\CodeIgniter->run()
#8 /opt/lampp/htdocs/LabustaCI/system/Commands/Server/rewrite.php(45): require_once('/opt/lampp/htdo...')
#9 {main}
