CRITICAL - 2021-09-02 11:55:21 --> Call to a member function getWhere() on null
#0 C:\Users\adi winarno\Documents\skripsi\LabustaDashCI\app\Controllers\ApiGuru.php(45): App\Models\GuruModel->detail_guru('1')
#1 C:\Users\adi winarno\Documents\skripsi\LabustaDashCI\system\CodeIgniter.php(928): App\Controllers\ApiGuru->getGuru()
#2 C:\Users\adi winarno\Documents\skripsi\LabustaDashCI\system\CodeIgniter.php(436): CodeIgniter\CodeIgniter->runController(Object(App\Controllers\ApiGuru))
#3 C:\Users\adi winarno\Documents\skripsi\LabustaDashCI\system\CodeIgniter.php(336): CodeIgniter\CodeIgniter->handleRequest(NULL, Object(Config\Cache), false)
#4 C:\Users\adi winarno\Documents\skripsi\LabustaDashCI\public\index.php(37): CodeIgniter\CodeIgniter->run()
#5 C:\Users\adi winarno\Documents\skripsi\LabustaDashCI\system\Commands\Server\rewrite.php(45): require_once('C:\\Users\\adi wi...')
#6 {main}
CRITICAL - 2021-09-02 11:56:41 --> Call to undefined method CodeIgniter\Database\MySQLi\Result::getWhere()
#0 C:\Users\adi winarno\Documents\skripsi\LabustaDashCI\app\Controllers\ApiGuru.php(45): App\Models\GuruModel->detail_guru('1')
#1 C:\Users\adi winarno\Documents\skripsi\LabustaDashCI\system\CodeIgniter.php(928): App\Controllers\ApiGuru->getGuru()
#2 C:\Users\adi winarno\Documents\skripsi\LabustaDashCI\system\CodeIgniter.php(436): CodeIgniter\CodeIgniter->runController(Object(App\Controllers\ApiGuru))
#3 C:\Users\adi winarno\Documents\skripsi\LabustaDashCI\system\CodeIgniter.php(336): CodeIgniter\CodeIgniter->handleRequest(NULL, Object(Config\Cache), false)
#4 C:\Users\adi winarno\Documents\skripsi\LabustaDashCI\public\index.php(37): CodeIgniter\CodeIgniter->run()
#5 C:\Users\adi winarno\Documents\skripsi\LabustaDashCI\system\Commands\Server\rewrite.php(45): require_once('C:\\Users\\adi wi...')
#6 {main}
ERROR - 2021-09-02 11:58:11 --> Column 'id_guru' in where clause is ambiguous
CRITICAL - 2021-09-02 11:58:11 --> Column 'id_guru' in where clause is ambiguous
#0 C:\Users\adi winarno\Documents\skripsi\LabustaDashCI\system\Database\MySQLi\Connection.php(329): mysqli->query('SELECT *\nFROM `...')
#1 C:\Users\adi winarno\Documents\skripsi\LabustaDashCI\system\Database\BaseConnection.php(732): CodeIgniter\Database\MySQLi\Connection->execute('SELECT *\nFROM `...')
#2 C:\Users\adi winarno\Documents\skripsi\LabustaDashCI\system\Database\BaseConnection.php(647): CodeIgniter\Database\BaseConnection->simpleQuery('SELECT *\nFROM `...')
#3 C:\Users\adi winarno\Documents\skripsi\LabustaDashCI\system\Database\BaseBuilder.php(2049): CodeIgniter\Database\BaseConnection->query('SELECT *\nFROM `...', Array, false)
#4 C:\Users\adi winarno\Documents\skripsi\LabustaDashCI\app\Models\GuruModel.php(20): CodeIgniter\Database\BaseBuilder->getWhere(Array)
#5 C:\Users\adi winarno\Documents\skripsi\LabustaDashCI\app\Controllers\ApiGuru.php(45): App\Models\GuruModel->detail_guru('1')
#6 C:\Users\adi winarno\Documents\skripsi\LabustaDashCI\system\CodeIgniter.php(928): App\Controllers\ApiGuru->getGuru()
#7 C:\Users\adi winarno\Documents\skripsi\LabustaDashCI\system\CodeIgniter.php(436): CodeIgniter\CodeIgniter->runController(Object(App\Controllers\ApiGuru))
#8 C:\Users\adi winarno\Documents\skripsi\LabustaDashCI\system\CodeIgniter.php(336): CodeIgniter\CodeIgniter->handleRequest(NULL, Object(Config\Cache), false)
#9 C:\Users\adi winarno\Documents\skripsi\LabustaDashCI\public\index.php(37): CodeIgniter\CodeIgniter->run()
#10 C:\Users\adi winarno\Documents\skripsi\LabustaDashCI\system\Commands\Server\rewrite.php(45): require_once('C:\\Users\\adi wi...')
#11 {main}
ERROR - 2021-09-02 12:00:30 --> Column 'id_guru' in where clause is ambiguous
CRITICAL - 2021-09-02 12:00:30 --> Column 'id_guru' in where clause is ambiguous
#0 C:\Users\adi winarno\Documents\skripsi\LabustaDashCI\system\Database\MySQLi\Connection.php(329): mysqli->query('SELECT *\nFROM `...')
#1 C:\Users\adi winarno\Documents\skripsi\LabustaDashCI\system\Database\BaseConnection.php(732): CodeIgniter\Database\MySQLi\Connection->execute('SELECT *\nFROM `...')
#2 C:\Users\adi winarno\Documents\skripsi\LabustaDashCI\system\Database\BaseConnection.php(647): CodeIgniter\Database\BaseConnection->simpleQuery('SELECT *\nFROM `...')
#3 C:\Users\adi winarno\Documents\skripsi\LabustaDashCI\system\Database\BaseBuilder.php(2049): CodeIgniter\Database\BaseConnection->query('SELECT *\nFROM `...', Array, false)
#4 C:\Users\adi winarno\Documents\skripsi\LabustaDashCI\app\Models\GuruModel.php(20): CodeIgniter\Database\BaseBuilder->getWhere(Array)
#5 C:\Users\adi winarno\Documents\skripsi\LabustaDashCI\app\Controllers\ApiGuru.php(45): App\Models\GuruModel->detail_guru('1')
#6 C:\Users\adi winarno\Documents\skripsi\LabustaDashCI\system\CodeIgniter.php(928): App\Controllers\ApiGuru->getGuru()
#7 C:\Users\adi winarno\Documents\skripsi\LabustaDashCI\system\CodeIgniter.php(436): CodeIgniter\CodeIgniter->runController(Object(App\Controllers\ApiGuru))
#8 C:\Users\adi winarno\Documents\skripsi\LabustaDashCI\system\CodeIgniter.php(336): CodeIgniter\CodeIgniter->handleRequest(NULL, Object(Config\Cache), false)
#9 C:\Users\adi winarno\Documents\skripsi\LabustaDashCI\public\index.php(37): CodeIgniter\CodeIgniter->run()
#10 C:\Users\adi winarno\Documents\skripsi\LabustaDashCI\system\Commands\Server\rewrite.php(45): require_once('C:\\Users\\adi wi...')
#11 {main}
