CRITICAL - 2021-09-10 01:53:37 --> Call to a member function firstItem() on array
#0 C:\Users\adi winarno\Documents\skripsi\LabustaDashCI\system\View\View.php(230): include()
#1 C:\Users\adi winarno\Documents\skripsi\LabustaDashCI\system\View\View.php(232): CodeIgniter\View\View->CodeIgniter\View\{closure}()
#2 C:\Users\adi winarno\Documents\skripsi\LabustaDashCI\system\Common.php(1271): CodeIgniter\View\View->render('siswa/index', Array, true)
#3 C:\Users\adi winarno\Documents\skripsi\LabustaDashCI\app\Controllers\Siswa.php(47): view('siswa/index', Array)
#4 C:\Users\adi winarno\Documents\skripsi\LabustaDashCI\system\CodeIgniter.php(928): App\Controllers\Siswa->index()
#5 C:\Users\adi winarno\Documents\skripsi\LabustaDashCI\system\CodeIgniter.php(436): CodeIgniter\CodeIgniter->runController(Object(App\Controllers\Siswa))
#6 C:\Users\adi winarno\Documents\skripsi\LabustaDashCI\system\CodeIgniter.php(336): CodeIgniter\CodeIgniter->handleRequest(NULL, Object(Config\Cache), false)
#7 C:\Users\adi winarno\Documents\skripsi\LabustaDashCI\public\index.php(37): CodeIgniter\CodeIgniter->run()
#8 C:\Users\adi winarno\Documents\skripsi\LabustaDashCI\system\Commands\Server\rewrite.php(45): require_once('C:\\Users\\adi wi...')
#9 {main}
CRITICAL - 2021-09-10 01:55:39 --> Call to a member function getPageCount() on array
#0 C:\Users\adi winarno\Documents\skripsi\LabustaDashCI\system\View\View.php(230): include()
#1 C:\Users\adi winarno\Documents\skripsi\LabustaDashCI\system\View\View.php(232): CodeIgniter\View\View->CodeIgniter\View\{closure}()
#2 C:\Users\adi winarno\Documents\skripsi\LabustaDashCI\system\Common.php(1271): CodeIgniter\View\View->render('siswa/index', Array, true)
#3 C:\Users\adi winarno\Documents\skripsi\LabustaDashCI\app\Controllers\Siswa.php(47): view('siswa/index', Array)
#4 C:\Users\adi winarno\Documents\skripsi\LabustaDashCI\system\CodeIgniter.php(928): App\Controllers\Siswa->index()
#5 C:\Users\adi winarno\Documents\skripsi\LabustaDashCI\system\CodeIgniter.php(436): CodeIgniter\CodeIgniter->runController(Object(App\Controllers\Siswa))
#6 C:\Users\adi winarno\Documents\skripsi\LabustaDashCI\system\CodeIgniter.php(336): CodeIgniter\CodeIgniter->handleRequest(NULL, Object(Config\Cache), false)
#7 C:\Users\adi winarno\Documents\skripsi\LabustaDashCI\public\index.php(37): CodeIgniter\CodeIgniter->run()
#8 C:\Users\adi winarno\Documents\skripsi\LabustaDashCI\system\Commands\Server\rewrite.php(45): require_once('C:\\Users\\adi wi...')
#9 {main}
CRITICAL - 2021-09-10 01:56:59 --> Call to a member function firstItem() on array
#0 C:\Users\adi winarno\Documents\skripsi\LabustaDashCI\system\View\View.php(230): include()
#1 C:\Users\adi winarno\Documents\skripsi\LabustaDashCI\system\View\View.php(232): CodeIgniter\View\View->CodeIgniter\View\{closure}()
#2 C:\Users\adi winarno\Documents\skripsi\LabustaDashCI\system\Common.php(1271): CodeIgniter\View\View->render('siswa/index', Array, true)
#3 C:\Users\adi winarno\Documents\skripsi\LabustaDashCI\app\Controllers\Siswa.php(47): view('siswa/index', Array)
#4 C:\Users\adi winarno\Documents\skripsi\LabustaDashCI\system\CodeIgniter.php(928): App\Controllers\Siswa->index()
#5 C:\Users\adi winarno\Documents\skripsi\LabustaDashCI\system\CodeIgniter.php(436): CodeIgniter\CodeIgniter->runController(Object(App\Controllers\Siswa))
#6 C:\Users\adi winarno\Documents\skripsi\LabustaDashCI\system\CodeIgniter.php(336): CodeIgniter\CodeIgniter->handleRequest(NULL, Object(Config\Cache), false)
#7 C:\Users\adi winarno\Documents\skripsi\LabustaDashCI\public\index.php(37): CodeIgniter\CodeIgniter->run()
#8 C:\Users\adi winarno\Documents\skripsi\LabustaDashCI\system\Commands\Server\rewrite.php(45): require_once('C:\\Users\\adi wi...')
#9 {main}
CRITICAL - 2021-09-10 02:05:48 --> Call to a member function firstItem() on array
#0 C:\Users\adi winarno\Documents\skripsi\LabustaDashCI\system\View\View.php(230): include()
#1 C:\Users\adi winarno\Documents\skripsi\LabustaDashCI\system\View\View.php(232): CodeIgniter\View\View->CodeIgniter\View\{closure}()
#2 C:\Users\adi winarno\Documents\skripsi\LabustaDashCI\system\Common.php(1271): CodeIgniter\View\View->render('siswa/index', Array, true)
#3 C:\Users\adi winarno\Documents\skripsi\LabustaDashCI\app\Controllers\Siswa.php(47): view('siswa/index', Array)
#4 C:\Users\adi winarno\Documents\skripsi\LabustaDashCI\system\CodeIgniter.php(928): App\Controllers\Siswa->index()
#5 C:\Users\adi winarno\Documents\skripsi\LabustaDashCI\system\CodeIgniter.php(436): CodeIgniter\CodeIgniter->runController(Object(App\Controllers\Siswa))
#6 C:\Users\adi winarno\Documents\skripsi\LabustaDashCI\system\CodeIgniter.php(336): CodeIgniter\CodeIgniter->handleRequest(NULL, Object(Config\Cache), false)
#7 C:\Users\adi winarno\Documents\skripsi\LabustaDashCI\public\index.php(37): CodeIgniter\CodeIgniter->run()
#8 C:\Users\adi winarno\Documents\skripsi\LabustaDashCI\system\Commands\Server\rewrite.php(45): require_once('C:\\Users\\adi wi...')
#9 {main}
CRITICAL - 2021-09-10 02:45:52 --> Call to a member function first() on array
#0 C:\Users\adi winarno\Documents\skripsi\LabustaDashCI\system\View\View.php(230): include()
#1 C:\Users\adi winarno\Documents\skripsi\LabustaDashCI\system\View\View.php(232): CodeIgniter\View\View->CodeIgniter\View\{closure}()
#2 C:\Users\adi winarno\Documents\skripsi\LabustaDashCI\system\Common.php(1271): CodeIgniter\View\View->render('siswa/index', Array, true)
#3 C:\Users\adi winarno\Documents\skripsi\LabustaDashCI\app\Controllers\Siswa.php(47): view('siswa/index', Array)
#4 C:\Users\adi winarno\Documents\skripsi\LabustaDashCI\system\CodeIgniter.php(928): App\Controllers\Siswa->index()
#5 C:\Users\adi winarno\Documents\skripsi\LabustaDashCI\system\CodeIgniter.php(436): CodeIgniter\CodeIgniter->runController(Object(App\Controllers\Siswa))
#6 C:\Users\adi winarno\Documents\skripsi\LabustaDashCI\system\CodeIgniter.php(336): CodeIgniter\CodeIgniter->handleRequest(NULL, Object(Config\Cache), false)
#7 C:\Users\adi winarno\Documents\skripsi\LabustaDashCI\public\index.php(37): CodeIgniter\CodeIgniter->run()
#8 C:\Users\adi winarno\Documents\skripsi\LabustaDashCI\system\Commands\Server\rewrite.php(45): require_once('C:\\Users\\adi wi...')
#9 {main}
CRITICAL - 2021-09-10 02:46:42 --> Array to string conversion
#0 C:\Users\adi winarno\Documents\skripsi\LabustaDashCI\app\Views\siswa\index.php(154): CodeIgniter\Debug\Exceptions->errorHandler(8, 'Array to string...', 'C:\\Users\\adi wi...', 154, Array)
#1 C:\Users\adi winarno\Documents\skripsi\LabustaDashCI\system\View\View.php(230): include('C:\\Users\\adi wi...')
#2 C:\Users\adi winarno\Documents\skripsi\LabustaDashCI\system\View\View.php(232): CodeIgniter\View\View->CodeIgniter\View\{closure}()
#3 C:\Users\adi winarno\Documents\skripsi\LabustaDashCI\system\Common.php(1271): CodeIgniter\View\View->render('siswa/index', Array, true)
#4 C:\Users\adi winarno\Documents\skripsi\LabustaDashCI\app\Controllers\Siswa.php(47): view('siswa/index', Array)
#5 C:\Users\adi winarno\Documents\skripsi\LabustaDashCI\system\CodeIgniter.php(928): App\Controllers\Siswa->index()
#6 C:\Users\adi winarno\Documents\skripsi\LabustaDashCI\system\CodeIgniter.php(436): CodeIgniter\CodeIgniter->runController(Object(App\Controllers\Siswa))
#7 C:\Users\adi winarno\Documents\skripsi\LabustaDashCI\system\CodeIgniter.php(336): CodeIgniter\CodeIgniter->handleRequest(NULL, Object(Config\Cache), false)
#8 C:\Users\adi winarno\Documents\skripsi\LabustaDashCI\public\index.php(37): CodeIgniter\CodeIgniter->run()
#9 C:\Users\adi winarno\Documents\skripsi\LabustaDashCI\system\Commands\Server\rewrite.php(45): require_once('C:\\Users\\adi wi...')
#10 {main}
CRITICAL - 2021-09-10 02:46:56 --> Call to a member function getFirst() on array
#0 C:\Users\adi winarno\Documents\skripsi\LabustaDashCI\system\View\View.php(230): include()
#1 C:\Users\adi winarno\Documents\skripsi\LabustaDashCI\system\View\View.php(232): CodeIgniter\View\View->CodeIgniter\View\{closure}()
#2 C:\Users\adi winarno\Documents\skripsi\LabustaDashCI\system\Common.php(1271): CodeIgniter\View\View->render('siswa/index', Array, true)
#3 C:\Users\adi winarno\Documents\skripsi\LabustaDashCI\app\Controllers\Siswa.php(47): view('siswa/index', Array)
#4 C:\Users\adi winarno\Documents\skripsi\LabustaDashCI\system\CodeIgniter.php(928): App\Controllers\Siswa->index()
#5 C:\Users\adi winarno\Documents\skripsi\LabustaDashCI\system\CodeIgniter.php(436): CodeIgniter\CodeIgniter->runController(Object(App\Controllers\Siswa))
#6 C:\Users\adi winarno\Documents\skripsi\LabustaDashCI\system\CodeIgniter.php(336): CodeIgniter\CodeIgniter->handleRequest(NULL, Object(Config\Cache), false)
#7 C:\Users\adi winarno\Documents\skripsi\LabustaDashCI\public\index.php(37): CodeIgniter\CodeIgniter->run()
#8 C:\Users\adi winarno\Documents\skripsi\LabustaDashCI\system\Commands\Server\rewrite.php(45): require_once('C:\\Users\\adi wi...')
#9 {main}
CRITICAL - 2021-09-10 02:47:05 --> Call to a member function firstItem() on array
#0 C:\Users\adi winarno\Documents\skripsi\LabustaDashCI\system\View\View.php(230): include()
#1 C:\Users\adi winarno\Documents\skripsi\LabustaDashCI\system\View\View.php(232): CodeIgniter\View\View->CodeIgniter\View\{closure}()
#2 C:\Users\adi winarno\Documents\skripsi\LabustaDashCI\system\Common.php(1271): CodeIgniter\View\View->render('siswa/index', Array, true)
#3 C:\Users\adi winarno\Documents\skripsi\LabustaDashCI\app\Controllers\Siswa.php(47): view('siswa/index', Array)
#4 C:\Users\adi winarno\Documents\skripsi\LabustaDashCI\system\CodeIgniter.php(928): App\Controllers\Siswa->index()
#5 C:\Users\adi winarno\Documents\skripsi\LabustaDashCI\system\CodeIgniter.php(436): CodeIgniter\CodeIgniter->runController(Object(App\Controllers\Siswa))
#6 C:\Users\adi winarno\Documents\skripsi\LabustaDashCI\system\CodeIgniter.php(336): CodeIgniter\CodeIgniter->handleRequest(NULL, Object(Config\Cache), false)
#7 C:\Users\adi winarno\Documents\skripsi\LabustaDashCI\public\index.php(37): CodeIgniter\CodeIgniter->run()
#8 C:\Users\adi winarno\Documents\skripsi\LabustaDashCI\system\Commands\Server\rewrite.php(45): require_once('C:\\Users\\adi wi...')
#9 {main}
CRITICAL - 2021-09-10 04:48:10 --> Undefined variable: model
#0 C:\Users\adi winarno\Documents\skripsi\LabustaDashCI\app\Controllers\Guru.php(25): CodeIgniter\Debug\Exceptions->errorHandler(8, 'Undefined varia...', 'C:\\Users\\adi wi...', 25, Array)
#1 C:\Users\adi winarno\Documents\skripsi\LabustaDashCI\system\CodeIgniter.php(928): App\Controllers\Guru->index()
#2 C:\Users\adi winarno\Documents\skripsi\LabustaDashCI\system\CodeIgniter.php(436): CodeIgniter\CodeIgniter->runController(Object(App\Controllers\Guru))
#3 C:\Users\adi winarno\Documents\skripsi\LabustaDashCI\system\CodeIgniter.php(336): CodeIgniter\CodeIgniter->handleRequest(NULL, Object(Config\Cache), false)
#4 C:\Users\adi winarno\Documents\skripsi\LabustaDashCI\public\index.php(37): CodeIgniter\CodeIgniter->run()
#5 C:\Users\adi winarno\Documents\skripsi\LabustaDashCI\system\Commands\Server\rewrite.php(45): require_once('C:\\Users\\adi wi...')
#6 {main}
CRITICAL - 2021-09-10 06:35:01 --> Call to undefined method CodeIgniter\Database\MySQLi\Builder::paginate()
#0 C:\Users\adi winarno\Documents\skripsi\LabustaDashCI\system\CodeIgniter.php(928): App\Controllers\Materi->index()
#1 C:\Users\adi winarno\Documents\skripsi\LabustaDashCI\system\CodeIgniter.php(436): CodeIgniter\CodeIgniter->runController(Object(App\Controllers\Materi))
#2 C:\Users\adi winarno\Documents\skripsi\LabustaDashCI\system\CodeIgniter.php(336): CodeIgniter\CodeIgniter->handleRequest(NULL, Object(Config\Cache), false)
#3 C:\Users\adi winarno\Documents\skripsi\LabustaDashCI\public\index.php(37): CodeIgniter\CodeIgniter->run()
#4 C:\Users\adi winarno\Documents\skripsi\LabustaDashCI\system\Commands\Server\rewrite.php(45): require_once('C:\\Users\\adi wi...')
#5 {main}
CRITICAL - 2021-09-10 06:36:14 --> Undefined variable: i
#0 C:\Users\adi winarno\Documents\skripsi\LabustaDashCI\app\Views\materi\index.php(154): CodeIgniter\Debug\Exceptions->errorHandler(8, 'Undefined varia...', 'C:\\Users\\adi wi...', 154, Array)
#1 C:\Users\adi winarno\Documents\skripsi\LabustaDashCI\system\View\View.php(230): include('C:\\Users\\adi wi...')
#2 C:\Users\adi winarno\Documents\skripsi\LabustaDashCI\system\View\View.php(232): CodeIgniter\View\View->CodeIgniter\View\{closure}()
#3 C:\Users\adi winarno\Documents\skripsi\LabustaDashCI\system\Common.php(1271): CodeIgniter\View\View->render('materi/index', Array, true)
#4 C:\Users\adi winarno\Documents\skripsi\LabustaDashCI\app\Controllers\Materi.php(36): view('materi/index', Array)
#5 C:\Users\adi winarno\Documents\skripsi\LabustaDashCI\system\CodeIgniter.php(928): App\Controllers\Materi->index()
#6 C:\Users\adi winarno\Documents\skripsi\LabustaDashCI\system\CodeIgniter.php(436): CodeIgniter\CodeIgniter->runController(Object(App\Controllers\Materi))
#7 C:\Users\adi winarno\Documents\skripsi\LabustaDashCI\system\CodeIgniter.php(336): CodeIgniter\CodeIgniter->handleRequest(NULL, Object(Config\Cache), false)
#8 C:\Users\adi winarno\Documents\skripsi\LabustaDashCI\public\index.php(37): CodeIgniter\CodeIgniter->run()
#9 C:\Users\adi winarno\Documents\skripsi\LabustaDashCI\system\Commands\Server\rewrite.php(45): require_once('C:\\Users\\adi wi...')
#10 {main}
CRITICAL - 2021-09-10 06:36:57 --> Call to undefined method App\Models\MateriModel::search
#0 C:\Users\adi winarno\Documents\skripsi\LabustaDashCI\app\Controllers\Materi.php(27): CodeIgniter\Model->__call('search', Array)
#1 C:\Users\adi winarno\Documents\skripsi\LabustaDashCI\system\CodeIgniter.php(928): App\Controllers\Materi->index()
#2 C:\Users\adi winarno\Documents\skripsi\LabustaDashCI\system\CodeIgniter.php(436): CodeIgniter\CodeIgniter->runController(Object(App\Controllers\Materi))
#3 C:\Users\adi winarno\Documents\skripsi\LabustaDashCI\system\CodeIgniter.php(336): CodeIgniter\CodeIgniter->handleRequest(NULL, Object(Config\Cache), false)
#4 C:\Users\adi winarno\Documents\skripsi\LabustaDashCI\public\index.php(37): CodeIgniter\CodeIgniter->run()
#5 C:\Users\adi winarno\Documents\skripsi\LabustaDashCI\system\Commands\Server\rewrite.php(45): require_once('C:\\Users\\adi wi...')
#6 {main}
ERROR - 2021-09-10 06:37:25 --> Unknown column 'Nama' in 'where clause'
CRITICAL - 2021-09-10 06:37:25 --> Unknown column 'Nama' in 'where clause'
#0 C:\Users\adi winarno\Documents\skripsi\LabustaDashCI\system\Database\MySQLi\Connection.php(329): mysqli->query('SELECT COUNT(*)...')
#1 C:\Users\adi winarno\Documents\skripsi\LabustaDashCI\system\Database\BaseConnection.php(732): CodeIgniter\Database\MySQLi\Connection->execute('SELECT COUNT(*)...')
#2 C:\Users\adi winarno\Documents\skripsi\LabustaDashCI\system\Database\BaseConnection.php(647): CodeIgniter\Database\BaseConnection->simpleQuery('SELECT COUNT(*)...')
#3 C:\Users\adi winarno\Documents\skripsi\LabustaDashCI\system\Database\BaseBuilder.php(1981): CodeIgniter\Database\BaseConnection->query('SELECT COUNT(*)...', Array, false)
#4 C:\Users\adi winarno\Documents\skripsi\LabustaDashCI\system\Model.php(561): CodeIgniter\Database\BaseBuilder->countAllResults(false)
#5 C:\Users\adi winarno\Documents\skripsi\LabustaDashCI\system\BaseModel.php(1147): CodeIgniter\Model->countAllResults(false)
#6 C:\Users\adi winarno\Documents\skripsi\LabustaDashCI\app\Controllers\Materi.php(32): CodeIgniter\BaseModel->paginate(5)
#7 C:\Users\adi winarno\Documents\skripsi\LabustaDashCI\system\CodeIgniter.php(928): App\Controllers\Materi->index()
#8 C:\Users\adi winarno\Documents\skripsi\LabustaDashCI\system\CodeIgniter.php(436): CodeIgniter\CodeIgniter->runController(Object(App\Controllers\Materi))
#9 C:\Users\adi winarno\Documents\skripsi\LabustaDashCI\system\CodeIgniter.php(336): CodeIgniter\CodeIgniter->handleRequest(NULL, Object(Config\Cache), false)
#10 C:\Users\adi winarno\Documents\skripsi\LabustaDashCI\public\index.php(37): CodeIgniter\CodeIgniter->run()
#11 C:\Users\adi winarno\Documents\skripsi\LabustaDashCI\system\Commands\Server\rewrite.php(45): require_once('C:\\Users\\adi wi...')
#12 {main}
ERROR - 2021-09-10 06:40:35 --> Unknown column 'Nama' in 'where clause'
CRITICAL - 2021-09-10 06:40:35 --> Unknown column 'Nama' in 'where clause'
#0 C:\Users\adi winarno\Documents\skripsi\LabustaDashCI\system\Database\MySQLi\Connection.php(329): mysqli->query('SELECT COUNT(*)...')
#1 C:\Users\adi winarno\Documents\skripsi\LabustaDashCI\system\Database\BaseConnection.php(732): CodeIgniter\Database\MySQLi\Connection->execute('SELECT COUNT(*)...')
#2 C:\Users\adi winarno\Documents\skripsi\LabustaDashCI\system\Database\BaseConnection.php(647): CodeIgniter\Database\BaseConnection->simpleQuery('SELECT COUNT(*)...')
#3 C:\Users\adi winarno\Documents\skripsi\LabustaDashCI\system\Database\BaseBuilder.php(1981): CodeIgniter\Database\BaseConnection->query('SELECT COUNT(*)...', Array, false)
#4 C:\Users\adi winarno\Documents\skripsi\LabustaDashCI\system\Model.php(561): CodeIgniter\Database\BaseBuilder->countAllResults(false)
#5 C:\Users\adi winarno\Documents\skripsi\LabustaDashCI\system\BaseModel.php(1147): CodeIgniter\Model->countAllResults(false)
#6 C:\Users\adi winarno\Documents\skripsi\LabustaDashCI\app\Controllers\Materi.php(32): CodeIgniter\BaseModel->paginate(5)
#7 C:\Users\adi winarno\Documents\skripsi\LabustaDashCI\system\CodeIgniter.php(928): App\Controllers\Materi->index()
#8 C:\Users\adi winarno\Documents\skripsi\LabustaDashCI\system\CodeIgniter.php(436): CodeIgniter\CodeIgniter->runController(Object(App\Controllers\Materi))
#9 C:\Users\adi winarno\Documents\skripsi\LabustaDashCI\system\CodeIgniter.php(336): CodeIgniter\CodeIgniter->handleRequest(NULL, Object(Config\Cache), false)
#10 C:\Users\adi winarno\Documents\skripsi\LabustaDashCI\public\index.php(37): CodeIgniter\CodeIgniter->run()
#11 C:\Users\adi winarno\Documents\skripsi\LabustaDashCI\system\Commands\Server\rewrite.php(45): require_once('C:\\Users\\adi wi...')
#12 {main}
CRITICAL - 2021-09-10 14:43:06 --> Call to undefined method App\Models\ProfileModel::siswaNisn
#0 C:\Users\adi winarno\Documents\skripsi\LabustaDashCI\app\Controllers\ApiProfil.php(37): CodeIgniter\Model->__call('siswaNisn', Array)
#1 C:\Users\adi winarno\Documents\skripsi\LabustaDashCI\system\CodeIgniter.php(928): App\Controllers\ApiProfil->getsiswa()
#2 C:\Users\adi winarno\Documents\skripsi\LabustaDashCI\system\CodeIgniter.php(436): CodeIgniter\CodeIgniter->runController(Object(App\Controllers\ApiProfil))
#3 C:\Users\adi winarno\Documents\skripsi\LabustaDashCI\system\CodeIgniter.php(336): CodeIgniter\CodeIgniter->handleRequest(NULL, Object(Config\Cache), false)
#4 C:\Users\adi winarno\Documents\skripsi\LabustaDashCI\public\index.php(37): CodeIgniter\CodeIgniter->run()
#5 C:\Users\adi winarno\Documents\skripsi\LabustaDashCI\system\Commands\Server\rewrite.php(45): require_once('C:\\Users\\adi wi...')
#6 {main}
ERROR - 2021-09-10 14:44:30 --> Unknown column 'students.Id_Kelas' in 'on clause'
CRITICAL - 2021-09-10 14:44:30 --> Unknown column 'students.Id_Kelas' in 'on clause'
#0 C:\Users\adi winarno\Documents\skripsi\LabustaDashCI\system\Database\MySQLi\Connection.php(329): mysqli->query('SELECT `Nomor_I...')
#1 C:\Users\adi winarno\Documents\skripsi\LabustaDashCI\system\Database\BaseConnection.php(732): CodeIgniter\Database\MySQLi\Connection->execute('SELECT `Nomor_I...')
#2 C:\Users\adi winarno\Documents\skripsi\LabustaDashCI\system\Database\BaseConnection.php(647): CodeIgniter\Database\BaseConnection->simpleQuery('SELECT `Nomor_I...')
#3 C:\Users\adi winarno\Documents\skripsi\LabustaDashCI\system\Database\BaseBuilder.php(2049): CodeIgniter\Database\BaseConnection->query('SELECT `Nomor_I...', Array, false)
#4 C:\Users\adi winarno\Documents\skripsi\LabustaDashCI\app\Models\ProfileModel.php(29): CodeIgniter\Database\BaseBuilder->getWhere(Array)
#5 C:\Users\adi winarno\Documents\skripsi\LabustaDashCI\app\Controllers\ApiProfil.php(37): App\Models\ProfileModel->detail_siswa('1755201195')
#6 C:\Users\adi winarno\Documents\skripsi\LabustaDashCI\system\CodeIgniter.php(928): App\Controllers\ApiProfil->getsiswa()
#7 C:\Users\adi winarno\Documents\skripsi\LabustaDashCI\system\CodeIgniter.php(436): CodeIgniter\CodeIgniter->runController(Object(App\Controllers\ApiProfil))
#8 C:\Users\adi winarno\Documents\skripsi\LabustaDashCI\system\CodeIgniter.php(336): CodeIgniter\CodeIgniter->handleRequest(NULL, Object(Config\Cache), false)
#9 C:\Users\adi winarno\Documents\skripsi\LabustaDashCI\public\index.php(37): CodeIgniter\CodeIgniter->run()
#10 C:\Users\adi winarno\Documents\skripsi\LabustaDashCI\system\Commands\Server\rewrite.php(45): require_once('C:\\Users\\adi wi...')
#11 {main}
ERROR - 2021-09-10 14:44:59 --> Unknown column 'students.jurusan.id' in 'on clause'
CRITICAL - 2021-09-10 14:44:59 --> Unknown column 'students.jurusan.id' in 'on clause'
#0 C:\Users\adi winarno\Documents\skripsi\LabustaDashCI\system\Database\MySQLi\Connection.php(329): mysqli->query('SELECT `Nomor_I...')
#1 C:\Users\adi winarno\Documents\skripsi\LabustaDashCI\system\Database\BaseConnection.php(732): CodeIgniter\Database\MySQLi\Connection->execute('SELECT `Nomor_I...')
#2 C:\Users\adi winarno\Documents\skripsi\LabustaDashCI\system\Database\BaseConnection.php(647): CodeIgniter\Database\BaseConnection->simpleQuery('SELECT `Nomor_I...')
#3 C:\Users\adi winarno\Documents\skripsi\LabustaDashCI\system\Database\BaseBuilder.php(2049): CodeIgniter\Database\BaseConnection->query('SELECT `Nomor_I...', Array, false)
#4 C:\Users\adi winarno\Documents\skripsi\LabustaDashCI\app\Models\ProfileModel.php(29): CodeIgniter\Database\BaseBuilder->getWhere(Array)
#5 C:\Users\adi winarno\Documents\skripsi\LabustaDashCI\app\Controllers\ApiProfil.php(37): App\Models\ProfileModel->detail_siswa('1755201195')
#6 C:\Users\adi winarno\Documents\skripsi\LabustaDashCI\system\CodeIgniter.php(928): App\Controllers\ApiProfil->getsiswa()
#7 C:\Users\adi winarno\Documents\skripsi\LabustaDashCI\system\CodeIgniter.php(436): CodeIgniter\CodeIgniter->runController(Object(App\Controllers\ApiProfil))
#8 C:\Users\adi winarno\Documents\skripsi\LabustaDashCI\system\CodeIgniter.php(336): CodeIgniter\CodeIgniter->handleRequest(NULL, Object(Config\Cache), false)
#9 C:\Users\adi winarno\Documents\skripsi\LabustaDashCI\public\index.php(37): CodeIgniter\CodeIgniter->run()
#10 C:\Users\adi winarno\Documents\skripsi\LabustaDashCI\system\Commands\Server\rewrite.php(45): require_once('C:\\Users\\adi wi...')
#11 {main}
CRITICAL - 2021-09-10 14:45:09 --> Argument 1 passed to view() must be of the type string, array given, called in C:\Users\adi winarno\Documents\skripsi\LabustaDashCI\app\Models\ProfileModel.php on line 32
#0 C:\Users\adi winarno\Documents\skripsi\LabustaDashCI\app\Models\ProfileModel.php(32): view(Array)
#1 C:\Users\adi winarno\Documents\skripsi\LabustaDashCI\app\Controllers\ApiProfil.php(37): App\Models\ProfileModel->detail_siswa('1755201195')
#2 C:\Users\adi winarno\Documents\skripsi\LabustaDashCI\system\CodeIgniter.php(928): App\Controllers\ApiProfil->getsiswa()
#3 C:\Users\adi winarno\Documents\skripsi\LabustaDashCI\system\CodeIgniter.php(436): CodeIgniter\CodeIgniter->runController(Object(App\Controllers\ApiProfil))
#4 C:\Users\adi winarno\Documents\skripsi\LabustaDashCI\system\CodeIgniter.php(336): CodeIgniter\CodeIgniter->handleRequest(NULL, Object(Config\Cache), false)
#5 C:\Users\adi winarno\Documents\skripsi\LabustaDashCI\public\index.php(37): CodeIgniter\CodeIgniter->run()
#6 C:\Users\adi winarno\Documents\skripsi\LabustaDashCI\system\Commands\Server\rewrite.php(45): require_once('C:\\Users\\adi wi...')
#7 {main}
CRITICAL - 2021-09-10 14:46:14 --> Call to undefined method App\Controllers\ApiProfil::respondCreated()
#0 C:\Users\adi winarno\Documents\skripsi\LabustaDashCI\system\CodeIgniter.php(928): App\Controllers\ApiProfil->getsiswa()
#1 C:\Users\adi winarno\Documents\skripsi\LabustaDashCI\system\CodeIgniter.php(436): CodeIgniter\CodeIgniter->runController(Object(App\Controllers\ApiProfil))
#2 C:\Users\adi winarno\Documents\skripsi\LabustaDashCI\system\CodeIgniter.php(336): CodeIgniter\CodeIgniter->handleRequest(NULL, Object(Config\Cache), false)
#3 C:\Users\adi winarno\Documents\skripsi\LabustaDashCI\public\index.php(37): CodeIgniter\CodeIgniter->run()
#4 C:\Users\adi winarno\Documents\skripsi\LabustaDashCI\system\Commands\Server\rewrite.php(45): require_once('C:\\Users\\adi wi...')
#5 {main}
CRITICAL - 2021-09-10 14:46:38 --> Call to undefined method App\Controllers\ApiProfil::respond()
#0 C:\Users\adi winarno\Documents\skripsi\LabustaDashCI\system\CodeIgniter.php(928): App\Controllers\ApiProfil->getsiswa()
#1 C:\Users\adi winarno\Documents\skripsi\LabustaDashCI\system\CodeIgniter.php(436): CodeIgniter\CodeIgniter->runController(Object(App\Controllers\ApiProfil))
#2 C:\Users\adi winarno\Documents\skripsi\LabustaDashCI\system\CodeIgniter.php(336): CodeIgniter\CodeIgniter->handleRequest(NULL, Object(Config\Cache), false)
#3 C:\Users\adi winarno\Documents\skripsi\LabustaDashCI\public\index.php(37): CodeIgniter\CodeIgniter->run()
#4 C:\Users\adi winarno\Documents\skripsi\LabustaDashCI\system\Commands\Server\rewrite.php(45): require_once('C:\\Users\\adi wi...')
#5 {main}
CRITICAL - 2021-09-10 14:50:33 --> Call to undefined method App\Controllers\ApiProfil::respond()
#0 C:\Users\adi winarno\Documents\skripsi\LabustaDashCI\system\CodeIgniter.php(928): App\Controllers\ApiProfil->getsiswa()
#1 C:\Users\adi winarno\Documents\skripsi\LabustaDashCI\system\CodeIgniter.php(436): CodeIgniter\CodeIgniter->runController(Object(App\Controllers\ApiProfil))
#2 C:\Users\adi winarno\Documents\skripsi\LabustaDashCI\system\CodeIgniter.php(336): CodeIgniter\CodeIgniter->handleRequest(NULL, Object(Config\Cache), false)
#3 C:\Users\adi winarno\Documents\skripsi\LabustaDashCI\public\index.php(37): CodeIgniter\CodeIgniter->run()
#4 C:\Users\adi winarno\Documents\skripsi\LabustaDashCI\system\Commands\Server\rewrite.php(45): require_once('C:\\Users\\adi wi...')
#5 {main}
CRITICAL - 2021-09-10 14:52:04 --> Too few arguments to function App\Controllers\ApiProfil::getsiswa(), 0 passed in C:\Users\adi winarno\Documents\skripsi\LabustaDashCI\system\CodeIgniter.php on line 928 and exactly 1 expected
#0 C:\Users\adi winarno\Documents\skripsi\LabustaDashCI\system\CodeIgniter.php(928): App\Controllers\ApiProfil->getsiswa()
#1 C:\Users\adi winarno\Documents\skripsi\LabustaDashCI\system\CodeIgniter.php(436): CodeIgniter\CodeIgniter->runController(Object(App\Controllers\ApiProfil))
#2 C:\Users\adi winarno\Documents\skripsi\LabustaDashCI\system\CodeIgniter.php(336): CodeIgniter\CodeIgniter->handleRequest(NULL, Object(Config\Cache), false)
#3 C:\Users\adi winarno\Documents\skripsi\LabustaDashCI\public\index.php(37): CodeIgniter\CodeIgniter->run()
#4 C:\Users\adi winarno\Documents\skripsi\LabustaDashCI\system\Commands\Server\rewrite.php(45): require_once('C:\\Users\\adi wi...')
#5 {main}
CRITICAL - 2021-09-10 14:54:43 --> Call to undefined method App\Controllers\ApiProfil::respond()
#0 C:\Users\adi winarno\Documents\skripsi\LabustaDashCI\system\CodeIgniter.php(928): App\Controllers\ApiProfil->getsiswa()
#1 C:\Users\adi winarno\Documents\skripsi\LabustaDashCI\system\CodeIgniter.php(436): CodeIgniter\CodeIgniter->runController(Object(App\Controllers\ApiProfil))
#2 C:\Users\adi winarno\Documents\skripsi\LabustaDashCI\system\CodeIgniter.php(336): CodeIgniter\CodeIgniter->handleRequest(NULL, Object(Config\Cache), false)
#3 C:\Users\adi winarno\Documents\skripsi\LabustaDashCI\public\index.php(37): CodeIgniter\CodeIgniter->run()
#4 C:\Users\adi winarno\Documents\skripsi\LabustaDashCI\system\Commands\Server\rewrite.php(45): require_once('C:\\Users\\adi wi...')
#5 {main}
CRITICAL - 2021-09-10 14:58:31 --> Call to undefined method App\Controllers\ApiProfil::respond()
#0 C:\Users\adi winarno\Documents\skripsi\LabustaDashCI\system\CodeIgniter.php(928): App\Controllers\ApiProfil->getsiswa()
#1 C:\Users\adi winarno\Documents\skripsi\LabustaDashCI\system\CodeIgniter.php(436): CodeIgniter\CodeIgniter->runController(Object(App\Controllers\ApiProfil))
#2 C:\Users\adi winarno\Documents\skripsi\LabustaDashCI\system\CodeIgniter.php(336): CodeIgniter\CodeIgniter->handleRequest(NULL, Object(Config\Cache), false)
#3 C:\Users\adi winarno\Documents\skripsi\LabustaDashCI\public\index.php(37): CodeIgniter\CodeIgniter->run()
#4 C:\Users\adi winarno\Documents\skripsi\LabustaDashCI\system\Commands\Server\rewrite.php(45): require_once('C:\\Users\\adi wi...')
#5 {main}
CRITICAL - 2021-09-10 15:02:47 --> Call to undefined method App\Controllers\ApiProfil::respond()
#0 C:\Users\adi winarno\Documents\skripsi\LabustaDashCI\system\CodeIgniter.php(928): App\Controllers\ApiProfil->SiswaNISN()
#1 C:\Users\adi winarno\Documents\skripsi\LabustaDashCI\system\CodeIgniter.php(436): CodeIgniter\CodeIgniter->runController(Object(App\Controllers\ApiProfil))
#2 C:\Users\adi winarno\Documents\skripsi\LabustaDashCI\system\CodeIgniter.php(336): CodeIgniter\CodeIgniter->handleRequest(NULL, Object(Config\Cache), false)
#3 C:\Users\adi winarno\Documents\skripsi\LabustaDashCI\public\index.php(37): CodeIgniter\CodeIgniter->run()
#4 C:\Users\adi winarno\Documents\skripsi\LabustaDashCI\system\Commands\Server\rewrite.php(45): require_once('C:\\Users\\adi wi...')
#5 {main}
CRITICAL - 2021-09-10 15:03:58 --> Call to undefined method App\Controllers\ApiProfil::respondCreated()
#0 C:\Users\adi winarno\Documents\skripsi\LabustaDashCI\system\CodeIgniter.php(928): App\Controllers\ApiProfil->SiswaNISN()
#1 C:\Users\adi winarno\Documents\skripsi\LabustaDashCI\system\CodeIgniter.php(436): CodeIgniter\CodeIgniter->runController(Object(App\Controllers\ApiProfil))
#2 C:\Users\adi winarno\Documents\skripsi\LabustaDashCI\system\CodeIgniter.php(336): CodeIgniter\CodeIgniter->handleRequest(NULL, Object(Config\Cache), false)
#3 C:\Users\adi winarno\Documents\skripsi\LabustaDashCI\public\index.php(37): CodeIgniter\CodeIgniter->run()
#4 C:\Users\adi winarno\Documents\skripsi\LabustaDashCI\system\Commands\Server\rewrite.php(45): require_once('C:\\Users\\adi wi...')
#5 {main}
CRITICAL - 2021-09-10 15:04:11 --> Call to undefined method App\Controllers\ApiProfil::respondCreated()
#0 C:\Users\adi winarno\Documents\skripsi\LabustaDashCI\system\CodeIgniter.php(928): App\Controllers\ApiProfil->SiswaNISN()
#1 C:\Users\adi winarno\Documents\skripsi\LabustaDashCI\system\CodeIgniter.php(436): CodeIgniter\CodeIgniter->runController(Object(App\Controllers\ApiProfil))
#2 C:\Users\adi winarno\Documents\skripsi\LabustaDashCI\system\CodeIgniter.php(336): CodeIgniter\CodeIgniter->handleRequest(NULL, Object(Config\Cache), false)
#3 C:\Users\adi winarno\Documents\skripsi\LabustaDashCI\public\index.php(37): CodeIgniter\CodeIgniter->run()
#4 C:\Users\adi winarno\Documents\skripsi\LabustaDashCI\system\Commands\Server\rewrite.php(45): require_once('C:\\Users\\adi wi...')
#5 {main}
CRITICAL - 2021-09-10 15:05:48 --> Call to undefined method App\Controllers\ApiProfil::respond()
#0 C:\Users\adi winarno\Documents\skripsi\LabustaDashCI\system\CodeIgniter.php(928): App\Controllers\ApiProfil->SiswaNISN()
#1 C:\Users\adi winarno\Documents\skripsi\LabustaDashCI\system\CodeIgniter.php(436): CodeIgniter\CodeIgniter->runController(Object(App\Controllers\ApiProfil))
#2 C:\Users\adi winarno\Documents\skripsi\LabustaDashCI\system\CodeIgniter.php(336): CodeIgniter\CodeIgniter->handleRequest(NULL, Object(Config\Cache), false)
#3 C:\Users\adi winarno\Documents\skripsi\LabustaDashCI\public\index.php(37): CodeIgniter\CodeIgniter->run()
#4 C:\Users\adi winarno\Documents\skripsi\LabustaDashCI\system\Commands\Server\rewrite.php(45): require_once('C:\\Users\\adi wi...')
#5 {main}
CRITICAL - 2021-09-10 15:08:04 --> Call to undefined method App\Controllers\ApiProfil::respond()
#0 C:\Users\adi winarno\Documents\skripsi\LabustaDashCI\system\CodeIgniter.php(928): App\Controllers\ApiProfil->SiswaNISN()
#1 C:\Users\adi winarno\Documents\skripsi\LabustaDashCI\system\CodeIgniter.php(436): CodeIgniter\CodeIgniter->runController(Object(App\Controllers\ApiProfil))
#2 C:\Users\adi winarno\Documents\skripsi\LabustaDashCI\system\CodeIgniter.php(336): CodeIgniter\CodeIgniter->handleRequest(NULL, Object(Config\Cache), false)
#3 C:\Users\adi winarno\Documents\skripsi\LabustaDashCI\public\index.php(37): CodeIgniter\CodeIgniter->run()
#4 C:\Users\adi winarno\Documents\skripsi\LabustaDashCI\system\Commands\Server\rewrite.php(45): require_once('C:\\Users\\adi wi...')
#5 {main}
CRITICAL - 2021-09-10 15:09:11 --> Call to undefined method App\Controllers\ApiProfil::respond()
#0 C:\Users\adi winarno\Documents\skripsi\LabustaDashCI\system\CodeIgniter.php(928): App\Controllers\ApiProfil->SiswaNISN()
#1 C:\Users\adi winarno\Documents\skripsi\LabustaDashCI\system\CodeIgniter.php(436): CodeIgniter\CodeIgniter->runController(Object(App\Controllers\ApiProfil))
#2 C:\Users\adi winarno\Documents\skripsi\LabustaDashCI\system\CodeIgniter.php(336): CodeIgniter\CodeIgniter->handleRequest(NULL, Object(Config\Cache), false)
#3 C:\Users\adi winarno\Documents\skripsi\LabustaDashCI\public\index.php(37): CodeIgniter\CodeIgniter->run()
#4 C:\Users\adi winarno\Documents\skripsi\LabustaDashCI\system\Commands\Server\rewrite.php(45): require_once('C:\\Users\\adi wi...')
#5 {main}
CRITICAL - 2021-09-10 15:10:28 --> Call to undefined method App\Controllers\ApiProfil::respond()
#0 C:\Users\adi winarno\Documents\skripsi\LabustaDashCI\system\CodeIgniter.php(928): App\Controllers\ApiProfil->SiswaNISN()
#1 C:\Users\adi winarno\Documents\skripsi\LabustaDashCI\system\CodeIgniter.php(436): CodeIgniter\CodeIgniter->runController(Object(App\Controllers\ApiProfil))
#2 C:\Users\adi winarno\Documents\skripsi\LabustaDashCI\system\CodeIgniter.php(336): CodeIgniter\CodeIgniter->handleRequest(NULL, Object(Config\Cache), false)
#3 C:\Users\adi winarno\Documents\skripsi\LabustaDashCI\public\index.php(37): CodeIgniter\CodeIgniter->run()
#4 C:\Users\adi winarno\Documents\skripsi\LabustaDashCI\system\Commands\Server\rewrite.php(45): require_once('C:\\Users\\adi wi...')
#5 {main}
CRITICAL - 2021-09-10 15:12:05 --> Call to undefined method App\Controllers\ApiProfil::respond()
#0 C:\Users\adi winarno\Documents\skripsi\LabustaDashCI\system\CodeIgniter.php(928): App\Controllers\ApiProfil->SiswaNISN()
#1 C:\Users\adi winarno\Documents\skripsi\LabustaDashCI\system\CodeIgniter.php(436): CodeIgniter\CodeIgniter->runController(Object(App\Controllers\ApiProfil))
#2 C:\Users\adi winarno\Documents\skripsi\LabustaDashCI\system\CodeIgniter.php(336): CodeIgniter\CodeIgniter->handleRequest(NULL, Object(Config\Cache), false)
#3 C:\Users\adi winarno\Documents\skripsi\LabustaDashCI\public\index.php(37): CodeIgniter\CodeIgniter->run()
#4 C:\Users\adi winarno\Documents\skripsi\LabustaDashCI\system\Commands\Server\rewrite.php(45): require_once('C:\\Users\\adi wi...')
#5 {main}
CRITICAL - 2021-09-10 15:13:44 --> Call to undefined method App\Controllers\ApiProfil::respond()
#0 C:\Users\adi winarno\Documents\skripsi\LabustaDashCI\system\CodeIgniter.php(928): App\Controllers\ApiProfil->SiswaNISN()
#1 C:\Users\adi winarno\Documents\skripsi\LabustaDashCI\system\CodeIgniter.php(436): CodeIgniter\CodeIgniter->runController(Object(App\Controllers\ApiProfil))
#2 C:\Users\adi winarno\Documents\skripsi\LabustaDashCI\system\CodeIgniter.php(336): CodeIgniter\CodeIgniter->handleRequest(NULL, Object(Config\Cache), false)
#3 C:\Users\adi winarno\Documents\skripsi\LabustaDashCI\public\index.php(37): CodeIgniter\CodeIgniter->run()
#4 C:\Users\adi winarno\Documents\skripsi\LabustaDashCI\system\Commands\Server\rewrite.php(45): require_once('C:\\Users\\adi wi...')
#5 {main}
ERROR - 2021-09-10 15:19:01 --> Table 'db_labusta.jurusan' doesn't exist
CRITICAL - 2021-09-10 15:19:01 --> Table 'db_labusta.jurusan' doesn't exist
#0 C:\Users\adi winarno\Documents\skripsi\LabustaDashCI\system\Database\MySQLi\Connection.php(329): mysqli->query('SELECT *\nFROM `...')
#1 C:\Users\adi winarno\Documents\skripsi\LabustaDashCI\system\Database\BaseConnection.php(732): CodeIgniter\Database\MySQLi\Connection->execute('SELECT *\nFROM `...')
#2 C:\Users\adi winarno\Documents\skripsi\LabustaDashCI\system\Database\BaseConnection.php(647): CodeIgniter\Database\BaseConnection->simpleQuery('SELECT *\nFROM `...')
#3 C:\Users\adi winarno\Documents\skripsi\LabustaDashCI\system\Database\BaseBuilder.php(2049): CodeIgniter\Database\BaseConnection->query('SELECT *\nFROM `...', Array, false)
#4 C:\Users\adi winarno\Documents\skripsi\LabustaDashCI\app\Models\GuruModel.php(23): CodeIgniter\Database\BaseBuilder->getWhere(Array)
#5 C:\Users\adi winarno\Documents\skripsi\LabustaDashCI\app\Controllers\ApiGuru.php(42): App\Models\GuruModel->detail_guru('17552011958')
#6 C:\Users\adi winarno\Documents\skripsi\LabustaDashCI\system\CodeIgniter.php(928): App\Controllers\ApiGuru->getGuru()
#7 C:\Users\adi winarno\Documents\skripsi\LabustaDashCI\system\CodeIgniter.php(436): CodeIgniter\CodeIgniter->runController(Object(App\Controllers\ApiGuru))
#8 C:\Users\adi winarno\Documents\skripsi\LabustaDashCI\system\CodeIgniter.php(336): CodeIgniter\CodeIgniter->handleRequest(NULL, Object(Config\Cache), false)
#9 C:\Users\adi winarno\Documents\skripsi\LabustaDashCI\public\index.php(37): CodeIgniter\CodeIgniter->run()
#10 C:\Users\adi winarno\Documents\skripsi\LabustaDashCI\system\Commands\Server\rewrite.php(45): require_once('C:\\Users\\adi wi...')
#11 {main}
CRITICAL - 2021-09-10 15:23:53 --> Undefined variable: validation
#0 C:\Users\adi winarno\Documents\skripsi\LabustaDashCI\app\Controllers\ApiGuru.php(37): CodeIgniter\Debug\Exceptions->errorHandler(8, 'Undefined varia...', 'C:\\Users\\adi wi...', 37, Array)
#1 C:\Users\adi winarno\Documents\skripsi\LabustaDashCI\system\CodeIgniter.php(928): App\Controllers\ApiGuru->getGuru()
#2 C:\Users\adi winarno\Documents\skripsi\LabustaDashCI\system\CodeIgniter.php(436): CodeIgniter\CodeIgniter->runController(Object(App\Controllers\ApiGuru))
#3 C:\Users\adi winarno\Documents\skripsi\LabustaDashCI\system\CodeIgniter.php(336): CodeIgniter\CodeIgniter->handleRequest(NULL, Object(Config\Cache), false)
#4 C:\Users\adi winarno\Documents\skripsi\LabustaDashCI\public\index.php(37): CodeIgniter\CodeIgniter->run()
#5 C:\Users\adi winarno\Documents\skripsi\LabustaDashCI\system\Commands\Server\rewrite.php(45): require_once('C:\\Users\\adi wi...')
#6 {main}
ERROR - 2021-09-10 15:35:32 --> Unknown column 'Nomor_Induk' in 'where clause'
CRITICAL - 2021-09-10 15:35:32 --> Unknown column 'Nomor_Induk' in 'where clause'
#0 C:\Users\adi winarno\Documents\skripsi\LabustaDashCI\system\Database\MySQLi\Connection.php(329): mysqli->query('SELECT *\nFROM `...')
#1 C:\Users\adi winarno\Documents\skripsi\LabustaDashCI\system\Database\BaseConnection.php(732): CodeIgniter\Database\MySQLi\Connection->execute('SELECT *\nFROM `...')
#2 C:\Users\adi winarno\Documents\skripsi\LabustaDashCI\system\Database\BaseConnection.php(647): CodeIgniter\Database\BaseConnection->simpleQuery('SELECT *\nFROM `...')
#3 C:\Users\adi winarno\Documents\skripsi\LabustaDashCI\system\Database\BaseBuilder.php(2049): CodeIgniter\Database\BaseConnection->query('SELECT *\nFROM `...', Array, false)
#4 C:\Users\adi winarno\Documents\skripsi\LabustaDashCI\system\Model.php(800): CodeIgniter\Database\BaseBuilder->getWhere(Array)
#5 C:\Users\adi winarno\Documents\skripsi\LabustaDashCI\app\Models\LoginModel.php(20): CodeIgniter\Model->__call('getWhere', Array)
#6 C:\Users\adi winarno\Documents\skripsi\LabustaDashCI\app\Controllers\Apilogin.php(44): App\Models\LoginModel->signin('1755201195', '12345678')
#7 C:\Users\adi winarno\Documents\skripsi\LabustaDashCI\system\CodeIgniter.php(928): App\Controllers\Apilogin->Login()
#8 C:\Users\adi winarno\Documents\skripsi\LabustaDashCI\system\CodeIgniter.php(436): CodeIgniter\CodeIgniter->runController(Object(App\Controllers\Apilogin))
#9 C:\Users\adi winarno\Documents\skripsi\LabustaDashCI\system\CodeIgniter.php(336): CodeIgniter\CodeIgniter->handleRequest(NULL, Object(Config\Cache), false)
#10 C:\Users\adi winarno\Documents\skripsi\LabustaDashCI\public\index.php(37): CodeIgniter\CodeIgniter->run()
#11 C:\Users\adi winarno\Documents\skripsi\LabustaDashCI\system\Commands\Server\rewrite.php(45): require_once('C:\\Users\\adi wi...')
#12 {main}
CRITICAL - 2021-09-10 23:18:44 --> Class 'App\Controllers\ProfileModel' not found
#0 C:\Users\adi winarno\Documents\skripsi\LabustaDashCI\system\CodeIgniter.php(928): App\Controllers\ApiGuru->getGuru()
#1 C:\Users\adi winarno\Documents\skripsi\LabustaDashCI\system\CodeIgniter.php(436): CodeIgniter\CodeIgniter->runController(Object(App\Controllers\ApiGuru))
#2 C:\Users\adi winarno\Documents\skripsi\LabustaDashCI\system\CodeIgniter.php(336): CodeIgniter\CodeIgniter->handleRequest(NULL, Object(Config\Cache), false)
#3 C:\Users\adi winarno\Documents\skripsi\LabustaDashCI\public\index.php(37): CodeIgniter\CodeIgniter->run()
#4 C:\Users\adi winarno\Documents\skripsi\LabustaDashCI\system\Commands\Server\rewrite.php(45): require_once('C:\\Users\\adi wi...')
#5 {main}
CRITICAL - 2021-09-10 23:19:10 --> Call to undefined method App\Models\ProfileModel::detail_guru
#0 C:\Users\adi winarno\Documents\skripsi\LabustaDashCI\app\Controllers\ApiGuru.php(39): CodeIgniter\Model->__call('detail_guru', Array)
#1 C:\Users\adi winarno\Documents\skripsi\LabustaDashCI\system\CodeIgniter.php(928): App\Controllers\ApiGuru->getGuru()
#2 C:\Users\adi winarno\Documents\skripsi\LabustaDashCI\system\CodeIgniter.php(436): CodeIgniter\CodeIgniter->runController(Object(App\Controllers\ApiGuru))
#3 C:\Users\adi winarno\Documents\skripsi\LabustaDashCI\system\CodeIgniter.php(336): CodeIgniter\CodeIgniter->handleRequest(NULL, Object(Config\Cache), false)
#4 C:\Users\adi winarno\Documents\skripsi\LabustaDashCI\public\index.php(37): CodeIgniter\CodeIgniter->run()
#5 C:\Users\adi winarno\Documents\skripsi\LabustaDashCI\system\Commands\Server\rewrite.php(45): require_once('C:\\Users\\adi wi...')
#6 {main}
CRITICAL - 2021-09-10 23:20:20 --> Call to undefined method App\Models\ProfileModel::detail_guru
#0 C:\Users\adi winarno\Documents\skripsi\LabustaDashCI\app\Controllers\ApiGuru.php(39): CodeIgniter\Model->__call('detail_guru', Array)
#1 C:\Users\adi winarno\Documents\skripsi\LabustaDashCI\system\CodeIgniter.php(928): App\Controllers\ApiGuru->getGuru()
#2 C:\Users\adi winarno\Documents\skripsi\LabustaDashCI\system\CodeIgniter.php(436): CodeIgniter\CodeIgniter->runController(Object(App\Controllers\ApiGuru))
#3 C:\Users\adi winarno\Documents\skripsi\LabustaDashCI\system\CodeIgniter.php(336): CodeIgniter\CodeIgniter->handleRequest(NULL, Object(Config\Cache), false)
#4 C:\Users\adi winarno\Documents\skripsi\LabustaDashCI\public\index.php(37): CodeIgniter\CodeIgniter->run()
#5 C:\Users\adi winarno\Documents\skripsi\LabustaDashCI\system\Commands\Server\rewrite.php(45): require_once('C:\\Users\\adi wi...')
#6 {main}
